<?xml version="1.0" encoding="utf-8"?><testsuites><testsuite errors="0" failures="0" hostname="fv-az192" name="pytest" skipped="0" tests="181" time="1.403" timestamp="2020-02-25T19:51:02.243925"><testcase classname="zdevelop.tests.test_api_errors.TestAPIErrors" file="zdevelop/tests/test_api_errors.py" line="5" name="test_index" time="0.001"></testcase><testcase classname="zdevelop.tests.test_api_errors.TestAPIErrors" file="zdevelop/tests/test_api_errors.py" line="9" name="test_generate_id" time="0.001"></testcase><testcase classname="zdevelop.tests.test_api_errors.TestAPIErrors" file="zdevelop/tests/test_api_errors.py" line="14" name="test_set_send_media" time="0.001"></testcase><testcase classname="zdevelop.tests.test_encoding.TestBasicEncoding" file="zdevelop/tests/test_encoding.py" line="80" name="test_data_round_trip[MimeType.JSON]" time="0.001"><system-out>b&apos;{&quot;key&quot;:10}&apos;
</system-out></testcase><testcase classname="zdevelop.tests.test_encoding.TestBasicEncoding" file="zdevelop/tests/test_encoding.py" line="80" name="test_data_round_trip[application/json]" time="0.001"><system-out>b&apos;{&quot;key&quot;:10}&apos;
</system-out></testcase><testcase classname="zdevelop.tests.test_encoding.TestBasicEncoding" file="zdevelop/tests/test_encoding.py" line="80" name="test_data_round_trip[application/JSON]" time="0.001"><system-out>b&apos;{&quot;key&quot;:10}&apos;
</system-out></testcase><testcase classname="zdevelop.tests.test_encoding.TestBasicEncoding" file="zdevelop/tests/test_encoding.py" line="80" name="test_data_round_trip[JSON]" time="0.001"><system-out>b&apos;{&quot;key&quot;:10}&apos;
</system-out></testcase><testcase classname="zdevelop.tests.test_encoding.TestBasicEncoding" file="zdevelop/tests/test_encoding.py" line="80" name="test_data_round_trip[json]" time="0.001"><system-out>b&apos;{&quot;key&quot;:10}&apos;
</system-out></testcase><testcase classname="zdevelop.tests.test_encoding.TestBasicEncoding" file="zdevelop/tests/test_encoding.py" line="80" name="test_data_round_trip[MimeType.YAML]" time="0.002"><system-out>b&apos;key: 10\n&apos;
</system-out></testcase><testcase classname="zdevelop.tests.test_encoding.TestBasicEncoding" file="zdevelop/tests/test_encoding.py" line="80" name="test_data_round_trip[application/yaml]" time="0.001"><system-out>b&apos;key: 10\n&apos;
</system-out></testcase><testcase classname="zdevelop.tests.test_encoding.TestBasicEncoding" file="zdevelop/tests/test_encoding.py" line="80" name="test_data_round_trip[application/x-yaml]" time="0.001"><system-out>b&apos;key: 10\n&apos;
</system-out></testcase><testcase classname="zdevelop.tests.test_encoding.TestBasicEncoding" file="zdevelop/tests/test_encoding.py" line="80" name="test_data_round_trip[application/YAML]" time="0.001"><system-out>b&apos;key: 10\n&apos;
</system-out></testcase><testcase classname="zdevelop.tests.test_encoding.TestBasicEncoding" file="zdevelop/tests/test_encoding.py" line="80" name="test_data_round_trip[yaml]" time="0.001"><system-out>b&apos;key: 10\n&apos;
</system-out></testcase><testcase classname="zdevelop.tests.test_encoding.TestBasicEncoding" file="zdevelop/tests/test_encoding.py" line="80" name="test_data_round_trip[YAML]" time="0.002"><system-out>b&apos;key: 10\n&apos;
</system-out></testcase><testcase classname="zdevelop.tests.test_encoding.TestBasicEncoding" file="zdevelop/tests/test_encoding.py" line="80" name="test_data_round_trip[x-yaml]" time="0.001"><system-out>b&apos;key: 10\n&apos;
</system-out></testcase><testcase classname="zdevelop.tests.test_encoding.TestBasicEncoding" file="zdevelop/tests/test_encoding.py" line="80" name="test_data_round_trip[MimeType.BSON]" time="0.001"><system-out>b&apos;\x0e\x00\x00\x00\x10key\x00\n\x00\x00\x00\x00&apos;
</system-out></testcase><testcase classname="zdevelop.tests.test_encoding.TestBasicEncoding" file="zdevelop/tests/test_encoding.py" line="80" name="test_data_round_trip[application/bson]" time="0.001"><system-out>b&apos;\x0e\x00\x00\x00\x10key\x00\n\x00\x00\x00\x00&apos;
</system-out></testcase><testcase classname="zdevelop.tests.test_encoding.TestBasicEncoding" file="zdevelop/tests/test_encoding.py" line="80" name="test_data_round_trip[application/BSON]" time="0.001"><system-out>b&apos;\x0e\x00\x00\x00\x10key\x00\n\x00\x00\x00\x00&apos;
</system-out></testcase><testcase classname="zdevelop.tests.test_encoding.TestBasicEncoding" file="zdevelop/tests/test_encoding.py" line="80" name="test_data_round_trip[application/x-bson]" time="0.001"><system-out>b&apos;\x0e\x00\x00\x00\x10key\x00\n\x00\x00\x00\x00&apos;
</system-out></testcase><testcase classname="zdevelop.tests.test_encoding.TestBasicEncoding" file="zdevelop/tests/test_encoding.py" line="80" name="test_data_round_trip[x-bson]" time="0.001"><system-out>b&apos;\x0e\x00\x00\x00\x10key\x00\n\x00\x00\x00\x00&apos;
</system-out></testcase><testcase classname="zdevelop.tests.test_encoding.TestBasicEncoding" file="zdevelop/tests/test_encoding.py" line="80" name="test_data_round_trip[BSON]" time="0.001"><system-out>b&apos;\x0e\x00\x00\x00\x10key\x00\n\x00\x00\x00\x00&apos;
</system-out></testcase><testcase classname="zdevelop.tests.test_encoding.TestBasicEncoding" file="zdevelop/tests/test_encoding.py" line="80" name="test_data_round_trip[bson]" time="0.001"><system-out>b&apos;\x0e\x00\x00\x00\x10key\x00\n\x00\x00\x00\x00&apos;
</system-out></testcase><testcase classname="zdevelop.tests.test_encoding.TestBasicEncoding" file="zdevelop/tests/test_encoding.py" line="95" name="test_sniff_json" time="0.001"><system-out>{&quot;key&quot;:10}
</system-out></testcase><testcase classname="zdevelop.tests.test_encoding.TestBasicEncoding" file="zdevelop/tests/test_encoding.py" line="109" name="test_text_round_trip[MimeType.TEXT]" time="0.001"><system-out>test text
</system-out></testcase><testcase classname="zdevelop.tests.test_encoding.TestBasicEncoding" file="zdevelop/tests/test_encoding.py" line="109" name="test_text_round_trip[text/plain]" time="0.001"><system-out>test text
</system-out></testcase><testcase classname="zdevelop.tests.test_encoding.TestBasicEncoding" file="zdevelop/tests/test_encoding.py" line="109" name="test_text_round_trip[text]" time="0.001"><system-out>test text
</system-out></testcase><testcase classname="zdevelop.tests.test_encoding.TestBasicEncoding" file="zdevelop/tests/test_encoding.py" line="109" name="test_text_round_trip[plain]" time="0.001"><system-out>test text
</system-out></testcase><testcase classname="zdevelop.tests.test_encoding.TestBasicEncoding" file="zdevelop/tests/test_encoding.py" line="129" name="test_sniff_text_dump" time="0.001"><system-out>test text
</system-out></testcase><testcase classname="zdevelop.tests.test_encoding.TestBasicEncoding" file="zdevelop/tests/test_encoding.py" line="139" name="test_schema_round_trip[MimeType.JSON]" time="0.002"><system-out>{&quot;id&quot;:&quot;f1a3e8f3-c69e-4546-8724-1ca101238d7b&quot;,&quot;dt&quot;:&quot;2020-02-25T19:51:02+00:00&quot;,&quot;string&quot;:&quot;test string&quot;,&quot;num&quot;:10}
</system-out></testcase><testcase classname="zdevelop.tests.test_encoding.TestBasicEncoding" file="zdevelop/tests/test_encoding.py" line="139" name="test_schema_round_trip[application/json]" time="0.001"><system-out>{&quot;id&quot;:&quot;ab503cda-db92-4ca8-926e-1524b8d28639&quot;,&quot;dt&quot;:&quot;2020-02-25T19:51:02+00:00&quot;,&quot;string&quot;:&quot;test string&quot;,&quot;num&quot;:10}
</system-out></testcase><testcase classname="zdevelop.tests.test_encoding.TestBasicEncoding" file="zdevelop/tests/test_encoding.py" line="139" name="test_schema_round_trip[application/JSON]" time="0.001"><system-out>{&quot;id&quot;:&quot;21390497-225f-4f67-b429-dd404477a74a&quot;,&quot;dt&quot;:&quot;2020-02-25T19:51:02+00:00&quot;,&quot;string&quot;:&quot;test string&quot;,&quot;num&quot;:10}
</system-out></testcase><testcase classname="zdevelop.tests.test_encoding.TestBasicEncoding" file="zdevelop/tests/test_encoding.py" line="139" name="test_schema_round_trip[JSON]" time="0.001"><system-out>{&quot;id&quot;:&quot;2d24d134-da3b-4789-a893-60cb15fee480&quot;,&quot;dt&quot;:&quot;2020-02-25T19:51:02+00:00&quot;,&quot;string&quot;:&quot;test string&quot;,&quot;num&quot;:10}
</system-out></testcase><testcase classname="zdevelop.tests.test_encoding.TestBasicEncoding" file="zdevelop/tests/test_encoding.py" line="139" name="test_schema_round_trip[json]" time="0.001"><system-out>{&quot;id&quot;:&quot;5ae2ae45-6c08-403f-9730-ca38feb67d1e&quot;,&quot;dt&quot;:&quot;2020-02-25T19:51:02+00:00&quot;,&quot;string&quot;:&quot;test string&quot;,&quot;num&quot;:10}
</system-out></testcase><testcase classname="zdevelop.tests.test_encoding.TestBasicEncoding" file="zdevelop/tests/test_encoding.py" line="139" name="test_schema_round_trip[MimeType.YAML]" time="0.003"><system-out>dt: &apos;2020-02-25T19:51:02+00:00&apos;
id: f92602e0-2eb8-49f3-9f4f-35608874dd16
num: 10
string: test string

</system-out></testcase><testcase classname="zdevelop.tests.test_encoding.TestBasicEncoding" file="zdevelop/tests/test_encoding.py" line="139" name="test_schema_round_trip[application/yaml]" time="0.003"><system-out>dt: &apos;2020-02-25T19:51:02+00:00&apos;
id: 30f6d595-9805-48ac-a436-fef9dd53f19c
num: 10
string: test string

</system-out></testcase><testcase classname="zdevelop.tests.test_encoding.TestBasicEncoding" file="zdevelop/tests/test_encoding.py" line="139" name="test_schema_round_trip[application/x-yaml]" time="0.003"><system-out>dt: &apos;2020-02-25T19:51:02+00:00&apos;
id: 15600196-9325-4deb-8c2d-1a936f9205a9
num: 10
string: test string

</system-out></testcase><testcase classname="zdevelop.tests.test_encoding.TestBasicEncoding" file="zdevelop/tests/test_encoding.py" line="139" name="test_schema_round_trip[application/YAML]" time="0.003"><system-out>dt: &apos;2020-02-25T19:51:02+00:00&apos;
id: d1287109-5301-4591-91b4-0ece495c497e
num: 10
string: test string

</system-out></testcase><testcase classname="zdevelop.tests.test_encoding.TestBasicEncoding" file="zdevelop/tests/test_encoding.py" line="139" name="test_schema_round_trip[yaml]" time="0.003"><system-out>dt: &apos;2020-02-25T19:51:02+00:00&apos;
id: 89d35f34-671d-4e9f-81d2-2891c5d62cda
num: 10
string: test string

</system-out></testcase><testcase classname="zdevelop.tests.test_encoding.TestBasicEncoding" file="zdevelop/tests/test_encoding.py" line="139" name="test_schema_round_trip[YAML]" time="0.004"><system-out>dt: &apos;2020-02-25T19:51:02+00:00&apos;
id: 2dff8362-5179-4f06-b502-2bfdef15100d
num: 10
string: test string

</system-out></testcase><testcase classname="zdevelop.tests.test_encoding.TestBasicEncoding" file="zdevelop/tests/test_encoding.py" line="139" name="test_schema_round_trip[x-yaml]" time="0.003"><system-out>dt: &apos;2020-02-25T19:51:02+00:00&apos;
id: 4962df5d-b617-4beb-9cba-a4c3ff0110ef
num: 10
string: test string

</system-out></testcase><testcase classname="zdevelop.tests.test_encoding.TestBasicEncoding" file="zdevelop/tests/test_encoding.py" line="139" name="test_schema_round_trip[MimeType.BSON]" time="0.001"><system-out>{&apos;id&apos;: &apos;735f8381-5ee4-4917-8775-5990115e8c03&apos;, &apos;dt&apos;: &apos;2020-02-25T19:51:02+00:00&apos;, &apos;string&apos;: &apos;test string&apos;, &apos;num&apos;: 10}
</system-out></testcase><testcase classname="zdevelop.tests.test_encoding.TestBasicEncoding" file="zdevelop/tests/test_encoding.py" line="139" name="test_schema_round_trip[application/bson]" time="0.001"><system-out>{&apos;id&apos;: &apos;7c58c662-5b46-4ea7-8694-1e72dd589176&apos;, &apos;dt&apos;: &apos;2020-02-25T19:51:02+00:00&apos;, &apos;string&apos;: &apos;test string&apos;, &apos;num&apos;: 10}
</system-out></testcase><testcase classname="zdevelop.tests.test_encoding.TestBasicEncoding" file="zdevelop/tests/test_encoding.py" line="139" name="test_schema_round_trip[application/BSON]" time="0.001"><system-out>{&apos;id&apos;: &apos;263b029d-0b70-4531-b5b4-b4c3af825113&apos;, &apos;dt&apos;: &apos;2020-02-25T19:51:02+00:00&apos;, &apos;string&apos;: &apos;test string&apos;, &apos;num&apos;: 10}
</system-out></testcase><testcase classname="zdevelop.tests.test_encoding.TestBasicEncoding" file="zdevelop/tests/test_encoding.py" line="139" name="test_schema_round_trip[application/x-bson]" time="0.002"><system-out>{&apos;id&apos;: &apos;7f598879-8ec6-4ec5-bea2-d74fddbd71e3&apos;, &apos;dt&apos;: &apos;2020-02-25T19:51:02+00:00&apos;, &apos;string&apos;: &apos;test string&apos;, &apos;num&apos;: 10}
</system-out></testcase><testcase classname="zdevelop.tests.test_encoding.TestBasicEncoding" file="zdevelop/tests/test_encoding.py" line="139" name="test_schema_round_trip[x-bson]" time="0.001"><system-out>{&apos;id&apos;: &apos;75c447dd-45f0-4645-9982-eae8f36763ab&apos;, &apos;dt&apos;: &apos;2020-02-25T19:51:02+00:00&apos;, &apos;string&apos;: &apos;test string&apos;, &apos;num&apos;: 10}
</system-out></testcase><testcase classname="zdevelop.tests.test_encoding.TestBasicEncoding" file="zdevelop/tests/test_encoding.py" line="139" name="test_schema_round_trip[BSON]" time="0.001"><system-out>{&apos;id&apos;: &apos;d3800d1e-f9a6-4ae1-9e24-df7fa4d303d8&apos;, &apos;dt&apos;: &apos;2020-02-25T19:51:02+00:00&apos;, &apos;string&apos;: &apos;test string&apos;, &apos;num&apos;: 10}
</system-out></testcase><testcase classname="zdevelop.tests.test_encoding.TestBasicEncoding" file="zdevelop/tests/test_encoding.py" line="139" name="test_schema_round_trip[bson]" time="0.001"><system-out>{&apos;id&apos;: &apos;6c21e991-8e12-4a98-aad4-272974070737&apos;, &apos;dt&apos;: &apos;2020-02-25T19:51:02+00:00&apos;, &apos;string&apos;: &apos;test string&apos;, &apos;num&apos;: 10}
</system-out></testcase><testcase classname="zdevelop.tests.test_encoding.TestBasicEncoding" file="zdevelop/tests/test_encoding.py" line="167" name="test_dump_bson_compatible_objects[True-True-MimeType.JSON]" time="0.001"><system-out>ENCODED:
[{&quot;uuid&quot;:&quot;3210fec0-64f7-4b1b-b5c7-298be4244c42&quot;,&quot;datetime&quot;:&quot;2020-02-25T19:51:02&quot;,&quot;bytes&quot;:&quot;536f6d652042696e2044617461&quot;,&quot;raw_bson&quot;:{&quot;key&quot;:&quot;value&quot;,&quot;nested&quot;:{&quot;key&quot;:&quot;value&quot;}},&quot;raw_bson_list&quot;:[{&quot;key&quot;:&quot;value&quot;,&quot;nested&quot;:{&quot;key&quot;:&quot;value&quot;}},{&quot;key&quot;:&quot;value&quot;,&quot;nested&quot;:{&quot;key&quot;:&quot;value&quot;}}]},{&quot;uuid&quot;:&quot;3210fec0-64f7-4b1b-b5c7-298be4244c42&quot;,&quot;datetime&quot;:&quot;2020-02-25T19:51:02&quot;,&quot;bytes&quot;:&quot;536f6d652042696e2044617461&quot;,&quot;raw_bson&quot;:{&quot;key&quot;:&quot;value&quot;,&quot;nested&quot;:{&quot;key&quot;:&quot;value&quot;}},&quot;raw_bson_list&quot;:[{&quot;key&quot;:&quot;value&quot;,&quot;nested&quot;:{&quot;key&quot;:&quot;value&quot;}},{&quot;key&quot;:&quot;value&quot;,&quot;nested&quot;:{&quot;key&quot;:&quot;value&quot;}}]}]

DECODED:
[{&apos;uuid&apos;: &apos;3210fec0-64f7-4b1b-b5c7-298be4244c42&apos;, &apos;datetime&apos;: &apos;2020-02-25T19:51:02&apos;, &apos;bytes&apos;: &apos;536f6d652042696e2044617461&apos;, &apos;raw_bson&apos;: {&apos;key&apos;: &apos;value&apos;, &apos;nested&apos;: {&apos;key&apos;: &apos;value&apos;}}, &apos;raw_bson_list&apos;: [{&apos;key&apos;: &apos;value&apos;, &apos;nested&apos;: {&apos;key&apos;: &apos;value&apos;}}, {&apos;key&apos;: &apos;value&apos;, &apos;nested&apos;: {&apos;key&apos;: &apos;value&apos;}}]}, {&apos;uuid&apos;: &apos;3210fec0-64f7-4b1b-b5c7-298be4244c42&apos;, &apos;datetime&apos;: &apos;2020-02-25T19:51:02&apos;, &apos;bytes&apos;: &apos;536f6d652042696e2044617461&apos;, &apos;raw_bson&apos;: {&apos;key&apos;: &apos;value&apos;, &apos;nested&apos;: {&apos;key&apos;: &apos;value&apos;}}, &apos;raw_bson_list&apos;: [{&apos;key&apos;: &apos;value&apos;, &apos;nested&apos;: {&apos;key&apos;: &apos;value&apos;}}, {&apos;key&apos;: &apos;value&apos;, &apos;nested&apos;: {&apos;key&apos;: &apos;value&apos;}}]}]
</system-out></testcase><testcase classname="zdevelop.tests.test_encoding.TestBasicEncoding" file="zdevelop/tests/test_encoding.py" line="167" name="test_dump_bson_compatible_objects[True-True-application/json]" time="0.001"><system-out>ENCODED:
[{&quot;uuid&quot;:&quot;d10fbf1e-c5e6-45e0-91ad-ae646bec4f31&quot;,&quot;datetime&quot;:&quot;2020-02-25T19:51:02&quot;,&quot;bytes&quot;:&quot;536f6d652042696e2044617461&quot;,&quot;raw_bson&quot;:{&quot;key&quot;:&quot;value&quot;,&quot;nested&quot;:{&quot;key&quot;:&quot;value&quot;}},&quot;raw_bson_list&quot;:[{&quot;key&quot;:&quot;value&quot;,&quot;nested&quot;:{&quot;key&quot;:&quot;value&quot;}},{&quot;key&quot;:&quot;value&quot;,&quot;nested&quot;:{&quot;key&quot;:&quot;value&quot;}}]},{&quot;uuid&quot;:&quot;d10fbf1e-c5e6-45e0-91ad-ae646bec4f31&quot;,&quot;datetime&quot;:&quot;2020-02-25T19:51:02&quot;,&quot;bytes&quot;:&quot;536f6d652042696e2044617461&quot;,&quot;raw_bson&quot;:{&quot;key&quot;:&quot;value&quot;,&quot;nested&quot;:{&quot;key&quot;:&quot;value&quot;}},&quot;raw_bson_list&quot;:[{&quot;key&quot;:&quot;value&quot;,&quot;nested&quot;:{&quot;key&quot;:&quot;value&quot;}},{&quot;key&quot;:&quot;value&quot;,&quot;nested&quot;:{&quot;key&quot;:&quot;value&quot;}}]}]

DECODED:
[{&apos;uuid&apos;: &apos;d10fbf1e-c5e6-45e0-91ad-ae646bec4f31&apos;, &apos;datetime&apos;: &apos;2020-02-25T19:51:02&apos;, &apos;bytes&apos;: &apos;536f6d652042696e2044617461&apos;, &apos;raw_bson&apos;: {&apos;key&apos;: &apos;value&apos;, &apos;nested&apos;: {&apos;key&apos;: &apos;value&apos;}}, &apos;raw_bson_list&apos;: [{&apos;key&apos;: &apos;value&apos;, &apos;nested&apos;: {&apos;key&apos;: &apos;value&apos;}}, {&apos;key&apos;: &apos;value&apos;, &apos;nested&apos;: {&apos;key&apos;: &apos;value&apos;}}]}, {&apos;uuid&apos;: &apos;d10fbf1e-c5e6-45e0-91ad-ae646bec4f31&apos;, &apos;datetime&apos;: &apos;2020-02-25T19:51:02&apos;, &apos;bytes&apos;: &apos;536f6d652042696e2044617461&apos;, &apos;raw_bson&apos;: {&apos;key&apos;: &apos;value&apos;, &apos;nested&apos;: {&apos;key&apos;: &apos;value&apos;}}, &apos;raw_bson_list&apos;: [{&apos;key&apos;: &apos;value&apos;, &apos;nested&apos;: {&apos;key&apos;: &apos;value&apos;}}, {&apos;key&apos;: &apos;value&apos;, &apos;nested&apos;: {&apos;key&apos;: &apos;value&apos;}}]}]
</system-out></testcase><testcase classname="zdevelop.tests.test_encoding.TestBasicEncoding" file="zdevelop/tests/test_encoding.py" line="167" name="test_dump_bson_compatible_objects[True-True-application/JSON]" time="0.001"><system-out>ENCODED:
[{&quot;uuid&quot;:&quot;f532fb7a-4ff8-431c-b16e-efd15a08feff&quot;,&quot;datetime&quot;:&quot;2020-02-25T19:51:02&quot;,&quot;bytes&quot;:&quot;536f6d652042696e2044617461&quot;,&quot;raw_bson&quot;:{&quot;key&quot;:&quot;value&quot;,&quot;nested&quot;:{&quot;key&quot;:&quot;value&quot;}},&quot;raw_bson_list&quot;:[{&quot;key&quot;:&quot;value&quot;,&quot;nested&quot;:{&quot;key&quot;:&quot;value&quot;}},{&quot;key&quot;:&quot;value&quot;,&quot;nested&quot;:{&quot;key&quot;:&quot;value&quot;}}]},{&quot;uuid&quot;:&quot;f532fb7a-4ff8-431c-b16e-efd15a08feff&quot;,&quot;datetime&quot;:&quot;2020-02-25T19:51:02&quot;,&quot;bytes&quot;:&quot;536f6d652042696e2044617461&quot;,&quot;raw_bson&quot;:{&quot;key&quot;:&quot;value&quot;,&quot;nested&quot;:{&quot;key&quot;:&quot;value&quot;}},&quot;raw_bson_list&quot;:[{&quot;key&quot;:&quot;value&quot;,&quot;nested&quot;:{&quot;key&quot;:&quot;value&quot;}},{&quot;key&quot;:&quot;value&quot;,&quot;nested&quot;:{&quot;key&quot;:&quot;value&quot;}}]}]

DECODED:
[{&apos;uuid&apos;: &apos;f532fb7a-4ff8-431c-b16e-efd15a08feff&apos;, &apos;datetime&apos;: &apos;2020-02-25T19:51:02&apos;, &apos;bytes&apos;: &apos;536f6d652042696e2044617461&apos;, &apos;raw_bson&apos;: {&apos;key&apos;: &apos;value&apos;, &apos;nested&apos;: {&apos;key&apos;: &apos;value&apos;}}, &apos;raw_bson_list&apos;: [{&apos;key&apos;: &apos;value&apos;, &apos;nested&apos;: {&apos;key&apos;: &apos;value&apos;}}, {&apos;key&apos;: &apos;value&apos;, &apos;nested&apos;: {&apos;key&apos;: &apos;value&apos;}}]}, {&apos;uuid&apos;: &apos;f532fb7a-4ff8-431c-b16e-efd15a08feff&apos;, &apos;datetime&apos;: &apos;2020-02-25T19:51:02&apos;, &apos;bytes&apos;: &apos;536f6d652042696e2044617461&apos;, &apos;raw_bson&apos;: {&apos;key&apos;: &apos;value&apos;, &apos;nested&apos;: {&apos;key&apos;: &apos;value&apos;}}, &apos;raw_bson_list&apos;: [{&apos;key&apos;: &apos;value&apos;, &apos;nested&apos;: {&apos;key&apos;: &apos;value&apos;}}, {&apos;key&apos;: &apos;value&apos;, &apos;nested&apos;: {&apos;key&apos;: &apos;value&apos;}}]}]
</system-out></testcase><testcase classname="zdevelop.tests.test_encoding.TestBasicEncoding" file="zdevelop/tests/test_encoding.py" line="167" name="test_dump_bson_compatible_objects[True-True-JSON]" time="0.001"><system-out>ENCODED:
[{&quot;uuid&quot;:&quot;d13a9dcc-5403-42a3-a269-629505d9c9f1&quot;,&quot;datetime&quot;:&quot;2020-02-25T19:51:02&quot;,&quot;bytes&quot;:&quot;536f6d652042696e2044617461&quot;,&quot;raw_bson&quot;:{&quot;key&quot;:&quot;value&quot;,&quot;nested&quot;:{&quot;key&quot;:&quot;value&quot;}},&quot;raw_bson_list&quot;:[{&quot;key&quot;:&quot;value&quot;,&quot;nested&quot;:{&quot;key&quot;:&quot;value&quot;}},{&quot;key&quot;:&quot;value&quot;,&quot;nested&quot;:{&quot;key&quot;:&quot;value&quot;}}]},{&quot;uuid&quot;:&quot;d13a9dcc-5403-42a3-a269-629505d9c9f1&quot;,&quot;datetime&quot;:&quot;2020-02-25T19:51:02&quot;,&quot;bytes&quot;:&quot;536f6d652042696e2044617461&quot;,&quot;raw_bson&quot;:{&quot;key&quot;:&quot;value&quot;,&quot;nested&quot;:{&quot;key&quot;:&quot;value&quot;}},&quot;raw_bson_list&quot;:[{&quot;key&quot;:&quot;value&quot;,&quot;nested&quot;:{&quot;key&quot;:&quot;value&quot;}},{&quot;key&quot;:&quot;value&quot;,&quot;nested&quot;:{&quot;key&quot;:&quot;value&quot;}}]}]

DECODED:
[{&apos;uuid&apos;: &apos;d13a9dcc-5403-42a3-a269-629505d9c9f1&apos;, &apos;datetime&apos;: &apos;2020-02-25T19:51:02&apos;, &apos;bytes&apos;: &apos;536f6d652042696e2044617461&apos;, &apos;raw_bson&apos;: {&apos;key&apos;: &apos;value&apos;, &apos;nested&apos;: {&apos;key&apos;: &apos;value&apos;}}, &apos;raw_bson_list&apos;: [{&apos;key&apos;: &apos;value&apos;, &apos;nested&apos;: {&apos;key&apos;: &apos;value&apos;}}, {&apos;key&apos;: &apos;value&apos;, &apos;nested&apos;: {&apos;key&apos;: &apos;value&apos;}}]}, {&apos;uuid&apos;: &apos;d13a9dcc-5403-42a3-a269-629505d9c9f1&apos;, &apos;datetime&apos;: &apos;2020-02-25T19:51:02&apos;, &apos;bytes&apos;: &apos;536f6d652042696e2044617461&apos;, &apos;raw_bson&apos;: {&apos;key&apos;: &apos;value&apos;, &apos;nested&apos;: {&apos;key&apos;: &apos;value&apos;}}, &apos;raw_bson_list&apos;: [{&apos;key&apos;: &apos;value&apos;, &apos;nested&apos;: {&apos;key&apos;: &apos;value&apos;}}, {&apos;key&apos;: &apos;value&apos;, &apos;nested&apos;: {&apos;key&apos;: &apos;value&apos;}}]}]
</system-out></testcase><testcase classname="zdevelop.tests.test_encoding.TestBasicEncoding" file="zdevelop/tests/test_encoding.py" line="167" name="test_dump_bson_compatible_objects[True-True-json]" time="0.001"><system-out>ENCODED:
[{&quot;uuid&quot;:&quot;cca1a2b6-902e-4d79-913b-71206299901a&quot;,&quot;datetime&quot;:&quot;2020-02-25T19:51:02&quot;,&quot;bytes&quot;:&quot;536f6d652042696e2044617461&quot;,&quot;raw_bson&quot;:{&quot;key&quot;:&quot;value&quot;,&quot;nested&quot;:{&quot;key&quot;:&quot;value&quot;}},&quot;raw_bson_list&quot;:[{&quot;key&quot;:&quot;value&quot;,&quot;nested&quot;:{&quot;key&quot;:&quot;value&quot;}},{&quot;key&quot;:&quot;value&quot;,&quot;nested&quot;:{&quot;key&quot;:&quot;value&quot;}}]},{&quot;uuid&quot;:&quot;cca1a2b6-902e-4d79-913b-71206299901a&quot;,&quot;datetime&quot;:&quot;2020-02-25T19:51:02&quot;,&quot;bytes&quot;:&quot;536f6d652042696e2044617461&quot;,&quot;raw_bson&quot;:{&quot;key&quot;:&quot;value&quot;,&quot;nested&quot;:{&quot;key&quot;:&quot;value&quot;}},&quot;raw_bson_list&quot;:[{&quot;key&quot;:&quot;value&quot;,&quot;nested&quot;:{&quot;key&quot;:&quot;value&quot;}},{&quot;key&quot;:&quot;value&quot;,&quot;nested&quot;:{&quot;key&quot;:&quot;value&quot;}}]}]

DECODED:
[{&apos;uuid&apos;: &apos;cca1a2b6-902e-4d79-913b-71206299901a&apos;, &apos;datetime&apos;: &apos;2020-02-25T19:51:02&apos;, &apos;bytes&apos;: &apos;536f6d652042696e2044617461&apos;, &apos;raw_bson&apos;: {&apos;key&apos;: &apos;value&apos;, &apos;nested&apos;: {&apos;key&apos;: &apos;value&apos;}}, &apos;raw_bson_list&apos;: [{&apos;key&apos;: &apos;value&apos;, &apos;nested&apos;: {&apos;key&apos;: &apos;value&apos;}}, {&apos;key&apos;: &apos;value&apos;, &apos;nested&apos;: {&apos;key&apos;: &apos;value&apos;}}]}, {&apos;uuid&apos;: &apos;cca1a2b6-902e-4d79-913b-71206299901a&apos;, &apos;datetime&apos;: &apos;2020-02-25T19:51:02&apos;, &apos;bytes&apos;: &apos;536f6d652042696e2044617461&apos;, &apos;raw_bson&apos;: {&apos;key&apos;: &apos;value&apos;, &apos;nested&apos;: {&apos;key&apos;: &apos;value&apos;}}, &apos;raw_bson_list&apos;: [{&apos;key&apos;: &apos;value&apos;, &apos;nested&apos;: {&apos;key&apos;: &apos;value&apos;}}, {&apos;key&apos;: &apos;value&apos;, &apos;nested&apos;: {&apos;key&apos;: &apos;value&apos;}}]}]
</system-out></testcase><testcase classname="zdevelop.tests.test_encoding.TestBasicEncoding" file="zdevelop/tests/test_encoding.py" line="167" name="test_dump_bson_compatible_objects[True-True-MimeType.YAML]" time="0.006"><system-out>ENCODED:
- &amp;id001
  bytes: 536f6d652042696e2044617461
  datetime: &apos;2020-02-25T19:51:02&apos;
  raw_bson:
    key: value
    nested:
      key: value
  raw_bson_list:
  - key: value
    nested:
      key: value
  - key: value
    nested:
      key: value
  uuid: 5669e700-7e0d-4d9d-9b3f-41eac04b76fa
- *id001


DECODED:
[{&apos;bytes&apos;: &apos;536f6d652042696e2044617461&apos;, &apos;datetime&apos;: &apos;2020-02-25T19:51:02&apos;, &apos;raw_bson&apos;: {&apos;key&apos;: &apos;value&apos;, &apos;nested&apos;: {&apos;key&apos;: &apos;value&apos;}}, &apos;raw_bson_list&apos;: [{&apos;key&apos;: &apos;value&apos;, &apos;nested&apos;: {&apos;key&apos;: &apos;value&apos;}}, {&apos;key&apos;: &apos;value&apos;, &apos;nested&apos;: {&apos;key&apos;: &apos;value&apos;}}], &apos;uuid&apos;: &apos;5669e700-7e0d-4d9d-9b3f-41eac04b76fa&apos;}, {&apos;bytes&apos;: &apos;536f6d652042696e2044617461&apos;, &apos;datetime&apos;: &apos;2020-02-25T19:51:02&apos;, &apos;raw_bson&apos;: {&apos;key&apos;: &apos;value&apos;, &apos;nested&apos;: {&apos;key&apos;: &apos;value&apos;}}, &apos;raw_bson_list&apos;: [{&apos;key&apos;: &apos;value&apos;, &apos;nested&apos;: {&apos;key&apos;: &apos;value&apos;}}, {&apos;key&apos;: &apos;value&apos;, &apos;nested&apos;: {&apos;key&apos;: &apos;value&apos;}}], &apos;uuid&apos;: &apos;5669e700-7e0d-4d9d-9b3f-41eac04b76fa&apos;}]
</system-out></testcase><testcase classname="zdevelop.tests.test_encoding.TestBasicEncoding" file="zdevelop/tests/test_encoding.py" line="167" name="test_dump_bson_compatible_objects[True-True-application/yaml]" time="0.007"><system-out>ENCODED:
- &amp;id001
  bytes: 536f6d652042696e2044617461
  datetime: &apos;2020-02-25T19:51:02&apos;
  raw_bson:
    key: value
    nested:
      key: value
  raw_bson_list:
  - key: value
    nested:
      key: value
  - key: value
    nested:
      key: value
  uuid: 9bfb0504-6b3e-46dc-b937-88c131eca212
- *id001


DECODED:
[{&apos;bytes&apos;: &apos;536f6d652042696e2044617461&apos;, &apos;datetime&apos;: &apos;2020-02-25T19:51:02&apos;, &apos;raw_bson&apos;: {&apos;key&apos;: &apos;value&apos;, &apos;nested&apos;: {&apos;key&apos;: &apos;value&apos;}}, &apos;raw_bson_list&apos;: [{&apos;key&apos;: &apos;value&apos;, &apos;nested&apos;: {&apos;key&apos;: &apos;value&apos;}}, {&apos;key&apos;: &apos;value&apos;, &apos;nested&apos;: {&apos;key&apos;: &apos;value&apos;}}], &apos;uuid&apos;: &apos;9bfb0504-6b3e-46dc-b937-88c131eca212&apos;}, {&apos;bytes&apos;: &apos;536f6d652042696e2044617461&apos;, &apos;datetime&apos;: &apos;2020-02-25T19:51:02&apos;, &apos;raw_bson&apos;: {&apos;key&apos;: &apos;value&apos;, &apos;nested&apos;: {&apos;key&apos;: &apos;value&apos;}}, &apos;raw_bson_list&apos;: [{&apos;key&apos;: &apos;value&apos;, &apos;nested&apos;: {&apos;key&apos;: &apos;value&apos;}}, {&apos;key&apos;: &apos;value&apos;, &apos;nested&apos;: {&apos;key&apos;: &apos;value&apos;}}], &apos;uuid&apos;: &apos;9bfb0504-6b3e-46dc-b937-88c131eca212&apos;}]
</system-out></testcase><testcase classname="zdevelop.tests.test_encoding.TestBasicEncoding" file="zdevelop/tests/test_encoding.py" line="167" name="test_dump_bson_compatible_objects[True-True-application/x-yaml]" time="0.006"><system-out>ENCODED:
- &amp;id001
  bytes: 536f6d652042696e2044617461
  datetime: &apos;2020-02-25T19:51:02&apos;
  raw_bson:
    key: value
    nested:
      key: value
  raw_bson_list:
  - key: value
    nested:
      key: value
  - key: value
    nested:
      key: value
  uuid: c9c19368-1a0c-4d3f-b763-f22543fc934a
- *id001


DECODED:
[{&apos;bytes&apos;: &apos;536f6d652042696e2044617461&apos;, &apos;datetime&apos;: &apos;2020-02-25T19:51:02&apos;, &apos;raw_bson&apos;: {&apos;key&apos;: &apos;value&apos;, &apos;nested&apos;: {&apos;key&apos;: &apos;value&apos;}}, &apos;raw_bson_list&apos;: [{&apos;key&apos;: &apos;value&apos;, &apos;nested&apos;: {&apos;key&apos;: &apos;value&apos;}}, {&apos;key&apos;: &apos;value&apos;, &apos;nested&apos;: {&apos;key&apos;: &apos;value&apos;}}], &apos;uuid&apos;: &apos;c9c19368-1a0c-4d3f-b763-f22543fc934a&apos;}, {&apos;bytes&apos;: &apos;536f6d652042696e2044617461&apos;, &apos;datetime&apos;: &apos;2020-02-25T19:51:02&apos;, &apos;raw_bson&apos;: {&apos;key&apos;: &apos;value&apos;, &apos;nested&apos;: {&apos;key&apos;: &apos;value&apos;}}, &apos;raw_bson_list&apos;: [{&apos;key&apos;: &apos;value&apos;, &apos;nested&apos;: {&apos;key&apos;: &apos;value&apos;}}, {&apos;key&apos;: &apos;value&apos;, &apos;nested&apos;: {&apos;key&apos;: &apos;value&apos;}}], &apos;uuid&apos;: &apos;c9c19368-1a0c-4d3f-b763-f22543fc934a&apos;}]
</system-out></testcase><testcase classname="zdevelop.tests.test_encoding.TestBasicEncoding" file="zdevelop/tests/test_encoding.py" line="167" name="test_dump_bson_compatible_objects[True-True-application/YAML]" time="0.007"><system-out>ENCODED:
- &amp;id001
  bytes: 536f6d652042696e2044617461
  datetime: &apos;2020-02-25T19:51:02&apos;
  raw_bson:
    key: value
    nested:
      key: value
  raw_bson_list:
  - key: value
    nested:
      key: value
  - key: value
    nested:
      key: value
  uuid: 727a8b21-205b-46c4-9304-6901223ed1e2
- *id001


DECODED:
[{&apos;bytes&apos;: &apos;536f6d652042696e2044617461&apos;, &apos;datetime&apos;: &apos;2020-02-25T19:51:02&apos;, &apos;raw_bson&apos;: {&apos;key&apos;: &apos;value&apos;, &apos;nested&apos;: {&apos;key&apos;: &apos;value&apos;}}, &apos;raw_bson_list&apos;: [{&apos;key&apos;: &apos;value&apos;, &apos;nested&apos;: {&apos;key&apos;: &apos;value&apos;}}, {&apos;key&apos;: &apos;value&apos;, &apos;nested&apos;: {&apos;key&apos;: &apos;value&apos;}}], &apos;uuid&apos;: &apos;727a8b21-205b-46c4-9304-6901223ed1e2&apos;}, {&apos;bytes&apos;: &apos;536f6d652042696e2044617461&apos;, &apos;datetime&apos;: &apos;2020-02-25T19:51:02&apos;, &apos;raw_bson&apos;: {&apos;key&apos;: &apos;value&apos;, &apos;nested&apos;: {&apos;key&apos;: &apos;value&apos;}}, &apos;raw_bson_list&apos;: [{&apos;key&apos;: &apos;value&apos;, &apos;nested&apos;: {&apos;key&apos;: &apos;value&apos;}}, {&apos;key&apos;: &apos;value&apos;, &apos;nested&apos;: {&apos;key&apos;: &apos;value&apos;}}], &apos;uuid&apos;: &apos;727a8b21-205b-46c4-9304-6901223ed1e2&apos;}]
</system-out></testcase><testcase classname="zdevelop.tests.test_encoding.TestBasicEncoding" file="zdevelop/tests/test_encoding.py" line="167" name="test_dump_bson_compatible_objects[True-True-yaml]" time="0.006"><system-out>ENCODED:
- &amp;id001
  bytes: 536f6d652042696e2044617461
  datetime: &apos;2020-02-25T19:51:02&apos;
  raw_bson:
    key: value
    nested:
      key: value
  raw_bson_list:
  - key: value
    nested:
      key: value
  - key: value
    nested:
      key: value
  uuid: 2d280896-1cc6-45cf-ac47-0ad0c014df12
- *id001


DECODED:
[{&apos;bytes&apos;: &apos;536f6d652042696e2044617461&apos;, &apos;datetime&apos;: &apos;2020-02-25T19:51:02&apos;, &apos;raw_bson&apos;: {&apos;key&apos;: &apos;value&apos;, &apos;nested&apos;: {&apos;key&apos;: &apos;value&apos;}}, &apos;raw_bson_list&apos;: [{&apos;key&apos;: &apos;value&apos;, &apos;nested&apos;: {&apos;key&apos;: &apos;value&apos;}}, {&apos;key&apos;: &apos;value&apos;, &apos;nested&apos;: {&apos;key&apos;: &apos;value&apos;}}], &apos;uuid&apos;: &apos;2d280896-1cc6-45cf-ac47-0ad0c014df12&apos;}, {&apos;bytes&apos;: &apos;536f6d652042696e2044617461&apos;, &apos;datetime&apos;: &apos;2020-02-25T19:51:02&apos;, &apos;raw_bson&apos;: {&apos;key&apos;: &apos;value&apos;, &apos;nested&apos;: {&apos;key&apos;: &apos;value&apos;}}, &apos;raw_bson_list&apos;: [{&apos;key&apos;: &apos;value&apos;, &apos;nested&apos;: {&apos;key&apos;: &apos;value&apos;}}, {&apos;key&apos;: &apos;value&apos;, &apos;nested&apos;: {&apos;key&apos;: &apos;value&apos;}}], &apos;uuid&apos;: &apos;2d280896-1cc6-45cf-ac47-0ad0c014df12&apos;}]
</system-out></testcase><testcase classname="zdevelop.tests.test_encoding.TestBasicEncoding" file="zdevelop/tests/test_encoding.py" line="167" name="test_dump_bson_compatible_objects[True-True-YAML]" time="0.007"><system-out>ENCODED:
- &amp;id001
  bytes: 536f6d652042696e2044617461
  datetime: &apos;2020-02-25T19:51:02&apos;
  raw_bson:
    key: value
    nested:
      key: value
  raw_bson_list:
  - key: value
    nested:
      key: value
  - key: value
    nested:
      key: value
  uuid: 260b94ca-0313-42b6-98a2-40d8e7d2eaa7
- *id001


DECODED:
[{&apos;bytes&apos;: &apos;536f6d652042696e2044617461&apos;, &apos;datetime&apos;: &apos;2020-02-25T19:51:02&apos;, &apos;raw_bson&apos;: {&apos;key&apos;: &apos;value&apos;, &apos;nested&apos;: {&apos;key&apos;: &apos;value&apos;}}, &apos;raw_bson_list&apos;: [{&apos;key&apos;: &apos;value&apos;, &apos;nested&apos;: {&apos;key&apos;: &apos;value&apos;}}, {&apos;key&apos;: &apos;value&apos;, &apos;nested&apos;: {&apos;key&apos;: &apos;value&apos;}}], &apos;uuid&apos;: &apos;260b94ca-0313-42b6-98a2-40d8e7d2eaa7&apos;}, {&apos;bytes&apos;: &apos;536f6d652042696e2044617461&apos;, &apos;datetime&apos;: &apos;2020-02-25T19:51:02&apos;, &apos;raw_bson&apos;: {&apos;key&apos;: &apos;value&apos;, &apos;nested&apos;: {&apos;key&apos;: &apos;value&apos;}}, &apos;raw_bson_list&apos;: [{&apos;key&apos;: &apos;value&apos;, &apos;nested&apos;: {&apos;key&apos;: &apos;value&apos;}}, {&apos;key&apos;: &apos;value&apos;, &apos;nested&apos;: {&apos;key&apos;: &apos;value&apos;}}], &apos;uuid&apos;: &apos;260b94ca-0313-42b6-98a2-40d8e7d2eaa7&apos;}]
</system-out></testcase><testcase classname="zdevelop.tests.test_encoding.TestBasicEncoding" file="zdevelop/tests/test_encoding.py" line="167" name="test_dump_bson_compatible_objects[True-True-x-yaml]" time="0.007"><system-out>ENCODED:
- &amp;id001
  bytes: 536f6d652042696e2044617461
  datetime: &apos;2020-02-25T19:51:02&apos;
  raw_bson:
    key: value
    nested:
      key: value
  raw_bson_list:
  - key: value
    nested:
      key: value
  - key: value
    nested:
      key: value
  uuid: 7247d8da-9be8-4cf6-9a2c-973df7b57d6f
- *id001


DECODED:
[{&apos;bytes&apos;: &apos;536f6d652042696e2044617461&apos;, &apos;datetime&apos;: &apos;2020-02-25T19:51:02&apos;, &apos;raw_bson&apos;: {&apos;key&apos;: &apos;value&apos;, &apos;nested&apos;: {&apos;key&apos;: &apos;value&apos;}}, &apos;raw_bson_list&apos;: [{&apos;key&apos;: &apos;value&apos;, &apos;nested&apos;: {&apos;key&apos;: &apos;value&apos;}}, {&apos;key&apos;: &apos;value&apos;, &apos;nested&apos;: {&apos;key&apos;: &apos;value&apos;}}], &apos;uuid&apos;: &apos;7247d8da-9be8-4cf6-9a2c-973df7b57d6f&apos;}, {&apos;bytes&apos;: &apos;536f6d652042696e2044617461&apos;, &apos;datetime&apos;: &apos;2020-02-25T19:51:02&apos;, &apos;raw_bson&apos;: {&apos;key&apos;: &apos;value&apos;, &apos;nested&apos;: {&apos;key&apos;: &apos;value&apos;}}, &apos;raw_bson_list&apos;: [{&apos;key&apos;: &apos;value&apos;, &apos;nested&apos;: {&apos;key&apos;: &apos;value&apos;}}, {&apos;key&apos;: &apos;value&apos;, &apos;nested&apos;: {&apos;key&apos;: &apos;value&apos;}}], &apos;uuid&apos;: &apos;7247d8da-9be8-4cf6-9a2c-973df7b57d6f&apos;}]
</system-out></testcase><testcase classname="zdevelop.tests.test_encoding.TestBasicEncoding" file="zdevelop/tests/test_encoding.py" line="167" name="test_dump_bson_compatible_objects[True-True-MimeType.BSON]" time="0.001"><system-out>ENCODED:
b&apos;\xe2\x90\x9e\xff\x00\x00\x00\x05uuid\x00\x10\x00\x00\x00\x03\xf1\x12y\xc3\xd64G\xad\xa3\x9c\x0f\xe5BK?\xa8\tdatetime\x00p\x18\xe7}p\x01\x00\x00\x05bytes\x00\r\x00\x00\x00\x00Some Bin Data\x03raw_bson\x000\x00\x00\x00\x02key\x00\x06\x00\x00\x00value\x00\x03nested\x00\x14\x00\x00\x00\x02key\x00\x06\x00\x00\x00value\x00\x00\x00\x04raw_bson_list\x00k\x00\x00\x00\x030\x000\x00\x00\x00\x02key\x00\x06\x00\x00\x00value\x00\x03nested\x00\x14\x00\x00\x00\x02key\x00\x06\x00\x00\x00value\x00\x00\x00\x031\x000\x00\x00\x00\x02key\x00\x06\x00\x00\x00value\x00\x03nested\x00\x14\x00\x00\x00\x02key\x00\x06\x00\x00\x00value\x00\x00\x00\x00\x00\xe2\x90\x9e\xff\x00\x00\x00\x05uuid\x00\x10\x00\x00\x00\x03\xf1\x12y\xc3\xd64G\xad\xa3\x9c\x0f\xe5BK?\xa8\tdatetime\x00p\x18\xe7}p\x01\x00\x00\x05bytes\x00\r\x00\x00\x00\x00Some Bin Data\x03raw_bson\x000\x00\x00\x00\x02key\x00\x06\x00\x00\x00value\x00\x03nested\x00\x14\x00\x00\x00\x02key\x00\x06\x00\x00\x00value\x00\x00\x00\x04raw_bson_list\x00k\x00\x00\x00\x030\x000\x00\x00\x00\x02key\x00\x06\x00\x00\x00value\x00\x03nested\x00\x14\x00\x00\x00\x02key\x00\x06\x00\x00\x00value\x00\x00\x00\x031\x000\x00\x00\x00\x02key\x00\x06\x00\x00\x00value\x00\x03nested\x00\x14\x00\x00\x00\x02key\x00\x06\x00\x00\x00value\x00\x00\x00\x00\x00&apos;

DECODED:
[RawBSONDocument(b&apos;\xff\x00\x00\x00\x05uuid\x00\x10\x00\x00\x00\x03\xf1\x12y\xc3\xd64G\xad\xa3\x9c\x0f\xe5BK?\xa8\tdatetime\x00p\x18\xe7}p\x01\x00\x00\x05bytes\x00\r\x00\x00\x00\x00Some Bin Data\x03raw_bson\x000\x00\x00\x00\x02key\x00\x06\x00\x00\x00value\x00\x03nested\x00\x14\x00\x00\x00\x02key\x00\x06\x00\x00\x00value\x00\x00\x00\x04raw_bson_list\x00k\x00\x00\x00\x030\x000\x00\x00\x00\x02key\x00\x06\x00\x00\x00value\x00\x03nested\x00\x14\x00\x00\x00\x02key\x00\x06\x00\x00\x00value\x00\x00\x00\x031\x000\x00\x00\x00\x02key\x00\x06\x00\x00\x00value\x00\x03nested\x00\x14\x00\x00\x00\x02key\x00\x06\x00\x00\x00value\x00\x00\x00\x00\x00&apos;, codec_options=CodecOptions(document_class=&lt;class &apos;bson.raw_bson.RawBSONDocument&apos;&gt;, tz_aware=False, uuid_representation=PYTHON_LEGACY, unicode_decode_error_handler=&apos;strict&apos;, tzinfo=None, type_registry=TypeRegistry(type_codecs=[], fallback_encoder=None))), RawBSONDocument(b&apos;\xff\x00\x00\x00\x05uuid\x00\x10\x00\x00\x00\x03\xf1\x12y\xc3\xd64G\xad\xa3\x9c\x0f\xe5BK?\xa8\tdatetime\x00p\x18\xe7}p\x01\x00\x00\x05bytes\x00\r\x00\x00\x00\x00Some Bin Data\x03raw_bson\x000\x00\x00\x00\x02key\x00\x06\x00\x00\x00value\x00\x03nested\x00\x14\x00\x00\x00\x02key\x00\x06\x00\x00\x00value\x00\x00\x00\x04raw_bson_list\x00k\x00\x00\x00\x030\x000\x00\x00\x00\x02key\x00\x06\x00\x00\x00value\x00\x03nested\x00\x14\x00\x00\x00\x02key\x00\x06\x00\x00\x00value\x00\x00\x00\x031\x000\x00\x00\x00\x02key\x00\x06\x00\x00\x00value\x00\x03nested\x00\x14\x00\x00\x00\x02key\x00\x06\x00\x00\x00value\x00\x00\x00\x00\x00&apos;, codec_options=CodecOptions(document_class=&lt;class &apos;bson.raw_bson.RawBSONDocument&apos;&gt;, tz_aware=False, uuid_representation=PYTHON_LEGACY, unicode_decode_error_handler=&apos;strict&apos;, tzinfo=None, type_registry=TypeRegistry(type_codecs=[], fallback_encoder=None)))]
</system-out></testcase><testcase classname="zdevelop.tests.test_encoding.TestBasicEncoding" file="zdevelop/tests/test_encoding.py" line="167" name="test_dump_bson_compatible_objects[True-True-application/bson]" time="0.001"><system-out>ENCODED:
b&apos;\xe2\x90\x9e\xff\x00\x00\x00\x05uuid\x00\x10\x00\x00\x00\x03\xd8\xac]el\xabJ4\x9e\xa0\x99(\\\xf3\x8c\xfc\tdatetime\x00p\x18\xe7}p\x01\x00\x00\x05bytes\x00\r\x00\x00\x00\x00Some Bin Data\x03raw_bson\x000\x00\x00\x00\x02key\x00\x06\x00\x00\x00value\x00\x03nested\x00\x14\x00\x00\x00\x02key\x00\x06\x00\x00\x00value\x00\x00\x00\x04raw_bson_list\x00k\x00\x00\x00\x030\x000\x00\x00\x00\x02key\x00\x06\x00\x00\x00value\x00\x03nested\x00\x14\x00\x00\x00\x02key\x00\x06\x00\x00\x00value\x00\x00\x00\x031\x000\x00\x00\x00\x02key\x00\x06\x00\x00\x00value\x00\x03nested\x00\x14\x00\x00\x00\x02key\x00\x06\x00\x00\x00value\x00\x00\x00\x00\x00\xe2\x90\x9e\xff\x00\x00\x00\x05uuid\x00\x10\x00\x00\x00\x03\xd8\xac]el\xabJ4\x9e\xa0\x99(\\\xf3\x8c\xfc\tdatetime\x00p\x18\xe7}p\x01\x00\x00\x05bytes\x00\r\x00\x00\x00\x00Some Bin Data\x03raw_bson\x000\x00\x00\x00\x02key\x00\x06\x00\x00\x00value\x00\x03nested\x00\x14\x00\x00\x00\x02key\x00\x06\x00\x00\x00value\x00\x00\x00\x04raw_bson_list\x00k\x00\x00\x00\x030\x000\x00\x00\x00\x02key\x00\x06\x00\x00\x00value\x00\x03nested\x00\x14\x00\x00\x00\x02key\x00\x06\x00\x00\x00value\x00\x00\x00\x031\x000\x00\x00\x00\x02key\x00\x06\x00\x00\x00value\x00\x03nested\x00\x14\x00\x00\x00\x02key\x00\x06\x00\x00\x00value\x00\x00\x00\x00\x00&apos;

DECODED:
[RawBSONDocument(b&apos;\xff\x00\x00\x00\x05uuid\x00\x10\x00\x00\x00\x03\xd8\xac]el\xabJ4\x9e\xa0\x99(\\\xf3\x8c\xfc\tdatetime\x00p\x18\xe7}p\x01\x00\x00\x05bytes\x00\r\x00\x00\x00\x00Some Bin Data\x03raw_bson\x000\x00\x00\x00\x02key\x00\x06\x00\x00\x00value\x00\x03nested\x00\x14\x00\x00\x00\x02key\x00\x06\x00\x00\x00value\x00\x00\x00\x04raw_bson_list\x00k\x00\x00\x00\x030\x000\x00\x00\x00\x02key\x00\x06\x00\x00\x00value\x00\x03nested\x00\x14\x00\x00\x00\x02key\x00\x06\x00\x00\x00value\x00\x00\x00\x031\x000\x00\x00\x00\x02key\x00\x06\x00\x00\x00value\x00\x03nested\x00\x14\x00\x00\x00\x02key\x00\x06\x00\x00\x00value\x00\x00\x00\x00\x00&apos;, codec_options=CodecOptions(document_class=&lt;class &apos;bson.raw_bson.RawBSONDocument&apos;&gt;, tz_aware=False, uuid_representation=PYTHON_LEGACY, unicode_decode_error_handler=&apos;strict&apos;, tzinfo=None, type_registry=TypeRegistry(type_codecs=[], fallback_encoder=None))), RawBSONDocument(b&apos;\xff\x00\x00\x00\x05uuid\x00\x10\x00\x00\x00\x03\xd8\xac]el\xabJ4\x9e\xa0\x99(\\\xf3\x8c\xfc\tdatetime\x00p\x18\xe7}p\x01\x00\x00\x05bytes\x00\r\x00\x00\x00\x00Some Bin Data\x03raw_bson\x000\x00\x00\x00\x02key\x00\x06\x00\x00\x00value\x00\x03nested\x00\x14\x00\x00\x00\x02key\x00\x06\x00\x00\x00value\x00\x00\x00\x04raw_bson_list\x00k\x00\x00\x00\x030\x000\x00\x00\x00\x02key\x00\x06\x00\x00\x00value\x00\x03nested\x00\x14\x00\x00\x00\x02key\x00\x06\x00\x00\x00value\x00\x00\x00\x031\x000\x00\x00\x00\x02key\x00\x06\x00\x00\x00value\x00\x03nested\x00\x14\x00\x00\x00\x02key\x00\x06\x00\x00\x00value\x00\x00\x00\x00\x00&apos;, codec_options=CodecOptions(document_class=&lt;class &apos;bson.raw_bson.RawBSONDocument&apos;&gt;, tz_aware=False, uuid_representation=PYTHON_LEGACY, unicode_decode_error_handler=&apos;strict&apos;, tzinfo=None, type_registry=TypeRegistry(type_codecs=[], fallback_encoder=None)))]
</system-out></testcase><testcase classname="zdevelop.tests.test_encoding.TestBasicEncoding" file="zdevelop/tests/test_encoding.py" line="167" name="test_dump_bson_compatible_objects[True-True-application/BSON]" time="0.001"><system-out>ENCODED:
b&apos;\xe2\x90\x9e\xff\x00\x00\x00\x05uuid\x00\x10\x00\x00\x00\x03$\xfa\xf9\x17\xef\xf1C\x02\x9cm\xf5\xd6\x88\xeaB\xe7\tdatetime\x00p\x18\xe7}p\x01\x00\x00\x05bytes\x00\r\x00\x00\x00\x00Some Bin Data\x03raw_bson\x000\x00\x00\x00\x02key\x00\x06\x00\x00\x00value\x00\x03nested\x00\x14\x00\x00\x00\x02key\x00\x06\x00\x00\x00value\x00\x00\x00\x04raw_bson_list\x00k\x00\x00\x00\x030\x000\x00\x00\x00\x02key\x00\x06\x00\x00\x00value\x00\x03nested\x00\x14\x00\x00\x00\x02key\x00\x06\x00\x00\x00value\x00\x00\x00\x031\x000\x00\x00\x00\x02key\x00\x06\x00\x00\x00value\x00\x03nested\x00\x14\x00\x00\x00\x02key\x00\x06\x00\x00\x00value\x00\x00\x00\x00\x00\xe2\x90\x9e\xff\x00\x00\x00\x05uuid\x00\x10\x00\x00\x00\x03$\xfa\xf9\x17\xef\xf1C\x02\x9cm\xf5\xd6\x88\xeaB\xe7\tdatetime\x00p\x18\xe7}p\x01\x00\x00\x05bytes\x00\r\x00\x00\x00\x00Some Bin Data\x03raw_bson\x000\x00\x00\x00\x02key\x00\x06\x00\x00\x00value\x00\x03nested\x00\x14\x00\x00\x00\x02key\x00\x06\x00\x00\x00value\x00\x00\x00\x04raw_bson_list\x00k\x00\x00\x00\x030\x000\x00\x00\x00\x02key\x00\x06\x00\x00\x00value\x00\x03nested\x00\x14\x00\x00\x00\x02key\x00\x06\x00\x00\x00value\x00\x00\x00\x031\x000\x00\x00\x00\x02key\x00\x06\x00\x00\x00value\x00\x03nested\x00\x14\x00\x00\x00\x02key\x00\x06\x00\x00\x00value\x00\x00\x00\x00\x00&apos;

DECODED:
[RawBSONDocument(b&apos;\xff\x00\x00\x00\x05uuid\x00\x10\x00\x00\x00\x03$\xfa\xf9\x17\xef\xf1C\x02\x9cm\xf5\xd6\x88\xeaB\xe7\tdatetime\x00p\x18\xe7}p\x01\x00\x00\x05bytes\x00\r\x00\x00\x00\x00Some Bin Data\x03raw_bson\x000\x00\x00\x00\x02key\x00\x06\x00\x00\x00value\x00\x03nested\x00\x14\x00\x00\x00\x02key\x00\x06\x00\x00\x00value\x00\x00\x00\x04raw_bson_list\x00k\x00\x00\x00\x030\x000\x00\x00\x00\x02key\x00\x06\x00\x00\x00value\x00\x03nested\x00\x14\x00\x00\x00\x02key\x00\x06\x00\x00\x00value\x00\x00\x00\x031\x000\x00\x00\x00\x02key\x00\x06\x00\x00\x00value\x00\x03nested\x00\x14\x00\x00\x00\x02key\x00\x06\x00\x00\x00value\x00\x00\x00\x00\x00&apos;, codec_options=CodecOptions(document_class=&lt;class &apos;bson.raw_bson.RawBSONDocument&apos;&gt;, tz_aware=False, uuid_representation=PYTHON_LEGACY, unicode_decode_error_handler=&apos;strict&apos;, tzinfo=None, type_registry=TypeRegistry(type_codecs=[], fallback_encoder=None))), RawBSONDocument(b&apos;\xff\x00\x00\x00\x05uuid\x00\x10\x00\x00\x00\x03$\xfa\xf9\x17\xef\xf1C\x02\x9cm\xf5\xd6\x88\xeaB\xe7\tdatetime\x00p\x18\xe7}p\x01\x00\x00\x05bytes\x00\r\x00\x00\x00\x00Some Bin Data\x03raw_bson\x000\x00\x00\x00\x02key\x00\x06\x00\x00\x00value\x00\x03nested\x00\x14\x00\x00\x00\x02key\x00\x06\x00\x00\x00value\x00\x00\x00\x04raw_bson_list\x00k\x00\x00\x00\x030\x000\x00\x00\x00\x02key\x00\x06\x00\x00\x00value\x00\x03nested\x00\x14\x00\x00\x00\x02key\x00\x06\x00\x00\x00value\x00\x00\x00\x031\x000\x00\x00\x00\x02key\x00\x06\x00\x00\x00value\x00\x03nested\x00\x14\x00\x00\x00\x02key\x00\x06\x00\x00\x00value\x00\x00\x00\x00\x00&apos;, codec_options=CodecOptions(document_class=&lt;class &apos;bson.raw_bson.RawBSONDocument&apos;&gt;, tz_aware=False, uuid_representation=PYTHON_LEGACY, unicode_decode_error_handler=&apos;strict&apos;, tzinfo=None, type_registry=TypeRegistry(type_codecs=[], fallback_encoder=None)))]
</system-out></testcase><testcase classname="zdevelop.tests.test_encoding.TestBasicEncoding" file="zdevelop/tests/test_encoding.py" line="167" name="test_dump_bson_compatible_objects[True-True-application/x-bson]" time="0.001"><system-out>ENCODED:
b&apos;\xe2\x90\x9e\xff\x00\x00\x00\x05uuid\x00\x10\x00\x00\x00\x03d\x94k\x8d\xff\xb6C&quot;\x8e\x84\xf5\x81\xd1bkz\tdatetime\x00p\x18\xe7}p\x01\x00\x00\x05bytes\x00\r\x00\x00\x00\x00Some Bin Data\x03raw_bson\x000\x00\x00\x00\x02key\x00\x06\x00\x00\x00value\x00\x03nested\x00\x14\x00\x00\x00\x02key\x00\x06\x00\x00\x00value\x00\x00\x00\x04raw_bson_list\x00k\x00\x00\x00\x030\x000\x00\x00\x00\x02key\x00\x06\x00\x00\x00value\x00\x03nested\x00\x14\x00\x00\x00\x02key\x00\x06\x00\x00\x00value\x00\x00\x00\x031\x000\x00\x00\x00\x02key\x00\x06\x00\x00\x00value\x00\x03nested\x00\x14\x00\x00\x00\x02key\x00\x06\x00\x00\x00value\x00\x00\x00\x00\x00\xe2\x90\x9e\xff\x00\x00\x00\x05uuid\x00\x10\x00\x00\x00\x03d\x94k\x8d\xff\xb6C&quot;\x8e\x84\xf5\x81\xd1bkz\tdatetime\x00p\x18\xe7}p\x01\x00\x00\x05bytes\x00\r\x00\x00\x00\x00Some Bin Data\x03raw_bson\x000\x00\x00\x00\x02key\x00\x06\x00\x00\x00value\x00\x03nested\x00\x14\x00\x00\x00\x02key\x00\x06\x00\x00\x00value\x00\x00\x00\x04raw_bson_list\x00k\x00\x00\x00\x030\x000\x00\x00\x00\x02key\x00\x06\x00\x00\x00value\x00\x03nested\x00\x14\x00\x00\x00\x02key\x00\x06\x00\x00\x00value\x00\x00\x00\x031\x000\x00\x00\x00\x02key\x00\x06\x00\x00\x00value\x00\x03nested\x00\x14\x00\x00\x00\x02key\x00\x06\x00\x00\x00value\x00\x00\x00\x00\x00&apos;

DECODED:
[RawBSONDocument(b&apos;\xff\x00\x00\x00\x05uuid\x00\x10\x00\x00\x00\x03d\x94k\x8d\xff\xb6C&quot;\x8e\x84\xf5\x81\xd1bkz\tdatetime\x00p\x18\xe7}p\x01\x00\x00\x05bytes\x00\r\x00\x00\x00\x00Some Bin Data\x03raw_bson\x000\x00\x00\x00\x02key\x00\x06\x00\x00\x00value\x00\x03nested\x00\x14\x00\x00\x00\x02key\x00\x06\x00\x00\x00value\x00\x00\x00\x04raw_bson_list\x00k\x00\x00\x00\x030\x000\x00\x00\x00\x02key\x00\x06\x00\x00\x00value\x00\x03nested\x00\x14\x00\x00\x00\x02key\x00\x06\x00\x00\x00value\x00\x00\x00\x031\x000\x00\x00\x00\x02key\x00\x06\x00\x00\x00value\x00\x03nested\x00\x14\x00\x00\x00\x02key\x00\x06\x00\x00\x00value\x00\x00\x00\x00\x00&apos;, codec_options=CodecOptions(document_class=&lt;class &apos;bson.raw_bson.RawBSONDocument&apos;&gt;, tz_aware=False, uuid_representation=PYTHON_LEGACY, unicode_decode_error_handler=&apos;strict&apos;, tzinfo=None, type_registry=TypeRegistry(type_codecs=[], fallback_encoder=None))), RawBSONDocument(b&apos;\xff\x00\x00\x00\x05uuid\x00\x10\x00\x00\x00\x03d\x94k\x8d\xff\xb6C&quot;\x8e\x84\xf5\x81\xd1bkz\tdatetime\x00p\x18\xe7}p\x01\x00\x00\x05bytes\x00\r\x00\x00\x00\x00Some Bin Data\x03raw_bson\x000\x00\x00\x00\x02key\x00\x06\x00\x00\x00value\x00\x03nested\x00\x14\x00\x00\x00\x02key\x00\x06\x00\x00\x00value\x00\x00\x00\x04raw_bson_list\x00k\x00\x00\x00\x030\x000\x00\x00\x00\x02key\x00\x06\x00\x00\x00value\x00\x03nested\x00\x14\x00\x00\x00\x02key\x00\x06\x00\x00\x00value\x00\x00\x00\x031\x000\x00\x00\x00\x02key\x00\x06\x00\x00\x00value\x00\x03nested\x00\x14\x00\x00\x00\x02key\x00\x06\x00\x00\x00value\x00\x00\x00\x00\x00&apos;, codec_options=CodecOptions(document_class=&lt;class &apos;bson.raw_bson.RawBSONDocument&apos;&gt;, tz_aware=False, uuid_representation=PYTHON_LEGACY, unicode_decode_error_handler=&apos;strict&apos;, tzinfo=None, type_registry=TypeRegistry(type_codecs=[], fallback_encoder=None)))]
</system-out></testcase><testcase classname="zdevelop.tests.test_encoding.TestBasicEncoding" file="zdevelop/tests/test_encoding.py" line="167" name="test_dump_bson_compatible_objects[True-True-x-bson]" time="0.001"><system-out>ENCODED:
b&quot;\xe2\x90\x9e\xff\x00\x00\x00\x05uuid\x00\x10\x00\x00\x00\x03&lt;\xd1\xcf.\xbb\xe2I\x12\x83;&apos;*O}\x8b\x8f\tdatetime\x00p\x18\xe7}p\x01\x00\x00\x05bytes\x00\r\x00\x00\x00\x00Some Bin Data\x03raw_bson\x000\x00\x00\x00\x02key\x00\x06\x00\x00\x00value\x00\x03nested\x00\x14\x00\x00\x00\x02key\x00\x06\x00\x00\x00value\x00\x00\x00\x04raw_bson_list\x00k\x00\x00\x00\x030\x000\x00\x00\x00\x02key\x00\x06\x00\x00\x00value\x00\x03nested\x00\x14\x00\x00\x00\x02key\x00\x06\x00\x00\x00value\x00\x00\x00\x031\x000\x00\x00\x00\x02key\x00\x06\x00\x00\x00value\x00\x03nested\x00\x14\x00\x00\x00\x02key\x00\x06\x00\x00\x00value\x00\x00\x00\x00\x00\xe2\x90\x9e\xff\x00\x00\x00\x05uuid\x00\x10\x00\x00\x00\x03&lt;\xd1\xcf.\xbb\xe2I\x12\x83;&apos;*O}\x8b\x8f\tdatetime\x00p\x18\xe7}p\x01\x00\x00\x05bytes\x00\r\x00\x00\x00\x00Some Bin Data\x03raw_bson\x000\x00\x00\x00\x02key\x00\x06\x00\x00\x00value\x00\x03nested\x00\x14\x00\x00\x00\x02key\x00\x06\x00\x00\x00value\x00\x00\x00\x04raw_bson_list\x00k\x00\x00\x00\x030\x000\x00\x00\x00\x02key\x00\x06\x00\x00\x00value\x00\x03nested\x00\x14\x00\x00\x00\x02key\x00\x06\x00\x00\x00value\x00\x00\x00\x031\x000\x00\x00\x00\x02key\x00\x06\x00\x00\x00value\x00\x03nested\x00\x14\x00\x00\x00\x02key\x00\x06\x00\x00\x00value\x00\x00\x00\x00\x00&quot;

DECODED:
[RawBSONDocument(b&quot;\xff\x00\x00\x00\x05uuid\x00\x10\x00\x00\x00\x03&lt;\xd1\xcf.\xbb\xe2I\x12\x83;&apos;*O}\x8b\x8f\tdatetime\x00p\x18\xe7}p\x01\x00\x00\x05bytes\x00\r\x00\x00\x00\x00Some Bin Data\x03raw_bson\x000\x00\x00\x00\x02key\x00\x06\x00\x00\x00value\x00\x03nested\x00\x14\x00\x00\x00\x02key\x00\x06\x00\x00\x00value\x00\x00\x00\x04raw_bson_list\x00k\x00\x00\x00\x030\x000\x00\x00\x00\x02key\x00\x06\x00\x00\x00value\x00\x03nested\x00\x14\x00\x00\x00\x02key\x00\x06\x00\x00\x00value\x00\x00\x00\x031\x000\x00\x00\x00\x02key\x00\x06\x00\x00\x00value\x00\x03nested\x00\x14\x00\x00\x00\x02key\x00\x06\x00\x00\x00value\x00\x00\x00\x00\x00&quot;, codec_options=CodecOptions(document_class=&lt;class &apos;bson.raw_bson.RawBSONDocument&apos;&gt;, tz_aware=False, uuid_representation=PYTHON_LEGACY, unicode_decode_error_handler=&apos;strict&apos;, tzinfo=None, type_registry=TypeRegistry(type_codecs=[], fallback_encoder=None))), RawBSONDocument(b&quot;\xff\x00\x00\x00\x05uuid\x00\x10\x00\x00\x00\x03&lt;\xd1\xcf.\xbb\xe2I\x12\x83;&apos;*O}\x8b\x8f\tdatetime\x00p\x18\xe7}p\x01\x00\x00\x05bytes\x00\r\x00\x00\x00\x00Some Bin Data\x03raw_bson\x000\x00\x00\x00\x02key\x00\x06\x00\x00\x00value\x00\x03nested\x00\x14\x00\x00\x00\x02key\x00\x06\x00\x00\x00value\x00\x00\x00\x04raw_bson_list\x00k\x00\x00\x00\x030\x000\x00\x00\x00\x02key\x00\x06\x00\x00\x00value\x00\x03nested\x00\x14\x00\x00\x00\x02key\x00\x06\x00\x00\x00value\x00\x00\x00\x031\x000\x00\x00\x00\x02key\x00\x06\x00\x00\x00value\x00\x03nested\x00\x14\x00\x00\x00\x02key\x00\x06\x00\x00\x00value\x00\x00\x00\x00\x00&quot;, codec_options=CodecOptions(document_class=&lt;class &apos;bson.raw_bson.RawBSONDocument&apos;&gt;, tz_aware=False, uuid_representation=PYTHON_LEGACY, unicode_decode_error_handler=&apos;strict&apos;, tzinfo=None, type_registry=TypeRegistry(type_codecs=[], fallback_encoder=None)))]
</system-out></testcase><testcase classname="zdevelop.tests.test_encoding.TestBasicEncoding" file="zdevelop/tests/test_encoding.py" line="167" name="test_dump_bson_compatible_objects[True-True-BSON]" time="0.001"><system-out>ENCODED:
b&apos;\xe2\x90\x9e\xff\x00\x00\x00\x05uuid\x00\x10\x00\x00\x00\x03\x99\xf2\x13\x87J\xe6D\xae\xa1{\xe3\xbf\xf6~\xd1,\tdatetime\x00p\x18\xe7}p\x01\x00\x00\x05bytes\x00\r\x00\x00\x00\x00Some Bin Data\x03raw_bson\x000\x00\x00\x00\x02key\x00\x06\x00\x00\x00value\x00\x03nested\x00\x14\x00\x00\x00\x02key\x00\x06\x00\x00\x00value\x00\x00\x00\x04raw_bson_list\x00k\x00\x00\x00\x030\x000\x00\x00\x00\x02key\x00\x06\x00\x00\x00value\x00\x03nested\x00\x14\x00\x00\x00\x02key\x00\x06\x00\x00\x00value\x00\x00\x00\x031\x000\x00\x00\x00\x02key\x00\x06\x00\x00\x00value\x00\x03nested\x00\x14\x00\x00\x00\x02key\x00\x06\x00\x00\x00value\x00\x00\x00\x00\x00\xe2\x90\x9e\xff\x00\x00\x00\x05uuid\x00\x10\x00\x00\x00\x03\x99\xf2\x13\x87J\xe6D\xae\xa1{\xe3\xbf\xf6~\xd1,\tdatetime\x00p\x18\xe7}p\x01\x00\x00\x05bytes\x00\r\x00\x00\x00\x00Some Bin Data\x03raw_bson\x000\x00\x00\x00\x02key\x00\x06\x00\x00\x00value\x00\x03nested\x00\x14\x00\x00\x00\x02key\x00\x06\x00\x00\x00value\x00\x00\x00\x04raw_bson_list\x00k\x00\x00\x00\x030\x000\x00\x00\x00\x02key\x00\x06\x00\x00\x00value\x00\x03nested\x00\x14\x00\x00\x00\x02key\x00\x06\x00\x00\x00value\x00\x00\x00\x031\x000\x00\x00\x00\x02key\x00\x06\x00\x00\x00value\x00\x03nested\x00\x14\x00\x00\x00\x02key\x00\x06\x00\x00\x00value\x00\x00\x00\x00\x00&apos;

DECODED:
[RawBSONDocument(b&apos;\xff\x00\x00\x00\x05uuid\x00\x10\x00\x00\x00\x03\x99\xf2\x13\x87J\xe6D\xae\xa1{\xe3\xbf\xf6~\xd1,\tdatetime\x00p\x18\xe7}p\x01\x00\x00\x05bytes\x00\r\x00\x00\x00\x00Some Bin Data\x03raw_bson\x000\x00\x00\x00\x02key\x00\x06\x00\x00\x00value\x00\x03nested\x00\x14\x00\x00\x00\x02key\x00\x06\x00\x00\x00value\x00\x00\x00\x04raw_bson_list\x00k\x00\x00\x00\x030\x000\x00\x00\x00\x02key\x00\x06\x00\x00\x00value\x00\x03nested\x00\x14\x00\x00\x00\x02key\x00\x06\x00\x00\x00value\x00\x00\x00\x031\x000\x00\x00\x00\x02key\x00\x06\x00\x00\x00value\x00\x03nested\x00\x14\x00\x00\x00\x02key\x00\x06\x00\x00\x00value\x00\x00\x00\x00\x00&apos;, codec_options=CodecOptions(document_class=&lt;class &apos;bson.raw_bson.RawBSONDocument&apos;&gt;, tz_aware=False, uuid_representation=PYTHON_LEGACY, unicode_decode_error_handler=&apos;strict&apos;, tzinfo=None, type_registry=TypeRegistry(type_codecs=[], fallback_encoder=None))), RawBSONDocument(b&apos;\xff\x00\x00\x00\x05uuid\x00\x10\x00\x00\x00\x03\x99\xf2\x13\x87J\xe6D\xae\xa1{\xe3\xbf\xf6~\xd1,\tdatetime\x00p\x18\xe7}p\x01\x00\x00\x05bytes\x00\r\x00\x00\x00\x00Some Bin Data\x03raw_bson\x000\x00\x00\x00\x02key\x00\x06\x00\x00\x00value\x00\x03nested\x00\x14\x00\x00\x00\x02key\x00\x06\x00\x00\x00value\x00\x00\x00\x04raw_bson_list\x00k\x00\x00\x00\x030\x000\x00\x00\x00\x02key\x00\x06\x00\x00\x00value\x00\x03nested\x00\x14\x00\x00\x00\x02key\x00\x06\x00\x00\x00value\x00\x00\x00\x031\x000\x00\x00\x00\x02key\x00\x06\x00\x00\x00value\x00\x03nested\x00\x14\x00\x00\x00\x02key\x00\x06\x00\x00\x00value\x00\x00\x00\x00\x00&apos;, codec_options=CodecOptions(document_class=&lt;class &apos;bson.raw_bson.RawBSONDocument&apos;&gt;, tz_aware=False, uuid_representation=PYTHON_LEGACY, unicode_decode_error_handler=&apos;strict&apos;, tzinfo=None, type_registry=TypeRegistry(type_codecs=[], fallback_encoder=None)))]
</system-out></testcase><testcase classname="zdevelop.tests.test_encoding.TestBasicEncoding" file="zdevelop/tests/test_encoding.py" line="167" name="test_dump_bson_compatible_objects[True-True-bson]" time="0.001"><system-out>ENCODED:
b&apos;\xe2\x90\x9e\xff\x00\x00\x00\x05uuid\x00\x10\x00\x00\x00\x03\xb3\xd2\xa4\xca\xf9\xb2G8\x96\xa8\x12\xcf\xf20U\x0e\tdatetime\x00p\x18\xe7}p\x01\x00\x00\x05bytes\x00\r\x00\x00\x00\x00Some Bin Data\x03raw_bson\x000\x00\x00\x00\x02key\x00\x06\x00\x00\x00value\x00\x03nested\x00\x14\x00\x00\x00\x02key\x00\x06\x00\x00\x00value\x00\x00\x00\x04raw_bson_list\x00k\x00\x00\x00\x030\x000\x00\x00\x00\x02key\x00\x06\x00\x00\x00value\x00\x03nested\x00\x14\x00\x00\x00\x02key\x00\x06\x00\x00\x00value\x00\x00\x00\x031\x000\x00\x00\x00\x02key\x00\x06\x00\x00\x00value\x00\x03nested\x00\x14\x00\x00\x00\x02key\x00\x06\x00\x00\x00value\x00\x00\x00\x00\x00\xe2\x90\x9e\xff\x00\x00\x00\x05uuid\x00\x10\x00\x00\x00\x03\xb3\xd2\xa4\xca\xf9\xb2G8\x96\xa8\x12\xcf\xf20U\x0e\tdatetime\x00p\x18\xe7}p\x01\x00\x00\x05bytes\x00\r\x00\x00\x00\x00Some Bin Data\x03raw_bson\x000\x00\x00\x00\x02key\x00\x06\x00\x00\x00value\x00\x03nested\x00\x14\x00\x00\x00\x02key\x00\x06\x00\x00\x00value\x00\x00\x00\x04raw_bson_list\x00k\x00\x00\x00\x030\x000\x00\x00\x00\x02key\x00\x06\x00\x00\x00value\x00\x03nested\x00\x14\x00\x00\x00\x02key\x00\x06\x00\x00\x00value\x00\x00\x00\x031\x000\x00\x00\x00\x02key\x00\x06\x00\x00\x00value\x00\x03nested\x00\x14\x00\x00\x00\x02key\x00\x06\x00\x00\x00value\x00\x00\x00\x00\x00&apos;

DECODED:
[RawBSONDocument(b&apos;\xff\x00\x00\x00\x05uuid\x00\x10\x00\x00\x00\x03\xb3\xd2\xa4\xca\xf9\xb2G8\x96\xa8\x12\xcf\xf20U\x0e\tdatetime\x00p\x18\xe7}p\x01\x00\x00\x05bytes\x00\r\x00\x00\x00\x00Some Bin Data\x03raw_bson\x000\x00\x00\x00\x02key\x00\x06\x00\x00\x00value\x00\x03nested\x00\x14\x00\x00\x00\x02key\x00\x06\x00\x00\x00value\x00\x00\x00\x04raw_bson_list\x00k\x00\x00\x00\x030\x000\x00\x00\x00\x02key\x00\x06\x00\x00\x00value\x00\x03nested\x00\x14\x00\x00\x00\x02key\x00\x06\x00\x00\x00value\x00\x00\x00\x031\x000\x00\x00\x00\x02key\x00\x06\x00\x00\x00value\x00\x03nested\x00\x14\x00\x00\x00\x02key\x00\x06\x00\x00\x00value\x00\x00\x00\x00\x00&apos;, codec_options=CodecOptions(document_class=&lt;class &apos;bson.raw_bson.RawBSONDocument&apos;&gt;, tz_aware=False, uuid_representation=PYTHON_LEGACY, unicode_decode_error_handler=&apos;strict&apos;, tzinfo=None, type_registry=TypeRegistry(type_codecs=[], fallback_encoder=None))), RawBSONDocument(b&apos;\xff\x00\x00\x00\x05uuid\x00\x10\x00\x00\x00\x03\xb3\xd2\xa4\xca\xf9\xb2G8\x96\xa8\x12\xcf\xf20U\x0e\tdatetime\x00p\x18\xe7}p\x01\x00\x00\x05bytes\x00\r\x00\x00\x00\x00Some Bin Data\x03raw_bson\x000\x00\x00\x00\x02key\x00\x06\x00\x00\x00value\x00\x03nested\x00\x14\x00\x00\x00\x02key\x00\x06\x00\x00\x00value\x00\x00\x00\x04raw_bson_list\x00k\x00\x00\x00\x030\x000\x00\x00\x00\x02key\x00\x06\x00\x00\x00value\x00\x03nested\x00\x14\x00\x00\x00\x02key\x00\x06\x00\x00\x00value\x00\x00\x00\x031\x000\x00\x00\x00\x02key\x00\x06\x00\x00\x00value\x00\x03nested\x00\x14\x00\x00\x00\x02key\x00\x06\x00\x00\x00value\x00\x00\x00\x00\x00&apos;, codec_options=CodecOptions(document_class=&lt;class &apos;bson.raw_bson.RawBSONDocument&apos;&gt;, tz_aware=False, uuid_representation=PYTHON_LEGACY, unicode_decode_error_handler=&apos;strict&apos;, tzinfo=None, type_registry=TypeRegistry(type_codecs=[], fallback_encoder=None)))]
</system-out></testcase><testcase classname="zdevelop.tests.test_encoding.TestBasicEncoding" file="zdevelop/tests/test_encoding.py" line="167" name="test_dump_bson_compatible_objects[True-False-MimeType.JSON]" time="0.001"><system-out>ENCODED:
[{&quot;uuid&quot;:&quot;10204cdc-f587-41b1-9fa8-541033f9b1cb&quot;,&quot;datetime&quot;:&quot;2020-02-25T19:51:02+00:00&quot;,&quot;bytes&quot;:&quot;536f6d652042696e2044617461&quot;,&quot;raw_bson&quot;:{&quot;key&quot;:&quot;value&quot;,&quot;nested&quot;:{&quot;key&quot;:&quot;value&quot;}},&quot;raw_bson_list&quot;:[{&quot;key&quot;:&quot;value&quot;,&quot;nested&quot;:{&quot;key&quot;:&quot;value&quot;}},{&quot;key&quot;:&quot;value&quot;,&quot;nested&quot;:{&quot;key&quot;:&quot;value&quot;}}]},{&quot;uuid&quot;:&quot;10204cdc-f587-41b1-9fa8-541033f9b1cb&quot;,&quot;datetime&quot;:&quot;2020-02-25T19:51:02+00:00&quot;,&quot;bytes&quot;:&quot;536f6d652042696e2044617461&quot;,&quot;raw_bson&quot;:{&quot;key&quot;:&quot;value&quot;,&quot;nested&quot;:{&quot;key&quot;:&quot;value&quot;}},&quot;raw_bson_list&quot;:[{&quot;key&quot;:&quot;value&quot;,&quot;nested&quot;:{&quot;key&quot;:&quot;value&quot;}},{&quot;key&quot;:&quot;value&quot;,&quot;nested&quot;:{&quot;key&quot;:&quot;value&quot;}}]}]

DECODED:
[{&apos;uuid&apos;: &apos;10204cdc-f587-41b1-9fa8-541033f9b1cb&apos;, &apos;datetime&apos;: &apos;2020-02-25T19:51:02+00:00&apos;, &apos;bytes&apos;: &apos;536f6d652042696e2044617461&apos;, &apos;raw_bson&apos;: {&apos;key&apos;: &apos;value&apos;, &apos;nested&apos;: {&apos;key&apos;: &apos;value&apos;}}, &apos;raw_bson_list&apos;: [{&apos;key&apos;: &apos;value&apos;, &apos;nested&apos;: {&apos;key&apos;: &apos;value&apos;}}, {&apos;key&apos;: &apos;value&apos;, &apos;nested&apos;: {&apos;key&apos;: &apos;value&apos;}}]}, {&apos;uuid&apos;: &apos;10204cdc-f587-41b1-9fa8-541033f9b1cb&apos;, &apos;datetime&apos;: &apos;2020-02-25T19:51:02+00:00&apos;, &apos;bytes&apos;: &apos;536f6d652042696e2044617461&apos;, &apos;raw_bson&apos;: {&apos;key&apos;: &apos;value&apos;, &apos;nested&apos;: {&apos;key&apos;: &apos;value&apos;}}, &apos;raw_bson_list&apos;: [{&apos;key&apos;: &apos;value&apos;, &apos;nested&apos;: {&apos;key&apos;: &apos;value&apos;}}, {&apos;key&apos;: &apos;value&apos;, &apos;nested&apos;: {&apos;key&apos;: &apos;value&apos;}}]}]
</system-out></testcase><testcase classname="zdevelop.tests.test_encoding.TestBasicEncoding" file="zdevelop/tests/test_encoding.py" line="167" name="test_dump_bson_compatible_objects[True-False-application/json]" time="0.001"><system-out>ENCODED:
[{&quot;uuid&quot;:&quot;408b619c-f490-4845-a34c-57ba94888fac&quot;,&quot;datetime&quot;:&quot;2020-02-25T19:51:02+00:00&quot;,&quot;bytes&quot;:&quot;536f6d652042696e2044617461&quot;,&quot;raw_bson&quot;:{&quot;key&quot;:&quot;value&quot;,&quot;nested&quot;:{&quot;key&quot;:&quot;value&quot;}},&quot;raw_bson_list&quot;:[{&quot;key&quot;:&quot;value&quot;,&quot;nested&quot;:{&quot;key&quot;:&quot;value&quot;}},{&quot;key&quot;:&quot;value&quot;,&quot;nested&quot;:{&quot;key&quot;:&quot;value&quot;}}]},{&quot;uuid&quot;:&quot;408b619c-f490-4845-a34c-57ba94888fac&quot;,&quot;datetime&quot;:&quot;2020-02-25T19:51:02+00:00&quot;,&quot;bytes&quot;:&quot;536f6d652042696e2044617461&quot;,&quot;raw_bson&quot;:{&quot;key&quot;:&quot;value&quot;,&quot;nested&quot;:{&quot;key&quot;:&quot;value&quot;}},&quot;raw_bson_list&quot;:[{&quot;key&quot;:&quot;value&quot;,&quot;nested&quot;:{&quot;key&quot;:&quot;value&quot;}},{&quot;key&quot;:&quot;value&quot;,&quot;nested&quot;:{&quot;key&quot;:&quot;value&quot;}}]}]

DECODED:
[{&apos;uuid&apos;: &apos;408b619c-f490-4845-a34c-57ba94888fac&apos;, &apos;datetime&apos;: &apos;2020-02-25T19:51:02+00:00&apos;, &apos;bytes&apos;: &apos;536f6d652042696e2044617461&apos;, &apos;raw_bson&apos;: {&apos;key&apos;: &apos;value&apos;, &apos;nested&apos;: {&apos;key&apos;: &apos;value&apos;}}, &apos;raw_bson_list&apos;: [{&apos;key&apos;: &apos;value&apos;, &apos;nested&apos;: {&apos;key&apos;: &apos;value&apos;}}, {&apos;key&apos;: &apos;value&apos;, &apos;nested&apos;: {&apos;key&apos;: &apos;value&apos;}}]}, {&apos;uuid&apos;: &apos;408b619c-f490-4845-a34c-57ba94888fac&apos;, &apos;datetime&apos;: &apos;2020-02-25T19:51:02+00:00&apos;, &apos;bytes&apos;: &apos;536f6d652042696e2044617461&apos;, &apos;raw_bson&apos;: {&apos;key&apos;: &apos;value&apos;, &apos;nested&apos;: {&apos;key&apos;: &apos;value&apos;}}, &apos;raw_bson_list&apos;: [{&apos;key&apos;: &apos;value&apos;, &apos;nested&apos;: {&apos;key&apos;: &apos;value&apos;}}, {&apos;key&apos;: &apos;value&apos;, &apos;nested&apos;: {&apos;key&apos;: &apos;value&apos;}}]}]
</system-out></testcase><testcase classname="zdevelop.tests.test_encoding.TestBasicEncoding" file="zdevelop/tests/test_encoding.py" line="167" name="test_dump_bson_compatible_objects[True-False-application/JSON]" time="0.001"><system-out>ENCODED:
[{&quot;uuid&quot;:&quot;c91878f8-f51a-4dd9-b94e-2fc02fc1d4d4&quot;,&quot;datetime&quot;:&quot;2020-02-25T19:51:02+00:00&quot;,&quot;bytes&quot;:&quot;536f6d652042696e2044617461&quot;,&quot;raw_bson&quot;:{&quot;key&quot;:&quot;value&quot;,&quot;nested&quot;:{&quot;key&quot;:&quot;value&quot;}},&quot;raw_bson_list&quot;:[{&quot;key&quot;:&quot;value&quot;,&quot;nested&quot;:{&quot;key&quot;:&quot;value&quot;}},{&quot;key&quot;:&quot;value&quot;,&quot;nested&quot;:{&quot;key&quot;:&quot;value&quot;}}]},{&quot;uuid&quot;:&quot;c91878f8-f51a-4dd9-b94e-2fc02fc1d4d4&quot;,&quot;datetime&quot;:&quot;2020-02-25T19:51:02+00:00&quot;,&quot;bytes&quot;:&quot;536f6d652042696e2044617461&quot;,&quot;raw_bson&quot;:{&quot;key&quot;:&quot;value&quot;,&quot;nested&quot;:{&quot;key&quot;:&quot;value&quot;}},&quot;raw_bson_list&quot;:[{&quot;key&quot;:&quot;value&quot;,&quot;nested&quot;:{&quot;key&quot;:&quot;value&quot;}},{&quot;key&quot;:&quot;value&quot;,&quot;nested&quot;:{&quot;key&quot;:&quot;value&quot;}}]}]

DECODED:
[{&apos;uuid&apos;: &apos;c91878f8-f51a-4dd9-b94e-2fc02fc1d4d4&apos;, &apos;datetime&apos;: &apos;2020-02-25T19:51:02+00:00&apos;, &apos;bytes&apos;: &apos;536f6d652042696e2044617461&apos;, &apos;raw_bson&apos;: {&apos;key&apos;: &apos;value&apos;, &apos;nested&apos;: {&apos;key&apos;: &apos;value&apos;}}, &apos;raw_bson_list&apos;: [{&apos;key&apos;: &apos;value&apos;, &apos;nested&apos;: {&apos;key&apos;: &apos;value&apos;}}, {&apos;key&apos;: &apos;value&apos;, &apos;nested&apos;: {&apos;key&apos;: &apos;value&apos;}}]}, {&apos;uuid&apos;: &apos;c91878f8-f51a-4dd9-b94e-2fc02fc1d4d4&apos;, &apos;datetime&apos;: &apos;2020-02-25T19:51:02+00:00&apos;, &apos;bytes&apos;: &apos;536f6d652042696e2044617461&apos;, &apos;raw_bson&apos;: {&apos;key&apos;: &apos;value&apos;, &apos;nested&apos;: {&apos;key&apos;: &apos;value&apos;}}, &apos;raw_bson_list&apos;: [{&apos;key&apos;: &apos;value&apos;, &apos;nested&apos;: {&apos;key&apos;: &apos;value&apos;}}, {&apos;key&apos;: &apos;value&apos;, &apos;nested&apos;: {&apos;key&apos;: &apos;value&apos;}}]}]
</system-out></testcase><testcase classname="zdevelop.tests.test_encoding.TestBasicEncoding" file="zdevelop/tests/test_encoding.py" line="167" name="test_dump_bson_compatible_objects[True-False-JSON]" time="0.001"><system-out>ENCODED:
[{&quot;uuid&quot;:&quot;bbb363dd-c803-439f-89ee-0a081b91665a&quot;,&quot;datetime&quot;:&quot;2020-02-25T19:51:02+00:00&quot;,&quot;bytes&quot;:&quot;536f6d652042696e2044617461&quot;,&quot;raw_bson&quot;:{&quot;key&quot;:&quot;value&quot;,&quot;nested&quot;:{&quot;key&quot;:&quot;value&quot;}},&quot;raw_bson_list&quot;:[{&quot;key&quot;:&quot;value&quot;,&quot;nested&quot;:{&quot;key&quot;:&quot;value&quot;}},{&quot;key&quot;:&quot;value&quot;,&quot;nested&quot;:{&quot;key&quot;:&quot;value&quot;}}]},{&quot;uuid&quot;:&quot;bbb363dd-c803-439f-89ee-0a081b91665a&quot;,&quot;datetime&quot;:&quot;2020-02-25T19:51:02+00:00&quot;,&quot;bytes&quot;:&quot;536f6d652042696e2044617461&quot;,&quot;raw_bson&quot;:{&quot;key&quot;:&quot;value&quot;,&quot;nested&quot;:{&quot;key&quot;:&quot;value&quot;}},&quot;raw_bson_list&quot;:[{&quot;key&quot;:&quot;value&quot;,&quot;nested&quot;:{&quot;key&quot;:&quot;value&quot;}},{&quot;key&quot;:&quot;value&quot;,&quot;nested&quot;:{&quot;key&quot;:&quot;value&quot;}}]}]

DECODED:
[{&apos;uuid&apos;: &apos;bbb363dd-c803-439f-89ee-0a081b91665a&apos;, &apos;datetime&apos;: &apos;2020-02-25T19:51:02+00:00&apos;, &apos;bytes&apos;: &apos;536f6d652042696e2044617461&apos;, &apos;raw_bson&apos;: {&apos;key&apos;: &apos;value&apos;, &apos;nested&apos;: {&apos;key&apos;: &apos;value&apos;}}, &apos;raw_bson_list&apos;: [{&apos;key&apos;: &apos;value&apos;, &apos;nested&apos;: {&apos;key&apos;: &apos;value&apos;}}, {&apos;key&apos;: &apos;value&apos;, &apos;nested&apos;: {&apos;key&apos;: &apos;value&apos;}}]}, {&apos;uuid&apos;: &apos;bbb363dd-c803-439f-89ee-0a081b91665a&apos;, &apos;datetime&apos;: &apos;2020-02-25T19:51:02+00:00&apos;, &apos;bytes&apos;: &apos;536f6d652042696e2044617461&apos;, &apos;raw_bson&apos;: {&apos;key&apos;: &apos;value&apos;, &apos;nested&apos;: {&apos;key&apos;: &apos;value&apos;}}, &apos;raw_bson_list&apos;: [{&apos;key&apos;: &apos;value&apos;, &apos;nested&apos;: {&apos;key&apos;: &apos;value&apos;}}, {&apos;key&apos;: &apos;value&apos;, &apos;nested&apos;: {&apos;key&apos;: &apos;value&apos;}}]}]
</system-out></testcase><testcase classname="zdevelop.tests.test_encoding.TestBasicEncoding" file="zdevelop/tests/test_encoding.py" line="167" name="test_dump_bson_compatible_objects[True-False-json]" time="0.001"><system-out>ENCODED:
[{&quot;uuid&quot;:&quot;6ba0ea9e-9489-48e4-a397-aeacf4247680&quot;,&quot;datetime&quot;:&quot;2020-02-25T19:51:02+00:00&quot;,&quot;bytes&quot;:&quot;536f6d652042696e2044617461&quot;,&quot;raw_bson&quot;:{&quot;key&quot;:&quot;value&quot;,&quot;nested&quot;:{&quot;key&quot;:&quot;value&quot;}},&quot;raw_bson_list&quot;:[{&quot;key&quot;:&quot;value&quot;,&quot;nested&quot;:{&quot;key&quot;:&quot;value&quot;}},{&quot;key&quot;:&quot;value&quot;,&quot;nested&quot;:{&quot;key&quot;:&quot;value&quot;}}]},{&quot;uuid&quot;:&quot;6ba0ea9e-9489-48e4-a397-aeacf4247680&quot;,&quot;datetime&quot;:&quot;2020-02-25T19:51:02+00:00&quot;,&quot;bytes&quot;:&quot;536f6d652042696e2044617461&quot;,&quot;raw_bson&quot;:{&quot;key&quot;:&quot;value&quot;,&quot;nested&quot;:{&quot;key&quot;:&quot;value&quot;}},&quot;raw_bson_list&quot;:[{&quot;key&quot;:&quot;value&quot;,&quot;nested&quot;:{&quot;key&quot;:&quot;value&quot;}},{&quot;key&quot;:&quot;value&quot;,&quot;nested&quot;:{&quot;key&quot;:&quot;value&quot;}}]}]

DECODED:
[{&apos;uuid&apos;: &apos;6ba0ea9e-9489-48e4-a397-aeacf4247680&apos;, &apos;datetime&apos;: &apos;2020-02-25T19:51:02+00:00&apos;, &apos;bytes&apos;: &apos;536f6d652042696e2044617461&apos;, &apos;raw_bson&apos;: {&apos;key&apos;: &apos;value&apos;, &apos;nested&apos;: {&apos;key&apos;: &apos;value&apos;}}, &apos;raw_bson_list&apos;: [{&apos;key&apos;: &apos;value&apos;, &apos;nested&apos;: {&apos;key&apos;: &apos;value&apos;}}, {&apos;key&apos;: &apos;value&apos;, &apos;nested&apos;: {&apos;key&apos;: &apos;value&apos;}}]}, {&apos;uuid&apos;: &apos;6ba0ea9e-9489-48e4-a397-aeacf4247680&apos;, &apos;datetime&apos;: &apos;2020-02-25T19:51:02+00:00&apos;, &apos;bytes&apos;: &apos;536f6d652042696e2044617461&apos;, &apos;raw_bson&apos;: {&apos;key&apos;: &apos;value&apos;, &apos;nested&apos;: {&apos;key&apos;: &apos;value&apos;}}, &apos;raw_bson_list&apos;: [{&apos;key&apos;: &apos;value&apos;, &apos;nested&apos;: {&apos;key&apos;: &apos;value&apos;}}, {&apos;key&apos;: &apos;value&apos;, &apos;nested&apos;: {&apos;key&apos;: &apos;value&apos;}}]}]
</system-out></testcase><testcase classname="zdevelop.tests.test_encoding.TestBasicEncoding" file="zdevelop/tests/test_encoding.py" line="167" name="test_dump_bson_compatible_objects[True-False-MimeType.YAML]" time="0.007"><system-out>ENCODED:
- &amp;id001
  bytes: 536f6d652042696e2044617461
  datetime: &apos;2020-02-25T19:51:02+00:00&apos;
  raw_bson:
    key: value
    nested:
      key: value
  raw_bson_list:
  - key: value
    nested:
      key: value
  - key: value
    nested:
      key: value
  uuid: a9dc815f-49a0-4166-870d-8435704229a1
- *id001


DECODED:
[{&apos;bytes&apos;: &apos;536f6d652042696e2044617461&apos;, &apos;datetime&apos;: &apos;2020-02-25T19:51:02+00:00&apos;, &apos;raw_bson&apos;: {&apos;key&apos;: &apos;value&apos;, &apos;nested&apos;: {&apos;key&apos;: &apos;value&apos;}}, &apos;raw_bson_list&apos;: [{&apos;key&apos;: &apos;value&apos;, &apos;nested&apos;: {&apos;key&apos;: &apos;value&apos;}}, {&apos;key&apos;: &apos;value&apos;, &apos;nested&apos;: {&apos;key&apos;: &apos;value&apos;}}], &apos;uuid&apos;: &apos;a9dc815f-49a0-4166-870d-8435704229a1&apos;}, {&apos;bytes&apos;: &apos;536f6d652042696e2044617461&apos;, &apos;datetime&apos;: &apos;2020-02-25T19:51:02+00:00&apos;, &apos;raw_bson&apos;: {&apos;key&apos;: &apos;value&apos;, &apos;nested&apos;: {&apos;key&apos;: &apos;value&apos;}}, &apos;raw_bson_list&apos;: [{&apos;key&apos;: &apos;value&apos;, &apos;nested&apos;: {&apos;key&apos;: &apos;value&apos;}}, {&apos;key&apos;: &apos;value&apos;, &apos;nested&apos;: {&apos;key&apos;: &apos;value&apos;}}], &apos;uuid&apos;: &apos;a9dc815f-49a0-4166-870d-8435704229a1&apos;}]
</system-out></testcase><testcase classname="zdevelop.tests.test_encoding.TestBasicEncoding" file="zdevelop/tests/test_encoding.py" line="167" name="test_dump_bson_compatible_objects[True-False-application/yaml]" time="0.006"><system-out>ENCODED:
- &amp;id001
  bytes: 536f6d652042696e2044617461
  datetime: &apos;2020-02-25T19:51:02+00:00&apos;
  raw_bson:
    key: value
    nested:
      key: value
  raw_bson_list:
  - key: value
    nested:
      key: value
  - key: value
    nested:
      key: value
  uuid: 4062fa45-271b-4945-ba7d-4adbf54a4730
- *id001


DECODED:
[{&apos;bytes&apos;: &apos;536f6d652042696e2044617461&apos;, &apos;datetime&apos;: &apos;2020-02-25T19:51:02+00:00&apos;, &apos;raw_bson&apos;: {&apos;key&apos;: &apos;value&apos;, &apos;nested&apos;: {&apos;key&apos;: &apos;value&apos;}}, &apos;raw_bson_list&apos;: [{&apos;key&apos;: &apos;value&apos;, &apos;nested&apos;: {&apos;key&apos;: &apos;value&apos;}}, {&apos;key&apos;: &apos;value&apos;, &apos;nested&apos;: {&apos;key&apos;: &apos;value&apos;}}], &apos;uuid&apos;: &apos;4062fa45-271b-4945-ba7d-4adbf54a4730&apos;}, {&apos;bytes&apos;: &apos;536f6d652042696e2044617461&apos;, &apos;datetime&apos;: &apos;2020-02-25T19:51:02+00:00&apos;, &apos;raw_bson&apos;: {&apos;key&apos;: &apos;value&apos;, &apos;nested&apos;: {&apos;key&apos;: &apos;value&apos;}}, &apos;raw_bson_list&apos;: [{&apos;key&apos;: &apos;value&apos;, &apos;nested&apos;: {&apos;key&apos;: &apos;value&apos;}}, {&apos;key&apos;: &apos;value&apos;, &apos;nested&apos;: {&apos;key&apos;: &apos;value&apos;}}], &apos;uuid&apos;: &apos;4062fa45-271b-4945-ba7d-4adbf54a4730&apos;}]
</system-out></testcase><testcase classname="zdevelop.tests.test_encoding.TestBasicEncoding" file="zdevelop/tests/test_encoding.py" line="167" name="test_dump_bson_compatible_objects[True-False-application/x-yaml]" time="0.006"><system-out>ENCODED:
- &amp;id001
  bytes: 536f6d652042696e2044617461
  datetime: &apos;2020-02-25T19:51:02+00:00&apos;
  raw_bson:
    key: value
    nested:
      key: value
  raw_bson_list:
  - key: value
    nested:
      key: value
  - key: value
    nested:
      key: value
  uuid: bc7d381a-c17f-4a60-a431-4199f89c3447
- *id001


DECODED:
[{&apos;bytes&apos;: &apos;536f6d652042696e2044617461&apos;, &apos;datetime&apos;: &apos;2020-02-25T19:51:02+00:00&apos;, &apos;raw_bson&apos;: {&apos;key&apos;: &apos;value&apos;, &apos;nested&apos;: {&apos;key&apos;: &apos;value&apos;}}, &apos;raw_bson_list&apos;: [{&apos;key&apos;: &apos;value&apos;, &apos;nested&apos;: {&apos;key&apos;: &apos;value&apos;}}, {&apos;key&apos;: &apos;value&apos;, &apos;nested&apos;: {&apos;key&apos;: &apos;value&apos;}}], &apos;uuid&apos;: &apos;bc7d381a-c17f-4a60-a431-4199f89c3447&apos;}, {&apos;bytes&apos;: &apos;536f6d652042696e2044617461&apos;, &apos;datetime&apos;: &apos;2020-02-25T19:51:02+00:00&apos;, &apos;raw_bson&apos;: {&apos;key&apos;: &apos;value&apos;, &apos;nested&apos;: {&apos;key&apos;: &apos;value&apos;}}, &apos;raw_bson_list&apos;: [{&apos;key&apos;: &apos;value&apos;, &apos;nested&apos;: {&apos;key&apos;: &apos;value&apos;}}, {&apos;key&apos;: &apos;value&apos;, &apos;nested&apos;: {&apos;key&apos;: &apos;value&apos;}}], &apos;uuid&apos;: &apos;bc7d381a-c17f-4a60-a431-4199f89c3447&apos;}]
</system-out></testcase><testcase classname="zdevelop.tests.test_encoding.TestBasicEncoding" file="zdevelop/tests/test_encoding.py" line="167" name="test_dump_bson_compatible_objects[True-False-application/YAML]" time="0.006"><system-out>ENCODED:
- &amp;id001
  bytes: 536f6d652042696e2044617461
  datetime: &apos;2020-02-25T19:51:02+00:00&apos;
  raw_bson:
    key: value
    nested:
      key: value
  raw_bson_list:
  - key: value
    nested:
      key: value
  - key: value
    nested:
      key: value
  uuid: 870b6b65-a6f3-4ce0-9c9b-b338375c5aee
- *id001


DECODED:
[{&apos;bytes&apos;: &apos;536f6d652042696e2044617461&apos;, &apos;datetime&apos;: &apos;2020-02-25T19:51:02+00:00&apos;, &apos;raw_bson&apos;: {&apos;key&apos;: &apos;value&apos;, &apos;nested&apos;: {&apos;key&apos;: &apos;value&apos;}}, &apos;raw_bson_list&apos;: [{&apos;key&apos;: &apos;value&apos;, &apos;nested&apos;: {&apos;key&apos;: &apos;value&apos;}}, {&apos;key&apos;: &apos;value&apos;, &apos;nested&apos;: {&apos;key&apos;: &apos;value&apos;}}], &apos;uuid&apos;: &apos;870b6b65-a6f3-4ce0-9c9b-b338375c5aee&apos;}, {&apos;bytes&apos;: &apos;536f6d652042696e2044617461&apos;, &apos;datetime&apos;: &apos;2020-02-25T19:51:02+00:00&apos;, &apos;raw_bson&apos;: {&apos;key&apos;: &apos;value&apos;, &apos;nested&apos;: {&apos;key&apos;: &apos;value&apos;}}, &apos;raw_bson_list&apos;: [{&apos;key&apos;: &apos;value&apos;, &apos;nested&apos;: {&apos;key&apos;: &apos;value&apos;}}, {&apos;key&apos;: &apos;value&apos;, &apos;nested&apos;: {&apos;key&apos;: &apos;value&apos;}}], &apos;uuid&apos;: &apos;870b6b65-a6f3-4ce0-9c9b-b338375c5aee&apos;}]
</system-out></testcase><testcase classname="zdevelop.tests.test_encoding.TestBasicEncoding" file="zdevelop/tests/test_encoding.py" line="167" name="test_dump_bson_compatible_objects[True-False-yaml]" time="0.007"><system-out>ENCODED:
- &amp;id001
  bytes: 536f6d652042696e2044617461
  datetime: &apos;2020-02-25T19:51:02+00:00&apos;
  raw_bson:
    key: value
    nested:
      key: value
  raw_bson_list:
  - key: value
    nested:
      key: value
  - key: value
    nested:
      key: value
  uuid: 9237a43c-b909-447e-9b9a-33e467aefec3
- *id001


DECODED:
[{&apos;bytes&apos;: &apos;536f6d652042696e2044617461&apos;, &apos;datetime&apos;: &apos;2020-02-25T19:51:02+00:00&apos;, &apos;raw_bson&apos;: {&apos;key&apos;: &apos;value&apos;, &apos;nested&apos;: {&apos;key&apos;: &apos;value&apos;}}, &apos;raw_bson_list&apos;: [{&apos;key&apos;: &apos;value&apos;, &apos;nested&apos;: {&apos;key&apos;: &apos;value&apos;}}, {&apos;key&apos;: &apos;value&apos;, &apos;nested&apos;: {&apos;key&apos;: &apos;value&apos;}}], &apos;uuid&apos;: &apos;9237a43c-b909-447e-9b9a-33e467aefec3&apos;}, {&apos;bytes&apos;: &apos;536f6d652042696e2044617461&apos;, &apos;datetime&apos;: &apos;2020-02-25T19:51:02+00:00&apos;, &apos;raw_bson&apos;: {&apos;key&apos;: &apos;value&apos;, &apos;nested&apos;: {&apos;key&apos;: &apos;value&apos;}}, &apos;raw_bson_list&apos;: [{&apos;key&apos;: &apos;value&apos;, &apos;nested&apos;: {&apos;key&apos;: &apos;value&apos;}}, {&apos;key&apos;: &apos;value&apos;, &apos;nested&apos;: {&apos;key&apos;: &apos;value&apos;}}], &apos;uuid&apos;: &apos;9237a43c-b909-447e-9b9a-33e467aefec3&apos;}]
</system-out></testcase><testcase classname="zdevelop.tests.test_encoding.TestBasicEncoding" file="zdevelop/tests/test_encoding.py" line="167" name="test_dump_bson_compatible_objects[True-False-YAML]" time="0.006"><system-out>ENCODED:
- &amp;id001
  bytes: 536f6d652042696e2044617461
  datetime: &apos;2020-02-25T19:51:02+00:00&apos;
  raw_bson:
    key: value
    nested:
      key: value
  raw_bson_list:
  - key: value
    nested:
      key: value
  - key: value
    nested:
      key: value
  uuid: c22355d1-aac3-4938-b68d-91f67d92a5a4
- *id001


DECODED:
[{&apos;bytes&apos;: &apos;536f6d652042696e2044617461&apos;, &apos;datetime&apos;: &apos;2020-02-25T19:51:02+00:00&apos;, &apos;raw_bson&apos;: {&apos;key&apos;: &apos;value&apos;, &apos;nested&apos;: {&apos;key&apos;: &apos;value&apos;}}, &apos;raw_bson_list&apos;: [{&apos;key&apos;: &apos;value&apos;, &apos;nested&apos;: {&apos;key&apos;: &apos;value&apos;}}, {&apos;key&apos;: &apos;value&apos;, &apos;nested&apos;: {&apos;key&apos;: &apos;value&apos;}}], &apos;uuid&apos;: &apos;c22355d1-aac3-4938-b68d-91f67d92a5a4&apos;}, {&apos;bytes&apos;: &apos;536f6d652042696e2044617461&apos;, &apos;datetime&apos;: &apos;2020-02-25T19:51:02+00:00&apos;, &apos;raw_bson&apos;: {&apos;key&apos;: &apos;value&apos;, &apos;nested&apos;: {&apos;key&apos;: &apos;value&apos;}}, &apos;raw_bson_list&apos;: [{&apos;key&apos;: &apos;value&apos;, &apos;nested&apos;: {&apos;key&apos;: &apos;value&apos;}}, {&apos;key&apos;: &apos;value&apos;, &apos;nested&apos;: {&apos;key&apos;: &apos;value&apos;}}], &apos;uuid&apos;: &apos;c22355d1-aac3-4938-b68d-91f67d92a5a4&apos;}]
</system-out></testcase><testcase classname="zdevelop.tests.test_encoding.TestBasicEncoding" file="zdevelop/tests/test_encoding.py" line="167" name="test_dump_bson_compatible_objects[True-False-x-yaml]" time="0.006"><system-out>ENCODED:
- &amp;id001
  bytes: 536f6d652042696e2044617461
  datetime: &apos;2020-02-25T19:51:02+00:00&apos;
  raw_bson:
    key: value
    nested:
      key: value
  raw_bson_list:
  - key: value
    nested:
      key: value
  - key: value
    nested:
      key: value
  uuid: 35a9ddda-3658-49c8-b839-8fca2adade26
- *id001


DECODED:
[{&apos;bytes&apos;: &apos;536f6d652042696e2044617461&apos;, &apos;datetime&apos;: &apos;2020-02-25T19:51:02+00:00&apos;, &apos;raw_bson&apos;: {&apos;key&apos;: &apos;value&apos;, &apos;nested&apos;: {&apos;key&apos;: &apos;value&apos;}}, &apos;raw_bson_list&apos;: [{&apos;key&apos;: &apos;value&apos;, &apos;nested&apos;: {&apos;key&apos;: &apos;value&apos;}}, {&apos;key&apos;: &apos;value&apos;, &apos;nested&apos;: {&apos;key&apos;: &apos;value&apos;}}], &apos;uuid&apos;: &apos;35a9ddda-3658-49c8-b839-8fca2adade26&apos;}, {&apos;bytes&apos;: &apos;536f6d652042696e2044617461&apos;, &apos;datetime&apos;: &apos;2020-02-25T19:51:02+00:00&apos;, &apos;raw_bson&apos;: {&apos;key&apos;: &apos;value&apos;, &apos;nested&apos;: {&apos;key&apos;: &apos;value&apos;}}, &apos;raw_bson_list&apos;: [{&apos;key&apos;: &apos;value&apos;, &apos;nested&apos;: {&apos;key&apos;: &apos;value&apos;}}, {&apos;key&apos;: &apos;value&apos;, &apos;nested&apos;: {&apos;key&apos;: &apos;value&apos;}}], &apos;uuid&apos;: &apos;35a9ddda-3658-49c8-b839-8fca2adade26&apos;}]
</system-out></testcase><testcase classname="zdevelop.tests.test_encoding.TestBasicEncoding" file="zdevelop/tests/test_encoding.py" line="167" name="test_dump_bson_compatible_objects[True-False-MimeType.BSON]" time="0.001"><system-out>ENCODED:
b&apos;\xe2\x90\x9e\xff\x00\x00\x00\x05uuid\x00\x10\x00\x00\x00\x03\x05\xf6\xd0\x8c\xf3\xc9J\xa0\xb2\x80u\xfe\xf2\xd7R\xc1\tdatetime\x00p\x18\xe7}p\x01\x00\x00\x05bytes\x00\r\x00\x00\x00\x00Some Bin Data\x03raw_bson\x000\x00\x00\x00\x02key\x00\x06\x00\x00\x00value\x00\x03nested\x00\x14\x00\x00\x00\x02key\x00\x06\x00\x00\x00value\x00\x00\x00\x04raw_bson_list\x00k\x00\x00\x00\x030\x000\x00\x00\x00\x02key\x00\x06\x00\x00\x00value\x00\x03nested\x00\x14\x00\x00\x00\x02key\x00\x06\x00\x00\x00value\x00\x00\x00\x031\x000\x00\x00\x00\x02key\x00\x06\x00\x00\x00value\x00\x03nested\x00\x14\x00\x00\x00\x02key\x00\x06\x00\x00\x00value\x00\x00\x00\x00\x00\xe2\x90\x9e\xff\x00\x00\x00\x05uuid\x00\x10\x00\x00\x00\x03\x05\xf6\xd0\x8c\xf3\xc9J\xa0\xb2\x80u\xfe\xf2\xd7R\xc1\tdatetime\x00p\x18\xe7}p\x01\x00\x00\x05bytes\x00\r\x00\x00\x00\x00Some Bin Data\x03raw_bson\x000\x00\x00\x00\x02key\x00\x06\x00\x00\x00value\x00\x03nested\x00\x14\x00\x00\x00\x02key\x00\x06\x00\x00\x00value\x00\x00\x00\x04raw_bson_list\x00k\x00\x00\x00\x030\x000\x00\x00\x00\x02key\x00\x06\x00\x00\x00value\x00\x03nested\x00\x14\x00\x00\x00\x02key\x00\x06\x00\x00\x00value\x00\x00\x00\x031\x000\x00\x00\x00\x02key\x00\x06\x00\x00\x00value\x00\x03nested\x00\x14\x00\x00\x00\x02key\x00\x06\x00\x00\x00value\x00\x00\x00\x00\x00&apos;

DECODED:
[RawBSONDocument(b&apos;\xff\x00\x00\x00\x05uuid\x00\x10\x00\x00\x00\x03\x05\xf6\xd0\x8c\xf3\xc9J\xa0\xb2\x80u\xfe\xf2\xd7R\xc1\tdatetime\x00p\x18\xe7}p\x01\x00\x00\x05bytes\x00\r\x00\x00\x00\x00Some Bin Data\x03raw_bson\x000\x00\x00\x00\x02key\x00\x06\x00\x00\x00value\x00\x03nested\x00\x14\x00\x00\x00\x02key\x00\x06\x00\x00\x00value\x00\x00\x00\x04raw_bson_list\x00k\x00\x00\x00\x030\x000\x00\x00\x00\x02key\x00\x06\x00\x00\x00value\x00\x03nested\x00\x14\x00\x00\x00\x02key\x00\x06\x00\x00\x00value\x00\x00\x00\x031\x000\x00\x00\x00\x02key\x00\x06\x00\x00\x00value\x00\x03nested\x00\x14\x00\x00\x00\x02key\x00\x06\x00\x00\x00value\x00\x00\x00\x00\x00&apos;, codec_options=CodecOptions(document_class=&lt;class &apos;bson.raw_bson.RawBSONDocument&apos;&gt;, tz_aware=False, uuid_representation=PYTHON_LEGACY, unicode_decode_error_handler=&apos;strict&apos;, tzinfo=None, type_registry=TypeRegistry(type_codecs=[], fallback_encoder=None))), RawBSONDocument(b&apos;\xff\x00\x00\x00\x05uuid\x00\x10\x00\x00\x00\x03\x05\xf6\xd0\x8c\xf3\xc9J\xa0\xb2\x80u\xfe\xf2\xd7R\xc1\tdatetime\x00p\x18\xe7}p\x01\x00\x00\x05bytes\x00\r\x00\x00\x00\x00Some Bin Data\x03raw_bson\x000\x00\x00\x00\x02key\x00\x06\x00\x00\x00value\x00\x03nested\x00\x14\x00\x00\x00\x02key\x00\x06\x00\x00\x00value\x00\x00\x00\x04raw_bson_list\x00k\x00\x00\x00\x030\x000\x00\x00\x00\x02key\x00\x06\x00\x00\x00value\x00\x03nested\x00\x14\x00\x00\x00\x02key\x00\x06\x00\x00\x00value\x00\x00\x00\x031\x000\x00\x00\x00\x02key\x00\x06\x00\x00\x00value\x00\x03nested\x00\x14\x00\x00\x00\x02key\x00\x06\x00\x00\x00value\x00\x00\x00\x00\x00&apos;, codec_options=CodecOptions(document_class=&lt;class &apos;bson.raw_bson.RawBSONDocument&apos;&gt;, tz_aware=False, uuid_representation=PYTHON_LEGACY, unicode_decode_error_handler=&apos;strict&apos;, tzinfo=None, type_registry=TypeRegistry(type_codecs=[], fallback_encoder=None)))]
</system-out></testcase><testcase classname="zdevelop.tests.test_encoding.TestBasicEncoding" file="zdevelop/tests/test_encoding.py" line="167" name="test_dump_bson_compatible_objects[True-False-application/bson]" time="0.001"><system-out>ENCODED:
b&apos;\xe2\x90\x9e\xff\x00\x00\x00\x05uuid\x00\x10\x00\x00\x00\x03\x0e\x04D+\xe8\x9aI[\xb2\xd13Kv\x1b\x80\xe0\tdatetime\x00p\x18\xe7}p\x01\x00\x00\x05bytes\x00\r\x00\x00\x00\x00Some Bin Data\x03raw_bson\x000\x00\x00\x00\x02key\x00\x06\x00\x00\x00value\x00\x03nested\x00\x14\x00\x00\x00\x02key\x00\x06\x00\x00\x00value\x00\x00\x00\x04raw_bson_list\x00k\x00\x00\x00\x030\x000\x00\x00\x00\x02key\x00\x06\x00\x00\x00value\x00\x03nested\x00\x14\x00\x00\x00\x02key\x00\x06\x00\x00\x00value\x00\x00\x00\x031\x000\x00\x00\x00\x02key\x00\x06\x00\x00\x00value\x00\x03nested\x00\x14\x00\x00\x00\x02key\x00\x06\x00\x00\x00value\x00\x00\x00\x00\x00\xe2\x90\x9e\xff\x00\x00\x00\x05uuid\x00\x10\x00\x00\x00\x03\x0e\x04D+\xe8\x9aI[\xb2\xd13Kv\x1b\x80\xe0\tdatetime\x00p\x18\xe7}p\x01\x00\x00\x05bytes\x00\r\x00\x00\x00\x00Some Bin Data\x03raw_bson\x000\x00\x00\x00\x02key\x00\x06\x00\x00\x00value\x00\x03nested\x00\x14\x00\x00\x00\x02key\x00\x06\x00\x00\x00value\x00\x00\x00\x04raw_bson_list\x00k\x00\x00\x00\x030\x000\x00\x00\x00\x02key\x00\x06\x00\x00\x00value\x00\x03nested\x00\x14\x00\x00\x00\x02key\x00\x06\x00\x00\x00value\x00\x00\x00\x031\x000\x00\x00\x00\x02key\x00\x06\x00\x00\x00value\x00\x03nested\x00\x14\x00\x00\x00\x02key\x00\x06\x00\x00\x00value\x00\x00\x00\x00\x00&apos;

DECODED:
[RawBSONDocument(b&apos;\xff\x00\x00\x00\x05uuid\x00\x10\x00\x00\x00\x03\x0e\x04D+\xe8\x9aI[\xb2\xd13Kv\x1b\x80\xe0\tdatetime\x00p\x18\xe7}p\x01\x00\x00\x05bytes\x00\r\x00\x00\x00\x00Some Bin Data\x03raw_bson\x000\x00\x00\x00\x02key\x00\x06\x00\x00\x00value\x00\x03nested\x00\x14\x00\x00\x00\x02key\x00\x06\x00\x00\x00value\x00\x00\x00\x04raw_bson_list\x00k\x00\x00\x00\x030\x000\x00\x00\x00\x02key\x00\x06\x00\x00\x00value\x00\x03nested\x00\x14\x00\x00\x00\x02key\x00\x06\x00\x00\x00value\x00\x00\x00\x031\x000\x00\x00\x00\x02key\x00\x06\x00\x00\x00value\x00\x03nested\x00\x14\x00\x00\x00\x02key\x00\x06\x00\x00\x00value\x00\x00\x00\x00\x00&apos;, codec_options=CodecOptions(document_class=&lt;class &apos;bson.raw_bson.RawBSONDocument&apos;&gt;, tz_aware=False, uuid_representation=PYTHON_LEGACY, unicode_decode_error_handler=&apos;strict&apos;, tzinfo=None, type_registry=TypeRegistry(type_codecs=[], fallback_encoder=None))), RawBSONDocument(b&apos;\xff\x00\x00\x00\x05uuid\x00\x10\x00\x00\x00\x03\x0e\x04D+\xe8\x9aI[\xb2\xd13Kv\x1b\x80\xe0\tdatetime\x00p\x18\xe7}p\x01\x00\x00\x05bytes\x00\r\x00\x00\x00\x00Some Bin Data\x03raw_bson\x000\x00\x00\x00\x02key\x00\x06\x00\x00\x00value\x00\x03nested\x00\x14\x00\x00\x00\x02key\x00\x06\x00\x00\x00value\x00\x00\x00\x04raw_bson_list\x00k\x00\x00\x00\x030\x000\x00\x00\x00\x02key\x00\x06\x00\x00\x00value\x00\x03nested\x00\x14\x00\x00\x00\x02key\x00\x06\x00\x00\x00value\x00\x00\x00\x031\x000\x00\x00\x00\x02key\x00\x06\x00\x00\x00value\x00\x03nested\x00\x14\x00\x00\x00\x02key\x00\x06\x00\x00\x00value\x00\x00\x00\x00\x00&apos;, codec_options=CodecOptions(document_class=&lt;class &apos;bson.raw_bson.RawBSONDocument&apos;&gt;, tz_aware=False, uuid_representation=PYTHON_LEGACY, unicode_decode_error_handler=&apos;strict&apos;, tzinfo=None, type_registry=TypeRegistry(type_codecs=[], fallback_encoder=None)))]
</system-out></testcase><testcase classname="zdevelop.tests.test_encoding.TestBasicEncoding" file="zdevelop/tests/test_encoding.py" line="167" name="test_dump_bson_compatible_objects[True-False-application/BSON]" time="0.001"><system-out>ENCODED:
b&apos;\xe2\x90\x9e\xff\x00\x00\x00\x05uuid\x00\x10\x00\x00\x00\x03\xb0PdY[qM/\xb9\x06\xbd\xbf\xf1\x1fB\xb5\tdatetime\x00p\x18\xe7}p\x01\x00\x00\x05bytes\x00\r\x00\x00\x00\x00Some Bin Data\x03raw_bson\x000\x00\x00\x00\x02key\x00\x06\x00\x00\x00value\x00\x03nested\x00\x14\x00\x00\x00\x02key\x00\x06\x00\x00\x00value\x00\x00\x00\x04raw_bson_list\x00k\x00\x00\x00\x030\x000\x00\x00\x00\x02key\x00\x06\x00\x00\x00value\x00\x03nested\x00\x14\x00\x00\x00\x02key\x00\x06\x00\x00\x00value\x00\x00\x00\x031\x000\x00\x00\x00\x02key\x00\x06\x00\x00\x00value\x00\x03nested\x00\x14\x00\x00\x00\x02key\x00\x06\x00\x00\x00value\x00\x00\x00\x00\x00\xe2\x90\x9e\xff\x00\x00\x00\x05uuid\x00\x10\x00\x00\x00\x03\xb0PdY[qM/\xb9\x06\xbd\xbf\xf1\x1fB\xb5\tdatetime\x00p\x18\xe7}p\x01\x00\x00\x05bytes\x00\r\x00\x00\x00\x00Some Bin Data\x03raw_bson\x000\x00\x00\x00\x02key\x00\x06\x00\x00\x00value\x00\x03nested\x00\x14\x00\x00\x00\x02key\x00\x06\x00\x00\x00value\x00\x00\x00\x04raw_bson_list\x00k\x00\x00\x00\x030\x000\x00\x00\x00\x02key\x00\x06\x00\x00\x00value\x00\x03nested\x00\x14\x00\x00\x00\x02key\x00\x06\x00\x00\x00value\x00\x00\x00\x031\x000\x00\x00\x00\x02key\x00\x06\x00\x00\x00value\x00\x03nested\x00\x14\x00\x00\x00\x02key\x00\x06\x00\x00\x00value\x00\x00\x00\x00\x00&apos;

DECODED:
[RawBSONDocument(b&apos;\xff\x00\x00\x00\x05uuid\x00\x10\x00\x00\x00\x03\xb0PdY[qM/\xb9\x06\xbd\xbf\xf1\x1fB\xb5\tdatetime\x00p\x18\xe7}p\x01\x00\x00\x05bytes\x00\r\x00\x00\x00\x00Some Bin Data\x03raw_bson\x000\x00\x00\x00\x02key\x00\x06\x00\x00\x00value\x00\x03nested\x00\x14\x00\x00\x00\x02key\x00\x06\x00\x00\x00value\x00\x00\x00\x04raw_bson_list\x00k\x00\x00\x00\x030\x000\x00\x00\x00\x02key\x00\x06\x00\x00\x00value\x00\x03nested\x00\x14\x00\x00\x00\x02key\x00\x06\x00\x00\x00value\x00\x00\x00\x031\x000\x00\x00\x00\x02key\x00\x06\x00\x00\x00value\x00\x03nested\x00\x14\x00\x00\x00\x02key\x00\x06\x00\x00\x00value\x00\x00\x00\x00\x00&apos;, codec_options=CodecOptions(document_class=&lt;class &apos;bson.raw_bson.RawBSONDocument&apos;&gt;, tz_aware=False, uuid_representation=PYTHON_LEGACY, unicode_decode_error_handler=&apos;strict&apos;, tzinfo=None, type_registry=TypeRegistry(type_codecs=[], fallback_encoder=None))), RawBSONDocument(b&apos;\xff\x00\x00\x00\x05uuid\x00\x10\x00\x00\x00\x03\xb0PdY[qM/\xb9\x06\xbd\xbf\xf1\x1fB\xb5\tdatetime\x00p\x18\xe7}p\x01\x00\x00\x05bytes\x00\r\x00\x00\x00\x00Some Bin Data\x03raw_bson\x000\x00\x00\x00\x02key\x00\x06\x00\x00\x00value\x00\x03nested\x00\x14\x00\x00\x00\x02key\x00\x06\x00\x00\x00value\x00\x00\x00\x04raw_bson_list\x00k\x00\x00\x00\x030\x000\x00\x00\x00\x02key\x00\x06\x00\x00\x00value\x00\x03nested\x00\x14\x00\x00\x00\x02key\x00\x06\x00\x00\x00value\x00\x00\x00\x031\x000\x00\x00\x00\x02key\x00\x06\x00\x00\x00value\x00\x03nested\x00\x14\x00\x00\x00\x02key\x00\x06\x00\x00\x00value\x00\x00\x00\x00\x00&apos;, codec_options=CodecOptions(document_class=&lt;class &apos;bson.raw_bson.RawBSONDocument&apos;&gt;, tz_aware=False, uuid_representation=PYTHON_LEGACY, unicode_decode_error_handler=&apos;strict&apos;, tzinfo=None, type_registry=TypeRegistry(type_codecs=[], fallback_encoder=None)))]
</system-out></testcase><testcase classname="zdevelop.tests.test_encoding.TestBasicEncoding" file="zdevelop/tests/test_encoding.py" line="167" name="test_dump_bson_compatible_objects[True-False-application/x-bson]" time="0.001"><system-out>ENCODED:
b&apos;\xe2\x90\x9e\xff\x00\x00\x00\x05uuid\x00\x10\x00\x00\x00\x03)\x1al\xc1q\xbcF\x93\x86\x98\xd1\x10\xf2_D-\tdatetime\x00p\x18\xe7}p\x01\x00\x00\x05bytes\x00\r\x00\x00\x00\x00Some Bin Data\x03raw_bson\x000\x00\x00\x00\x02key\x00\x06\x00\x00\x00value\x00\x03nested\x00\x14\x00\x00\x00\x02key\x00\x06\x00\x00\x00value\x00\x00\x00\x04raw_bson_list\x00k\x00\x00\x00\x030\x000\x00\x00\x00\x02key\x00\x06\x00\x00\x00value\x00\x03nested\x00\x14\x00\x00\x00\x02key\x00\x06\x00\x00\x00value\x00\x00\x00\x031\x000\x00\x00\x00\x02key\x00\x06\x00\x00\x00value\x00\x03nested\x00\x14\x00\x00\x00\x02key\x00\x06\x00\x00\x00value\x00\x00\x00\x00\x00\xe2\x90\x9e\xff\x00\x00\x00\x05uuid\x00\x10\x00\x00\x00\x03)\x1al\xc1q\xbcF\x93\x86\x98\xd1\x10\xf2_D-\tdatetime\x00p\x18\xe7}p\x01\x00\x00\x05bytes\x00\r\x00\x00\x00\x00Some Bin Data\x03raw_bson\x000\x00\x00\x00\x02key\x00\x06\x00\x00\x00value\x00\x03nested\x00\x14\x00\x00\x00\x02key\x00\x06\x00\x00\x00value\x00\x00\x00\x04raw_bson_list\x00k\x00\x00\x00\x030\x000\x00\x00\x00\x02key\x00\x06\x00\x00\x00value\x00\x03nested\x00\x14\x00\x00\x00\x02key\x00\x06\x00\x00\x00value\x00\x00\x00\x031\x000\x00\x00\x00\x02key\x00\x06\x00\x00\x00value\x00\x03nested\x00\x14\x00\x00\x00\x02key\x00\x06\x00\x00\x00value\x00\x00\x00\x00\x00&apos;

DECODED:
[RawBSONDocument(b&apos;\xff\x00\x00\x00\x05uuid\x00\x10\x00\x00\x00\x03)\x1al\xc1q\xbcF\x93\x86\x98\xd1\x10\xf2_D-\tdatetime\x00p\x18\xe7}p\x01\x00\x00\x05bytes\x00\r\x00\x00\x00\x00Some Bin Data\x03raw_bson\x000\x00\x00\x00\x02key\x00\x06\x00\x00\x00value\x00\x03nested\x00\x14\x00\x00\x00\x02key\x00\x06\x00\x00\x00value\x00\x00\x00\x04raw_bson_list\x00k\x00\x00\x00\x030\x000\x00\x00\x00\x02key\x00\x06\x00\x00\x00value\x00\x03nested\x00\x14\x00\x00\x00\x02key\x00\x06\x00\x00\x00value\x00\x00\x00\x031\x000\x00\x00\x00\x02key\x00\x06\x00\x00\x00value\x00\x03nested\x00\x14\x00\x00\x00\x02key\x00\x06\x00\x00\x00value\x00\x00\x00\x00\x00&apos;, codec_options=CodecOptions(document_class=&lt;class &apos;bson.raw_bson.RawBSONDocument&apos;&gt;, tz_aware=False, uuid_representation=PYTHON_LEGACY, unicode_decode_error_handler=&apos;strict&apos;, tzinfo=None, type_registry=TypeRegistry(type_codecs=[], fallback_encoder=None))), RawBSONDocument(b&apos;\xff\x00\x00\x00\x05uuid\x00\x10\x00\x00\x00\x03)\x1al\xc1q\xbcF\x93\x86\x98\xd1\x10\xf2_D-\tdatetime\x00p\x18\xe7}p\x01\x00\x00\x05bytes\x00\r\x00\x00\x00\x00Some Bin Data\x03raw_bson\x000\x00\x00\x00\x02key\x00\x06\x00\x00\x00value\x00\x03nested\x00\x14\x00\x00\x00\x02key\x00\x06\x00\x00\x00value\x00\x00\x00\x04raw_bson_list\x00k\x00\x00\x00\x030\x000\x00\x00\x00\x02key\x00\x06\x00\x00\x00value\x00\x03nested\x00\x14\x00\x00\x00\x02key\x00\x06\x00\x00\x00value\x00\x00\x00\x031\x000\x00\x00\x00\x02key\x00\x06\x00\x00\x00value\x00\x03nested\x00\x14\x00\x00\x00\x02key\x00\x06\x00\x00\x00value\x00\x00\x00\x00\x00&apos;, codec_options=CodecOptions(document_class=&lt;class &apos;bson.raw_bson.RawBSONDocument&apos;&gt;, tz_aware=False, uuid_representation=PYTHON_LEGACY, unicode_decode_error_handler=&apos;strict&apos;, tzinfo=None, type_registry=TypeRegistry(type_codecs=[], fallback_encoder=None)))]
</system-out></testcase><testcase classname="zdevelop.tests.test_encoding.TestBasicEncoding" file="zdevelop/tests/test_encoding.py" line="167" name="test_dump_bson_compatible_objects[True-False-x-bson]" time="0.001"><system-out>ENCODED:
b&apos;\xe2\x90\x9e\xff\x00\x00\x00\x05uuid\x00\x10\x00\x00\x00\x03[\xfb\x08\x8c\xba\x8bK\xde\x8a\x0c\xf8\x0e\xbf\xe5\xb7f\tdatetime\x00p\x18\xe7}p\x01\x00\x00\x05bytes\x00\r\x00\x00\x00\x00Some Bin Data\x03raw_bson\x000\x00\x00\x00\x02key\x00\x06\x00\x00\x00value\x00\x03nested\x00\x14\x00\x00\x00\x02key\x00\x06\x00\x00\x00value\x00\x00\x00\x04raw_bson_list\x00k\x00\x00\x00\x030\x000\x00\x00\x00\x02key\x00\x06\x00\x00\x00value\x00\x03nested\x00\x14\x00\x00\x00\x02key\x00\x06\x00\x00\x00value\x00\x00\x00\x031\x000\x00\x00\x00\x02key\x00\x06\x00\x00\x00value\x00\x03nested\x00\x14\x00\x00\x00\x02key\x00\x06\x00\x00\x00value\x00\x00\x00\x00\x00\xe2\x90\x9e\xff\x00\x00\x00\x05uuid\x00\x10\x00\x00\x00\x03[\xfb\x08\x8c\xba\x8bK\xde\x8a\x0c\xf8\x0e\xbf\xe5\xb7f\tdatetime\x00p\x18\xe7}p\x01\x00\x00\x05bytes\x00\r\x00\x00\x00\x00Some Bin Data\x03raw_bson\x000\x00\x00\x00\x02key\x00\x06\x00\x00\x00value\x00\x03nested\x00\x14\x00\x00\x00\x02key\x00\x06\x00\x00\x00value\x00\x00\x00\x04raw_bson_list\x00k\x00\x00\x00\x030\x000\x00\x00\x00\x02key\x00\x06\x00\x00\x00value\x00\x03nested\x00\x14\x00\x00\x00\x02key\x00\x06\x00\x00\x00value\x00\x00\x00\x031\x000\x00\x00\x00\x02key\x00\x06\x00\x00\x00value\x00\x03nested\x00\x14\x00\x00\x00\x02key\x00\x06\x00\x00\x00value\x00\x00\x00\x00\x00&apos;

DECODED:
[RawBSONDocument(b&apos;\xff\x00\x00\x00\x05uuid\x00\x10\x00\x00\x00\x03[\xfb\x08\x8c\xba\x8bK\xde\x8a\x0c\xf8\x0e\xbf\xe5\xb7f\tdatetime\x00p\x18\xe7}p\x01\x00\x00\x05bytes\x00\r\x00\x00\x00\x00Some Bin Data\x03raw_bson\x000\x00\x00\x00\x02key\x00\x06\x00\x00\x00value\x00\x03nested\x00\x14\x00\x00\x00\x02key\x00\x06\x00\x00\x00value\x00\x00\x00\x04raw_bson_list\x00k\x00\x00\x00\x030\x000\x00\x00\x00\x02key\x00\x06\x00\x00\x00value\x00\x03nested\x00\x14\x00\x00\x00\x02key\x00\x06\x00\x00\x00value\x00\x00\x00\x031\x000\x00\x00\x00\x02key\x00\x06\x00\x00\x00value\x00\x03nested\x00\x14\x00\x00\x00\x02key\x00\x06\x00\x00\x00value\x00\x00\x00\x00\x00&apos;, codec_options=CodecOptions(document_class=&lt;class &apos;bson.raw_bson.RawBSONDocument&apos;&gt;, tz_aware=False, uuid_representation=PYTHON_LEGACY, unicode_decode_error_handler=&apos;strict&apos;, tzinfo=None, type_registry=TypeRegistry(type_codecs=[], fallback_encoder=None))), RawBSONDocument(b&apos;\xff\x00\x00\x00\x05uuid\x00\x10\x00\x00\x00\x03[\xfb\x08\x8c\xba\x8bK\xde\x8a\x0c\xf8\x0e\xbf\xe5\xb7f\tdatetime\x00p\x18\xe7}p\x01\x00\x00\x05bytes\x00\r\x00\x00\x00\x00Some Bin Data\x03raw_bson\x000\x00\x00\x00\x02key\x00\x06\x00\x00\x00value\x00\x03nested\x00\x14\x00\x00\x00\x02key\x00\x06\x00\x00\x00value\x00\x00\x00\x04raw_bson_list\x00k\x00\x00\x00\x030\x000\x00\x00\x00\x02key\x00\x06\x00\x00\x00value\x00\x03nested\x00\x14\x00\x00\x00\x02key\x00\x06\x00\x00\x00value\x00\x00\x00\x031\x000\x00\x00\x00\x02key\x00\x06\x00\x00\x00value\x00\x03nested\x00\x14\x00\x00\x00\x02key\x00\x06\x00\x00\x00value\x00\x00\x00\x00\x00&apos;, codec_options=CodecOptions(document_class=&lt;class &apos;bson.raw_bson.RawBSONDocument&apos;&gt;, tz_aware=False, uuid_representation=PYTHON_LEGACY, unicode_decode_error_handler=&apos;strict&apos;, tzinfo=None, type_registry=TypeRegistry(type_codecs=[], fallback_encoder=None)))]
</system-out></testcase><testcase classname="zdevelop.tests.test_encoding.TestBasicEncoding" file="zdevelop/tests/test_encoding.py" line="167" name="test_dump_bson_compatible_objects[True-False-BSON]" time="0.001"><system-out>ENCODED:
b&apos;\xe2\x90\x9e\xff\x00\x00\x00\x05uuid\x00\x10\x00\x00\x00\x03\x84\xc1hM=%M\xc5\x8a\x9cqI+a\n\xb7\tdatetime\x00p\x18\xe7}p\x01\x00\x00\x05bytes\x00\r\x00\x00\x00\x00Some Bin Data\x03raw_bson\x000\x00\x00\x00\x02key\x00\x06\x00\x00\x00value\x00\x03nested\x00\x14\x00\x00\x00\x02key\x00\x06\x00\x00\x00value\x00\x00\x00\x04raw_bson_list\x00k\x00\x00\x00\x030\x000\x00\x00\x00\x02key\x00\x06\x00\x00\x00value\x00\x03nested\x00\x14\x00\x00\x00\x02key\x00\x06\x00\x00\x00value\x00\x00\x00\x031\x000\x00\x00\x00\x02key\x00\x06\x00\x00\x00value\x00\x03nested\x00\x14\x00\x00\x00\x02key\x00\x06\x00\x00\x00value\x00\x00\x00\x00\x00\xe2\x90\x9e\xff\x00\x00\x00\x05uuid\x00\x10\x00\x00\x00\x03\x84\xc1hM=%M\xc5\x8a\x9cqI+a\n\xb7\tdatetime\x00p\x18\xe7}p\x01\x00\x00\x05bytes\x00\r\x00\x00\x00\x00Some Bin Data\x03raw_bson\x000\x00\x00\x00\x02key\x00\x06\x00\x00\x00value\x00\x03nested\x00\x14\x00\x00\x00\x02key\x00\x06\x00\x00\x00value\x00\x00\x00\x04raw_bson_list\x00k\x00\x00\x00\x030\x000\x00\x00\x00\x02key\x00\x06\x00\x00\x00value\x00\x03nested\x00\x14\x00\x00\x00\x02key\x00\x06\x00\x00\x00value\x00\x00\x00\x031\x000\x00\x00\x00\x02key\x00\x06\x00\x00\x00value\x00\x03nested\x00\x14\x00\x00\x00\x02key\x00\x06\x00\x00\x00value\x00\x00\x00\x00\x00&apos;

DECODED:
[RawBSONDocument(b&apos;\xff\x00\x00\x00\x05uuid\x00\x10\x00\x00\x00\x03\x84\xc1hM=%M\xc5\x8a\x9cqI+a\n\xb7\tdatetime\x00p\x18\xe7}p\x01\x00\x00\x05bytes\x00\r\x00\x00\x00\x00Some Bin Data\x03raw_bson\x000\x00\x00\x00\x02key\x00\x06\x00\x00\x00value\x00\x03nested\x00\x14\x00\x00\x00\x02key\x00\x06\x00\x00\x00value\x00\x00\x00\x04raw_bson_list\x00k\x00\x00\x00\x030\x000\x00\x00\x00\x02key\x00\x06\x00\x00\x00value\x00\x03nested\x00\x14\x00\x00\x00\x02key\x00\x06\x00\x00\x00value\x00\x00\x00\x031\x000\x00\x00\x00\x02key\x00\x06\x00\x00\x00value\x00\x03nested\x00\x14\x00\x00\x00\x02key\x00\x06\x00\x00\x00value\x00\x00\x00\x00\x00&apos;, codec_options=CodecOptions(document_class=&lt;class &apos;bson.raw_bson.RawBSONDocument&apos;&gt;, tz_aware=False, uuid_representation=PYTHON_LEGACY, unicode_decode_error_handler=&apos;strict&apos;, tzinfo=None, type_registry=TypeRegistry(type_codecs=[], fallback_encoder=None))), RawBSONDocument(b&apos;\xff\x00\x00\x00\x05uuid\x00\x10\x00\x00\x00\x03\x84\xc1hM=%M\xc5\x8a\x9cqI+a\n\xb7\tdatetime\x00p\x18\xe7}p\x01\x00\x00\x05bytes\x00\r\x00\x00\x00\x00Some Bin Data\x03raw_bson\x000\x00\x00\x00\x02key\x00\x06\x00\x00\x00value\x00\x03nested\x00\x14\x00\x00\x00\x02key\x00\x06\x00\x00\x00value\x00\x00\x00\x04raw_bson_list\x00k\x00\x00\x00\x030\x000\x00\x00\x00\x02key\x00\x06\x00\x00\x00value\x00\x03nested\x00\x14\x00\x00\x00\x02key\x00\x06\x00\x00\x00value\x00\x00\x00\x031\x000\x00\x00\x00\x02key\x00\x06\x00\x00\x00value\x00\x03nested\x00\x14\x00\x00\x00\x02key\x00\x06\x00\x00\x00value\x00\x00\x00\x00\x00&apos;, codec_options=CodecOptions(document_class=&lt;class &apos;bson.raw_bson.RawBSONDocument&apos;&gt;, tz_aware=False, uuid_representation=PYTHON_LEGACY, unicode_decode_error_handler=&apos;strict&apos;, tzinfo=None, type_registry=TypeRegistry(type_codecs=[], fallback_encoder=None)))]
</system-out></testcase><testcase classname="zdevelop.tests.test_encoding.TestBasicEncoding" file="zdevelop/tests/test_encoding.py" line="167" name="test_dump_bson_compatible_objects[True-False-bson]" time="0.001"><system-out>ENCODED:
b&apos;\xe2\x90\x9e\xff\x00\x00\x00\x05uuid\x00\x10\x00\x00\x00\x03p\x0cE\x16\xd7DIQ\x9c\x84\r\xef\xe9h\xc2x\tdatetime\x00p\x18\xe7}p\x01\x00\x00\x05bytes\x00\r\x00\x00\x00\x00Some Bin Data\x03raw_bson\x000\x00\x00\x00\x02key\x00\x06\x00\x00\x00value\x00\x03nested\x00\x14\x00\x00\x00\x02key\x00\x06\x00\x00\x00value\x00\x00\x00\x04raw_bson_list\x00k\x00\x00\x00\x030\x000\x00\x00\x00\x02key\x00\x06\x00\x00\x00value\x00\x03nested\x00\x14\x00\x00\x00\x02key\x00\x06\x00\x00\x00value\x00\x00\x00\x031\x000\x00\x00\x00\x02key\x00\x06\x00\x00\x00value\x00\x03nested\x00\x14\x00\x00\x00\x02key\x00\x06\x00\x00\x00value\x00\x00\x00\x00\x00\xe2\x90\x9e\xff\x00\x00\x00\x05uuid\x00\x10\x00\x00\x00\x03p\x0cE\x16\xd7DIQ\x9c\x84\r\xef\xe9h\xc2x\tdatetime\x00p\x18\xe7}p\x01\x00\x00\x05bytes\x00\r\x00\x00\x00\x00Some Bin Data\x03raw_bson\x000\x00\x00\x00\x02key\x00\x06\x00\x00\x00value\x00\x03nested\x00\x14\x00\x00\x00\x02key\x00\x06\x00\x00\x00value\x00\x00\x00\x04raw_bson_list\x00k\x00\x00\x00\x030\x000\x00\x00\x00\x02key\x00\x06\x00\x00\x00value\x00\x03nested\x00\x14\x00\x00\x00\x02key\x00\x06\x00\x00\x00value\x00\x00\x00\x031\x000\x00\x00\x00\x02key\x00\x06\x00\x00\x00value\x00\x03nested\x00\x14\x00\x00\x00\x02key\x00\x06\x00\x00\x00value\x00\x00\x00\x00\x00&apos;

DECODED:
[RawBSONDocument(b&apos;\xff\x00\x00\x00\x05uuid\x00\x10\x00\x00\x00\x03p\x0cE\x16\xd7DIQ\x9c\x84\r\xef\xe9h\xc2x\tdatetime\x00p\x18\xe7}p\x01\x00\x00\x05bytes\x00\r\x00\x00\x00\x00Some Bin Data\x03raw_bson\x000\x00\x00\x00\x02key\x00\x06\x00\x00\x00value\x00\x03nested\x00\x14\x00\x00\x00\x02key\x00\x06\x00\x00\x00value\x00\x00\x00\x04raw_bson_list\x00k\x00\x00\x00\x030\x000\x00\x00\x00\x02key\x00\x06\x00\x00\x00value\x00\x03nested\x00\x14\x00\x00\x00\x02key\x00\x06\x00\x00\x00value\x00\x00\x00\x031\x000\x00\x00\x00\x02key\x00\x06\x00\x00\x00value\x00\x03nested\x00\x14\x00\x00\x00\x02key\x00\x06\x00\x00\x00value\x00\x00\x00\x00\x00&apos;, codec_options=CodecOptions(document_class=&lt;class &apos;bson.raw_bson.RawBSONDocument&apos;&gt;, tz_aware=False, uuid_representation=PYTHON_LEGACY, unicode_decode_error_handler=&apos;strict&apos;, tzinfo=None, type_registry=TypeRegistry(type_codecs=[], fallback_encoder=None))), RawBSONDocument(b&apos;\xff\x00\x00\x00\x05uuid\x00\x10\x00\x00\x00\x03p\x0cE\x16\xd7DIQ\x9c\x84\r\xef\xe9h\xc2x\tdatetime\x00p\x18\xe7}p\x01\x00\x00\x05bytes\x00\r\x00\x00\x00\x00Some Bin Data\x03raw_bson\x000\x00\x00\x00\x02key\x00\x06\x00\x00\x00value\x00\x03nested\x00\x14\x00\x00\x00\x02key\x00\x06\x00\x00\x00value\x00\x00\x00\x04raw_bson_list\x00k\x00\x00\x00\x030\x000\x00\x00\x00\x02key\x00\x06\x00\x00\x00value\x00\x03nested\x00\x14\x00\x00\x00\x02key\x00\x06\x00\x00\x00value\x00\x00\x00\x031\x000\x00\x00\x00\x02key\x00\x06\x00\x00\x00value\x00\x03nested\x00\x14\x00\x00\x00\x02key\x00\x06\x00\x00\x00value\x00\x00\x00\x00\x00&apos;, codec_options=CodecOptions(document_class=&lt;class &apos;bson.raw_bson.RawBSONDocument&apos;&gt;, tz_aware=False, uuid_representation=PYTHON_LEGACY, unicode_decode_error_handler=&apos;strict&apos;, tzinfo=None, type_registry=TypeRegistry(type_codecs=[], fallback_encoder=None)))]
</system-out></testcase><testcase classname="zdevelop.tests.test_encoding.TestBasicEncoding" file="zdevelop/tests/test_encoding.py" line="167" name="test_dump_bson_compatible_objects[False-True-MimeType.JSON]" time="0.001"><system-out>ENCODED:
{&quot;uuid&quot;:&quot;788ef369-9bb9-4d96-bc7a-143649e7229d&quot;,&quot;datetime&quot;:&quot;2020-02-25T19:51:02&quot;,&quot;bytes&quot;:&quot;536f6d652042696e2044617461&quot;,&quot;raw_bson&quot;:{&quot;key&quot;:&quot;value&quot;,&quot;nested&quot;:{&quot;key&quot;:&quot;value&quot;}},&quot;raw_bson_list&quot;:[{&quot;key&quot;:&quot;value&quot;,&quot;nested&quot;:{&quot;key&quot;:&quot;value&quot;}},{&quot;key&quot;:&quot;value&quot;,&quot;nested&quot;:{&quot;key&quot;:&quot;value&quot;}}]}

DECODED:
{&apos;uuid&apos;: &apos;788ef369-9bb9-4d96-bc7a-143649e7229d&apos;, &apos;datetime&apos;: &apos;2020-02-25T19:51:02&apos;, &apos;bytes&apos;: &apos;536f6d652042696e2044617461&apos;, &apos;raw_bson&apos;: {&apos;key&apos;: &apos;value&apos;, &apos;nested&apos;: {&apos;key&apos;: &apos;value&apos;}}, &apos;raw_bson_list&apos;: [{&apos;key&apos;: &apos;value&apos;, &apos;nested&apos;: {&apos;key&apos;: &apos;value&apos;}}, {&apos;key&apos;: &apos;value&apos;, &apos;nested&apos;: {&apos;key&apos;: &apos;value&apos;}}]}
</system-out></testcase><testcase classname="zdevelop.tests.test_encoding.TestBasicEncoding" file="zdevelop/tests/test_encoding.py" line="167" name="test_dump_bson_compatible_objects[False-True-application/json]" time="0.001"><system-out>ENCODED:
{&quot;uuid&quot;:&quot;1838b785-e31c-41d2-b1b0-787d0b0c2139&quot;,&quot;datetime&quot;:&quot;2020-02-25T19:51:02&quot;,&quot;bytes&quot;:&quot;536f6d652042696e2044617461&quot;,&quot;raw_bson&quot;:{&quot;key&quot;:&quot;value&quot;,&quot;nested&quot;:{&quot;key&quot;:&quot;value&quot;}},&quot;raw_bson_list&quot;:[{&quot;key&quot;:&quot;value&quot;,&quot;nested&quot;:{&quot;key&quot;:&quot;value&quot;}},{&quot;key&quot;:&quot;value&quot;,&quot;nested&quot;:{&quot;key&quot;:&quot;value&quot;}}]}

DECODED:
{&apos;uuid&apos;: &apos;1838b785-e31c-41d2-b1b0-787d0b0c2139&apos;, &apos;datetime&apos;: &apos;2020-02-25T19:51:02&apos;, &apos;bytes&apos;: &apos;536f6d652042696e2044617461&apos;, &apos;raw_bson&apos;: {&apos;key&apos;: &apos;value&apos;, &apos;nested&apos;: {&apos;key&apos;: &apos;value&apos;}}, &apos;raw_bson_list&apos;: [{&apos;key&apos;: &apos;value&apos;, &apos;nested&apos;: {&apos;key&apos;: &apos;value&apos;}}, {&apos;key&apos;: &apos;value&apos;, &apos;nested&apos;: {&apos;key&apos;: &apos;value&apos;}}]}
</system-out></testcase><testcase classname="zdevelop.tests.test_encoding.TestBasicEncoding" file="zdevelop/tests/test_encoding.py" line="167" name="test_dump_bson_compatible_objects[False-True-application/JSON]" time="0.001"><system-out>ENCODED:
{&quot;uuid&quot;:&quot;1559771e-4172-4473-8990-21057938579d&quot;,&quot;datetime&quot;:&quot;2020-02-25T19:51:02&quot;,&quot;bytes&quot;:&quot;536f6d652042696e2044617461&quot;,&quot;raw_bson&quot;:{&quot;key&quot;:&quot;value&quot;,&quot;nested&quot;:{&quot;key&quot;:&quot;value&quot;}},&quot;raw_bson_list&quot;:[{&quot;key&quot;:&quot;value&quot;,&quot;nested&quot;:{&quot;key&quot;:&quot;value&quot;}},{&quot;key&quot;:&quot;value&quot;,&quot;nested&quot;:{&quot;key&quot;:&quot;value&quot;}}]}

DECODED:
{&apos;uuid&apos;: &apos;1559771e-4172-4473-8990-21057938579d&apos;, &apos;datetime&apos;: &apos;2020-02-25T19:51:02&apos;, &apos;bytes&apos;: &apos;536f6d652042696e2044617461&apos;, &apos;raw_bson&apos;: {&apos;key&apos;: &apos;value&apos;, &apos;nested&apos;: {&apos;key&apos;: &apos;value&apos;}}, &apos;raw_bson_list&apos;: [{&apos;key&apos;: &apos;value&apos;, &apos;nested&apos;: {&apos;key&apos;: &apos;value&apos;}}, {&apos;key&apos;: &apos;value&apos;, &apos;nested&apos;: {&apos;key&apos;: &apos;value&apos;}}]}
</system-out></testcase><testcase classname="zdevelop.tests.test_encoding.TestBasicEncoding" file="zdevelop/tests/test_encoding.py" line="167" name="test_dump_bson_compatible_objects[False-True-JSON]" time="0.001"><system-out>ENCODED:
{&quot;uuid&quot;:&quot;88a6d1bd-babd-4834-9b11-01ea16704314&quot;,&quot;datetime&quot;:&quot;2020-02-25T19:51:02&quot;,&quot;bytes&quot;:&quot;536f6d652042696e2044617461&quot;,&quot;raw_bson&quot;:{&quot;key&quot;:&quot;value&quot;,&quot;nested&quot;:{&quot;key&quot;:&quot;value&quot;}},&quot;raw_bson_list&quot;:[{&quot;key&quot;:&quot;value&quot;,&quot;nested&quot;:{&quot;key&quot;:&quot;value&quot;}},{&quot;key&quot;:&quot;value&quot;,&quot;nested&quot;:{&quot;key&quot;:&quot;value&quot;}}]}

DECODED:
{&apos;uuid&apos;: &apos;88a6d1bd-babd-4834-9b11-01ea16704314&apos;, &apos;datetime&apos;: &apos;2020-02-25T19:51:02&apos;, &apos;bytes&apos;: &apos;536f6d652042696e2044617461&apos;, &apos;raw_bson&apos;: {&apos;key&apos;: &apos;value&apos;, &apos;nested&apos;: {&apos;key&apos;: &apos;value&apos;}}, &apos;raw_bson_list&apos;: [{&apos;key&apos;: &apos;value&apos;, &apos;nested&apos;: {&apos;key&apos;: &apos;value&apos;}}, {&apos;key&apos;: &apos;value&apos;, &apos;nested&apos;: {&apos;key&apos;: &apos;value&apos;}}]}
</system-out></testcase><testcase classname="zdevelop.tests.test_encoding.TestBasicEncoding" file="zdevelop/tests/test_encoding.py" line="167" name="test_dump_bson_compatible_objects[False-True-json]" time="0.001"><system-out>ENCODED:
{&quot;uuid&quot;:&quot;e69f2549-bd6d-4f94-8c52-5541ac88e632&quot;,&quot;datetime&quot;:&quot;2020-02-25T19:51:02&quot;,&quot;bytes&quot;:&quot;536f6d652042696e2044617461&quot;,&quot;raw_bson&quot;:{&quot;key&quot;:&quot;value&quot;,&quot;nested&quot;:{&quot;key&quot;:&quot;value&quot;}},&quot;raw_bson_list&quot;:[{&quot;key&quot;:&quot;value&quot;,&quot;nested&quot;:{&quot;key&quot;:&quot;value&quot;}},{&quot;key&quot;:&quot;value&quot;,&quot;nested&quot;:{&quot;key&quot;:&quot;value&quot;}}]}

DECODED:
{&apos;uuid&apos;: &apos;e69f2549-bd6d-4f94-8c52-5541ac88e632&apos;, &apos;datetime&apos;: &apos;2020-02-25T19:51:02&apos;, &apos;bytes&apos;: &apos;536f6d652042696e2044617461&apos;, &apos;raw_bson&apos;: {&apos;key&apos;: &apos;value&apos;, &apos;nested&apos;: {&apos;key&apos;: &apos;value&apos;}}, &apos;raw_bson_list&apos;: [{&apos;key&apos;: &apos;value&apos;, &apos;nested&apos;: {&apos;key&apos;: &apos;value&apos;}}, {&apos;key&apos;: &apos;value&apos;, &apos;nested&apos;: {&apos;key&apos;: &apos;value&apos;}}]}
</system-out></testcase><testcase classname="zdevelop.tests.test_encoding.TestBasicEncoding" file="zdevelop/tests/test_encoding.py" line="167" name="test_dump_bson_compatible_objects[False-True-MimeType.YAML]" time="0.006"><system-out>ENCODED:
bytes: 536f6d652042696e2044617461
datetime: &apos;2020-02-25T19:51:02&apos;
raw_bson:
  key: value
  nested:
    key: value
raw_bson_list:
- key: value
  nested:
    key: value
- key: value
  nested:
    key: value
uuid: deb28f9d-18c7-4904-84bb-b496a9193c44


DECODED:
{&apos;bytes&apos;: &apos;536f6d652042696e2044617461&apos;, &apos;datetime&apos;: &apos;2020-02-25T19:51:02&apos;, &apos;raw_bson&apos;: {&apos;key&apos;: &apos;value&apos;, &apos;nested&apos;: {&apos;key&apos;: &apos;value&apos;}}, &apos;raw_bson_list&apos;: [{&apos;key&apos;: &apos;value&apos;, &apos;nested&apos;: {&apos;key&apos;: &apos;value&apos;}}, {&apos;key&apos;: &apos;value&apos;, &apos;nested&apos;: {&apos;key&apos;: &apos;value&apos;}}], &apos;uuid&apos;: &apos;deb28f9d-18c7-4904-84bb-b496a9193c44&apos;}
</system-out></testcase><testcase classname="zdevelop.tests.test_encoding.TestBasicEncoding" file="zdevelop/tests/test_encoding.py" line="167" name="test_dump_bson_compatible_objects[False-True-application/yaml]" time="0.006"><system-out>ENCODED:
bytes: 536f6d652042696e2044617461
datetime: &apos;2020-02-25T19:51:02&apos;
raw_bson:
  key: value
  nested:
    key: value
raw_bson_list:
- key: value
  nested:
    key: value
- key: value
  nested:
    key: value
uuid: 09082795-deff-45f7-822c-1ccf68c37031


DECODED:
{&apos;bytes&apos;: &apos;536f6d652042696e2044617461&apos;, &apos;datetime&apos;: &apos;2020-02-25T19:51:02&apos;, &apos;raw_bson&apos;: {&apos;key&apos;: &apos;value&apos;, &apos;nested&apos;: {&apos;key&apos;: &apos;value&apos;}}, &apos;raw_bson_list&apos;: [{&apos;key&apos;: &apos;value&apos;, &apos;nested&apos;: {&apos;key&apos;: &apos;value&apos;}}, {&apos;key&apos;: &apos;value&apos;, &apos;nested&apos;: {&apos;key&apos;: &apos;value&apos;}}], &apos;uuid&apos;: &apos;09082795-deff-45f7-822c-1ccf68c37031&apos;}
</system-out></testcase><testcase classname="zdevelop.tests.test_encoding.TestBasicEncoding" file="zdevelop/tests/test_encoding.py" line="167" name="test_dump_bson_compatible_objects[False-True-application/x-yaml]" time="0.006"><system-out>ENCODED:
bytes: 536f6d652042696e2044617461
datetime: &apos;2020-02-25T19:51:02&apos;
raw_bson:
  key: value
  nested:
    key: value
raw_bson_list:
- key: value
  nested:
    key: value
- key: value
  nested:
    key: value
uuid: 454f2236-bda2-4f40-87a7-7c482c88f2a0


DECODED:
{&apos;bytes&apos;: &apos;536f6d652042696e2044617461&apos;, &apos;datetime&apos;: &apos;2020-02-25T19:51:02&apos;, &apos;raw_bson&apos;: {&apos;key&apos;: &apos;value&apos;, &apos;nested&apos;: {&apos;key&apos;: &apos;value&apos;}}, &apos;raw_bson_list&apos;: [{&apos;key&apos;: &apos;value&apos;, &apos;nested&apos;: {&apos;key&apos;: &apos;value&apos;}}, {&apos;key&apos;: &apos;value&apos;, &apos;nested&apos;: {&apos;key&apos;: &apos;value&apos;}}], &apos;uuid&apos;: &apos;454f2236-bda2-4f40-87a7-7c482c88f2a0&apos;}
</system-out></testcase><testcase classname="zdevelop.tests.test_encoding.TestBasicEncoding" file="zdevelop/tests/test_encoding.py" line="167" name="test_dump_bson_compatible_objects[False-True-application/YAML]" time="0.006"><system-out>ENCODED:
bytes: 536f6d652042696e2044617461
datetime: &apos;2020-02-25T19:51:02&apos;
raw_bson:
  key: value
  nested:
    key: value
raw_bson_list:
- key: value
  nested:
    key: value
- key: value
  nested:
    key: value
uuid: 4bfeae9b-f93b-4c12-92c7-dd20d064e6be


DECODED:
{&apos;bytes&apos;: &apos;536f6d652042696e2044617461&apos;, &apos;datetime&apos;: &apos;2020-02-25T19:51:02&apos;, &apos;raw_bson&apos;: {&apos;key&apos;: &apos;value&apos;, &apos;nested&apos;: {&apos;key&apos;: &apos;value&apos;}}, &apos;raw_bson_list&apos;: [{&apos;key&apos;: &apos;value&apos;, &apos;nested&apos;: {&apos;key&apos;: &apos;value&apos;}}, {&apos;key&apos;: &apos;value&apos;, &apos;nested&apos;: {&apos;key&apos;: &apos;value&apos;}}], &apos;uuid&apos;: &apos;4bfeae9b-f93b-4c12-92c7-dd20d064e6be&apos;}
</system-out></testcase><testcase classname="zdevelop.tests.test_encoding.TestBasicEncoding" file="zdevelop/tests/test_encoding.py" line="167" name="test_dump_bson_compatible_objects[False-True-yaml]" time="0.006"><system-out>ENCODED:
bytes: 536f6d652042696e2044617461
datetime: &apos;2020-02-25T19:51:02&apos;
raw_bson:
  key: value
  nested:
    key: value
raw_bson_list:
- key: value
  nested:
    key: value
- key: value
  nested:
    key: value
uuid: 1885ee04-12fa-4a99-8b57-a59c80627a90


DECODED:
{&apos;bytes&apos;: &apos;536f6d652042696e2044617461&apos;, &apos;datetime&apos;: &apos;2020-02-25T19:51:02&apos;, &apos;raw_bson&apos;: {&apos;key&apos;: &apos;value&apos;, &apos;nested&apos;: {&apos;key&apos;: &apos;value&apos;}}, &apos;raw_bson_list&apos;: [{&apos;key&apos;: &apos;value&apos;, &apos;nested&apos;: {&apos;key&apos;: &apos;value&apos;}}, {&apos;key&apos;: &apos;value&apos;, &apos;nested&apos;: {&apos;key&apos;: &apos;value&apos;}}], &apos;uuid&apos;: &apos;1885ee04-12fa-4a99-8b57-a59c80627a90&apos;}
</system-out></testcase><testcase classname="zdevelop.tests.test_encoding.TestBasicEncoding" file="zdevelop/tests/test_encoding.py" line="167" name="test_dump_bson_compatible_objects[False-True-YAML]" time="0.006"><system-out>ENCODED:
bytes: 536f6d652042696e2044617461
datetime: &apos;2020-02-25T19:51:02&apos;
raw_bson:
  key: value
  nested:
    key: value
raw_bson_list:
- key: value
  nested:
    key: value
- key: value
  nested:
    key: value
uuid: 92c6f8bb-0bce-464a-96b2-46d980cd2063


DECODED:
{&apos;bytes&apos;: &apos;536f6d652042696e2044617461&apos;, &apos;datetime&apos;: &apos;2020-02-25T19:51:02&apos;, &apos;raw_bson&apos;: {&apos;key&apos;: &apos;value&apos;, &apos;nested&apos;: {&apos;key&apos;: &apos;value&apos;}}, &apos;raw_bson_list&apos;: [{&apos;key&apos;: &apos;value&apos;, &apos;nested&apos;: {&apos;key&apos;: &apos;value&apos;}}, {&apos;key&apos;: &apos;value&apos;, &apos;nested&apos;: {&apos;key&apos;: &apos;value&apos;}}], &apos;uuid&apos;: &apos;92c6f8bb-0bce-464a-96b2-46d980cd2063&apos;}
</system-out></testcase><testcase classname="zdevelop.tests.test_encoding.TestBasicEncoding" file="zdevelop/tests/test_encoding.py" line="167" name="test_dump_bson_compatible_objects[False-True-x-yaml]" time="0.007"><system-out>ENCODED:
bytes: 536f6d652042696e2044617461
datetime: &apos;2020-02-25T19:51:02&apos;
raw_bson:
  key: value
  nested:
    key: value
raw_bson_list:
- key: value
  nested:
    key: value
- key: value
  nested:
    key: value
uuid: 98fc8140-5549-4151-98d3-d625462ebca6


DECODED:
{&apos;bytes&apos;: &apos;536f6d652042696e2044617461&apos;, &apos;datetime&apos;: &apos;2020-02-25T19:51:02&apos;, &apos;raw_bson&apos;: {&apos;key&apos;: &apos;value&apos;, &apos;nested&apos;: {&apos;key&apos;: &apos;value&apos;}}, &apos;raw_bson_list&apos;: [{&apos;key&apos;: &apos;value&apos;, &apos;nested&apos;: {&apos;key&apos;: &apos;value&apos;}}, {&apos;key&apos;: &apos;value&apos;, &apos;nested&apos;: {&apos;key&apos;: &apos;value&apos;}}], &apos;uuid&apos;: &apos;98fc8140-5549-4151-98d3-d625462ebca6&apos;}
</system-out></testcase><testcase classname="zdevelop.tests.test_encoding.TestBasicEncoding" file="zdevelop/tests/test_encoding.py" line="167" name="test_dump_bson_compatible_objects[False-True-MimeType.BSON]" time="0.001"><system-out>ENCODED:
{&apos;uuid&apos;: UUID(&apos;48f6f587-5d0d-4bfa-a4e3-41696d51711e&apos;), &apos;datetime&apos;: datetime.datetime(2020, 2, 25, 19, 51, 2), &apos;bytes&apos;: b&apos;Some Bin Data&apos;, &apos;raw_bson&apos;: {&apos;key&apos;: &apos;value&apos;, &apos;nested&apos;: {&apos;key&apos;: &apos;value&apos;}}, &apos;raw_bson_list&apos;: [{&apos;key&apos;: &apos;value&apos;, &apos;nested&apos;: {&apos;key&apos;: &apos;value&apos;}}, {&apos;key&apos;: &apos;value&apos;, &apos;nested&apos;: {&apos;key&apos;: &apos;value&apos;}}]}

DECODED:
RawBSONDocument(b&apos;\xff\x00\x00\x00\x05uuid\x00\x10\x00\x00\x00\x03H\xf6\xf5\x87]\rK\xfa\xa4\xe3AimQq\x1e\tdatetime\x00p\x18\xe7}p\x01\x00\x00\x05bytes\x00\r\x00\x00\x00\x00Some Bin Data\x03raw_bson\x000\x00\x00\x00\x02key\x00\x06\x00\x00\x00value\x00\x03nested\x00\x14\x00\x00\x00\x02key\x00\x06\x00\x00\x00value\x00\x00\x00\x04raw_bson_list\x00k\x00\x00\x00\x030\x000\x00\x00\x00\x02key\x00\x06\x00\x00\x00value\x00\x03nested\x00\x14\x00\x00\x00\x02key\x00\x06\x00\x00\x00value\x00\x00\x00\x031\x000\x00\x00\x00\x02key\x00\x06\x00\x00\x00value\x00\x03nested\x00\x14\x00\x00\x00\x02key\x00\x06\x00\x00\x00value\x00\x00\x00\x00\x00&apos;, codec_options=CodecOptions(document_class=&lt;class &apos;bson.raw_bson.RawBSONDocument&apos;&gt;, tz_aware=False, uuid_representation=PYTHON_LEGACY, unicode_decode_error_handler=&apos;strict&apos;, tzinfo=None, type_registry=TypeRegistry(type_codecs=[], fallback_encoder=None)))
</system-out></testcase><testcase classname="zdevelop.tests.test_encoding.TestBasicEncoding" file="zdevelop/tests/test_encoding.py" line="167" name="test_dump_bson_compatible_objects[False-True-application/bson]" time="0.001"><system-out>ENCODED:
{&apos;uuid&apos;: UUID(&apos;f42b0db4-7d78-45f0-934f-b80131409163&apos;), &apos;datetime&apos;: datetime.datetime(2020, 2, 25, 19, 51, 2), &apos;bytes&apos;: b&apos;Some Bin Data&apos;, &apos;raw_bson&apos;: {&apos;key&apos;: &apos;value&apos;, &apos;nested&apos;: {&apos;key&apos;: &apos;value&apos;}}, &apos;raw_bson_list&apos;: [{&apos;key&apos;: &apos;value&apos;, &apos;nested&apos;: {&apos;key&apos;: &apos;value&apos;}}, {&apos;key&apos;: &apos;value&apos;, &apos;nested&apos;: {&apos;key&apos;: &apos;value&apos;}}]}

DECODED:
RawBSONDocument(b&apos;\xff\x00\x00\x00\x05uuid\x00\x10\x00\x00\x00\x03\xf4+\r\xb4}xE\xf0\x93O\xb8\x011@\x91c\tdatetime\x00p\x18\xe7}p\x01\x00\x00\x05bytes\x00\r\x00\x00\x00\x00Some Bin Data\x03raw_bson\x000\x00\x00\x00\x02key\x00\x06\x00\x00\x00value\x00\x03nested\x00\x14\x00\x00\x00\x02key\x00\x06\x00\x00\x00value\x00\x00\x00\x04raw_bson_list\x00k\x00\x00\x00\x030\x000\x00\x00\x00\x02key\x00\x06\x00\x00\x00value\x00\x03nested\x00\x14\x00\x00\x00\x02key\x00\x06\x00\x00\x00value\x00\x00\x00\x031\x000\x00\x00\x00\x02key\x00\x06\x00\x00\x00value\x00\x03nested\x00\x14\x00\x00\x00\x02key\x00\x06\x00\x00\x00value\x00\x00\x00\x00\x00&apos;, codec_options=CodecOptions(document_class=&lt;class &apos;bson.raw_bson.RawBSONDocument&apos;&gt;, tz_aware=False, uuid_representation=PYTHON_LEGACY, unicode_decode_error_handler=&apos;strict&apos;, tzinfo=None, type_registry=TypeRegistry(type_codecs=[], fallback_encoder=None)))
</system-out></testcase><testcase classname="zdevelop.tests.test_encoding.TestBasicEncoding" file="zdevelop/tests/test_encoding.py" line="167" name="test_dump_bson_compatible_objects[False-True-application/BSON]" time="0.001"><system-out>ENCODED:
{&apos;uuid&apos;: UUID(&apos;b57a5396-b9aa-4128-ab40-f748defefcc9&apos;), &apos;datetime&apos;: datetime.datetime(2020, 2, 25, 19, 51, 2), &apos;bytes&apos;: b&apos;Some Bin Data&apos;, &apos;raw_bson&apos;: {&apos;key&apos;: &apos;value&apos;, &apos;nested&apos;: {&apos;key&apos;: &apos;value&apos;}}, &apos;raw_bson_list&apos;: [{&apos;key&apos;: &apos;value&apos;, &apos;nested&apos;: {&apos;key&apos;: &apos;value&apos;}}, {&apos;key&apos;: &apos;value&apos;, &apos;nested&apos;: {&apos;key&apos;: &apos;value&apos;}}]}

DECODED:
RawBSONDocument(b&apos;\xff\x00\x00\x00\x05uuid\x00\x10\x00\x00\x00\x03\xb5zS\x96\xb9\xaaA(\xab@\xf7H\xde\xfe\xfc\xc9\tdatetime\x00p\x18\xe7}p\x01\x00\x00\x05bytes\x00\r\x00\x00\x00\x00Some Bin Data\x03raw_bson\x000\x00\x00\x00\x02key\x00\x06\x00\x00\x00value\x00\x03nested\x00\x14\x00\x00\x00\x02key\x00\x06\x00\x00\x00value\x00\x00\x00\x04raw_bson_list\x00k\x00\x00\x00\x030\x000\x00\x00\x00\x02key\x00\x06\x00\x00\x00value\x00\x03nested\x00\x14\x00\x00\x00\x02key\x00\x06\x00\x00\x00value\x00\x00\x00\x031\x000\x00\x00\x00\x02key\x00\x06\x00\x00\x00value\x00\x03nested\x00\x14\x00\x00\x00\x02key\x00\x06\x00\x00\x00value\x00\x00\x00\x00\x00&apos;, codec_options=CodecOptions(document_class=&lt;class &apos;bson.raw_bson.RawBSONDocument&apos;&gt;, tz_aware=False, uuid_representation=PYTHON_LEGACY, unicode_decode_error_handler=&apos;strict&apos;, tzinfo=None, type_registry=TypeRegistry(type_codecs=[], fallback_encoder=None)))
</system-out></testcase><testcase classname="zdevelop.tests.test_encoding.TestBasicEncoding" file="zdevelop/tests/test_encoding.py" line="167" name="test_dump_bson_compatible_objects[False-True-application/x-bson]" time="0.001"><system-out>ENCODED:
{&apos;uuid&apos;: UUID(&apos;bba88642-7a72-4e7d-8a19-f039bfcbbf44&apos;), &apos;datetime&apos;: datetime.datetime(2020, 2, 25, 19, 51, 2), &apos;bytes&apos;: b&apos;Some Bin Data&apos;, &apos;raw_bson&apos;: {&apos;key&apos;: &apos;value&apos;, &apos;nested&apos;: {&apos;key&apos;: &apos;value&apos;}}, &apos;raw_bson_list&apos;: [{&apos;key&apos;: &apos;value&apos;, &apos;nested&apos;: {&apos;key&apos;: &apos;value&apos;}}, {&apos;key&apos;: &apos;value&apos;, &apos;nested&apos;: {&apos;key&apos;: &apos;value&apos;}}]}

DECODED:
RawBSONDocument(b&apos;\xff\x00\x00\x00\x05uuid\x00\x10\x00\x00\x00\x03\xbb\xa8\x86BzrN}\x8a\x19\xf09\xbf\xcb\xbfD\tdatetime\x00p\x18\xe7}p\x01\x00\x00\x05bytes\x00\r\x00\x00\x00\x00Some Bin Data\x03raw_bson\x000\x00\x00\x00\x02key\x00\x06\x00\x00\x00value\x00\x03nested\x00\x14\x00\x00\x00\x02key\x00\x06\x00\x00\x00value\x00\x00\x00\x04raw_bson_list\x00k\x00\x00\x00\x030\x000\x00\x00\x00\x02key\x00\x06\x00\x00\x00value\x00\x03nested\x00\x14\x00\x00\x00\x02key\x00\x06\x00\x00\x00value\x00\x00\x00\x031\x000\x00\x00\x00\x02key\x00\x06\x00\x00\x00value\x00\x03nested\x00\x14\x00\x00\x00\x02key\x00\x06\x00\x00\x00value\x00\x00\x00\x00\x00&apos;, codec_options=CodecOptions(document_class=&lt;class &apos;bson.raw_bson.RawBSONDocument&apos;&gt;, tz_aware=False, uuid_representation=PYTHON_LEGACY, unicode_decode_error_handler=&apos;strict&apos;, tzinfo=None, type_registry=TypeRegistry(type_codecs=[], fallback_encoder=None)))
</system-out></testcase><testcase classname="zdevelop.tests.test_encoding.TestBasicEncoding" file="zdevelop/tests/test_encoding.py" line="167" name="test_dump_bson_compatible_objects[False-True-x-bson]" time="0.001"><system-out>ENCODED:
{&apos;uuid&apos;: UUID(&apos;1d509c80-3b41-4abe-8f63-973e75b8ce1e&apos;), &apos;datetime&apos;: datetime.datetime(2020, 2, 25, 19, 51, 2), &apos;bytes&apos;: b&apos;Some Bin Data&apos;, &apos;raw_bson&apos;: {&apos;key&apos;: &apos;value&apos;, &apos;nested&apos;: {&apos;key&apos;: &apos;value&apos;}}, &apos;raw_bson_list&apos;: [{&apos;key&apos;: &apos;value&apos;, &apos;nested&apos;: {&apos;key&apos;: &apos;value&apos;}}, {&apos;key&apos;: &apos;value&apos;, &apos;nested&apos;: {&apos;key&apos;: &apos;value&apos;}}]}

DECODED:
RawBSONDocument(b&apos;\xff\x00\x00\x00\x05uuid\x00\x10\x00\x00\x00\x03\x1dP\x9c\x80;AJ\xbe\x8fc\x97&gt;u\xb8\xce\x1e\tdatetime\x00p\x18\xe7}p\x01\x00\x00\x05bytes\x00\r\x00\x00\x00\x00Some Bin Data\x03raw_bson\x000\x00\x00\x00\x02key\x00\x06\x00\x00\x00value\x00\x03nested\x00\x14\x00\x00\x00\x02key\x00\x06\x00\x00\x00value\x00\x00\x00\x04raw_bson_list\x00k\x00\x00\x00\x030\x000\x00\x00\x00\x02key\x00\x06\x00\x00\x00value\x00\x03nested\x00\x14\x00\x00\x00\x02key\x00\x06\x00\x00\x00value\x00\x00\x00\x031\x000\x00\x00\x00\x02key\x00\x06\x00\x00\x00value\x00\x03nested\x00\x14\x00\x00\x00\x02key\x00\x06\x00\x00\x00value\x00\x00\x00\x00\x00&apos;, codec_options=CodecOptions(document_class=&lt;class &apos;bson.raw_bson.RawBSONDocument&apos;&gt;, tz_aware=False, uuid_representation=PYTHON_LEGACY, unicode_decode_error_handler=&apos;strict&apos;, tzinfo=None, type_registry=TypeRegistry(type_codecs=[], fallback_encoder=None)))
</system-out></testcase><testcase classname="zdevelop.tests.test_encoding.TestBasicEncoding" file="zdevelop/tests/test_encoding.py" line="167" name="test_dump_bson_compatible_objects[False-True-BSON]" time="0.001"><system-out>ENCODED:
{&apos;uuid&apos;: UUID(&apos;b2a09d7c-c2eb-4c58-827c-1f7d4e052606&apos;), &apos;datetime&apos;: datetime.datetime(2020, 2, 25, 19, 51, 2), &apos;bytes&apos;: b&apos;Some Bin Data&apos;, &apos;raw_bson&apos;: {&apos;key&apos;: &apos;value&apos;, &apos;nested&apos;: {&apos;key&apos;: &apos;value&apos;}}, &apos;raw_bson_list&apos;: [{&apos;key&apos;: &apos;value&apos;, &apos;nested&apos;: {&apos;key&apos;: &apos;value&apos;}}, {&apos;key&apos;: &apos;value&apos;, &apos;nested&apos;: {&apos;key&apos;: &apos;value&apos;}}]}

DECODED:
RawBSONDocument(b&apos;\xff\x00\x00\x00\x05uuid\x00\x10\x00\x00\x00\x03\xb2\xa0\x9d|\xc2\xebLX\x82|\x1f}N\x05&amp;\x06\tdatetime\x00p\x18\xe7}p\x01\x00\x00\x05bytes\x00\r\x00\x00\x00\x00Some Bin Data\x03raw_bson\x000\x00\x00\x00\x02key\x00\x06\x00\x00\x00value\x00\x03nested\x00\x14\x00\x00\x00\x02key\x00\x06\x00\x00\x00value\x00\x00\x00\x04raw_bson_list\x00k\x00\x00\x00\x030\x000\x00\x00\x00\x02key\x00\x06\x00\x00\x00value\x00\x03nested\x00\x14\x00\x00\x00\x02key\x00\x06\x00\x00\x00value\x00\x00\x00\x031\x000\x00\x00\x00\x02key\x00\x06\x00\x00\x00value\x00\x03nested\x00\x14\x00\x00\x00\x02key\x00\x06\x00\x00\x00value\x00\x00\x00\x00\x00&apos;, codec_options=CodecOptions(document_class=&lt;class &apos;bson.raw_bson.RawBSONDocument&apos;&gt;, tz_aware=False, uuid_representation=PYTHON_LEGACY, unicode_decode_error_handler=&apos;strict&apos;, tzinfo=None, type_registry=TypeRegistry(type_codecs=[], fallback_encoder=None)))
</system-out></testcase><testcase classname="zdevelop.tests.test_encoding.TestBasicEncoding" file="zdevelop/tests/test_encoding.py" line="167" name="test_dump_bson_compatible_objects[False-True-bson]" time="0.001"><system-out>ENCODED:
{&apos;uuid&apos;: UUID(&apos;a28950ef-83b8-479e-afae-15f3df612788&apos;), &apos;datetime&apos;: datetime.datetime(2020, 2, 25, 19, 51, 2), &apos;bytes&apos;: b&apos;Some Bin Data&apos;, &apos;raw_bson&apos;: {&apos;key&apos;: &apos;value&apos;, &apos;nested&apos;: {&apos;key&apos;: &apos;value&apos;}}, &apos;raw_bson_list&apos;: [{&apos;key&apos;: &apos;value&apos;, &apos;nested&apos;: {&apos;key&apos;: &apos;value&apos;}}, {&apos;key&apos;: &apos;value&apos;, &apos;nested&apos;: {&apos;key&apos;: &apos;value&apos;}}]}

DECODED:
RawBSONDocument(b&quot;\xff\x00\x00\x00\x05uuid\x00\x10\x00\x00\x00\x03\xa2\x89P\xef\x83\xb8G\x9e\xaf\xae\x15\xf3\xdfa&apos;\x88\tdatetime\x00p\x18\xe7}p\x01\x00\x00\x05bytes\x00\r\x00\x00\x00\x00Some Bin Data\x03raw_bson\x000\x00\x00\x00\x02key\x00\x06\x00\x00\x00value\x00\x03nested\x00\x14\x00\x00\x00\x02key\x00\x06\x00\x00\x00value\x00\x00\x00\x04raw_bson_list\x00k\x00\x00\x00\x030\x000\x00\x00\x00\x02key\x00\x06\x00\x00\x00value\x00\x03nested\x00\x14\x00\x00\x00\x02key\x00\x06\x00\x00\x00value\x00\x00\x00\x031\x000\x00\x00\x00\x02key\x00\x06\x00\x00\x00value\x00\x03nested\x00\x14\x00\x00\x00\x02key\x00\x06\x00\x00\x00value\x00\x00\x00\x00\x00&quot;, codec_options=CodecOptions(document_class=&lt;class &apos;bson.raw_bson.RawBSONDocument&apos;&gt;, tz_aware=False, uuid_representation=PYTHON_LEGACY, unicode_decode_error_handler=&apos;strict&apos;, tzinfo=None, type_registry=TypeRegistry(type_codecs=[], fallback_encoder=None)))
</system-out></testcase><testcase classname="zdevelop.tests.test_encoding.TestBasicEncoding" file="zdevelop/tests/test_encoding.py" line="167" name="test_dump_bson_compatible_objects[False-False-MimeType.JSON]" time="0.001"><system-out>ENCODED:
{&quot;uuid&quot;:&quot;fb2e0e57-7129-4c1e-927e-9154a738def6&quot;,&quot;datetime&quot;:&quot;2020-02-25T19:51:02+00:00&quot;,&quot;bytes&quot;:&quot;536f6d652042696e2044617461&quot;,&quot;raw_bson&quot;:{&quot;key&quot;:&quot;value&quot;,&quot;nested&quot;:{&quot;key&quot;:&quot;value&quot;}},&quot;raw_bson_list&quot;:[{&quot;key&quot;:&quot;value&quot;,&quot;nested&quot;:{&quot;key&quot;:&quot;value&quot;}},{&quot;key&quot;:&quot;value&quot;,&quot;nested&quot;:{&quot;key&quot;:&quot;value&quot;}}]}

DECODED:
{&apos;uuid&apos;: &apos;fb2e0e57-7129-4c1e-927e-9154a738def6&apos;, &apos;datetime&apos;: &apos;2020-02-25T19:51:02+00:00&apos;, &apos;bytes&apos;: &apos;536f6d652042696e2044617461&apos;, &apos;raw_bson&apos;: {&apos;key&apos;: &apos;value&apos;, &apos;nested&apos;: {&apos;key&apos;: &apos;value&apos;}}, &apos;raw_bson_list&apos;: [{&apos;key&apos;: &apos;value&apos;, &apos;nested&apos;: {&apos;key&apos;: &apos;value&apos;}}, {&apos;key&apos;: &apos;value&apos;, &apos;nested&apos;: {&apos;key&apos;: &apos;value&apos;}}]}
</system-out></testcase><testcase classname="zdevelop.tests.test_encoding.TestBasicEncoding" file="zdevelop/tests/test_encoding.py" line="167" name="test_dump_bson_compatible_objects[False-False-application/json]" time="0.001"><system-out>ENCODED:
{&quot;uuid&quot;:&quot;ed5d7199-8edd-49c5-89f9-cd3846108f2a&quot;,&quot;datetime&quot;:&quot;2020-02-25T19:51:02+00:00&quot;,&quot;bytes&quot;:&quot;536f6d652042696e2044617461&quot;,&quot;raw_bson&quot;:{&quot;key&quot;:&quot;value&quot;,&quot;nested&quot;:{&quot;key&quot;:&quot;value&quot;}},&quot;raw_bson_list&quot;:[{&quot;key&quot;:&quot;value&quot;,&quot;nested&quot;:{&quot;key&quot;:&quot;value&quot;}},{&quot;key&quot;:&quot;value&quot;,&quot;nested&quot;:{&quot;key&quot;:&quot;value&quot;}}]}

DECODED:
{&apos;uuid&apos;: &apos;ed5d7199-8edd-49c5-89f9-cd3846108f2a&apos;, &apos;datetime&apos;: &apos;2020-02-25T19:51:02+00:00&apos;, &apos;bytes&apos;: &apos;536f6d652042696e2044617461&apos;, &apos;raw_bson&apos;: {&apos;key&apos;: &apos;value&apos;, &apos;nested&apos;: {&apos;key&apos;: &apos;value&apos;}}, &apos;raw_bson_list&apos;: [{&apos;key&apos;: &apos;value&apos;, &apos;nested&apos;: {&apos;key&apos;: &apos;value&apos;}}, {&apos;key&apos;: &apos;value&apos;, &apos;nested&apos;: {&apos;key&apos;: &apos;value&apos;}}]}
</system-out></testcase><testcase classname="zdevelop.tests.test_encoding.TestBasicEncoding" file="zdevelop/tests/test_encoding.py" line="167" name="test_dump_bson_compatible_objects[False-False-application/JSON]" time="0.001"><system-out>ENCODED:
{&quot;uuid&quot;:&quot;69a0dd05-8eb4-48c2-ba84-a4c1d237bb0c&quot;,&quot;datetime&quot;:&quot;2020-02-25T19:51:02+00:00&quot;,&quot;bytes&quot;:&quot;536f6d652042696e2044617461&quot;,&quot;raw_bson&quot;:{&quot;key&quot;:&quot;value&quot;,&quot;nested&quot;:{&quot;key&quot;:&quot;value&quot;}},&quot;raw_bson_list&quot;:[{&quot;key&quot;:&quot;value&quot;,&quot;nested&quot;:{&quot;key&quot;:&quot;value&quot;}},{&quot;key&quot;:&quot;value&quot;,&quot;nested&quot;:{&quot;key&quot;:&quot;value&quot;}}]}

DECODED:
{&apos;uuid&apos;: &apos;69a0dd05-8eb4-48c2-ba84-a4c1d237bb0c&apos;, &apos;datetime&apos;: &apos;2020-02-25T19:51:02+00:00&apos;, &apos;bytes&apos;: &apos;536f6d652042696e2044617461&apos;, &apos;raw_bson&apos;: {&apos;key&apos;: &apos;value&apos;, &apos;nested&apos;: {&apos;key&apos;: &apos;value&apos;}}, &apos;raw_bson_list&apos;: [{&apos;key&apos;: &apos;value&apos;, &apos;nested&apos;: {&apos;key&apos;: &apos;value&apos;}}, {&apos;key&apos;: &apos;value&apos;, &apos;nested&apos;: {&apos;key&apos;: &apos;value&apos;}}]}
</system-out></testcase><testcase classname="zdevelop.tests.test_encoding.TestBasicEncoding" file="zdevelop/tests/test_encoding.py" line="167" name="test_dump_bson_compatible_objects[False-False-JSON]" time="0.001"><system-out>ENCODED:
{&quot;uuid&quot;:&quot;76da5eee-318c-4192-8a85-11d55bc20e49&quot;,&quot;datetime&quot;:&quot;2020-02-25T19:51:02+00:00&quot;,&quot;bytes&quot;:&quot;536f6d652042696e2044617461&quot;,&quot;raw_bson&quot;:{&quot;key&quot;:&quot;value&quot;,&quot;nested&quot;:{&quot;key&quot;:&quot;value&quot;}},&quot;raw_bson_list&quot;:[{&quot;key&quot;:&quot;value&quot;,&quot;nested&quot;:{&quot;key&quot;:&quot;value&quot;}},{&quot;key&quot;:&quot;value&quot;,&quot;nested&quot;:{&quot;key&quot;:&quot;value&quot;}}]}

DECODED:
{&apos;uuid&apos;: &apos;76da5eee-318c-4192-8a85-11d55bc20e49&apos;, &apos;datetime&apos;: &apos;2020-02-25T19:51:02+00:00&apos;, &apos;bytes&apos;: &apos;536f6d652042696e2044617461&apos;, &apos;raw_bson&apos;: {&apos;key&apos;: &apos;value&apos;, &apos;nested&apos;: {&apos;key&apos;: &apos;value&apos;}}, &apos;raw_bson_list&apos;: [{&apos;key&apos;: &apos;value&apos;, &apos;nested&apos;: {&apos;key&apos;: &apos;value&apos;}}, {&apos;key&apos;: &apos;value&apos;, &apos;nested&apos;: {&apos;key&apos;: &apos;value&apos;}}]}
</system-out></testcase><testcase classname="zdevelop.tests.test_encoding.TestBasicEncoding" file="zdevelop/tests/test_encoding.py" line="167" name="test_dump_bson_compatible_objects[False-False-json]" time="0.001"><system-out>ENCODED:
{&quot;uuid&quot;:&quot;e762f5e7-5d12-4b90-922d-76224ad8f52d&quot;,&quot;datetime&quot;:&quot;2020-02-25T19:51:02+00:00&quot;,&quot;bytes&quot;:&quot;536f6d652042696e2044617461&quot;,&quot;raw_bson&quot;:{&quot;key&quot;:&quot;value&quot;,&quot;nested&quot;:{&quot;key&quot;:&quot;value&quot;}},&quot;raw_bson_list&quot;:[{&quot;key&quot;:&quot;value&quot;,&quot;nested&quot;:{&quot;key&quot;:&quot;value&quot;}},{&quot;key&quot;:&quot;value&quot;,&quot;nested&quot;:{&quot;key&quot;:&quot;value&quot;}}]}

DECODED:
{&apos;uuid&apos;: &apos;e762f5e7-5d12-4b90-922d-76224ad8f52d&apos;, &apos;datetime&apos;: &apos;2020-02-25T19:51:02+00:00&apos;, &apos;bytes&apos;: &apos;536f6d652042696e2044617461&apos;, &apos;raw_bson&apos;: {&apos;key&apos;: &apos;value&apos;, &apos;nested&apos;: {&apos;key&apos;: &apos;value&apos;}}, &apos;raw_bson_list&apos;: [{&apos;key&apos;: &apos;value&apos;, &apos;nested&apos;: {&apos;key&apos;: &apos;value&apos;}}, {&apos;key&apos;: &apos;value&apos;, &apos;nested&apos;: {&apos;key&apos;: &apos;value&apos;}}]}
</system-out></testcase><testcase classname="zdevelop.tests.test_encoding.TestBasicEncoding" file="zdevelop/tests/test_encoding.py" line="167" name="test_dump_bson_compatible_objects[False-False-MimeType.YAML]" time="0.007"><system-out>ENCODED:
bytes: 536f6d652042696e2044617461
datetime: &apos;2020-02-25T19:51:02+00:00&apos;
raw_bson:
  key: value
  nested:
    key: value
raw_bson_list:
- key: value
  nested:
    key: value
- key: value
  nested:
    key: value
uuid: 128155b9-e3ca-4824-8907-a0dfd96d6914


DECODED:
{&apos;bytes&apos;: &apos;536f6d652042696e2044617461&apos;, &apos;datetime&apos;: &apos;2020-02-25T19:51:02+00:00&apos;, &apos;raw_bson&apos;: {&apos;key&apos;: &apos;value&apos;, &apos;nested&apos;: {&apos;key&apos;: &apos;value&apos;}}, &apos;raw_bson_list&apos;: [{&apos;key&apos;: &apos;value&apos;, &apos;nested&apos;: {&apos;key&apos;: &apos;value&apos;}}, {&apos;key&apos;: &apos;value&apos;, &apos;nested&apos;: {&apos;key&apos;: &apos;value&apos;}}], &apos;uuid&apos;: &apos;128155b9-e3ca-4824-8907-a0dfd96d6914&apos;}
</system-out></testcase><testcase classname="zdevelop.tests.test_encoding.TestBasicEncoding" file="zdevelop/tests/test_encoding.py" line="167" name="test_dump_bson_compatible_objects[False-False-application/yaml]" time="0.006"><system-out>ENCODED:
bytes: 536f6d652042696e2044617461
datetime: &apos;2020-02-25T19:51:02+00:00&apos;
raw_bson:
  key: value
  nested:
    key: value
raw_bson_list:
- key: value
  nested:
    key: value
- key: value
  nested:
    key: value
uuid: 680f1204-1f24-45d6-a169-480950d9761c


DECODED:
{&apos;bytes&apos;: &apos;536f6d652042696e2044617461&apos;, &apos;datetime&apos;: &apos;2020-02-25T19:51:02+00:00&apos;, &apos;raw_bson&apos;: {&apos;key&apos;: &apos;value&apos;, &apos;nested&apos;: {&apos;key&apos;: &apos;value&apos;}}, &apos;raw_bson_list&apos;: [{&apos;key&apos;: &apos;value&apos;, &apos;nested&apos;: {&apos;key&apos;: &apos;value&apos;}}, {&apos;key&apos;: &apos;value&apos;, &apos;nested&apos;: {&apos;key&apos;: &apos;value&apos;}}], &apos;uuid&apos;: &apos;680f1204-1f24-45d6-a169-480950d9761c&apos;}
</system-out></testcase><testcase classname="zdevelop.tests.test_encoding.TestBasicEncoding" file="zdevelop/tests/test_encoding.py" line="167" name="test_dump_bson_compatible_objects[False-False-application/x-yaml]" time="0.007"><system-out>ENCODED:
bytes: 536f6d652042696e2044617461
datetime: &apos;2020-02-25T19:51:02+00:00&apos;
raw_bson:
  key: value
  nested:
    key: value
raw_bson_list:
- key: value
  nested:
    key: value
- key: value
  nested:
    key: value
uuid: 3e344043-fcc8-4b72-a208-8e82a6672267


DECODED:
{&apos;bytes&apos;: &apos;536f6d652042696e2044617461&apos;, &apos;datetime&apos;: &apos;2020-02-25T19:51:02+00:00&apos;, &apos;raw_bson&apos;: {&apos;key&apos;: &apos;value&apos;, &apos;nested&apos;: {&apos;key&apos;: &apos;value&apos;}}, &apos;raw_bson_list&apos;: [{&apos;key&apos;: &apos;value&apos;, &apos;nested&apos;: {&apos;key&apos;: &apos;value&apos;}}, {&apos;key&apos;: &apos;value&apos;, &apos;nested&apos;: {&apos;key&apos;: &apos;value&apos;}}], &apos;uuid&apos;: &apos;3e344043-fcc8-4b72-a208-8e82a6672267&apos;}
</system-out></testcase><testcase classname="zdevelop.tests.test_encoding.TestBasicEncoding" file="zdevelop/tests/test_encoding.py" line="167" name="test_dump_bson_compatible_objects[False-False-application/YAML]" time="0.007"><system-out>ENCODED:
bytes: 536f6d652042696e2044617461
datetime: &apos;2020-02-25T19:51:02+00:00&apos;
raw_bson:
  key: value
  nested:
    key: value
raw_bson_list:
- key: value
  nested:
    key: value
- key: value
  nested:
    key: value
uuid: ee341470-903e-46ef-a45a-67dda02e60fc


DECODED:
{&apos;bytes&apos;: &apos;536f6d652042696e2044617461&apos;, &apos;datetime&apos;: &apos;2020-02-25T19:51:02+00:00&apos;, &apos;raw_bson&apos;: {&apos;key&apos;: &apos;value&apos;, &apos;nested&apos;: {&apos;key&apos;: &apos;value&apos;}}, &apos;raw_bson_list&apos;: [{&apos;key&apos;: &apos;value&apos;, &apos;nested&apos;: {&apos;key&apos;: &apos;value&apos;}}, {&apos;key&apos;: &apos;value&apos;, &apos;nested&apos;: {&apos;key&apos;: &apos;value&apos;}}], &apos;uuid&apos;: &apos;ee341470-903e-46ef-a45a-67dda02e60fc&apos;}
</system-out></testcase><testcase classname="zdevelop.tests.test_encoding.TestBasicEncoding" file="zdevelop/tests/test_encoding.py" line="167" name="test_dump_bson_compatible_objects[False-False-yaml]" time="0.007"><system-out>ENCODED:
bytes: 536f6d652042696e2044617461
datetime: &apos;2020-02-25T19:51:02+00:00&apos;
raw_bson:
  key: value
  nested:
    key: value
raw_bson_list:
- key: value
  nested:
    key: value
- key: value
  nested:
    key: value
uuid: 8b5d4122-81c9-4e53-808e-579b98cb7e32


DECODED:
{&apos;bytes&apos;: &apos;536f6d652042696e2044617461&apos;, &apos;datetime&apos;: &apos;2020-02-25T19:51:02+00:00&apos;, &apos;raw_bson&apos;: {&apos;key&apos;: &apos;value&apos;, &apos;nested&apos;: {&apos;key&apos;: &apos;value&apos;}}, &apos;raw_bson_list&apos;: [{&apos;key&apos;: &apos;value&apos;, &apos;nested&apos;: {&apos;key&apos;: &apos;value&apos;}}, {&apos;key&apos;: &apos;value&apos;, &apos;nested&apos;: {&apos;key&apos;: &apos;value&apos;}}], &apos;uuid&apos;: &apos;8b5d4122-81c9-4e53-808e-579b98cb7e32&apos;}
</system-out></testcase><testcase classname="zdevelop.tests.test_encoding.TestBasicEncoding" file="zdevelop/tests/test_encoding.py" line="167" name="test_dump_bson_compatible_objects[False-False-YAML]" time="0.006"><system-out>ENCODED:
bytes: 536f6d652042696e2044617461
datetime: &apos;2020-02-25T19:51:02+00:00&apos;
raw_bson:
  key: value
  nested:
    key: value
raw_bson_list:
- key: value
  nested:
    key: value
- key: value
  nested:
    key: value
uuid: 23382f71-fd3f-4b16-b088-fb3bb549f916


DECODED:
{&apos;bytes&apos;: &apos;536f6d652042696e2044617461&apos;, &apos;datetime&apos;: &apos;2020-02-25T19:51:02+00:00&apos;, &apos;raw_bson&apos;: {&apos;key&apos;: &apos;value&apos;, &apos;nested&apos;: {&apos;key&apos;: &apos;value&apos;}}, &apos;raw_bson_list&apos;: [{&apos;key&apos;: &apos;value&apos;, &apos;nested&apos;: {&apos;key&apos;: &apos;value&apos;}}, {&apos;key&apos;: &apos;value&apos;, &apos;nested&apos;: {&apos;key&apos;: &apos;value&apos;}}], &apos;uuid&apos;: &apos;23382f71-fd3f-4b16-b088-fb3bb549f916&apos;}
</system-out></testcase><testcase classname="zdevelop.tests.test_encoding.TestBasicEncoding" file="zdevelop/tests/test_encoding.py" line="167" name="test_dump_bson_compatible_objects[False-False-x-yaml]" time="0.007"><system-out>ENCODED:
bytes: 536f6d652042696e2044617461
datetime: &apos;2020-02-25T19:51:02+00:00&apos;
raw_bson:
  key: value
  nested:
    key: value
raw_bson_list:
- key: value
  nested:
    key: value
- key: value
  nested:
    key: value
uuid: 53705bf1-4755-4433-9fe9-0469758cda89


DECODED:
{&apos;bytes&apos;: &apos;536f6d652042696e2044617461&apos;, &apos;datetime&apos;: &apos;2020-02-25T19:51:02+00:00&apos;, &apos;raw_bson&apos;: {&apos;key&apos;: &apos;value&apos;, &apos;nested&apos;: {&apos;key&apos;: &apos;value&apos;}}, &apos;raw_bson_list&apos;: [{&apos;key&apos;: &apos;value&apos;, &apos;nested&apos;: {&apos;key&apos;: &apos;value&apos;}}, {&apos;key&apos;: &apos;value&apos;, &apos;nested&apos;: {&apos;key&apos;: &apos;value&apos;}}], &apos;uuid&apos;: &apos;53705bf1-4755-4433-9fe9-0469758cda89&apos;}
</system-out></testcase><testcase classname="zdevelop.tests.test_encoding.TestBasicEncoding" file="zdevelop/tests/test_encoding.py" line="167" name="test_dump_bson_compatible_objects[False-False-MimeType.BSON]" time="0.001"><system-out>ENCODED:
{&apos;uuid&apos;: UUID(&apos;8f63c30f-54ec-4193-8dab-195295f3d003&apos;), &apos;datetime&apos;: datetime.datetime(2020, 2, 25, 19, 51, 2), &apos;bytes&apos;: b&apos;Some Bin Data&apos;, &apos;raw_bson&apos;: {&apos;key&apos;: &apos;value&apos;, &apos;nested&apos;: {&apos;key&apos;: &apos;value&apos;}}, &apos;raw_bson_list&apos;: [{&apos;key&apos;: &apos;value&apos;, &apos;nested&apos;: {&apos;key&apos;: &apos;value&apos;}}, {&apos;key&apos;: &apos;value&apos;, &apos;nested&apos;: {&apos;key&apos;: &apos;value&apos;}}]}

DECODED:
RawBSONDocument(b&apos;\xff\x00\x00\x00\x05uuid\x00\x10\x00\x00\x00\x03\x8fc\xc3\x0fT\xecA\x93\x8d\xab\x19R\x95\xf3\xd0\x03\tdatetime\x00p\x18\xe7}p\x01\x00\x00\x05bytes\x00\r\x00\x00\x00\x00Some Bin Data\x03raw_bson\x000\x00\x00\x00\x02key\x00\x06\x00\x00\x00value\x00\x03nested\x00\x14\x00\x00\x00\x02key\x00\x06\x00\x00\x00value\x00\x00\x00\x04raw_bson_list\x00k\x00\x00\x00\x030\x000\x00\x00\x00\x02key\x00\x06\x00\x00\x00value\x00\x03nested\x00\x14\x00\x00\x00\x02key\x00\x06\x00\x00\x00value\x00\x00\x00\x031\x000\x00\x00\x00\x02key\x00\x06\x00\x00\x00value\x00\x03nested\x00\x14\x00\x00\x00\x02key\x00\x06\x00\x00\x00value\x00\x00\x00\x00\x00&apos;, codec_options=CodecOptions(document_class=&lt;class &apos;bson.raw_bson.RawBSONDocument&apos;&gt;, tz_aware=False, uuid_representation=PYTHON_LEGACY, unicode_decode_error_handler=&apos;strict&apos;, tzinfo=None, type_registry=TypeRegistry(type_codecs=[], fallback_encoder=None)))
</system-out></testcase><testcase classname="zdevelop.tests.test_encoding.TestBasicEncoding" file="zdevelop/tests/test_encoding.py" line="167" name="test_dump_bson_compatible_objects[False-False-application/bson]" time="0.001"><system-out>ENCODED:
{&apos;uuid&apos;: UUID(&apos;077faab7-e0d1-4c83-bef8-c91fd9f7d79c&apos;), &apos;datetime&apos;: datetime.datetime(2020, 2, 25, 19, 51, 2), &apos;bytes&apos;: b&apos;Some Bin Data&apos;, &apos;raw_bson&apos;: {&apos;key&apos;: &apos;value&apos;, &apos;nested&apos;: {&apos;key&apos;: &apos;value&apos;}}, &apos;raw_bson_list&apos;: [{&apos;key&apos;: &apos;value&apos;, &apos;nested&apos;: {&apos;key&apos;: &apos;value&apos;}}, {&apos;key&apos;: &apos;value&apos;, &apos;nested&apos;: {&apos;key&apos;: &apos;value&apos;}}]}

DECODED:
RawBSONDocument(b&apos;\xff\x00\x00\x00\x05uuid\x00\x10\x00\x00\x00\x03\x07\x7f\xaa\xb7\xe0\xd1L\x83\xbe\xf8\xc9\x1f\xd9\xf7\xd7\x9c\tdatetime\x00p\x18\xe7}p\x01\x00\x00\x05bytes\x00\r\x00\x00\x00\x00Some Bin Data\x03raw_bson\x000\x00\x00\x00\x02key\x00\x06\x00\x00\x00value\x00\x03nested\x00\x14\x00\x00\x00\x02key\x00\x06\x00\x00\x00value\x00\x00\x00\x04raw_bson_list\x00k\x00\x00\x00\x030\x000\x00\x00\x00\x02key\x00\x06\x00\x00\x00value\x00\x03nested\x00\x14\x00\x00\x00\x02key\x00\x06\x00\x00\x00value\x00\x00\x00\x031\x000\x00\x00\x00\x02key\x00\x06\x00\x00\x00value\x00\x03nested\x00\x14\x00\x00\x00\x02key\x00\x06\x00\x00\x00value\x00\x00\x00\x00\x00&apos;, codec_options=CodecOptions(document_class=&lt;class &apos;bson.raw_bson.RawBSONDocument&apos;&gt;, tz_aware=False, uuid_representation=PYTHON_LEGACY, unicode_decode_error_handler=&apos;strict&apos;, tzinfo=None, type_registry=TypeRegistry(type_codecs=[], fallback_encoder=None)))
</system-out></testcase><testcase classname="zdevelop.tests.test_encoding.TestBasicEncoding" file="zdevelop/tests/test_encoding.py" line="167" name="test_dump_bson_compatible_objects[False-False-application/BSON]" time="0.001"><system-out>ENCODED:
{&apos;uuid&apos;: UUID(&apos;d4686079-4b22-4bc7-b5f3-7c5f82d56f4c&apos;), &apos;datetime&apos;: datetime.datetime(2020, 2, 25, 19, 51, 2), &apos;bytes&apos;: b&apos;Some Bin Data&apos;, &apos;raw_bson&apos;: {&apos;key&apos;: &apos;value&apos;, &apos;nested&apos;: {&apos;key&apos;: &apos;value&apos;}}, &apos;raw_bson_list&apos;: [{&apos;key&apos;: &apos;value&apos;, &apos;nested&apos;: {&apos;key&apos;: &apos;value&apos;}}, {&apos;key&apos;: &apos;value&apos;, &apos;nested&apos;: {&apos;key&apos;: &apos;value&apos;}}]}

DECODED:
RawBSONDocument(b&apos;\xff\x00\x00\x00\x05uuid\x00\x10\x00\x00\x00\x03\xd4h`yK&quot;K\xc7\xb5\xf3|_\x82\xd5oL\tdatetime\x00p\x18\xe7}p\x01\x00\x00\x05bytes\x00\r\x00\x00\x00\x00Some Bin Data\x03raw_bson\x000\x00\x00\x00\x02key\x00\x06\x00\x00\x00value\x00\x03nested\x00\x14\x00\x00\x00\x02key\x00\x06\x00\x00\x00value\x00\x00\x00\x04raw_bson_list\x00k\x00\x00\x00\x030\x000\x00\x00\x00\x02key\x00\x06\x00\x00\x00value\x00\x03nested\x00\x14\x00\x00\x00\x02key\x00\x06\x00\x00\x00value\x00\x00\x00\x031\x000\x00\x00\x00\x02key\x00\x06\x00\x00\x00value\x00\x03nested\x00\x14\x00\x00\x00\x02key\x00\x06\x00\x00\x00value\x00\x00\x00\x00\x00&apos;, codec_options=CodecOptions(document_class=&lt;class &apos;bson.raw_bson.RawBSONDocument&apos;&gt;, tz_aware=False, uuid_representation=PYTHON_LEGACY, unicode_decode_error_handler=&apos;strict&apos;, tzinfo=None, type_registry=TypeRegistry(type_codecs=[], fallback_encoder=None)))
</system-out></testcase><testcase classname="zdevelop.tests.test_encoding.TestBasicEncoding" file="zdevelop/tests/test_encoding.py" line="167" name="test_dump_bson_compatible_objects[False-False-application/x-bson]" time="0.001"><system-out>ENCODED:
{&apos;uuid&apos;: UUID(&apos;67de8a82-7fcf-494e-949e-718d97170a1e&apos;), &apos;datetime&apos;: datetime.datetime(2020, 2, 25, 19, 51, 3), &apos;bytes&apos;: b&apos;Some Bin Data&apos;, &apos;raw_bson&apos;: {&apos;key&apos;: &apos;value&apos;, &apos;nested&apos;: {&apos;key&apos;: &apos;value&apos;}}, &apos;raw_bson_list&apos;: [{&apos;key&apos;: &apos;value&apos;, &apos;nested&apos;: {&apos;key&apos;: &apos;value&apos;}}, {&apos;key&apos;: &apos;value&apos;, &apos;nested&apos;: {&apos;key&apos;: &apos;value&apos;}}]}

DECODED:
RawBSONDocument(b&apos;\xff\x00\x00\x00\x05uuid\x00\x10\x00\x00\x00\x03g\xde\x8a\x82\x7f\xcfIN\x94\x9eq\x8d\x97\x17\n\x1e\tdatetime\x00X\x1c\xe7}p\x01\x00\x00\x05bytes\x00\r\x00\x00\x00\x00Some Bin Data\x03raw_bson\x000\x00\x00\x00\x02key\x00\x06\x00\x00\x00value\x00\x03nested\x00\x14\x00\x00\x00\x02key\x00\x06\x00\x00\x00value\x00\x00\x00\x04raw_bson_list\x00k\x00\x00\x00\x030\x000\x00\x00\x00\x02key\x00\x06\x00\x00\x00value\x00\x03nested\x00\x14\x00\x00\x00\x02key\x00\x06\x00\x00\x00value\x00\x00\x00\x031\x000\x00\x00\x00\x02key\x00\x06\x00\x00\x00value\x00\x03nested\x00\x14\x00\x00\x00\x02key\x00\x06\x00\x00\x00value\x00\x00\x00\x00\x00&apos;, codec_options=CodecOptions(document_class=&lt;class &apos;bson.raw_bson.RawBSONDocument&apos;&gt;, tz_aware=False, uuid_representation=PYTHON_LEGACY, unicode_decode_error_handler=&apos;strict&apos;, tzinfo=None, type_registry=TypeRegistry(type_codecs=[], fallback_encoder=None)))
</system-out></testcase><testcase classname="zdevelop.tests.test_encoding.TestBasicEncoding" file="zdevelop/tests/test_encoding.py" line="167" name="test_dump_bson_compatible_objects[False-False-x-bson]" time="0.002"><system-out>ENCODED:
{&apos;uuid&apos;: UUID(&apos;9f066125-29f4-473c-9195-aa6622161f84&apos;), &apos;datetime&apos;: datetime.datetime(2020, 2, 25, 19, 51, 3), &apos;bytes&apos;: b&apos;Some Bin Data&apos;, &apos;raw_bson&apos;: {&apos;key&apos;: &apos;value&apos;, &apos;nested&apos;: {&apos;key&apos;: &apos;value&apos;}}, &apos;raw_bson_list&apos;: [{&apos;key&apos;: &apos;value&apos;, &apos;nested&apos;: {&apos;key&apos;: &apos;value&apos;}}, {&apos;key&apos;: &apos;value&apos;, &apos;nested&apos;: {&apos;key&apos;: &apos;value&apos;}}]}

DECODED:
RawBSONDocument(b&apos;\xff\x00\x00\x00\x05uuid\x00\x10\x00\x00\x00\x03\x9f\x06a%)\xf4G&lt;\x91\x95\xaaf&quot;\x16\x1f\x84\tdatetime\x00X\x1c\xe7}p\x01\x00\x00\x05bytes\x00\r\x00\x00\x00\x00Some Bin Data\x03raw_bson\x000\x00\x00\x00\x02key\x00\x06\x00\x00\x00value\x00\x03nested\x00\x14\x00\x00\x00\x02key\x00\x06\x00\x00\x00value\x00\x00\x00\x04raw_bson_list\x00k\x00\x00\x00\x030\x000\x00\x00\x00\x02key\x00\x06\x00\x00\x00value\x00\x03nested\x00\x14\x00\x00\x00\x02key\x00\x06\x00\x00\x00value\x00\x00\x00\x031\x000\x00\x00\x00\x02key\x00\x06\x00\x00\x00value\x00\x03nested\x00\x14\x00\x00\x00\x02key\x00\x06\x00\x00\x00value\x00\x00\x00\x00\x00&apos;, codec_options=CodecOptions(document_class=&lt;class &apos;bson.raw_bson.RawBSONDocument&apos;&gt;, tz_aware=False, uuid_representation=PYTHON_LEGACY, unicode_decode_error_handler=&apos;strict&apos;, tzinfo=None, type_registry=TypeRegistry(type_codecs=[], fallback_encoder=None)))
</system-out></testcase><testcase classname="zdevelop.tests.test_encoding.TestBasicEncoding" file="zdevelop/tests/test_encoding.py" line="167" name="test_dump_bson_compatible_objects[False-False-BSON]" time="0.001"><system-out>ENCODED:
{&apos;uuid&apos;: UUID(&apos;526f9213-9434-4290-8b3a-f55bab0b5264&apos;), &apos;datetime&apos;: datetime.datetime(2020, 2, 25, 19, 51, 3), &apos;bytes&apos;: b&apos;Some Bin Data&apos;, &apos;raw_bson&apos;: {&apos;key&apos;: &apos;value&apos;, &apos;nested&apos;: {&apos;key&apos;: &apos;value&apos;}}, &apos;raw_bson_list&apos;: [{&apos;key&apos;: &apos;value&apos;, &apos;nested&apos;: {&apos;key&apos;: &apos;value&apos;}}, {&apos;key&apos;: &apos;value&apos;, &apos;nested&apos;: {&apos;key&apos;: &apos;value&apos;}}]}

DECODED:
RawBSONDocument(b&apos;\xff\x00\x00\x00\x05uuid\x00\x10\x00\x00\x00\x03Ro\x92\x13\x944B\x90\x8b:\xf5[\xab\x0bRd\tdatetime\x00X\x1c\xe7}p\x01\x00\x00\x05bytes\x00\r\x00\x00\x00\x00Some Bin Data\x03raw_bson\x000\x00\x00\x00\x02key\x00\x06\x00\x00\x00value\x00\x03nested\x00\x14\x00\x00\x00\x02key\x00\x06\x00\x00\x00value\x00\x00\x00\x04raw_bson_list\x00k\x00\x00\x00\x030\x000\x00\x00\x00\x02key\x00\x06\x00\x00\x00value\x00\x03nested\x00\x14\x00\x00\x00\x02key\x00\x06\x00\x00\x00value\x00\x00\x00\x031\x000\x00\x00\x00\x02key\x00\x06\x00\x00\x00value\x00\x03nested\x00\x14\x00\x00\x00\x02key\x00\x06\x00\x00\x00value\x00\x00\x00\x00\x00&apos;, codec_options=CodecOptions(document_class=&lt;class &apos;bson.raw_bson.RawBSONDocument&apos;&gt;, tz_aware=False, uuid_representation=PYTHON_LEGACY, unicode_decode_error_handler=&apos;strict&apos;, tzinfo=None, type_registry=TypeRegistry(type_codecs=[], fallback_encoder=None)))
</system-out></testcase><testcase classname="zdevelop.tests.test_encoding.TestBasicEncoding" file="zdevelop/tests/test_encoding.py" line="167" name="test_dump_bson_compatible_objects[False-False-bson]" time="0.001"><system-out>ENCODED:
{&apos;uuid&apos;: UUID(&apos;b493f7b7-dc72-4489-9f8c-9dc578bc8aad&apos;), &apos;datetime&apos;: datetime.datetime(2020, 2, 25, 19, 51, 3), &apos;bytes&apos;: b&apos;Some Bin Data&apos;, &apos;raw_bson&apos;: {&apos;key&apos;: &apos;value&apos;, &apos;nested&apos;: {&apos;key&apos;: &apos;value&apos;}}, &apos;raw_bson_list&apos;: [{&apos;key&apos;: &apos;value&apos;, &apos;nested&apos;: {&apos;key&apos;: &apos;value&apos;}}, {&apos;key&apos;: &apos;value&apos;, &apos;nested&apos;: {&apos;key&apos;: &apos;value&apos;}}]}

DECODED:
RawBSONDocument(b&apos;\xff\x00\x00\x00\x05uuid\x00\x10\x00\x00\x00\x03\xb4\x93\xf7\xb7\xdcrD\x89\x9f\x8c\x9d\xc5x\xbc\x8a\xad\tdatetime\x00X\x1c\xe7}p\x01\x00\x00\x05bytes\x00\r\x00\x00\x00\x00Some Bin Data\x03raw_bson\x000\x00\x00\x00\x02key\x00\x06\x00\x00\x00value\x00\x03nested\x00\x14\x00\x00\x00\x02key\x00\x06\x00\x00\x00value\x00\x00\x00\x04raw_bson_list\x00k\x00\x00\x00\x030\x000\x00\x00\x00\x02key\x00\x06\x00\x00\x00value\x00\x03nested\x00\x14\x00\x00\x00\x02key\x00\x06\x00\x00\x00value\x00\x00\x00\x031\x000\x00\x00\x00\x02key\x00\x06\x00\x00\x00value\x00\x03nested\x00\x14\x00\x00\x00\x02key\x00\x06\x00\x00\x00value\x00\x00\x00\x00\x00&apos;, codec_options=CodecOptions(document_class=&lt;class &apos;bson.raw_bson.RawBSONDocument&apos;&gt;, tz_aware=False, uuid_representation=PYTHON_LEGACY, unicode_decode_error_handler=&apos;strict&apos;, tzinfo=None, type_registry=TypeRegistry(type_codecs=[], fallback_encoder=None)))
</system-out></testcase><testcase classname="zdevelop.tests.test_encoding.TestBasicEncoding" file="zdevelop/tests/test_encoding.py" line="215" name="test_bson_single_list" time="0.001"></testcase><testcase classname="zdevelop.tests.test_encoding.TestBasicEncoding" file="zdevelop/tests/test_encoding.py" line="225" name="test_unknown_mimetype[Some Bin Data0]" time="0.001"></testcase><testcase classname="zdevelop.tests.test_encoding.TestBasicEncoding" file="zdevelop/tests/test_encoding.py" line="225" name="test_unknown_mimetype[Some Bin Data1]" time="0.001"></testcase><testcase classname="zdevelop.tests.test_encoding.TestBasicEncoding" file="zdevelop/tests/test_encoding.py" line="233" name="test_validate_success" time="0.001"></testcase><testcase classname="zdevelop.tests.test_encoding.TestBasicEncoding" file="zdevelop/tests/test_encoding.py" line="239" name="test_return_none" time="0.001"></testcase><testcase classname="zdevelop.tests.test_encoding.TestBasicEncoding" file="zdevelop/tests/test_encoding.py" line="243" name="test_json_encode_bson_types[MimeType.JSON]" time="0.002"><system-out>ENCODED: b&apos;{&quot;id&quot;:&quot;2e4fdadb-a3c9-4e56-8add-8983e2ff7aa0&quot;,&quot;dt&quot;:&quot;2020-02-25T19:51:03.020654+00:00&quot;,&quot;binary&quot;:&quot;89504e470d0a1a0a0000000d4948445200000194000001980800000000406c4b07000000097048597300000c4e00000c4e017f778c23000000f36943435050686f746f73686f70204943432070726f66696c65000078daadd03f4a03411cc5f1ef44d42e5a04ebb980826bb5e5e40f8b6011628a6caa4c66070d617787d99f7ff6061ec1e3788314821751525ba8044bc14ff578cd8307ead90cfba3ce319495c46c62f2593ed7871b0ed80300eb9a60c6e32b80aaae3cbf29d8bea1005e4fcdb03fe26ff65d8802bc0049e11b077c00ab0709026a01f496eb20a004e8ada79301a827a02bfe5100067568e3eae656f4799aa6da14f5d2ebebb6115f36fab272750c75b4e20be07b03e0288bb6d5992d4bab93b3847f37cbe7fa2bbd4f51803ad9ecba1d7717ef7ffeec5cc0274b1b3830ce4dd192000000206348524d00006e27000073af0000dff200008330000077430000c80a0000349500002edc20bf171a000065aa4944415478daed9d7740536d9af6af244c421baa0c0832208a1fd61523ba58578cca67ff5414c7be6a14c63e2a96b18f8a65edabc632625b35a22bb6554118b1ad82652de0aa115c91b2621086fe925cdf1f2711f0150ba2e2fbe6fa2739fd39e777ce53eee77eee0734a9d609a647608262d2b7819231e285e939d63228290dcca2d3b34c4fb25641e98ff5699eed4c4fb23641b92fea52d60a6b0c4b3aa65ddcb6f0c6d74f779136a7f0a33be9b26f3d287abb5456b32928c9adbd5026e1fcbf434116af0954746921320780c1c68dc5aaee0e8ea3d3485e583c67c3551d4966c4ac9ed4aecdb09cb767c8bba23e7cadb4e2390b2bddafdad7983996c59c2e2699ba7d605d00e2c04a581ef6eeb936e19536a544582c3d1fd25802a00f6f5f23c9543f0c2d65d9837d4bc6048d386e3c48d57991f66d62efbcfdf7e0e8f2a16d3c1ac491ba135a92d46f6f68eeb6c2f842c4472ceaee02d1a33de77524f97ce7c992f274bca9055076b4fbbb9ff8bfc9cdb0b40020f519386de663c3b6577e80c41a5ba90f060078aecd3beb060080ecae70fb070b965b0340dd15796f4f79c65e3c4d5f217f9418def1e496c0304636062071f7f575a92fdcbf7678ddd1452cf2144e8c1e24f97c5a5d00ce7e038322e824b94496b680398678ca847d9a184ebd0580740763c7bf21390d0924796e542b91b097288abc86358501e7f5632072067692d4eeec69050066eead5c806124d74a803a47493e7d49164d14afad0db5af27684732ef7e2973af6068c5dca303da5f2fd6dd29e643c89fdd3935c90eee6bd03674f7d52711a37151782a4361bfe382fa4f4e90e71b0ff3123b604ef9699adb09bf391e0044230ffb8ddc68d597240570a51d014c287b8a6629bbc77557f88690643bb40cb3e94ae6279266e840ee44bb5da883ba635747c55f58725b3863a665831eeda4b2db43b18d644fdc2059e200ab26360eeb8e5f9ff194e42ea8ee60e321b85ce365abfe2467c0ccb739d627bc6130fa7be31c134496a1fda41d495a4fe48bd670b8561ba014ad3e66fc9b28bca7069d87b72183c9b4b32c22993b11568820492ec138929c8210b89164de002c361c7618811a4751acf12c7a7b6fe14f28d6b41ae48cde7ab2be4ff9553660f876670c2ac4ef2b5cfac10bd2ab11b91cc904b08b5d70f002faa34ba5942fc271721b3a28e1554a8ec031924cbeaf675367528ddd240f606b229677c46e924f4b48bebe51c68d384e6ac43e45b1e8c971d84abecc2469d32dd913dd5ed7b6c663227a56580ac33a322b3cd07f17c7238924936186b0a7b159e4014835248742d5d081249985d686c346613f0fbce5c997e84692ccb56aa527731be308d9186fcba002e7fa854c77c316576949e5c478d9935bb09fb0935ac59949f3f6416959fffee3f26c52dfd0a98cd4b7427b600739039b8c5bdaa09051d849720f56dcc1340be4543cf356a8c815d8c4126b8bd2d6b8c3d2a4fb3a16a1ae23a6ea6a5d8b3e1a832a2ccd80e2ec0c1900dc532291e48d4608861870c9e575a09b9e1c89236d852414a1bee1b0fac82003b1deb07803a30d1fd046923c8b0e645ba41b2f12812d24af882deb6175f89ecc0a976f06321ecb2869be15620c651876380190ee36eef00cc124b91a12c0f11557639671cb70dce34dcc251981e51a0c97e08d5a2175dd612c47a1229be131d91db74763f4642bc03f3517106da9856696439858b1b66c03c06cf485b1583b01616bc77903fdcea3c9f08e48a506c0625209955c4842bcf14bd18b9c48de444bc3590e6035493204c924596a25ce653b688c1719207e45928321028056152e2f079988f1b4f5e26673c747ec80dbf5ccd707b9ac34ee108330924c0020c3301e427fe396a938cf3bf0ecd2dcd3127332d1b3135c0173310e0b9bd7610ff3211dd0c8518add4f2d01496b6f78a603d2d0d4da07653656565c7cb972c8b4c7e436840ab5afa6fbf427309705f16416ec1c44dba9c406b9508e2bb1dcf8fed69d1ed87ab00486d278315424c9ce667ac3b3be4b7939943a2d0c1f0c30e2ccdee877a03cc100d67124f34a5864212bf245c51cff24c249520ba08f2f4edf428bf28cf71c9f422a06ac30bb18fef152b43d55a6465323b313bc02885c9ccc3099d7944b5fb2b835f6c0b501acfe5256dba00cc791f7ac5d89e95db16acdd1a7240f1acb734bd9652bd1b67958d2c49e24af88edb2850d7186aaad810547218624d9d55658f64032bd91fdb6c4196d8022c3bcca979583d420980dc424c92bf0a70229157688c564924c81193a5c137926c3c5b8652ed47c80a0c202aaa1a46523fdad5b7a520f0b61f378c4701b161691170d051ea9c436742f5d66869ec5b50c8a3f6e962f942db92afc198abd721408ffd76283f0a7317497acd016a19e66242fd863bbe1b0480cbb9796193fc6582bee2d645b6c8b3292bc833a65b47e9b6c8d502e681b61b001cf5b35808e0f308a9df186245508656fa1bef1f6d86e24b90a5de0cf7108817df997728c37a024198b204a5d8e8b13496a60a80706219a637081e433343eaec826c911d8053979a32e46d53228be86fc5fa82e610449f2b99534c30d86d6e04cec13fef4c20b5e9401031b23bb78b919661a0f5b87ad24a986d2484f68730f4622c9fc9658ca5258bf6dfc4b1b9591977cd0f35cb921c150fb82963730960a6408d58e4d1c2cb48e8c6a6a769fba6d32c945b4e66b2709ea18374c410c63309be463b424ecb7e32899dfc9f89e0cc0753694e593d4c27b2d4e90d437c06d3425996c87135c1f585a3ba02c5e9578c7031d3bb41e6ecc225a5a3e24f9ba05a6538cd946abccc1d79a7b89d733c7e212b91968db167debc1acbc191c8c58923c6a84d2c8f0919d40e7ac9c434d1150ca74b856b087b61bd742846eb9918677a0c21bf294cf3095012816f297c31c8ec397d4eb278f5926d802b6a34e903724bb9f434eaa602c32c8109c662ca6902cb116e75a98a55b3a6e3cd41ccd0cd5690512d3d08924efa35502a693a593d19275cce248ee408bb3304bae1d50e4c6b2e06d46740875c2cf45d4479762da214458b7dcb08fc407c9a4be33da0503e875bbc2b394e655fa5206c3d25e666eef39a10d0020504ba64bcaadd22f7d013451eb996136a77282c69b3f24ef15d2db8b24b9005bb9c498c425866c4a02718f5b7c82d1a4ae8750ee1bbfe707e84d927d10e3222a3d6e034061349375c7b5eb584592d7a5b374759dcf6c6b853a77d81e4749eaa7eed5f45c564bb2afb2c3837a0e5f76f4c6cd936f0db3e1960030209f1c8843065b49581779c7c0a0be5eea3365241f35df797dc489c715cf736cb7a1263c41584eeb6a6e2305d0376f9e5fabc1e74992d9af2a5cf7f2c907821ded9d0415bf343ce17582a1f0a09e4913ba8d183979ddae95864dccb8914d92b75e902c2d4fc676ec62aea81d49eeb6bb32cb2f9fd99b579e7c6b8f9bebfc407f47684ebed2731300f47e4e5e0b2daa2dfd291f52c6fa71d34e9364d1d3cf3df482f9ee4a86e3427e4395de2c229fa455dd275069e9d8cce5f1b5ac93ebabf598fce2faaef4f3aed60e286534892499e4733db79e85e66b4229bd6fcc804bce6d5e7ff46dde72f752e5fdb4ce63c80c437172f156d5d63afddd43673edf4491fb22e74781926167f7725f79c5bf26a12425debf7974c9205f291a1b9e741b00c605b29b179913eabd8624e392c837f5f124ccec3949a63800f55697db6895932b9cf75f9d01c0673f772f26c9f473272fa8776f5c4b92dac4f20e8a920a258beee6684740dce95ca504fe0c52eec1c941638e9692a4ae6af78e3cfd7b3e726dcde4a0196793f93c9b6a84d2c736ff2b407132d6689b185a890b11b0f15fa78490aa1324d9cda6b4a815802ed97c6edd86e46cec5d84fd825d6cdb2267381c309e4ae16528c28747f208bc561e578db5933ce82ed3971d6a67b88af4dc82eeae22c05815bde569ad7e9b945330ef397952a099e860fa342f98355c50425e6d209e6b7c1489c93ab2789e2d600e8c22f9b23d3abe22a7b47f4292bc5dc1316a99a85e52a56a45d49caef5a5a8f786244b07fbbf353ee7ded4936471dcaae18ac0d0724b5bd9cf1b8bc909390b3af97a3989802eecea46bdb36dc96c447e052867674c9ce62d3e99f4b6fad9406ca857b9f7126c22daf9e80f0bf4e74a1c23b91a4b17e30a49aec139162cb112eaf7247b193a145f8a9cca1ad7d592640f5c6b8f2c3fc81aa07f58d86c1b00b06fe836c3f07a9578406af1d62923147b49f21a5c1dd1b073373bfc99091680686219c9942100bc623903fdcfe531bd159299d704eee8cb3c315a979299ede0f1f6415e155942ae23a313484e685f3cdd1180d4cb3f2893242f0221a46e799778b22d3a65326f655de1a571222f082dac40a73c3eefe9606fef3dce98af37f6bf044b19e0d1b65f24dd5b9181b8771923bf529932bebc3383f9684252f3a08c8d9a926437a45a372b8d4d6d8a98f128227918214ac120b61f6a9289f6e20463cbdd903b34c575593392c54ab4d60dc5d5064bf3a2a122cfa2ebaa532f2b5c380263f7a0b9716993d0f4c90424e7495ec01076003ad4c528f2ba3dfca60d92c972da0816c89178cce9082d6e8aab390096b2448ef20f900ac406623f732cddf464537447a3ba9e4925e44251eb1be4494096c4f9807bc965d8a2f16b6fb8a147fc8b7ba757fb5f14995d234907b3d2c286b0f3b497c2f28e70d2ce96fa746e106cdd45a200722e82f57dd77c2528c3f1a43c2f163b6ce86707783f0ab0d4dcbfa46e8515d846720f86f83b09dd5e837be295d0445793e411633f58300ced8011d8e681fb510b1aa0710a67e3b09e4cc002721dee55be70473c6200cebc355cae22a91f0d2099ccf647c43d0c58a979511747335d449bf5e49d5d0cc36992c956ae65a9d226253c8d8139a8672fbd1e8e965662634fe563910f93448df577d08be45a0c595b3ac44c4f6e128b607e98096888b6cf2d1c5ae1e1509c1c8aee7597eb44414267d7291f342c2429b2e736f4d791f92b2d84fe6ef6431e3953e8637888a1646adfb8afd74e1987c4f28511007e236f8580818672a00f9e924c8747732fe1d10df7450949ee156cf1a5465792c130647cab316d246c008bd979e446ac2699883052859357376d2d2f1933c5adc923e867583c8d39647630bcc3b0feda1227f4d4cfc1099247d16d318cde4067b091c587ea613317e2089927b1ce847c0fecedc471223be389b76211d91ed7e3b096e41dd4234391c99b9226693b6492132fd07b08acb0ac0b52eb58159734c715d25e2e189e4fcc002692843dfb18ba188cb583c14822a7e09650fecdfdca8d4765452865118b23ffce522b4910260c9b1a66013fcb5292b443e37a24b913933dcd29dc818a246fa1ad70e448e3694ea36f283a018373499ec00423949d9000e5f6281ec5d44cea2c2c0ce5d955b40c1b6809ef278900209d59cc9e482559005963593e49eac91b686a2f816421e96b9d7d6adb3a2fc441cec940e787e55d5a4a5c20b723f42cfe4a52678f34ce8486bdcc34e43191e36b7429524a7d737d908400f2347a91aef585f76ce51e4014479ad9d3deb272613f0cd7c8a142bfc3e6f2eeffaf042514777e6676b0908e8486643dcb764247903dfc51407220226c5d0d50f690e42c635d3dc8f8a524a2cd641c3be386862964348249dec00c528d1e6b8f2e7ef8f622d300d8d617e3acb0f8000024b3f39804c0f20849398a49e6c0cad981a4bbb9746249229c00b744b24c6a6e0100d881862c9b582726bedcb325004395c31ac3438d032419880b54e276bea49bf0eeec943622a9a795790cc69669e26dc4cfd8d05ef800669c80afa86e0ecda49968412e0d0eea3c32dff8d2c590fdf148a8a31efbca506654cceb05b37a129a04434352e2dc1be9249fc15189fb649a85dd6b333b43f7969ae4131bcbe746281a72f962f231da84e13c73faa1958e37d09be405cc25376257a5eb0622a84b5d7b174c13169fa1d3e94baf492663400044a13a0640c88c0675c02372d688006cb983c9fbac1154cc14c07bccf2e572ac8550153f8e20e389eb0080990cf3b04548989a4a24260b59ce618c747526c9a768be1fae3600309fcd2c850273c84d8c9b8ec974c473b421278b019c2fef096373a1e05c8b6d5f19cae40ad957a4c533c1a43b7c303424a5ce5bb194d48fc1cc280ce36b3f2ca58750a684630f79cffbad7bd7703c620290ceabe8b010fbc9327fa8791b83481ec14a7283f1f60c6a8b1c92e7d041587c843ec62f2d4c1f618735ec863764a107ce6d127a861f615a34a6f3a107fa96660b0cd6639601ca2e63d700f3458d0a1f3ec91f812102065fc45289c4679821e46d2b1ddd49f22cc66d8673e33e53e7a203bba388e465281e2030dfc3ec7643a408fe6b39ffcf98ea7e8827bd847bd76c48fbca50c65680128f5124756d71621c2e92f4126beb48e6efed09d7d7a54dd1d0119d8ae88fe8c3c3db872e8577d4044bf42b7bdb6711c701c065aec4c855d840723786f211ba9254610b39f76d45cbd024829ee4333434b250087f2e63051907c7c201b8458e460fe6d535bb4a72017645613df9a21ee6ea3150c843c71bcc0fdb85674ef2a9e041b801ed3098e40538163218b74a1c1a169207444ed9d26624b9120be7e014c942891d83f08ce42d288ac52d791c013ed034143a381b880d56a5f6784cd6b1aa8e1fd86742c9d933775d07ec2b2d4b15ec12fa4e88c88857a2857e2ae6926c89f8383b00f2fbe4e3ce22ab19f9e44600807c1f00d884bfb5502ec3d97b626bb489ae8773bbd081e40db465a9cc9ba40abbc9704cbe12756047f8d6fb86ee5d2b922c84d408c5e08db90b2a92cd70711b063f19019767e46991e32546c9ea146cc70192b7c4e6afed02487211821160801246e389460a5f82a28ef9239e72848a1c060d27c27f7e2f482f5c16f04d40e430dc15cc1aba2068483e445b3ada915d2042ca142c227912fe34424923ebe029c9dc4927be26949d42bd576c0683e37a820c006c6ff1b6cf3992a7da5c66d6e6b53102b2c262922c9de137e2804697d6a4dbc0cd153aa70e605e4becea026028efa215c982e075e4c11b2423b0838c357863c3cfd0bb5c97246905e1e5bb834061fd2aac213912dbf31b00704820c98d22910da467b950c84cfa23caa78590d1b7c31443bd63cc5b280b49320101ab6066074c2539040f99df0740cbcbdc29ba43924371ae8da48ca4de46523c16b1243568ce6ee27c3e3007b2326d2ca2525659bd2dd2e59232d243ac2539174e2fbe2294fc4b97d64dede56b2e6efdc0688f1ad1fd0f4b33abf18dbeb604bae98a97f6df56462ea95c3b298ed4927c384f3922242c6c7a94b072bfd0f8686c657c969d843f3175a2481e6d708d69533acd34f81edde8ed35f80179a1e37d927c302c7bfd0e923cd8743a4e0b3b18733f3ef28a144af460fd7a4fa7c0f32479614629c9c4a357485218987175cc2b9f9642d5bc0d97e222c93c8917a7bb905c0a5b3d2344002cd6bfb59fa5934c38273459defa7bd6f64eaeed769daa03b3c850e54cade44cfec92a3865b034cf52bfd31bb1e9d1c78e7da621c98c397759262462ef51328fa47ecf3592e707b49ffdde0e93a316bee9bf8c9ec78f2ae1d52fb543cc3464db04c52413141314934c504c504c3241f9b543391666522dd3114861522d9314b0529b54abe40c948f2933a976c8cb04c504c5a45f3494c2fffaebf2057f564699a0d412955c9ad1522254540691bc136b82f2dd75c315001a0e9fbe72ede66724fd1a9237f6ad9ef5cffd7b05a790baff5823f4bd460f6adf7561aa09ca37d14c49d0fe70ec26ff7d1149ea2cfe89f30d61d3709d9ab686386ce130733583d981f203ffedb009cad7d24f99e45eac21bb4949f201c6eaad7ff7e7f5078e9f8f3d5f96540780550af9dfbf69fb82daf5329bbc7f7b261cf754625e6a82f215b5176bc8e6bf25c963589c66f4cbe36b77d15ffed1057593f927ec204925166318495217f08983db4c50aaa99d58439dad0b49fe2b563f781b0f6532fe85fcbb024d8b7ae02a49fe5f5cb6144793e46a342f54d6893241f96a5a884d2c40fd1b4766c8a5d8711bffb46df3619299b20e7a92054db1793492496e446bae81dbff9209e6e60f8fc11831c104e52b68288e33c568c03b701d00f03fe472838f600c1a0cc391bbff3d0176ff455d00ba943dad8bf53c02f1311394afa62eb8c968d4ef3961dddf42b03b16adc2febc5a4ffed36f8451003f99a331cc01b8fd17c9ccdf635413cc25f591974c65cad7537dbce136c11b7831569d347ad03b1be3503aa0aef88f4067c1b9314e0c4cd09bda295f577a6b6b72a130e8630be61f37fa05bb7a0abf0fc56ebf37e73248fe5d589e82c01f86c90f0b25072ee41f8531db91181c25448122db487248b2a413fe62e542ce360ed53d62889a173ea4c404e56be939dcc9c942dce95478254014bb6b86a2d9efad305c473ee904bf3c331f523f16bf7f4992dbf14792bc8c4f0b2e6082521dbd407372ffef85e1b8f570b8425f6aa3de7209fe212315ed4896b4137cebff2c8cd43b0beb0726285f4d91a7caffff056d433a0f59bce78a26fbc0ba56007e37b7988f85a09d2f6d904832c4103b32ee99a94cf936fa697d0542bc7f26e127926511c218c02d9e8f49bebe50fae3dc8fa9e7d104c52413141314934c504c504c324131413141314131c904c504c52413141314934c502aa8e8dae143476fe94c506a8fee8eb1060034de536a82523b74bbb708e296a39403dd81e6374d506a81ae7515a3cea24c92d41f6a0ac90a9d09ca7756e904099c96141817cbc265e8966d82f27e9d3af14d9256160cdb0d9526e24af482db9e321394f7280f36df2265c57de092f4ce3a6d7fa0add604e5e7d296cfb0fb7599b826fd7c75840fba9498a0fc4c2532c937f0009d0097f77a036537c66413949fcb1ac55f3d5d0b615385d7dc135b1c3341f999ecbf7e34aa5322c9b9aab61d86cd5313946f0fa5d853989ee1fd9a88f63a13946f0e6505fc3e506c153634ce9e6e82f256b65f1b4a82547ce543db23d04467825259907de5967c53614280aa9b954d71d204a592f23f72405a1a49e65e3d5fdd56de06b4fc88417823ba9ba0bcd378acf7ded513ae0b7fda3bbde6c32033c02c54981b56736ec782de1d9b0ba30f6fcecd2399712ea1ca42e38d1d3e3617758e9528d504a5a25e944f145c51afc58646dd486c3d61693e7ccb0e3956de3cae0db6070088da64e491640f5c262f5a029e61554c1f300f5d3f9a868915e6b4334121a981fcbdeb3dda08bfeb30a3192e924cc4c06e6e93d0de0f2b2e1e38c341d283246dccf54cb7978404dbc1f6bdc11f5ec870fda369386e9c3ac50445d0a32aa03433cccfbc13612d1045ea0661eb6cc424320297d8da973eb0cba64ee4484ec47232775b832eefff08067c3c0db952b32213948a1556e3ec71efa8ad6182d11d98bd0d011bf6faa379c9761c214fe20815961c0dcc633e1af2a9b851094916e7bcefec62ab4f99e7ad9930d1a809ca5b28ef9fe0476168be6cc3341500a07f3623b08c3c0e1515e05ec0e6751e3cb9061baa3cb9ae393e69c6e37ec264ce2628069d2a9fb4b2927a18a02cc20a15825de07c85bc8019c2f4b46dc08770454889c89e437087054d1cbb2692e7c68c5c5769bea4d3702ef894444cf93476bf1a286a8c7feffade78c14347c861387c186b5e0f87d901dec5686126ba56608959405b71bc484a059e316d442f0b371d47b9d9027ef1e51f4a0bacfda4446c7a3bf59c098a0045f9def59310735b847b6c8e2435c2c90889f47e2294e43a9ca0973569d3f5aa597d07bc0a14e6380e463e49dda50932fb0ce33916c0e7d30af0d3e8628252094ac87bd75f42f04460da4bd8eb4f610ec9f998920025b902d1f4b427651d381f40e2422c23a9b5f3a6b1109a67f877436c76fdd312710f8d4c503ee14bd135869993b5ab12a13c8f59246fa3f36d0c2567229e4dadf81a3d58d61538982a6a55c6dcee6f673ecc3133b4460bbd3fb94df8fadb380afcf0650a535ac9f68501f6998c4520c974c8cb1a8d22a7e226431d78030b49ad2f667000062cf784e26d5f7b2b89306962385a7cb2af8a050a4d50ca155545ed8b24a95f33ec32f9ca690a49f69bc1623df9ea869e6565cc5df88064faf434663600cc6795f729cfc27e92ccb4c1a78748f3c443139472c5a067b52e55f830ee6aac30157df1d963154dc84fc54d7424a761f8a79fad3de24d50ca75f7ed9cbbef5369843242f86648b2eccad4dec19b5e9309e31a02c0db89ad2b6b04b6930952e9e34f4f45204e99a0546cd1b7ae7a63720b00b3c87b1dec86a792bd015bc072de6b2b38f80d0c1a33facc7b8f7a616bfb92fe58f419a91882232628e57a028f2ab7bd7041f0295ff1d347b6001caf9534c473bedae084c93d11fdc1ca43fbec48787e8e8d7112542628e5ca806395db3a6109f964c4cb2e660b36cf85a3760cd24866584a951f8642ea5a7cde539e8f952628e5caafba8ffe38faea49f206a6921c839921b84392de188a250b87adfac05937c0e3b35cfcd6fd2021d2bf11148a50553e23c75d92e474dc27990ac730c4907c2c76190300a2aa073264d8e2f3e29def3244ea344111540759efdff01cad0cf5d5ba244907f12aa84986624a2facbbfcfc5ad5e71c230417fc741df894beb05f11144f541188f19c711a00c70e24992bb65b8063e41991d5b33e78f4a153a68a65c99f978838b43741a9944955f1004f2154f853d79f24d762ec3c4433ca162a76fbb087caf8cfce8c92d0d004a582fc51c588d034914f11c9b4db3d2c72c90332d9a330f46e0fccd0538951aaf0a56133fabf7770c913339fcfb56465c0c904a58214385fc5965ef08b38b8c0d5622306aa87c16c3fe70270de46f2b8316af07be7341b84ed9f9bf02291a5094a05f583baaad7b73900885797f506d0e01c1937717f4c1149662e9b1b362f3c3cfcd8fb7cf01e883d3e7f8cbc3d4c502a6854d5cdbcd28890e18b1249dda135e73f7dc46877acfefc94dbd61228d9633ceb587bf4d8c37bdb775d13eeb9f4c6963943c7a6917c7cf6fc4ddd378132e9438347aaa13da89bfbf947d9a1760cdf9e04db06f5ade03f14001c2767e6fdb995306ff996addd6c0154c3c3a33a50e6d6accfe823eb2ab3c30fa97e2de950f14106c9cceea229099797f8a0d742d4ed13bae77246744fd8749f346f458babdf044a788d42d177c1c8ea1ce78f2bb58149b1d88d2413452b49f2b979cb1443ed5ed70e4fbe6199128eb9357857eb513fbf3ac77546ad98c9498b1624b915b7495ef2c45eadb10f301cb7f5b9df0ccaf62abaaaaaa573926ace6832a0760c12d6c26b43f8f6670b71e1fcd63e22d1126ae134a2efe057e44c58e173fa52bf0cca7e4cadb17bba6d5d951bc6c734f1f3db365f430f0000d3c300009d2e93cf2185bded2d7202464fecdff35b41a9cac7a81acaf140b3bcea1d3a031b0dcd484deaebef07e50d6c4f455f4c9f04a0f15dc1d4d03d57a723a984e61b96293507a538008d33aa79ec7cace3a359633ab99a01b0f19df6bd8281d9c848721e963542dd1324ef6184b0a13f9ed70094ad330c7fd6f429219f6df91bc9c287ff12d022f8908e0525244b42126b124a59309a6555f7e0b598cf0b907ac9872c5d3076404b317cbfcf04b4bef85f92e138571826c372f2bcf1e97483b606a0f4b732fc698e5cee9602dd349c0338798ad14f37c182e404ecaa41286ffaa1eef36a1fbd09e3c872eb4c66b89368cff780d21b77486e858abc698f2b3c8d696f62b784ef28ea81573500651cf28c2b8b932d5ca67bc1e1ce52a8754c6985e34128e44951077dcd41b9d508aeb7bfa0da86ce9557a4788ace7c072863104df20416923c805e8c800c00b07520d6c62c19e6672b3bf52550e61a3ba25a206598e82af5cbd0623b2e905c82b5a17870c7d6fc2e491ea90928792becd131e30b4ef0004dde59f3ccb6c577801282449299b22092c5d6ce3c67e5e8ad502e5b9d2354c860db21e14ba02c40a2b1b11c6b1140925d301a7bb2354b2592c485d8e56688bea1fa7228ba482f60cc1705b9cb80d5bbabc67d0f73d836bf5c924cce23c9b8381adc1049fda125611ba2d3be30fb5a6798a19a0acc121a01bbd103ce00cc0f70292c8cfe236bbeb49d52babb09209aff4ea9afd566dcd63cb87ce572945abd6bfdaa7d91e7aebdf99079c60cef76989da8b2a3e75ba8e0ca8e1a9aafb0229443986d84d24318e7791263600e6011b915686428b816febcd9967639ea42e253cdedd48f7720be3939c60940935d27f76f0e9b3cba9bbc898bbd8585bd25de239173bb61f376de7fff175517efe67ef90d62bf0f8fd7b16b87b73403e69024b346f91d37a64853f28550b2d099c5e14f49051a2393246762bd65f3533d4418a73b06c07ac24b21173d42927b023a7a3800b071b2372b7f8ccd7ab5681c387c6250c8dab953d79eb87e39f1727474f4a9bdbbd6ce091d13d443d1d24dfcee93b76ed8a04143ef263d5a070d0d0a560e1dab9cbf7ad5cec3aaf58b268ff2730600388e3af61e9fb016f86cfbebab835fa199797ab81b00489b07efba37e121c9f680e409797da1a21e8c731a57bff1e86e59ba1addc816e8825b249f58db67d5af435eb4c7c14be83cb30eec6348060bf3287700aceab46ce055dfdea541a751cab10315818aae0dead66f540f1f52037777a7fabe1d83a7addb77205e9351c118f9fa3de6bbc2fb67968f70055cb6fdec73e963cc6d8d6fe57bec9a2fa35467cb3b99d23c3196e4636345ba204bf3b36822299d3fd3a47600528ffee87e2b9fe44838bee01eb41c8b2de71a01b072112ff852282311531f526d894cb20ebbc8879e584d2f31c99d08ba8ff62c9c02592cd94b70787f9e965f457c95028d46737d7de8ccb049ca1141e3944ae5f4b0159b0e5e888ebdfbe255d5fec23916fdab2a3e6e8f3747bb873fabf6541af9bd542aea6adc2573c20d96dcdf3bca0b00de86d82b6d05b4617177d439cbbd1de58dac002082e493f8576459f30142e630f8f39ee0a969797c8c39e4cd856516220cd03544ec06ccb0c7c0c8245d6ed69796298c811bcc312f0a01af2ced170c9561a29e2d41f221e4f9623b92e1707e4ac5c7fc82aba7931f1af0abe902b389399556adaa14e1f30a5c1ac3fa1a79359b3c8d81d32d01c067f492de4924cb4ea792fbd1032db9164da5d2fbf31dad61d1dc4fd1ed21395104e922bd0ee23492ad518d72e93cb6903d7159e41980e1684615c2a623ae460a7a7230446a47697d4471a70470df4fd21d24efc19f4231331a2bab7631fad256d8e10f6d3e5c1fee172aae88424085a52138ab0b83677e89d904324b6c39ba4700e6bc62ee40a0f9356e834b015b8a6ea1a9ced5fcf5460492f4f421d36e90bb00473b2c635d2c206929aa46b1b31211e47444d6377f6a012ce1362c1987ebb763d26b024aa9fa32f74910a427534f9c2b23c9b57348e6f75fc3edd349b2e448195b7c9d8ed886f8f0b75e384b84d1158a1d0d9c2b347cecedcbc8de58f5064a920138cb4484907d616e01f3cb6b8149e7d137177ef7104c5d1b5c22e5323214b7cb5c9dd333ef594a9f79c13a83ba6a05990f43023912d16d90b61a66c90cc7aa2000b0ceaf012824c93b673fd2a86b84af327ff8c77d862e3546a3f2902c3a9b0a6dc5071844f221bc7518407211e6518b9ebc80beaf8b97c16d1d803a884981621fd6b2741b02c93e78c921d09cc37c92b3b1c40f18c9d7d582a24422d903f726e17ce9d233e4381c1e88d049a1fdbe9de9de0d2fbf06148f8ffb0c158e867457853a71b9c7f84e2c240b9f35460cfa90bc80de2c818241a2672447a31dfc1ba00d1fa3dd1ab4692a06f08483718f13707523ce91dc85590ad4c7991c5854174a13bc5a811d24c9f6b8ab40f5ed15d58162f97e9b74e5440811568a85c6e4a78c3c29b3937c828754a46db9d746cf0a1dc9f3d0bc8da71440a854413215ed998bd6746c4c924970827fd1f16cc6a3d75c005e7237ace54c9ce32aec0f4722c9cd58d6077bcd1c9fcbf0e6f39fe20424924e62aa0d89b341b102da6f0ca5e292f181bf762a77a7289e6a01ebeea7f48592d924cbe6581a9f5ecea1f9ebde90cc166ac63d2a8c7fb85945c4aa7774c7c5d8e3c8791506498e056053bf9d1c4d6c5ad110284e2acf431f92bc8156684e92d1181a86b87cf238fa7101f6730bc2e7e33cc9201c0bc2bd65f8879fdb093e41e390487a3af288018ac89e1d2194f23999df064aa5cc3fcecc606f7a0205593cb9899ae47a0c9cda4d8ade253205f9b2359c63847dce980370ba4e367429249904eff2130dc2c14fba7a92bdc470b6c80acde5202414902c3197347326791edd99037f5a372159dc0e7b1c2d05284161d0907c890654613da331e53c66907764ce454148d475038c56d9cfcbbe8e933d655c8d9d2459082f0ec0b988495dbd65f8dc764f35a1b85484720c07843f77a1204300718f3b5c8f04f26577ec72accb876e186c309abdb277d8b873341c5ed005a1244f5548f04234fe447fe233225b6168f77358bdb52cf5408ee18509c67316fb6113b3d0847d7120e7642b74d03500495e83623a5248eaac443997309819e854e42adda172c14ef6c51d6aff0faa135d77afd775f2f97d211b230bcdacf57d0d068c7a66eedffe4b396b8c769388367c2ab169e806abeb1188263913bb5a8b125c44cbcb1ffc2192d3318281c059528549862dda9170bcf7a9d75f0aa7cb24495fbc6db834b434a64d854937dba05d316929be96680e003db4943b90e42b388e408150149f7e0e27725914cf9b03a2d9641f6492772daae5ae69d085e1c28b7578096fb66b37615bf49352debefbeda13cc5308369036e5c8a78eac3e1771847a95d2a76d42a602bd9f1765f4f571dc92217f18bc580671e550607b282f50ef0f96426d42f15595d24c94dc69163641b43004b4b495e7d001db348b6c131de1be83ff41cc910219a5f6bcc9c62b0286dd64f3498691e2d99778be4f2662439a216b8937d31943c63f95c2a96b1a77929493966a16b5b3338c5b12bd0efad812cc3f00c2762cb398830862a84b2e051f2027b38acffe9b3b20b894316c9545819bb0ad20cedf0d8537c11da5da523c9f3837fd61acd3256a2a3eadc78ffa97335fcf1a1d0c21878ab1e725af890e47cf406e0ba289bec0629861aebca71584192dc8e19f7d0ae3ea25550723b8006eb3fd7f76b1106916473c4f017a82f87e269f1f6541a87ae24390d036003c96a92dda06e8c2186f6c7054365f634c6bc418b93f0de0825f3b74d3cf7f923388a1a6315c92958fedead55667cef6f3bc4ec2659985a42f2e6ec092b2f94fd8050cc2a0d6c6b8157c9ede69274c273e72e24cb5a6009c20e5861261984f32f3c8d1d9a970c7dfb8bb18870e740381bcba3cfd7233b493ca9c6900acdd583e3c60d9f191636b25ee7b710562bd2f489170e2d9c3e5b19cfbca93630f7bd6cdcf8e6a8d164d31a0f667a0222b7095b841ad3d51f0eca3b36bb2138d3174864910c85bece3aea26a07534c298680f15c742cd0796a2a342f3d2a20549a63b4a9ed2d29919aef882b1f0a744ae1abe845df95bddcfd88d2696b40b2d664e6461c92088eecc32ac9d53d0068ebeae6f63c29fb103c6e9b60e22690b0f58356fed81f65e8d1e686e4c95b894fe705f4ae503d6a1bb4884a1dc8bf65c80b14b9bc2253906b3c8d3a8531086dde45e5808fe5dbd719b7cd91853497b4f3212958cef9fa985685542cf0a51bf4eed49b803ef23eae8350096f200ae0d41e3559c8da91b23632f9dd3ce47a73cf29aa16df8c8122211e68f11e75283468dcc4bc992cc57f027c9c0ef3c1ee9cba1680084d6359b6383737cd51440570da3d181643b9c38846924a74330979e82f7de307b0416b3ccb235a96ff3fea90c3ef183ed8e599cfb8eb713e46491a3ed156b57dd1ef863481939d7d0fb536a2b4927f38cdf403fd19937f76ca433708e473132a08ee65a7c014b1cbc481e91dafd805f4ae528465d207916210116922c3977f429c9e7a226243760da1d4c2259107cd868b8032c161693fa31bb48c649da7e41d25fb94ae2d36496e9ef42d987990cc4f568c0b788e46a83f926053ec787d68555bffb24f952dc9be40a74441857628102000693de9629fbbac1ec087ff02f854fbaed206faca934d82df23ac9e29325cca95c93391f1e51d15f2e39ef4bd27e0a6e2f476271a58a6123b23fee710316de84e03bb80380a40b59640b40e26e01e73c92bb7088e413b4ace3ae1f8f836d3174fc9808b209a440dbef3d9b770d40f97e9a8be667e05db1422dad4bbaa1bea31d5ade0224836e929750bf7d1b8f52f244e7a18773581a88e324a70b562ad88dc7a500dcea6a30b4cb01582ece3541a9bef43db1d04388d46a90c481251273ef664ec069b46c0dd1a0ac14a3d5f359b89e2487424d43b714b562c743086984a7fd0c9da9fdb1aa9308f5effc4aa0147df8460bb4466b4cd9bdf2e1117983867cf0a8743b5153585d2e5fe18ce267e84f7236949852badb054db3656ec6eada2592056e922c920b114332063d4b3d253259e92c9c2573ee248ec549def4876bd68f0fa5f0ef069be4549f46d35fbc6ddfbda8b8cf34c92d92b942119352714b69ecf2011ec0699264fe5c47a0f90d0e594f32a13e1a7ed8edf3aa3d6cd05457e176b23550928c4217f426733a637200ae93d989c70e88da95b2b8b730a2fa0ca693c51d718091128ce461b8f5f502608da16471672cf9e1a1c4b98aea2ed591cfdcd0b83eec62362b499e6e08b48de7f5504359ee010d5f7613378a271927365a62752757f471040007074bdf0432a7056cbbfbe2b81e43c9031618feb19ac035994c5c219a643b5c7e8025241763acabed65f289b8c13258d85b03f0e88fb6e12dd0f4154916d595aedfdf165df464ec821ce63b0070edd273ab6800c923d5b734d41628851e003091f90ed2e3e42169a3a1925cee1589dbb7113972269e4caa9b4d522a23fde125b6ba4bee153ae848e688011bc8a3b25e3b49445ea59c098596ccd6e7a32f97c26cdbc713b31380cddb2ed7b1b8a8ed1b4732b6ebad4d2ec9240fc73d6d6b6f6defde71e4febc5e80a88721678a9101e8fad6169675ff562649a69590cc549efbc1cd2cdc85f1aa7b8e389485c1248b3d2de723eea985e515f2741cc3902cc74292b0621cbaea77a123195edebb9774232d17ddc9f5983d0d3b753662a1873c075d438c5d591fd14c00fe46ffaa371f9e54227e4f797cbea78b1645b376aa06be94ded21cf228bc0acc3b91c95d30612df64e34faf9aec4d9b6b04d271d91b31887c9ceb8cc6995e7a7b3f622bbe35ea665bd424b8bc7110aa9fd582d24f07ef469ef480080be65fc05e9cba194987724c9ced8286b10d654849ef97bb1d64e5ac2db2121e7f55bb16510309af446d2485c22a33094bd2b7bf33998932ea2524ec1c64000b03643a80cf0f8c438c5799d008cd79ba0546c950b21232ea2a53920ea1ca5e7292c12d7239701e8b8054b66c14a748a6d7135086be775758163590b49a517db1d6f68efc29465e89835a259af389e422f7b0c9560f4a7bdffc50a0093f4bf7228b61597ae43187eef004bc06a4521790ed33d64b9cc7d79bb354230630766caec93fa202a08002c2d70d7cafe9d3414d0dadc018054a86c5d417b5f14c53ba3ffa73d696d77008adbbf66283a54eae48a33c4346a00291659a1c9535ec688c9584cb2b881d916845d44d86ab8f6c0b620849d78a20fc25178553aa1b31909b14bf7851d71b4ef4ea14ada0e0f98ec8c4d9fd8b45f2d034443927fbd50d22bc7397d825e247947e4e08fe2d4cef0e7494cc97094ec65e1180c3d8ad03c283815c04c61c479bf9f41b1356701fc48aec1dc3acdc914771c1d82d3e44591d5a74ede71cd0d80e5cad7bf56288fd0acd2b2b7f95df2aa1bd6f6c21396f8e0e2318ce559195cece1991e870174f165596fa09712574876c625899d9e59f7a2e284cce9353c78077f20b906f395b810e38e20dd62ac2139111d3fb5a8c89c6006c07acced5f2794772774de0dabb6f581fea503914c2e41c873d4276f74955a0ccae663b4a3bf0f99df0c4d078b33499d055ef8a19e03008329f1121af3042248aead7333412254a5a2ec8e91ccf770fd7437e9270a001075db976382426eb485b86504991a4ff232da705f05c79f35d7a8794e525367725204490ee8a08b73006ce58a1ec2888a37ad9692778c7e5f177a0ea9e0379afa399641fd897e8d00c0acf59c0b79bf7628647e85eed3619baba81f54b4096bbe9619f6e1b8660000b38e4bae96fcbaa1d42a25ef0f152225489b4e3c986682525b947b70b8af218842c3c1cb8e2797fc0aa0b4fc11ee2c376eebe47e1ee6000089bbff90b02d27ae3d2dfba5424983e78ff3d2953d3a3cab6f230ba39f9eb9bb5f8f2193176f883c7323f55bf7c4e724957d3d285ab8f347537aecdef059fdfc3dcd2a452491dabbf9b4ed31746658d8f4e10b4fde2b24a9d33e7fa54dbaa549cb79a32d220b1213131fdf3c15792d264a7decc2f1ddaa35e1e1e16b76a80fef52ad095fb560de9aadab0fa9f6a84faad56ad59e4de1e15b54aacd0b46297c1bbbd775b677f7f2f2f296cbe572b9bca197833dd046d17f5890a277bfe153976d080fdfa25a17be7cf288a0818a4eed26967e3114af1fb6b259f4fc4174e4a1b513837a766ce660f34ed418899314352591bdbd5de51596761f0a58a3ff1543793773d33e493ca7de3c716c5f45277fb95c2eefaa90fb7519143478408f2ef2a65e5e5e8dbcbcbc5ab457040d1a3b356ceeb2f00dbbd46ab57af7fe3d2ad561f5d1d3eaa89327f6aa54abd6a854aadd8755aa2391d1178ec6deafd8462ad66ab56fb4da1c9df029e46bdf946a5f2644ef54a9549bc2c3b71d3c753d3151f3a2a0842628bfbc823edb04a5da2ad66834995aa3f43559d01ba0e465699262a3a3a3a3a3a3af4747475f4a7c7bbdc2b7d77df3cdef3b5fabcdcbd56ab5cf1f25de7e9851211779f59eea96569b7a393afab8fa886a7fcc93ca697dba55a95cb271d6d8f0e94303db357568d661c0d0114163953357ad0edf18be227c65d8b20d11ea33d1d131c7d56af5d128f5a1cd8b664f5106078d512a87040507050d52287a29fa2b147d87283acae54dbcbc7e1efccfc2433e68fac683a72fdcd37d29944b107bb83a78d89b893fa5c493d9bb78793590cb0346ce5cb643b56b4bf816d586f0d55b862b140ab9bcaba2c780365d148ac0a0a09e8141818a818a1e8ac0a0714ae5e060a57278d028a5726450d078a57268d02865c844e584191343954a6517d7a9b3c7052b148a6e0a85a2ef30a55239764027b95cde5e2e6fe5f0cee5cd9dbd3ac93dad8405abfa5e5e5e5e4de5f200452f45ebc66eef96eb12333124b0f17477f272b317a12625b5b777f6f291cbdbb61ea05028fa28148a5e0a85af8b71f3d32f8572a7a7bfc8cc5e2a73f39077eed86f9c728252d0d81ef216cde595e5e3ec54b337f751d9bab592cb7de47279e3f601dde4f50c5777692e6fe6e5f4eebe62877a0dfdfb0c099a18362754d9aba9a3bd188099c4f81a370e1836232c6cdeaeb389c9d9656f9ec547479f57abf7aac2c3c3c355aa1d8754ebe64f518e0e0a0a1aaf542a95b3176c501d8ebe7ef16274747474f495e89bb7131313afc5de4e7c98fc30b54a8b427172428c5aad3ea3ff52289fadd2dcac678f6e1e576d080f0f5f32273c3c7cd5ea7d31b7349accfbf76fdfbf9d989478273e26f6e2e5c4c4479a87898971674ea9a38faa4f469f55471e5547aad5e74fabd56ab57a974aa5dabf67a74a75f0fcfdeb97eeded268341a4d9ae6eec5a8e8e8d8f8fb2fb55aadf6d5cb9f0d772ccdd0646b8dadb6026dbae685f6f9a307d72e25de4daf2a4bcfd16af3b5ba1faba037e9570de5e5b91d7317ed30ba3fdebf4132f7e4e259c383ba1f3041f91eba357b80b790b98f5cd2ef11c933126ce622218e7c85f0452628df503b20f69434dc7a3072c5632fb8e791ad4552c75c0fac8d7fa4cdc9a609ca77515e7199a582dc3f857d81154c46e77e880dab25f308fe7acb142dfa9123ccb814b0be1482f58bb0210cb1652628df530f31800cb2e551f8884462b7fc082c0e038cf12b4c50be8b2e21940c12f122465ee8ec7b8d6a4c5e8a16ad769aa07c471dc36232082fef0a91207914caad58652a53beab5643450e437aa210478a1198b00f4d4d50beab6620929c824bb19866a8258725c0767148c8d2db2628df4bc1384d9e35bfb6138748923744d373057baf8f09caf7d270ec2399c7bca386218df1b9bcb17bcf9933aa532628df4babb087bf4ad566283a8dde04c5241314934c504c504c3241314131e95b40b1d39a54abe4097c63c72c933ec1671f53e426d53285c29487d73e99a098a098648262826292098a098a492628262826d53a2831e126d5329d83b9c9d654db640e58aa4caa55aa63ea4fa99dfd29262826282699a098a07c4b159c5fbfe650e5b0c5ef1d7a57969e9898f22acd04e5eb4b3dd20a00a4b34b5e456f9cd643eeed10c4bfd9b77c673679ddc5a91d853835aec2ccf5af4d50bea2bac27fedc998755e50ba1902ad742c6b02d4cf20c954f793243952a904009b805e6d5baf2049a6bbf63441f97a6a8fd724990c37781fba9caa4d7ec593e83801beb92443114b92be2ed796c6e7b97b70db56e1a0fcd6c2dc7526285f4793914492c7d1d3c6381fc2506c2eeb899e3ab2939d9e247b23956463b3126bf14592e448b47d157dd304e56b691612497da43d4e35b365590e497d3d3c677e0bcc67a9450792e4245c2129b7e43191cb13929be1f27216ccb24c50be92e6e04cd9513f603e3ba09f230692c9a84ff291cc2ce52126902467e230c9a6223de7a1f11b9e96c9ae7120ea9698a07c25ad436307a0f97952010779ab26e47ef4da3abaa39704cbd586a9b7576323c97a28a4ae27461eb5141d226f4fbb6fcabebe96b6037056eb480e80c690a10180c815ed561a26f75c8d2d24edc524df784064bedfd44ef9ba52a101e0b357470619a00c45afcd71e92c949acd354c44bc09abc97cd425c9abb6386c6a3c7e656dc5a6c43e22f867b03f8498aa81427d8cf530126a03b8b9e403b427494e40044932adc804e56b6931769009cdd08d0a08b616b9d072a117e6638cd0ea4718795198c88dabb196e45d17718009cad7d2541c25f9da019aaeb8796abadcc9c14cfa77922cb314a5daa06b68d878df13184546a313497229d6918c80e1c33141f90a1a896892ec8743830c7da876c124c9a7f0e1590700b0bcda692d198dbe86faf11d922f6c65174d50be96a60831f286407d67781fe5d65bf93a83adb150b98b2c38b347b5eb89605a0913668fced8ab27c98c5ad3742c4abe7ee9cceef961610b17858787dffe2540294820496a3617fe58e9cebb7966cfda909e4ddc2a4fe562f89c7f70283f9a5e5d3bb67a4c176f63bc7b91ac711b455048d8a6fd6ab57a9f4ab5f7a909ca37cca49ec5eedb3ebd9321a4bbc8a9edf069e15be292f37f91654aad57ce930b7bc3fa35328c2835f71d327df3c9f4e2f7ef5b7679fe94bb26285f4fdaff3abb73c9980e86e929c40dbb0c5fb2f94c6a557b27bd219f4ca90760b0094acd17e09a333b678febddd8d9506838350b08de149990f3febdf52f2e69df90cc33effb324884df06a94efca7094acd49f7f2c486c95d1d8db528e7767f085bb4e742cafb77bed76d17ff7bc929653dc05bfc17f21aba3ba321ee98ca941aab95bfbcb137acbb1040d1b179c0b855271fa4beb7d0f89fade1a74b0b9afc89fc47586a1703f0e95d6f2ec4f13c85d97fbc7e133b4d506a448ff60c12264370ee14b2e998e643bba63902b0db0aac4dc6eff1d735589542ea5f024d7eba80d9e4136c3141f962a5ed19d71080ad5fffd9eaa7ef2930de06f48b5973209bfcb3f9f5b41dce56d610d5c3118c5b8523574ebc24ad7e837fb98571e44b43345913946a0389503602804621eaf7f601e4edec69db94079f92e46d19607b94037efb13391bff20febfe693f4bfebb41f0002c946ed7cadff867e64362699a0545ff737044a00d80fde5ec5e414694a4b882d7c5e611949f60666fd56b2ef8f78cae7757ebf08f774a4cfff39813f1e505f27bbfffebab88ba82df90cf34d50aa652539bb6aa4bc0e00cbc11b124bdfd9981e9f4f92c7bb1eb085bfeaf5f3d78fb094649ed9b817bc6b6bbd052bffc50507231045b28deb75ac24498e92fe1402fc56c7d7986282f2d96df3936186498f1a4e385350795be9f1112ded45d8449281e23ee26b24c9733840f26f88247914bd00586f621c769254d86845bd7f22c9e548cba907a43313e34c503e2fc75ae16f0ec0b9fbd47d09afca573f8f5c3c69e4666d7157889d7c0266ddfc5f52efd0780532f8fc64314fe030c99db84b92bff375aebf3a8dbc0f15c97f94eadc70fecdf6d10b36e119637e8354963a753341f964a5444df2006011302bbeb23fff9b41c2c4a3bf3f67d62a8b2407742393f18728ac9b20c3df781c7b49ae443ac96cf35effe44e928fb182647b19ff08374b00edf088bcbc87e4951413944f6b876c1cee01001e93637ede6373124d0fff77a67611668da8534692bbb08f17b0300d40e0cad73c0915c9652820f5fdb03f549247f2019691fc83e8f516a0e9a4ab0776e26915d7aead5072ceed38f1d68a57fcec7116c98443fb133e6b4eccfc58f5a5ea4ca2a98b9eee0d004e3d96241ada1cf97f5db8bf7c6ee1a2dfcc22c932ebf61bf17f3b378c60690b07ed096cd5dbb64f20c9682c20b906192c9b0945d926a848dec10692d746e9744f9f90e4eb58dd8f05e5ac1880a8b786294b8728dcc48053e9497f0068904092cfc2f349eacff46eec778ca43e3624203885244be38a48f268ff1232658215500d2ffb07733c00b80ed99d541ed53dce15807579ef7e936e245920fda718fcc6c13e988cc59f4e621d5d05278d97a27e248f62effff443d357fc1fd13f92d40efb54dfcc5a0a65015626eceb039b849980b997bc4ff765bbe0bae2dac505d2562bb690f3b1874cf2075ccdc792175b0236a2112c7ac9c3584a525f579459304d86fab3b6040cffbc0b6b96fa02f05d70abd2da4499e58a4b7f0d7ef076456f4f92bc80b11998a8ff89241596ff8679ec652dbcfd6d456bcfcffd1d00f47943f2af5b3f2b11b514ca456c21b955e4be1991c29a96882479441ce013441e4720af5b8b463c645109374acc426ee9ef1672ce6ff28fc32d9fbc0fdf8236703bf0b959d79bddbe00ea4da93858a2ec3f4b58d6f437172aef19222925390751fc5d2b83450543309d73f0af3fc54c6c66192205209b34bc7f6475e650a8a5501ee24f243902f330532867f76337f3164aac139c82c89cdfd89578890437d47f17b95f150e52e2d57f01ff4c1ec13f4f449fbccfbce6df864b01cf29d78d28ff735b09c968fc2b8f094dee0acf772512c9b2fa0e45ec27139a92ba7f10238c91707205cc7e7ff9d69ffe599551ddbbafa550ee088ddc995808c8ba5c2579131ba701160925184bd21b9b1042dec9207dcd1f322d31b1840cc6dd6c006aaec35c8b7af97c7526fe93473de4ef6f0dd88ebe5c61555704e9c9fb98c12948219ff5b16efcdcb86d33e2c9cd18472e461c4ba2e7efd6ff4d84ed5401e6bd0ee67de1ddd752282730872415388f76432c9b904cc4a2799e40d7c7984e72283a6317d94ed4f51cda900e80cd0e8e471cada4e676cfc3300223f85802d439f34997bb35440ad4db59b1ee5ba09f04ac2753d09d93f180ff5be7b723b1dab875174ef292b9f553f22aba87b90278c27f9bf286c53127fffee5775f4ba1a8b18e648a59a3fb98cac4c7244f633ef9b83bfa6109c93570c65a3265b28d0c8dc9a498431d45779588a6a7743bba86612c06b16cd3f99d6e966f3e7eb1985e22580e8e3420f9fba39b5a325976fa3c207bc89fa40d198709d4fd29291dcb8d87fc0736abadb18f641c005950c4bfd7e4ddd752286bb197d40fc27a0d66086b8e4045b2d8528c3924d570430849ee03ccf3483202914a44b309de744353cc32af47929c8f7b1f2dbe86014e2bdf5a50f21b0236dbf94632b9d4c94ad6f2ef6c6556c82ee28b24ffc330611bc908b889c49b48327fe1d4c89a9e5fba96429982f3e442f8146ba014d6ac869a6406ec114c723386cb1a937ce9231e853d244b3b4a9e2b11cd0ed0a69a03933b0976a700f3820f37138f7403acb657c8b70e02aed658c0364d3815e311cc71486492a5d353522979ebf23a0df88798af76f7b5144a201e152a617d971a28c9f4cb570ae7e33459d00161f0278b7d11d517e70b225cb1f2a5ac8196fae1184525aeb00bf2b90be8bf197349de17f7fe2092fd6d817a6b324992d9f3e49dfe4efe49fc2f57923cb1e74fa2d49b58381cabb7603df96f6890f5d2bafc6465f18fbfe27c61b5144a1f0ca887bab7c86c34ea6d0ba0c31a8c2c78d816cdf29a896fbd0c80bf2e460cc036829c8d169b021190cf8988a1ab03c9708cd5dadba5f0a58fe8fa878af78e408b3d0657078d1b2c3b9691a35c482659d9eec45f75f55ae63533db8c5e2457c1b599e0e7ff0d544ba12c164132368b241b0116ad270e9cafe90a007e198c84588ca6e9e4a9c13d97be225936510cd1d03c32aac583a7e84f92c9c5dc00e71ece585af525cac2a5f0da6db4fee67b8996e793e4b87a426639167fe464a43e73b01139e8486eabf39bc5fc7543e1bd4b86503865b75f087ff2a67b34da5c427277a3662b8592a2d0b04fc639a355a9f4f033c33ffd423bd8edf880cda015a42b4b49b2f86c09390f0b0d6d75998ee4ebdffc9fdf7bf31c76314606fc174996e4b35643a90da30f9237f5ab2f8547a73991da2af62879595ae5d1b9e3809606efdda3d8c11ccb7f28259979e1f11ac1a0dec26c10d20b6dfe405e71c2c96f7c6fd581b250f4dde3343dec2102acdab7340320ee93f2b98747d783c36663ce9580218c4004b9a1bd04e2993840929da547d13a69c5bf92fc9fbfbcf901a0ccc4f96f8f21ad5bb9e15bb7d11a6dc21f9791baccd30b7d6175e2b34e55122642bf0c92cc2923996bd69ca3f0940c6d3ef500864a47902cfb9d4b597797d4eff4ca5507ca5c1cfdf6098d2ebf687e37d8558c53b0d54c72f633ce94d10a962a3d49e658374d26f98fc8682eb435592c1a1d24cb244f603cf5c5fc81a0ac360c53ffb665081619ab4d03d1f645a56da765b6b73ef944a9de686e68e6ffe401a7fbe40c9c6aee2dac49c45fae8bba3e3c612f7bfc1d33e7ea405966ece3f8a6726b63f8b31ccd72dfd9b60dce9f5aaea4b8a37b3ef9bf7ffce788426e057e97c0730856fc56a814fc19b10c0120d9c51f0eca77f852384c22f44f3c35774c7d4f92da967ed259a2ea42514c66d505507747a90f44bffd8f324f8b3958419277ecdc8ba93f30f88f89fcd1a02c3704d4f824e5be63ad2bcaad664a2fa0ff4392ec8b83efd9da0b6b3ee5245b25e85f4c720ec65c98f95bf43a805e8e92697fc6fcdfa3e3a215ff4f2a39521b1a69d58112864ffdb8138738000ddf3eae476b0779892599065a6524a9d9326df2ae4feba21b035101791d6dde6775ca72b0fd04da4b81e032926cd99ca4a60b86f8d549f283237c9e054b01d13f5ee68f0b65df070a6463bd2833993132fb6161139d7074bfe839b396370700ef11e97a923c8d45e4ad2e2200b0fbb4f7f3e645928178bf757611d67df404a7c51821b44e1c8349b2b0a5681556fcb4c60238c99cd8b817b5c49c513d28aaaa378e9518ba60bb5ae4d4f1ce269980b1eb90a836037cd6c46b79471242929bb0809132f86f8f3e33bb8ee527d73e6f883abd7f43a6ad43ce478e8d95619ae12b731422eaacc7d166754ba9e92874cef08786b2b3ea8d0bf0c07866359a92e414ecde8de35d5cb72384bc7b2312a26b246763eb030b73a1d7e8f1959f9d4677b45b8bc64d866c7f3767eb8ab82a4bbab51f4ef613174c30e67cde1d4992dbb15b85c3e44f479fffe8500c9688f76b37a2843f8d70c6ce89d4af14352a8ec6aaec975acc24fb395d015a9692631039eadd6165e5bad21c62771757c02cac9217ef2574afea10ada5e7075d8a1ebb60c8dbd2a8a79d8e24c7e3729163ed8b6a541d284a9caa7ae325a3b9b513a21596e3c6b582cb5ddec508528b21643bc96300d3c9209cf3403e751173553fb32816cc104b263d27f968a7379a57ac9e06090187dfabf1d8fea15407a0495185864d2cc95ce7df9572bae87f7f0950867fe0c9f03ec60a7f46625b4700b22169e433f42435184276b12a84b7a7e814bb21c1d9967c2502a4d7de69dfb54033832b17f3264a24e5dfd30b69b3aaafac31ff5005ec8ac8aa42abff7f650349cec20af2a6e3ad5f0294b6f8400e9c8d20e14f38e674c064b85c22a987827c8e61a4bf884e756e9ab9e72890d0119964c6eb2dc66fcbf8703d11526138e14d27d13263b613fac1165228aaaec5e5bb56aec7ff330ef3b0997b11ab98b5e08783e2036dd51bb5e8cfe23292c730d00f858b4592e524d18ebc0125d9066c27299983d07e38b3101b49725eb9930849e6344278a53326d5c75881ca13b3861f6ab7c721f80379dbc84acb2f1d65cd45e697582b551d285e1f82f2060a9d4fc35cf20c0215c8e7697b2c212127a3318d94a3b017b28abd441e884893d5c9226325de959ef4204c7df7e36b8380eb24b3da7cb8d55ae6665995efca45b8bdd30774ab9da3306ce11702c50d1f6a56a073143083dc80c903f18a7c50c7ec7a3eda9097114606203b10e98c1103eb3807edf39f3b9a55726e8844bb9fe52799fd4568324c618b7e1f762199862a3a568a1b7cf3dec36f0dc5fe83f375ca3cfb42223e5fda0c67437199e4168c2f1529c89b082607e29a5c544cce0776b2b8073cddb1be52eee76af1ec7d8df961f680f7da8f181d2f62d8fb376ca81823e8170945ffe1035ac0cce6a8c8bc09dae8a33197e40b0472bc8accb3929373b0cfc297a47edbf432b238542699fe4e75bb2a0794bcf48f7a5a95da39bfb7a9926e237dfc0b879285fa1f6eef63290fdba0c923f2641e49ee30f40ba6a691097dcebaacaaf8a82b4ffd93286955fa057733fafdedfd7e98cb5f38140d3a7f6873e1dc0d6564e1a36a79102a44d7bee46eaebf379b3a009f825f3a9427685b23978ef7fd9953cc35f4feb273b692fdbc03eca195e42a7fe95012d1a9462e7df4e7bdcabd450fbfec9c078d4dd70a15657f2ce12f1eca2df4f8f84ecfaebc676549d2fe35d347b7731182f63c7c37240953c51dbef07674ed45ef1a4d56a17d99090ac9ac2162747bfb286e2c0d5bb5e731494f431cd851c27a77d7775c2d677df96c1a3195a22e938c92583de62f1f4a22141fd923cd13adfc7188f94b7a8565334e40d1f4185ded56ef3e78fab611c5222ca87458919dc79754bd1eabef93ec54196c8c4c728c2628a4ae23269465d90e2be908c02329168b532eaf0e1043e551a7b2f9c4595ca905be5b7029a99e1203802924ef4b7ccaed0dfa151251047f0d502e7f0cca5604eac98437cbd17d6d2fd43b83d924198d7a3ee2b2a403155c5e2f4a64a72b1ce72babf62067fd52b1d9881339241952fefd954d805d147f1550a231e883db73ebd8a59364b1b35721f58320176a4485700a8033e0506157b544b24e5f6e241951eddb988dc64657e337752506abb37e245c93f86b8112f4c1ed11c2706b1ec74a926f1c007f923c06c50448dbcea8f86df094255a1f32749e0cc2ddeadec51ac8cb67e088934916eba849bfdc1ff5d368824292ec0ea156ba009785453426c9b6d834171bdeddf97e77c071c6e512f285b863756f426b5db762b7db7947d4f5068096cff96b8112f7612865b636428ea4442a49f6076c495e8463de46cc7b0fe36031809e9c57fdfaf0fe7760a74eb206e01b51cc5f0d948b1f8692098327f610a492cc74801d8a99e58eed3c88f7c614d2ac68eb32575fdfa1da33950ec5bb4d91920737d3f9c3aa5a50023fb4b910bec29fe98822f303d1270059f96da0d0f12a5a932c2ca2fee706c29308adf64dd477e62f4a5fa19de221796180d7fac6660f78648fc39ad6689c4dbe165b0d6b610ed471b4fe592bd1ef0bcc5ed3434d503e026511e40f597c7dae1b00a0d3330e01d0349de41d1100585a018dde7506baf1e1cf8f64eabe092d1dec1d7a573bd0c3b145652459f6dfd71ffff2a0dcf90894223920330344d356f40e8927b947ea382d87248bc3c22313f3c8373f1fd9391c1f8937340b8065e30e9e304be6b35d5395e3c61e26997d61c3b8be534826df238df11e79a9b3c180bfcefd05c94bd3f248d2172fc8577ffa1d80f699dfe4e1969ebff38eada38024f35272bfbd99a570ae1b2c5acf2fcf8ef41f0d51972ef3f948a7d8586c7f5046720626ba0bc634fbac4d7e1200a84bb2bd2f13b0fea5ef72921c8313e73564fe3078bd681bc220cc27a933b7d271bf1da47ea3bae20f35f2d08b95f1ef50781c77785df8e225c2434f6d01f3e70f8f2c1e15342afc3249963607cc01c0ee65d9b36292dcddd1ab71af85895f0ee5f1470d929fafb9d8f3913d96e11249265a9bb7419f23094f134ffa89004cda7bfdb98e642b67aec6b544881f92ec88eb98c99416e8fe8a5e1d391eae3af22e9a723b44935e910c195223a9de8d69245f1862ae65ce6b629c26f05c1ec9e79e00143283653c8be46dd8787979793533ef75c20dce77c99df054c82d80a0d22f85a2a9a14eae0a2a70a8fbb136c52a1c2519638b95d158579a4b46a3c1c1fe2864fa3d927473e4023cb90f8c275907c518f5c845b4484f3ab4e142e03c790cfdd32d447fad89e4ea0f0ab687fe38c3b8fa70de4292b7ace116580fa12b36a8f6c83c735824c7a08ea88b2591d1b11b8367e849ee378cb8c83f21810856e73805bbc9a233adb1f74ba1a4a1514d43517ddc3e1c0e75c18dd112d1325e84a514f5521853ca61c8660f2f9265665e0c83e635207bc1577025023cad8e93d499f7e7162090dc89912b3fe042f939ba06d92592f4409ece4de425c17692b9d36f916371ff4da72dc781c15c0179614304556c42ad378c70d6da3ba9d29789aceede115ad3138458f95f02456759e3c15c9a59647f1c8a9318703a445e814fff613ec982d1e0158344d929b1dbd19621b84929a0a4062d7400f693643e06f20280d35461ca18ec274777ebf0a72f6c585e00ec34242deb700f6631466265b4b10dc3fdbb987000c07627b37b8562ab7950df541b8ddf5b0defde721c20b918ed5e6030f97428dcb45f0ae523ce78d550ec2784749e0e00cef7499e2fef731f82670c1432edde9c8007ac276e6df648033901b44821a9838237d0ddbc41a10a616371821ceadb4cd4eb4bd3eb8896252c84175b59bf21a760bc614b101e5dc2a46b686e2ec220de84df7288019732631934f284fad86bb6b42b138afde3b069ef0e34bdfff1823e72d5876b426ec8ab59289d451fb70f0fc4e26e66303f4faacb1dc083f08cdd3162dab29108e174fc27bd2ce2d15f0339c54da6c2319a2402a9c1f87918a642d84afc0b49ea5d1a7f597a6fa0df282c6716bc33457d483e11591b4c44bda18985321b4d9741749591085e8d662307fb1b9ee7090040c732a9e08ab005d300c07d5f69d5b5afe32e39c29f46b8415297f9a49464e1b66eb656630adeac794592774a4836c0eb1a6572149f1066db0fcf99351b365a465684f29c0ae84815c23801ff494f07f6c35ec869efc72d12d9696ad18eb730adb00d1a23ec89a8a59ee4557c61e5eb055abf71324fd5407e4ae8a6f08230a337e578790a1368e9a8df7b8e5c89d9db2a7ae55e8753e8e209c71f183eac180c829b1ca29092aaa1a870cdd82438c474b9a518ce0718ef0ab7e11db0e42e5424afc84693944353934c725dec5e7e7caf06521dc93ed8c683e5508642433f9054612995f84f5a7bf081c405723a78921122b3937aa90f6f6226d33c81590c4404a9ebfaa5b165f490732786a542be531893db1449c6c799bb0bd3e8263264b99bc22b8eef2f953aea483e31b8f19c441fc8f5fbec30485f2594d3c6113933b14ddf1e70ee20c61e2bcb183d9f6270897804f9c049729ea41c356a815d260c53f9882c1d49f20c7a702fa6b05453207c291abadb913c81899c82e8d7e8424e05e4f4951491db450ef9f5dd7902cbc8444b4ce173fbdfacfdaf3168a9fbc2244bbc59da54b41e5df7611dc92766c6f8a1ae2852613a9be08d500f39105e1ecb98640fdc24a9151a7aba2e08471bf2719d773b2d2a4079628c36bb10e117d1b2f13d46a12e90464ec116bab6e5593b017bd77767f0fc22bdb2f5f8847e8f02789364a1b979c174387a4820eef998ec8f6774a94bf2013a7301565dc44a32c70d722a1145b2176eb49270278e915c8d29e4551700aec95f9a667b7bf28ac81a8aa7a296c5bce86d740bd0c19e3b104a397402942de19849bebca55e333d8fe40261e8ad9fec39593c1acd53a020b9e55dbb5f0528c5127f83c508d3478b9e93d43b880660d18201685148ff866a99b930fab03b6ad00d54df13fb3fc5a221130ae761b68f7a43e4d8a88d3d369041922c76732659e6dd86690db794c5be2179102d1923d948f2c480dc0db379b8d51b92ba6b7924b57f099ef6f28b13edee40721cd0964351cf1de861a85ee5a03ed5184b1f493185f76023ea777501005ce6db3aca6e34df17d11a2ec9c9e84d3209f2aa6b5fde0d8d85cbe4e6c2df66d80c09d0318dec2391d8c61a8bd71a1c96b6159f563f8d17a6e52935da32cbe24bc9b25cb2444f924515be36fdaaf31567c0fc0a6ae54cb2c01d72e68e9498772d1f90042f3e108f35465c4ab60cba6506c0c96fe0ec8812926a210678d96800e899c1374d1791bc8ef65543692f2932400973ec4a926f64f67b314b26394d720cd0fd9e114acdc5824db674a89d5d84059aeb8f9fbda8a29ab9680e49c67b6f2159a97cda14416694516b684c66e7f049dc83729f8ed49986c80f37572e2ecf6d0a6646540d4589bbab4666903b300343858af4f043501f92482248251c211a9e51c350eeb88822bff7e3d769b5a9f10f48ae9dd8cfef77104793e402c1b62852918cefe859dfcbab6dd0fe6f95a28a50e66101d0890cc5264937925a77c9adcd50f39054b48d61b870a81edc1f931c556350ced88ad77f3f1837b3c90c0f6196ecee24eb0130f7f0ba48921727cc9a14d87540a7d32463dbf9b9084683ef00e50c64b0c3799d176e35f022cbfa6032d7e238794a22be168ed37cdd1b2d4ac8a1a819b7c3d2b922ab33df85c7ec0ef2a6ce124c248b027cbd9a34930f3e40b2205993537527d1ed2baf6a38152587c2371dcffa0894e2bab038837ae3d0968345377206a0493e85c6cf7c4c0dc732b2d8170b4965cd44c6d37641d387df9044ce89a51315ee0749d21d006cdad4b8ebf7472a175a6d01c9a22be74892594d00a0de47a0f0d690bd0c05aceff21a64e6689641aec754920992c5cb3196e43d99a4a086a05c6f80e0af1f755a479265d977f785f8990180f94e92cc4bd5667cf6b54b23f71baa7867073774f75bf09a391749a62e1da9183bfb8c8ea4d23996248bfa2c254bb68fd9564c32bab5d17376a12b00a91846cfdd89e8afda15be9f5c1e42f269bf8eba2a0d92fa0b1b5349ee6dd9e0cf7f27f97cc82d922ce11dbf28928cdd5f435f4aa49574eb979ee3a79faacc6c9edc8efad785fd7c8c5d8100f0bbe0b5eacbd59fea244b0e58fee10919ef87df76ece80ccfec39d032e577c2d9c7bf56fc871c755e91bc8dae7ce3076030c9e530ceb1362778f4908668d2a6d3c856ed96e6526ffd5b835df71fcd0af59b7e2beaf5d39798ee6b00cae9167031c634c88cddbbefe8d527e99aa4fb1a8de67e62e2cda454edcf1cf3d22e1d583a7be218e5e41981de4d3b2914f28eed3d45b06e337a74df7672796b85422ef7ef1514346a4ef8a2d16deb490c20eaf87a7bf9c8e5adfbcc517f69e4e71e8013607ffdb513661592fa1138381fd11c84794f73b2efac8b4bc4c61ec008929118cc85087ad21a77c9fea8e8cf3c0377c8b500fc0a5fa2e35b0b5e8a122ea7bfac3fe56750f4599ae71f1fc25690752f3e3a3a3a3a3262f32811ace7ab0f864fe81f18e08af7caade70a75c494c133e785cf0f1b37a09d6dc56dc6f7dfc6c3fcfd078bac5af618b970fbc51a9c02280e7dd616a54c83b3c60a5b4996b5c35d15f6a4888d86b48b08db008813c8359853606b9fc33d9845ba39567e7489640373cd408465c24da7cb883eafe7047445cb97ac11289ad9810e226b7b1be139487baebf7023439b74f9766262627c74ec851db3fbf938d56928f7f2f2f2f26de1622f4115721e3059392ea09957eb8e72797bb97fe040855f0357eb77f7aadf75ecd219837a8e5e1af55ccf674f52329f24bf2275cf4e9db878272343f3e0b1469b997439fad0f64d1b236fe5d57ce134140f497200161cc112523f191db90d9b57621dc9a7b1593c8ef9897014b7d67136369fc5603255e4c7cccaadf569b8ce87e8c9372ee6d93dd0ce1ac0787d08d054cb9a809235400a3878d5b1b7abe3e5f50f01be16ef7d63cbf3742bc786beedfb2ac70f1da79c3c6bd5a61561a1cac9f322cec43fada2d1fce2e47ce5e49d51bbd6866fdc7f2026a9727fe97718595ad79d2479092de3d163cb81be707acc8358d20fd7c97180d97135c28bcd9d46630b95d8bb1abbc9627fb1f64ae591fdc1b8ca03984fcec7ae1b3258d6ebe18c2561b078ca1a819259a74d44c5910645e7e68ce9e6d3b045bf9e413d83c628c7844cdf1c975142edab2216bd4ecbac0db37b7c519bc26034cc866b3400c0eb11a9c2bcfe7844462dde61d6f328e6d1d32cddce217b3c8e0d43d78eae00a28e184def82fae131c3d17f6a0f2f0ce3e3d379e45538ce01fae67c399493fcb5e98d21cc462cdac6c1538476858291700e369364bea4d771cc660bbc5a8b3f07e1746f008ead5b61e60e613255a3da228d0a007045a3bc2492cc8057381cd030e10ba10cc5b15f1d947cb420498ec3dc4b987bd4065d5f902a84bdb4b0b94bf234169d82923da12970b0eb8233adf1289f7c88ae3b30abe269fca061100e3c2da4b56409b42493e1bb0a9b0640b6fbcba00cf8663386d52279da96918c13dba647632e1fb780eb23aa104615dc93a8eb8c7b5730820a68380b225c6d624e922566f6f168ac131a7a2449056e310059245d7108ab484ec4a4b5d8a00f17558807581d285d70ebd70765228e50bfdf0abbb81f7dc9824150300281e41258f46a815e4c44300391cd67bf019e7acaf4c2d37dd510d3521e6fee245961c8642eb28e1b499a49ca1ac9f65e1c01c7f443184b469a97476dac0e941a769cf831744b22f1f7806835b907fd49963610e53cb392933cdc04e8f98a5af3e6ec66417234cc0bbb8af424e98cfc58c19958224c7d977251a71f329da4debd0513ac01b825305bd49c6444793dad3a509a20edd70785511e40c06592b1a29924197f8c7c2ad4d45f6593e4ed5c3e8e27a99dba9717f694912c346b46de1dd2a8c1c0233f1f3a58483e5d3c799b96e4a6732475db93be04ca07037bfe72a54b4911fe683e7970666af586f157078ac7af13cab753f57c89f5a607f7497ad0bf73e559be8b6e1c4dd07f0d283a8995e971bf4727ca8773dc108c6f276540ab0a7bbc9a6c0da0496adee915214141417d1a26d6189474343011204926fa343a4e525764a894be8e16ac491ab38124192393acab2b2ae5d3deb63ebb5f93b79dd079feda60b475341a04a36a0c8ae65ddfb15fad3a422cda410e97ed21c90650094e40fa20acd8af63a1bb68071ba328d70b4d019713ec82bd2433616d6676f6e2cdc4bb0f33688252e32506da475b4aa2a884248ea4171ebb623dc9a5f0f7c32e6ec158d245c445989bdca6232467bdb093e42e4c0841524d9729262806edc21a1e17396487010df3496f64c5cbc497b941e4fec20afdf45eb84f9db973996bdd52929b506f3b54e46d3bb3a450e36c4c3507e50efc4d4048320457c97198bf16751142fa2185fbe0b51c2e493a09cc36a30d9902f979cc3498bd3a2374df4473847315ecec9d7a14d72494875f61c8f60fa94ec8263350e728163516dd13ac4f3d019724e1b1623b1983c1f30d36f525700100c7ed64382ced50ff4d4d4289c100131092ace3f0647daf7a22a831f61ce4457ed0908f6c309e642096d8d47b43eec0d2fe784192c5cd301222989f25b9013b585a58a3d9d7c782b0fd5a940b00626f7b1c443b8e458860a73d0205c920dc2cd4919c0b95bf544f523f1cfe1bb1a837c42bf4547dc41dc804a5da7a0cc7d06359ec8b686b77163692d84243f22046919c6e0835330c27e5523d593a1ace9a08cce70e0bf42c09ffc83cbfd580720d3d4d44481e13e2472870c9c983bc6d06a4939c81f524171b665d0cc2a5203ce5f30e70b9cbd3184526b860d97aac2fbb737857dcc92b356766b16867224272b33056ae03ee39bb929c096909c9c1b84e32dc006530e254e835cd06ad52c978f42479114d0fc346e865b12aa92928b46c61224272316e0ad6158db93fc9dc96c12439cdee27926b0d3de69bb0a6b01560b3b28464c10035497d87e03429ace5fdc6280236d5d89742736f1311929766e848f2d084ac9e9bdfdda64f175cd3f4374a581ab5f75ddfb6acf49a2e53e8ec6022f25555ad4e2e7bd373ab75506ceb9a9e5bad83e2e0657a6eb50e8ab5a9a0af7d50ec4dd957ad83a237ab677a6eb50d8a164d4dcfadb64149fff0e49b267d0f282f4c9d5cb50f4a06ba999e5b6d83926afa526a1f94ebe8677a6eb50d4af4a70447fdb80a5fa7253e7a9098109df8e8e9f3674f122ea80fae0adf71e4cc71b5fae8c5bbe96f7426289f05a5d3cea8e3a755aac3eae8c467af5334b19722a30eec5c3733443949397dfecad51bb72c98343ea86bdb16f5ededed1dec1dbdbc1a35682e570c1839716298729842de46d1b94d7d0b7c4c56f5bc5bc81bb4f4aae326b677b577e9d23b68d8b495e1e161f3c775f56ed8a583afb7af93df84f02573c3c2c2c256a88ea80fed50ab8faad5eaedf347f4ead351deb9cfc8192bb71c3c733d31e976624656550e3d3a6d9956a349497c98514016e768df6873b46f8ab4fabcb4c4fb9adb9ab4946729f76ec646aa4f1ebfb0537550ad521d3eba69ad6a63d8fc0de1ebc3264e085bbd607978f80ef591e8c427d99ae4c48b976f46275e3e7be84078f8a2b0b03961eb541167af26ded76884810a5aed2b4d965657f3503456f844890040247aefb67a5e2dfc3bf40d0a52f452283ac8e501bd86cd5a101ebe68c92ca552a91cdbc74fee610d4800406259d75e8a4a6791da41648dcf9373e36e0b371f54abd5fb55fb77ad0a5fb568f1ec419d9b3889df4def579375797c072b8f966d03478485cf1c1ba450f4e8372c60dc179b591eaf983262cc8899332729fb7668e9e5dbb15fd078e58cd94bf6aa23a3a322d5eb5685afda7d343ae6e133ad212e6c9eb640ab7d969410ad8e3c137d2df18126f1feab824f311d68f5a55ac324902c7aa67974e9d4ce3d5151d1f7b37424599496187d42a55ab54ea5526d0b5f18365ba9542a951394615b4fdd4c4cd268ee9dddb77ae594614183148aee7e6d9dccdefba46cbdfce55dfc3a0f5028e40d5cededeb3696b7f4f2f27271f06ad245a1e8a350b4e9e4e7d73f68c254a53224246cd2d4b0b0b00de1e15b55aa88f51b54aae36af511d5ce8deb77ae0e9f3526a85b1b45e068a5729872e8e4b015ab361c8e8c8e8a3ca45a3b5b396cf80045fb565e75bdbce4fe0a459f0e9d7c5cc595536133e18ba17c13bdb9766ce9d4c141836765d5d419f3efef99173641a99c356f69f8baf0f008d5a12bf7bf5bcc056de693c48b67636ea56ab55a6dc997675fdf427bdddfbe4597995f4cb2706eff13a583c72e9f1ed4512e3f6f2ae8bf832e07054f9a87ee71898977f469966df5e4704074d9df002ac204e53ba94cd481bc758f69c06ede82db5c042fc1a6c4274f5e6b752628df4b66dea4b79ca552589ded83ddf7d17a1be644efdf9f459aa07c2fd5b7221bd993f61003dea51ac8d500003f1394ef277b73b2b959117d11d5a7ef03de458718f82e5c6a35da04e5fb496c43764226e52825c9abe8790563c8b4121394efa62278910abc620b5101491ec3b8985f87c37f2d86928556e44068f416824fc01a2cbd5039f89f09ca37d723742207e2c92b08f38a8563b11a2d8fae1ed1cea9de121394efa318342597e15a81a82f49f2719fab17de5a244d50be8fa2e14dea628b99f0d647bd28646ee8fc1d97b3c64c3341f93e7a2d5fc35fa76a7395f8572b13141314934c504c504c3241314131e95b4391c84daa559201ff08936a99fcfe3fabab3bd2ae20c0f90000000049454e44ae426082&quot;,&quot;decimal&quot;:&quot;1.2345&quot;}&apos;
DECODED: {&apos;id&apos;: &apos;2e4fdadb-a3c9-4e56-8add-8983e2ff7aa0&apos;, &apos;dt&apos;: &apos;2020-02-25T19:51:03.020654+00:00&apos;, &apos;binary&apos;: &apos;89504e470d0a1a0a0000000d4948445200000194000001980800000000406c4b07000000097048597300000c4e00000c4e017f778c23000000f36943435050686f746f73686f70204943432070726f66696c65000078daadd03f4a03411cc5f1ef44d42e5a04ebb980826bb5e5e40f8b6011628a6caa4c66070d617787d99f7ff6061ec1e3788314821751525ba8044bc14ff578cd8307ead90cfba3ce319495c46c62f2593ed7871b0ed80300eb9a60c6e32b80aaae3cbf29d8bea1005e4fcdb03fe26ff65d8802bc0049e11b077c00ab0709026a01f496eb20a004e8ada79301a827a02bfe5100067568e3eae656f4799aa6da14f5d2ebebb6115f36fab272750c75b4e20be07b03e0288bb6d5992d4bab93b3847f37cbe7fa2bbd4f51803ad9ecba1d7717ef7ffeec5cc0274b1b3830ce4dd192000000206348524d00006e27000073af0000dff200008330000077430000c80a0000349500002edc20bf171a000065aa4944415478daed9d7740536d9af6af244c421baa0c0832208a1fd61523ba58578cca67ff5414c7be6a14c63e2a96b18f8a65edabc632625b35a22bb6554118b1ad82652de0aa115c91b2621086fe925cdf1f2711f0150ba2e2fbe6fa2739fd39e777ce53eee77eee0734a9d609a647608262d2b7819231e285e939d63228290dcca2d3b34c4fb25641e98ff5699eed4c4fb23641b92fea52d60a6b0c4b3aa65ddcb6f0c6d74f779136a7f0a33be9b26f3d287abb5456b32928c9adbd5026e1fcbf434116af0954746921320780c1c68dc5aaee0e8ea3d3485e583c67c3551d4966c4ac9ed4aecdb09cb767c8bba23e7cadb4e2390b2bddafdad7983996c59c2e2699ba7d605d00e2c04a581ef6eeb936e19536a544582c3d1fd25802a00f6f5f23c9543f0c2d65d9837d4bc6048d386e3c48d57991f66d62efbcfdf7e0e8f2a16d3c1ac491ba135a92d46f6f68eeb6c2f842c4472ceaee02d1a33de77524f97ce7c992f274bca9055076b4fbbb9ff8bfc9cdb0b40020f519386de663c3b6577e80c41a5ba90f060078aecd3beb060080ecae70fb070b965b0340dd15796f4f79c65e3c4d5f217f9418def1e496c0304636062071f7f575a92fdcbf7678ddd1452cf2144e8c1e24f97c5a5d00ce7e038322e824b94496b680398678ca847d9a184ebd0580740763c7bf21390d0924796e542b91b097288abc86358501e7f5632072067692d4eeec69050066eead5c806124d74a803a47493e7d49164d14afad0db5af27684732ef7e2973af6068c5dca303da5f2fd6dd29e643c89fdd3935c90eee6bd03674f7d52711a37151782a4361bfe382fa4f4e90e71b0ff3123b604ef9699adb09bf391e0044230ffb8ddc68d597240570a51d014c287b8a6629bbc77557f88690643bb40cb3e94ae6279266e840ee44bb5da883ba635747c55f58725b3863a665831eeda4b2db43b18d644fdc2059e200ab26360eeb8e5f9ff194e42ea8ee60e321b85ce365abfe2467c0ccb739d627bc6130fa7be31c134496a1fda41d495a4fe48bd670b8561ba014ad3e66fc9b28bca7069d87b72183c9b4b32c22993b11568820492ec138929c8210b89164de002c361c7618811a4751acf12c7a7b6fe14f28d6b41ae48cde7ab2be4ff9553660f876670c2ac4ef2b5cfac10bd2ab11b91cc904b08b5d70f002faa34ba5942fc271721b3a28e1554a8ec031924cbeaf675367528ddd240f606b229677c46e924f4b48bebe51c68d384e6ac43e45b1e8c971d84abecc2469d32dd913dd5ed7b6c663227a56580ac33a322b3cd07f17c7238924936186b0a7b159e4014835248742d5d081249985d686c346613f0fbce5c997e84692ccb56aa527731be308d9186fcba002e7fa854c77c316576949e5c478d9935bb09fb0935ac59949f3f6416959fffee3f26c52dfd0a98cd4b7427b600739039b8c5bdaa09051d849720f56dcc1340be4543cf356a8c815d8c4126b8bd2d6b8c3d2a4fb3a16a1ae23a6ea6a5d8b3e1a832a2ccd80e2ec0c1900dc532291e48d4608861870c9e575a09b9e1c89236d852414a1bee1b0fac82003b1deb07803a30d1fd046923c8b0e645ba41b2f12812d24af882deb6175f89ecc0a976f06321ecb2869be15620c651876380190ee36eef00cc124b91a12c0f11557639671cb70dce34dcc251981e51a0c97e08d5a2175dd612c47a1229be131d91db74763f4642bc03f3517106da9856696439858b1b66c03c06cf485b1583b01616bc77903fdcea3c9f08e48a506c0625209955c4842bcf14bd18b9c48de444bc3590e6035493204c924596a25ce653b688c1719207e45928321028056152e2f079988f1b4f5e26673c747ec80dbf5ccd707b9ac34ee108330924c0020c3301e427fe396a938cf3bf0ecd2dcd3127332d1b3135c0173310e0b9bd7610ff3211dd0c8518add4f2d01496b6f78a603d2d0d4da07653656565c7cb972c8b4c7e436840ab5afa6fbf427309705f16416ec1c44dba9c406b9508e2bb1dcf8fed69d1ed87ab00486d278315424c9ce667ac3b3be4b7939943a2d0c1f0c30e2ccdee877a03cc100d67124f34a5864212bf245c51cff24c249520ba08f2f4edf428bf28cf71c9f422a06ac30bb18fef152b43d55a6465323b313bc02885c9ccc3099d7944b5fb2b835f6c0b501acfe5256dba00cc791f7ac5d89e95db16acdd1a7240f1acb734bd9652bd1b67958d2c49e24af88edb2850d7186aaad810547218624d9d55658f64032bd91fdb6c4196d8022c3bcca979583d420980dc424c92bf0a70229157688c564924c81193a5c137926c3c5b8652ed47c80a0c202aaa1a46523fdad5b7a520f0b61f378c4701b161691170d051ea9c436742f5d66869ec5b50c8a3f6e962f942db92afc198abd721408ffd76283f0a7317497acd016a19e66242fd863bbe1b0480cbb9796193fc6582bee2d645b6c8b3292bc833a65b47e9b6c8d502e681b61b001cf5b35808e0f308a9df186245508656fa1bef1f6d86e24b90a5de0cf7108817df997728c37a024198b204a5d8e8b13496a60a80706219a637081e433343eaec826c911d8053979a32e46d53228be86fc5fa82e610449f2b99534c30d86d6e04cec13fef4c20b5e9401031b23bb78b919661a0f5b87ad24a986d2484f68730f4622c9fc9658ca5258bf6dfc4b1b9591977cd0f35cb921c150fb82963730960a6408d58e4d1c2cb48e8c6a6a769fba6d32c945b4e66b2709ea18374c410c63309be463b424ecb7e32899dfc9f89e0cc0753694e593d4c27b2d4e90d437c06d3425996c87135c1f585a3ba02c5e9578c7031d3bb41e6ecc225a5a3e24f9ba05a6538cd946abccc1d79a7b89d733c7e212b91968db167debc1acbc191c8c58923c6a84d2c8f0919d40e7ac9c434d1150ca74b856b087b61bd742846eb9918677a0c21bf294cf3095012816f297c31c8ec397d4eb278f5926d802b6a34e903724bb9f434eaa602c32c8109c662ca6902cb116e75a98a55b3a6e3cd41ccd0cd5690512d3d08924efa35502a693a593d19275cce248ee408bb3304bae1d50e4c6b2e06d46740875c2cf45d4479762da214458b7dcb08fc407c9a4be33da0503e875bbc2b394e655fa5206c3d25e666eef39a10d0020504ba64bcaadd22f7d013451eb996136a77282c69b3f24ef15d2db8b24b9005bb9c498c425866c4a02718f5b7c82d1a4ae8750ee1bbfe707e84d927d10e3222a3d6e034061349375c7b5eb584592d7a5b374759dcf6c6b853a77d81e4749eaa7eed5f45c564bb2afb2c3837a0e5f76f4c6cd936f0db3e1960030209f1c8843065b49581779c7c0a0be5eea3365241f35df797dc489c715cf736cb7a1263c41584eeb6a6e2305d0376f9e5fabc1e74992d9af2a5cf7f2c907821ded9d0415bf343ce17582a1f0a09e4913ba8d183979ddae95864dccb8914d92b75e902c2d4fc676ec62aea81d49eeb6bb32cb2f9fd99b579e7c6b8f9bebfc407f47684ebed2731300f47e4e5e0b2daa2dfd291f52c6fa71d34e9364d1d3cf3df482f9ee4a86e3427e4395de2c229fa455dd275069e9d8cce5f1b5ac93ebabf598fce2faaef4f3aed60e286534892499e4733db79e85e66b4229bd6fcc804bce6d5e7ff46dde72f752e5fdb4ce63c80c437172f156d5d63afddd43673edf4491fb22e74781926167f7725f79c5bf26a12425debf7974c9205f291a1b9e741b00c605b29b179913eabd8624e392c837f5f124ccec3949a63800f55697db6895932b9cf75f9d01c0673f772f26c9f473272fa8776f5c4b92dac4f20e8a920a258beee6684740dce95ca504fe0c52eec1c941638e9692a4ae6af78e3cfd7b3e726dcde4a0196793f93c9b6a84d2c736ff2b407132d6689b185a890b11b0f15fa78490aa1324d9cda6b4a815802ed97c6edd86e46cec5d84fd825d6cdb2267381c309e4ae16528c28747f208bc561e578db5933ce82ed3971d6a67b88af4dc82eeae22c05815bde569ad7e9b945330ef397952a099e860fa342f98355c50425e6d209e6b7c1489c93ab2789e2d600e8c22f9b23d3abe22a7b47f4292bc5dc1316a99a85e52a56a45d49caef5a5a8f786244b07fbbf353ee7ded4936471dcaae18ac0d0724b5bd9cf1b8bc909390b3af97a3989802eecea46bdb36dc96c447e052867674c9ce62d3e99f4b6fad9406ca857b9f7126c22daf9e80f0bf4e74a1c23b91a4b17e30a49aec139162cb112eaf7247b193a145f8a9cca1ad7d592640f5c6b8f2c3fc81aa07f58d86c1b00b06fe836c3f07a9578406af1d62923147b49f21a5c1dd1b073373bfc99091680686219c9942100bc623903fdcfe531bd159299d704eee8cb3c315a979299ede0f1f6415e155942ae23a313484e685f3cdd1180d4cb3f2893242f0221a46e799778b22d3a65326f655de1a571222f082dac40a73c3eefe9606fef3dce98af37f6bf044b19e0d1b65f24dd5b9181b8771923bf529932bebc3383f9684252f3a08c8d9a926437a45a372b8d4d6d8a98f128227918214ac120b61f6a9289f6e20463cbdd903b34c575593392c54ab4d60dc5d5064bf3a2a122cfa2ebaa532f2b5c380263f7a0b9716993d0f4c90424e7495ec01076003ad4c528f2ba3dfca60d92c972da0816c89178cce9082d6e8aab390096b2448ef20f900ac406623f732cddf464537447a3ba9e4925e44251eb1be4494096c4f9807bc965d8a2f16b6fb8a147fc8b7ba757fb5f14995d234907b3d2c286b0f3b497c2f28e70d2ce96fa746e106cdd45a200722e82f57dd77c2528c3f1a43c2f163b6ce86707783f0ab0d4dcbfa46e8515d846720f86f83b09dd5e837be295d0445793e411633f58300ced8011d8e681fb510b1aa0710a67e3b09e4cc002721dee55be70473c6200cebc355cae22a91f0d2099ccf647c43d0c58a979511747335d449bf5e49d5d0cc36992c956ae65a9d226253c8d8139a8672fbd1e8e965662634fe563910f93448df577d08be45a0c595b3ac44c4f6e128b607e98096888b6cf2d1c5ae1e1509c1c8aee7597eb44414267d7291f342c2429b2e736f4d791f92b2d84fe6ef6431e3953e8637888a1646adfb8afd74e1987c4f28511007e236f8580818672a00f9e924c8747732fe1d10df7450949ee156cf1a5465792c130647cab316d246c008bd979e446ac2699883052859357376d2d2f1933c5adc923e867583c8d39647630bcc3b0feda1227f4d4cfc1099247d16d318cde4067b091c587ea613317e2089927b1ce847c0fecedc471223be389b76211d91ed7e3b096e41dd4234391c99b9226693b6492132fd07b08acb0ac0b52eb58159734c715d25e2e189e4fcc002692843dfb18ba188cb583c14822a7e09650fecdfdca8d4765452865118b23ffce522b4910260c9b1a66013fcb5292b443e37a24b913933dcd29dc818a246fa1ad70e448e3694ea36f283a018373499ec00423949d9000e5f6281ec5d44cea2c2c0ce5d955b40c1b6809ef278900209d59cc9e482559005963593e49eac91b686a2f816421e96b9d7d6adb3a2fc441cec940e787e55d5a4a5c20b723f42cfe4a52678f34ce8486bdcc34e43191e36b7429524a7d737d908400f2347a91aef585f76ce51e4014479ad9d3deb272613f0cd7c8a142bfc3e6f2eeffaf042514777e6676b0908e8486643dcb764247903dfc51407220226c5d0d50f690e42c635d3dc8f8a524a2cd641c3be386862964348249dec00c528d1e6b8f2e7ef8f622d300d8d617e3acb0f8000024b3f39804c0f20849398a49e6c0cad981a4bbb9746249229c00b744b24c6a6e0100d881862c9b582726bedcb325004395c31ac3438d032419880b54e276bea49bf0eeec943622a9a795790cc69669e26dc4cfd8d05ef800669c80afa86e0ecda49968412e0d0eea3c32dff8d2c590fdf148a8a31efbca506654cceb05b37a129a04434352e2dc1be9249fc15189fb649a85dd6b333b43f7969ae4131bcbe746281a72f962f231da84e13c73faa1958e37d09be405cc25376257a5eb0622a84b5d7b174c13169fa1d3e94baf492663400044a13a0640c88c0675c02372d688006cb983c9fbac1154cc14c07bccf2e572ac8550153f8e20e389eb0080990cf3b04548989a4a24260b59ce618c747526c9a768be1fae3600309fcd2c850273c84d8c9b8ec974c473b421278b019c2fef096373a1e05c8b6d5f19cae40ad957a4c533c1a43b7c303424a5ce5bb194d48fc1cc280ce36b3f2ca58750a684630f79cffbad7bd7703c620290ceabe8b010fbc9327fa8791b83481ec14a7283f1f60c6a8b1c92e7d041587c843ec62f2d4c1f618735ec863764a107ce6d127a861f615a34a6f3a107fa96660b0cd6639601ca2e63d700f3458d0a1f3ec91f812102065fc45289c4679821e46d2b1ddd49f22cc66d8673e33e53e7a203bba388e465281e2030dfc3ec7643a408fe6b39ffcf98ea7e8827bd847bd76c48fbca50c65680128f5124756d71621c2e92f4126beb48e6efed09d7d7a54dd1d0119d8ae88fe8c3c3db872e8577d4044bf42b7bdb6711c701c065aec4c855d840723786f211ba9254610b39f76d45cbd024829ee4333434b250087f2e63051907c7c201b8458e460fe6d535bb4a72017645613df9a21ee6ea3150c843c71bcc0fdb85674ef2a9e041b801ed3098e40538163218b74a1c1a169207444ed9d26624b9120be7e014c942891d83f08ce42d288ac52d791c013ed034143a381b880d56a5f6784cd6b1aa8e1fd86742c9d933775d07ec2b2d4b15ec12fa4e88c88857a2857e2ae6926c89f8383b00f2fbe4e3ce22ab19f9e44600807c1f00d884bfb5502ec3d97b626bb489ae8773bbd081e40db465a9cc9ba40abbc9704cbe12756047f8d6fb86ee5d2b922c84d408c5e08db90b2a92cd70711b063f19019767e46991e32546c9ea146cc70192b7c4e6afed02487211821160801246e389460a5f82a28ef9239e72848a1c060d27c27f7e2f482f5c16f04d40e430dc15cc1aba2068483e445b3ada915d2042ca142c227912fe34424923ebe029c9dc4927be26949d42bd576c0683e37a820c006c6ff1b6cf3992a7da5c66d6e6b53102b2c262922c9de137e2804697d6a4dbc0cd153aa70e605e4becea026028efa215c982e075e4c11b2423b0838c357863c3cfd0bb5c97246905e1e5bb834061fd2aac213912dbf31b00704820c98d22910da467b950c84cfa23caa78590d1b7c31443bd63cc5b280b49320101ab6066074c2539040f99df0740cbcbdc29ba43924371ae8da48ca4de46523c16b1243568ce6ee27c3e3007b2326d2ca2525659bd2dd2e59232d243ac2539174e2fbe2294fc4b97d64dede56b2e6efdc0688f1ad1fd0f4b33abf18dbeb604bae98a97f6df56462ea95c3b298ed4927c384f3922242c6c7a94b072bfd0f8686c657c969d843f3175a2481e6d708d69533acd34f81edde8ed35f80179a1e37d927c302c7bfd0e923cd8743a4e0b3b18733f3ef28a144af460fd7a4fa7c0f32479614629c9c4a357485218987175cc2b9f9642d5bc0d97e222c93c8917a7bb905c0a5b3d2344002cd6bfb59fa5934c38273459defa7bd6f64eaeed769daa03b3c850e54cade44cfec92a3865b034cf52bfd31bb1e9d1c78e7da621c98c397759262462ef51328fa47ecf3592e707b49ffdde0e93a316bee9bf8c9ec78f2ae1d52fb543cc3464db04c52413141314934c504c504c3241f9b543391666522dd3114861522d9314b0529b54abe40c948f2933a976c8cb04c504c5a45f3494c2fffaebf2057f564699a0d412955c9ad1522254540691bc136b82f2dd75c315001a0e9fbe72ede66724fd1a9237f6ad9ef5cffd7b05a790baff5823f4bd460f6adf7561aa09ca37d14c49d0fe70ec26ff7d1149ea2cfe89f30d61d3709d9ab686386ce130733583d981f203ffedb009cad7d24f99e45eac21bb4949f201c6eaad7ff7e7f5078e9f8f3d5f96540780550af9dfbf69fb82daf5329bbc7f7b261cf754625e6a82f215b5176bc8e6bf25c963589c66f4cbe36b77d15ffed1057593f927ec204925166318495217f08983db4c50aaa99d58439dad0b49fe2b563f781b0f6532fe85fcbb024d8b7ae02a49fe5f5cb6144793e46a342f54d6893241f96a5a884d2c40fd1b4766c8a5d8711bffb46df3619299b20e7a92054db1793492496e446bae81dbff9209e6e60f8fc11831c104e52b68288e33c568c03b701d00f03fe472838f600c1a0cc391bbff3d0176ff455d00ba943dad8bf53c02f1311394afa62eb8c968d4ef3961dddf42b03b16adc2febc5a4ffed36f8451003f99a331cc01b8fd17c9ccdf635413cc25f591974c65cad7537dbce136c11b7831569d347ad03b1be3503aa0aef88f4067c1b9314e0c4cd09bda295f577a6b6b72a130e8630be61f37fa05bb7a0abf0fc56ebf37e73248fe5d589e82c01f86c90f0b25072ee41f8531db91181c25448122db487248b2a413fe62e542ce360ed53d62889a173ea4c404e56be939dcc9c942dce95478254014bb6b86a2d9efad305c473ee904bf3c331f523f16bf7f4992dbf14792bc8c4f0b2e6082521dbd407372ffef85e1b8f570b8425f6aa3de7209fe212315ed4896b4137cebff2c8cd43b0beb0726285f4d91a7caffff056d433a0f59bce78a26fbc0ba56007e37b7988f85a09d2f6d904832c4103b32ee99a94cf936fa697d0542bc7f26e127926511c218c02d9e8f49bebe50fae3dc8fa9e7d104c52413141314934c504c504c324131413141314131c904c504c52413141314934c502aa8e8dae143476fe94c506a8fee8eb1060034de536a82523b74bbb708e296a39403dd81e6374d506a81ae7515a3cea24c92d41f6a0ac90a9d09ca7756e904099c96141817cbc265e8966d82f27e9d3af14d9256160cdb0d9526e24af482db9e321394f7280f36df2265c57de092f4ce3a6d7fa0add604e5e7d296cfb0fb7599b826fd7c75840fba9498a0fc4c2532c937f0009d0097f77a036537c66413949fcb1ac55f3d5d0b615385d7dc135b1c3341f999ecbf7e34aa5322c9b9aab61d86cd5313946f0fa5d853989ee1fd9a88f63a13946f0e6505fc3e506c153634ce9e6e82f256b65f1b4a82547ce543db23d04467825259907de5967c53614280aa9b954d71d204a592f23f72405a1a49e65e3d5fdd56de06b4fc88417823ba9ba0bcd378acf7ded513ae0b7fda3bbde6c32033c02c54981b56736ec782de1d9b0ba30f6fcecd2399712ea1ca42e38d1d3e3617758e9528d504a5a25e944f145c51afc58646dd486c3d61693e7ccb0e3956de3cae0db6070088da64e491640f5c262f5a029e61554c1f300f5d3f9a868915e6b4334121a981fcbdeb3dda08bfeb30a3192e924cc4c06e6e93d0de0f2b2e1e38c341d283246dccf54cb7978404dbc1f6bdc11f5ec870fda369386e9c3ac50445d0a32aa03433cccfbc13612d1045ea0661eb6cc424320297d8da973eb0cba64ee4484ec47232775b832eefff08067c3c0db952b32213948a1556e3ec71efa8ad6182d11d98bd0d011bf6faa379c9761c214fe20815961c0dcc633e1af2a9b851094916e7bcefec62ab4f99e7ad9930d1a809ca5b28ef9fe0476168be6cc3341500a07f3623b08c3c0e1515e05ec0e6751e3cb9061baa3cb9ae393e69c6e37ec264ce2628069d2a9fb4b2927a18a02cc20a15825de07c85bc8019c2f4b46dc08770454889c89e437087054d1cbb2692e7c68c5c5769bea4d3702ef894444cf93476bf1a286a8c7feffade78c14347c861387c186b5e0f87d901dec5686126ba56608959405b71bc484a059e316d442f0b371d47b9d9027ef1e51f4a0bacfda4446c7a3bf59c098a0045f9def59310735b847b6c8e2435c2c90889f47e2294e43a9ca0973569d3f5aa597d07bc0a14e6380e463e49dda50932fb0ce33916c0e7d30af0d3e8628252094ac87bd75f42f04460da4bd8eb4f610ec9f998920025b902d1f4b427651d381f40e2422c23a9b5f3a6b1109a67f877436c76fdd312710f8d4c503ee14bd135869993b5ab12a13c8f59246fa3f36d0c2567229e4dadf81a3d58d61538982a6a55c6dcee6f673ecc3133b4460bbd3fb94df8fadb380afcf0650a535ac9f68501f6998c4520c974c8cb1a8d22a7e226431d78030b49ad2f667000062cf784e26d5f7b2b89306962385a7cb2af8a050a4d50ca155545ed8b24a95f33ec32f9ca690a49f69bc1623df9ea869e6565cc5df88064faf434663600cc6795f729cfc27e92ccb4c1a78748f3c443139472c5a067b52e55f830ee6aac30157df1d963154dc84fc54d7424a761f8a79fad3de24d50ca75f7ed9cbbef5369843242f86648b2eccad4dec19b5e9309e31a02c0db89ad2b6b04b6930952e9e34f4f45204e99a0546cd1b7ae7a63720b00b3c87b1dec86a792bd015bc072de6b2b38f80d0c1a33facc7b8f7a616bfb92fe58f419a91882232628e57a028f2ab7bd7041f0295ff1d347b6001caf9534c473bedae084c93d11fdc1ca43fbec48787e8e8d7112542628e5ca806395db3a6109f964c4cb2e660b36cf85a3760cd24866584a951f8642ea5a7cde539e8f952628e5caafba8ffe38faea49f206a6921c839921b84392de188a250b87adfac05937c0e3b35cfcd6fd2021d2bf11148a50553e23c75d92e474dc27990ac730c4907c2c76190300a2aa073264d8e2f3e29def3244ea344111540759efdff01cad0cf5d5ba244907f12aa84986624a2facbbfcfc5ad5e71c230417fc741df894beb05f11144f541188f19c711a00c70e24992bb65b8063e41991d5b33e78f4a153a68a65c99f978838b43741a9944955f1004f2154f853d79f24d762ec3c4433ca162a76fbb087caf8cfce8c92d0d004a582fc51c588d034914f11c9b4db3d2c72c90332d9a330f46e0fccd0538951aaf0a56133fabf7770c913339fcfb56465c0c904a58214385fc5965ef08b38b8c0d5622306aa87c16c3fe70270de46f2b8316af07be7341b84ed9f9bf02291a5094a05f583baaad7b73900885797f506d0e01c1937717f4c1149662e9b1b362f3c3cfcd8fb7cf01e883d3e7f8cbc3d4c502a6854d5cdbcd28890e18b1249dda135e73f7dc46877acfefc94dbd61228d9633ceb587bf4d8c37bdb775d13eeb9f4c6963943c7a6917c7cf6fc4ddd378132e9438347aaa13da89bfbf947d9a1760cdf9e04db06f5ade03f14001c2767e6fdb995306ff996addd6c0154c3c3a33a50e6d6accfe823eb2ab3c30fa97e2de950f14106c9cceea229099797f8a0d742d4ed13bae77246744fd8749f346f458babdf044a788d42d177c1c8ea1ce78f2bb58149b1d88d2413452b49f2b979cb1443ed5ed70e4fbe6199128eb9357857eb513fbf3ac77546ad98c9498b1624b915b7495ef2c45eadb10f301cb7f5b9df0ccaf62abaaaaaa573926ace6832a0760c12d6c26b43f8f6670b71e1fcd63e22d1126ae134a2efe057e44c58e173fa52bf0cca7e4cadb17bba6d5d951bc6c734f1f3db365f430f0000d3c300009d2e93cf2185bded2d7202464fecdff35b41a9cac7a81acaf140b3bcea1d3a031b0dcd484deaebef07e50d6c4f455f4c9f04a0f15dc1d4d03d57a723a984e61b96293507a538008d33aa79ec7cace3a359633ab99a01b0f19df6bd8281d9c848721e963542dd1324ef6184b0a13f9ed70094ad330c7fd6f429219f6df91bc9c287ff12d022f8908e0525244b42126b124a59309a6555f7e0b598cf0b907ac9872c5d3076404b317cbfcf04b4bef85f92e138571826c372f2bcf1e97483b606a0f4b732fc698e5cee9602dd349c0338798ad14f37c182e404ecaa41286ffaa1eef36a1fbd09e3c872eb4c66b89368cff780d21b77486e858abc698f2b3c8d696f62b784ef28ea81573500651cf28c2b8b932d5ca67bc1e1ce52a8754c6985e34128e44951077dcd41b9d508aeb7bfa0da86ce9557a4788ace7c072863104df20416923c805e8c800c00b07520d6c62c19e6672b3bf52550e61a3ba25a206598e82af5cbd0623b2e905c82b5a17870c7d6fc2e491ea90928792becd131e30b4ef0004dde59f3ccb6c577801282449299b22092c5d6ce3c67e5e8ad502e5b9d2354c860db21e14ba02c40a2b1b11c6b1140925d301a7bb2354b2592c485d8e56688bea1fa7228ba482f60cc1705b9cb80d5bbabc67d0f73d836bf5c924cce23c9b8381adc1049fda125611ba2d3be30fb5a6798a19a0acc121a01bbd103ce00cc0f70292c8cfe236bbeb49d52babb09209aff4ea9afd566dcd63cb87ce572945abd6bfdaa7d91e7aebdf99079c60cef76989da8b2a3e75ba8e0ca8e1a9aafb0229443986d84d24318e7791263600e6011b915686428b816febcd9967639ea42e253cdedd48f7720be3939c60940935d27f76f0e9b3cba9bbc898bbd8585bd25de239173bb61f376de7fff175517efe67ef90d62bf0f8fd7b16b87b73403e69024b346f91d37a64853f28550b2d099c5e14f49051a2393246762bd65f3533d4418a73b06c07ac24b21173d42927b023a7a3800b071b2372b7f8ccd7ab5681c387c6250c8dab953d79eb87e39f1727474f4a9bdbbd6ce091d13d443d1d24dfcee93b76ed8a04143ef263d5a070d0d0a560e1dab9cbf7ad5cec3aaf58b268ff2730600388e3af61e9fb016f86cfbebab835fa199797ab81b00489b07efba37e121c9f680e409797da1a21e8c731a57bff1e86e59ba1addc816e8825b249f58db67d5af435eb4c7c14be83cb30eec6348060bf3287700aceab46ce055dfdea541a751cab10315818aae0dead66f540f1f52037777a7fabe1d83a7addb77205e9351c118f9fa3de6bbc2fb67968f70055cb6fdec73e963cc6d8d6fe57bec9a2fa35467cb3b99d23c3196e4636345ba204bf3b36822299d3fd3a47600528ffee87e2b9fe44838bee01eb41c8b2de71a01b072112ff852282311531f526d894cb20ebbc8879e584d2f31c99d08ba8ff62c9c02592cd94b70787f9e965f457c95028d46737d7de8ccb049ca1141e3944ae5f4b0159b0e5e888ebdfbe255d5fec23916fdab2a3e6e8f3747bb873fabf6541af9bd542aea6adc2573c20d96dcdf3bca0b00de86d82b6d05b4617177d439cbbd1de58dac002082e493f8576459f30142e630f8f39ee0a969797c8c39e4cd856516220cd03544ec06ccb0c7c0c8245d6ed69796298c811bcc312f0a01af2ced170c9561a29e2d41f221e4f9623b92e1707e4ac5c7fc82aba7931f1af0abe902b389399556adaa14e1f30a5c1ac3fa1a79359b3c8d81d32d01c067f492de4924cb4ea792fbd1032db9164da5d2fbf31dad61d1dc4fd1ed21395104e922bd0ee23492ad518d72e93cb6903d7159e41980e1684615c2a623ae460a7a7230446a47697d4471a70470df4fd21d24efc19f4231331a2bab7631fad256d8e10f6d3e5c1fee172aae88424085a52138ab0b83677e89d904324b6c39ba4700e6bc62ee40a0f9356e834b015b8a6ea1a9ced5fcf5460492f4f421d36e90bb00473b2c635d2c206929aa46b1b31211e47444d6377f6a012ce1362c1987ebb763d26b024aa9fa32f74910a427534f9c2b23c9b57348e6f75fc3edd349b2e448195b7c9d8ed886f8f0b75e384b84d1158a1d0d9c2b347cecedcbc8de58f5064a920138cb4484907d616e01f3cb6b8149e7d137177ef7104c5d1b5c22e5323214b7cb5c9dd333ef594a9f79c13a83ba6a05990f43023912d16d90b61a66c90cc7aa2000b0ceaf012824c93b673fd2a86b84af327ff8c77d862e3546a3f2902c3a9b0a6dc5071844f221bc7518407211e6518b9ebc80beaf8b97c16d1d803a884981621fd6b2741b02c93e78c921d09cc37c92b3b1c40f18c9d7d582a24422d903f726e17ce9d233e4381c1e88d049a1fdbe9de9de0d2fbf06148f8ffb0c158e867457853a71b9c7f84e2c240b9f35460cfa90bc80de2c818241a2672447a31dfc1ba00d1fa3dd1ab4692a06f08483718f13707523ce91dc85590ad4c7991c5854174a13bc5a811d24c9f6b8ab40f5ed15d58162f97e9b74e5440811568a85c6e4a78c3c29b3937c828754a46db9d746cf0a1dc9f3d0bc8da71440a854413215ed998bd6746c4c924970827fd1f16cc6a3d75c005e7237ace54c9ce32aec0f4722c9cd58d6077bcd1c9fcbf0e6f39fe20424924e62aa0d89b341b102da6f0ca5e292f181bf762a77a7289e6a01ebeea7f48592d924cbe6581a9f5ecea1f9ebde90cc166ac63d2a8c7fb85945c4aa7774c7c5d8e3c8791506498e056053bf9d1c4d6c5ad110284e2acf431f92bc8156684e92d1181a86b87cf238fa7101f6730bc2e7e33cc9201c0bc2bd65f8879fdb093e41e390487a3af288018ac89e1d2194f23999df064aa5cc3fcecc606f7a0205593cb9899ae47a0c9cda4d8ade253205f9b2359c63847dce980370ba4e367429249904eff2130dc2c14fba7a92bdc470b6c80acde5202414902c3197347326791edd99037f5a372159dc0e7b1c2d05284161d0907c890654613da331e53c66907764ce454148d475038c56d9cfcbbe8e933d655c8d9d2459082f0ec0b988495dbd65f8dc764f35a1b85484720c07843f77a1204300718f3b5c8f04f26577ec72accb876e186c309abdb277d8b873341c5ed005a1244f5548f04234fe447fe233225b6168f77358bdb52cf5408ee18509c67316fb6113b3d0847d7120e7642b74d03500495e83623a5248eaac443997309819e854e42adda172c14ef6c51d6aff0faa135d77afd775f2f97d211b230bcdacf57d0d068c7a66eedffe4b396b8c769388367c2ab169e806abeb1188263913bb5a8b125c44cbcb1ffc2192d3318281c059528549862dda9170bcf7a9d75f0aa7cb24495fbc6db834b434a64d854937dba05d316929be96680e003db4943b90e42b388e408150149f7e0e27725914cf9b03a2d9641f6492772daae5ae69d085e1c28b7578096fb66b37615bf49352debefbeda13cc5308369036e5c8a78eac3e1771847a95d2a76d42a602bd9f1765f4f571dc92217f18bc580671e550607b282f50ef0f96426d42f15595d24c94dc69163641b43004b4b495e7d001db348b6c131de1be83ff41cc910219a5f6bcc9c62b0286dd64f3498691e2d99778be4f2662439a216b8937d31943c63f95c2a96b1a77929493966a16b5b3338c5b12bd0efad812cc3f00c2762cb398830862a84b2e051f2027b38acffe9b3b20b894316c9545819bb0ad20cedf0d8537c11da5da523c9f3837fd61acd3256a2a3eadc78ffa97335fcf1a1d0c21878ab1e725af890e47cf406e0ba289bec0629861aebca71584192dc8e19f7d0ae3ea25550723b8006eb3fd7f76b1106916473c4f017a82f87e269f1f6541a87ae24390d036003c96a92dda06e8c2186f6c7054365f634c6bc418b93f0de0825f3b74d3cf7f923388a1a6315c92958fedead55667cef6f3bc4ec2659985a42f2e6ec092b2f94fd8050cc2a0d6c6b8157c9ede69274c273e72e24cb5a6009c20e5861261984f32f3c8d1d9a970c7dfb8bb18870e740381bcba3cfd7233b493ca9c6900acdd583e3c60d9f191636b25ee7b710562bd2f489170e2d9c3e5b19cfbca93630f7bd6cdcf8e6a8d164d31a0f667a0222b7095b841ad3d51f0eca3b36bb2138d3174864910c85bece3aea26a07534c298680f15c742cd0796a2a342f3d2a20549a63b4a9ed2d29919aef882b1f0a744ae1abe845df95bddcfd88d2696b40b2d664e6461c92088eecc32ac9d53d0068ebeae6f63c29fb103c6e9b60e22690b0f58356fed81f65e8d1e686e4c95b894fe705f4ae503d6a1bb4884a1dc8bf65c80b14b9bc2253906b3c8d3a8531086dde45e5808fe5dbd719b7cd91853497b4f3212958cef9fa985685542cf0a51bf4eed49b803ef23eae8350096f200ae0d41e3559c8da91b23632f9dd3ce47a73cf29aa16df8c8122211e68f11e75283468dcc4bc992cc57f027c9c0ef3c1ee9cba1680084d6359b6383737cd51440570da3d181643b9c38846924a74330979e82f7de307b0416b3ccb235a96ff3fea90c3ef183ed8e599cfb8eb713e46491a3ed156b57dd1ef863481939d7d0fb536a2b4927f38cdf403fd19937f76ca433708e473132a08ee65a7c014b1cbc481e91dafd805f4ae528465d207916210116922c3977f429c9e7a226243760da1d4c2259107cd868b8032c161693fa31bb48c649da7e41d25fb94ae2d36496e9ef42d987990cc4f568c0b788e46a83f926053ec787d68555bffb24f952dc9be40a74441857628102000693de9629fbbac1ec087ff02f854fbaed206faca934d82df23ac9e29325cca95c93391f1e51d15f2e39ef4bd27e0a6e2f476271a58a6123b23fee710316de84e03bb80380a40b59640b40e26e01e73c92bb7088e413b4ace3ae1f8f836d3174fc9808b209a440dbef3d9b770d40f97e9a8be667e05db1422dad4bbaa1bea31d5ade0224836e929750bf7d1b8f52f244e7a18773581a88e324a70b562ad88dc7a500dcea6a30b4cb01582ece3541a9bef43db1d04388d46a90c481251273ef664ec069b46c0dd1a0ac14a3d5f359b89e2487424d43b714b562c743086984a7fd0c9da9fdb1aa9308f5effc4aa0147df8460bb4466b4cd9bdf2e1117983867cf0a8743b5153585d2e5fe18ce267e84f7236949852badb054db3656ec6eada2592056e922c920b114332063d4b3d253259e92c9c2573ee248ec549def4876bd68f0fa5f0ef069be4549f46d35fbc6ddfbda8b8cf34c92d92b942119352714b69ecf2011ec0699264fe5c47a0f90d0e594f32a13e1a7ed8edf3aa3d6cd05457e176b23550928c4217f426733a637200ae93d989c70e88da95b2b8b730a2fa0ca693c51d718091128ce461b8f5f502608da16471672cf9e1a1c4b98aea2ed591cfdcd0b83eec62362b499e6e08b48de7f5504359ee010d5f7613378a271927365a62752757f471040007074bdf0432a7056cbbfbe2b81e43c9031618feb19ac035994c5c219a643b5c7e8025241763acabed65f289b8c13258d85b03f0e88fb6e12dd0f4154916d595aedfdf165df464ec821ce63b0070edd273ab6800c923d5b734d41628851e003091f90ed2e3e42169a3a1925cee1589dbb7113972269e4caa9b4d522a23fde125b6ba4bee153ae848e688011bc8a3b25e3b49445ea59c098596ccd6e7a32f97c26cdbc713b31380cddb2ed7b1b8a8ed1b4732b6ebad4d2ec9240fc73d6d6b6f6defde71e4febc5e80a88721678a9101e8fad6169675ff562649a69590cc549efbc1cd2cdc85f1aa7b8e389485c1248b3d2de723eea985e515f2741cc3902cc74292b0621cbaea77a123195edebb9774232d17ddc9f5983d0d3b753662a1873c075d438c5d591fd14c00fe46ffaa371f9e54227e4f797cbea78b1645b376aa06be94ded21cf228bc0acc3b91c95d30612df64e34faf9aec4d9b6b04d271d91b31887c9ceb8cc6995e7a7b3f622bbe35ea665bd424b8bc7110aa9fd582d24f07ef469ef480080be65fc05e9cba194987724c9ced8286b10d654849ef97bb1d64e5ac2db2121e7f55bb16510309af446d2485c22a33094bd2b7bf33998932ea2524ec1c64000b03643a80cf0f8c438c5799d008cd79ba0546c950b21232ea2a53920ea1ca5e7292c12d7239701e8b8054b66c14a748a6d7135086be775758163590b49a517db1d6f68efc29465e89835a259af389e422f7b0c9560f4a7bdffc50a0093f4bf7228b61597ae43187eef004bc06a4521790ed33d64b9cc7d79bb354230630766caec93fa202a08002c2d70d7cafe9d3414d0dadc018054a86c5d417b5f14c53ba3ffa73d696d77008adbbf66283a54eae48a33c4346a00291659a1c9535ec688c9584cb2b881d916845d44d86ab8f6c0b620849d78a20fc25178553aa1b31909b14bf7851d71b4ef4ea14ada0e0f98ec8c4d9fd8b45f2d034443927fbd50d22bc7397d825e247947e4e08fe2d4cef0e7494cc97094ec65e1180c3d8ad03c283815c04c61c479bf9f41b1356701fc48aec1dc3acdc914771c1d82d3e44591d5a74ede71cd0d80e5cad7bf56288fd0acd2b2b7f95df2aa1bd6f6c21396f8e0e2318ce559195cece1991e870174f165596fa09712574876c625899d9e59f7a2e284cce9353c78077f20b906f395b810e38e20dd62ac2139111d3fb5a8c89c6006c07acced5f2794772774de0dabb6f581fea503914c2e41c873d4276f74955a0ccae663b4a3bf0f99df0c4d078b33499d055ef8a19e03008329f1121af3042248aead7333412254a5a2ec8e91ccf770fd7437e9270a001075db976382426eb485b86504991a4ff232da705f05c79f35d7a8794e525367725204490ee8a08b73006ce58a1ec2888a37ad9692778c7e5f177a0ea9e0379afa399641fd897e8d00c0acf59c0b79bf7628647e85eed3619baba81f54b4096bbe9619f6e1b8660000b38e4bae96fcbaa1d42a25ef0f152225489b4e3c986682525b947b70b8af218842c3c1cb8e2797fc0aa0b4fc11ee2c376eebe47e1ee6000089bbff90b02d27ae3d2dfba5424983e78ff3d2953d3a3cab6f230ba39f9eb9bb5f8f2193176f883c7323f55bf7c4e724957d3d285ab8f347537aecdef059fdfc3dcd2a452491dabbf9b4ed31746658d8f4e10b4fde2b24a9d33e7fa54dbaa549cb79a32d220b1213131fdf3c15792d264a7decc2f1ddaa35e1e1e16b76a80fef52ad095fb560de9aadab0fa9f6a84faad56ad59e4de1e15b54aacd0b46297c1bbbd775b677f7f2f2f296cbe572b9bca197833dd046d17f5890a277bfe153976d080fdfa25a17be7cf288a0818a4eed26967e3114af1fb6b259f4fc4174e4a1b513837a766ce660f34ed418899314352591bdbd5de51596761f0a58a3ff1543793773d33e493ca7de3c716c5f45277fb95c2eefaa90fb7519143478408f2ef2a65e5e5e8dbcbcbc5ab457040d1a3b356ceeb2f00dbbd46ab57af7fe3d2ad561f5d1d3eaa89327f6aa54abd6a854aadd8755aa2391d1178ec6deafd8462ad66ab56fb4da1c9df029e46bdf946a5f2644ef54a9549bc2c3b71d3c753d3151f3a2a0842628bfbc823edb04a5da2ad66834995aa3f43559d01ba0e465699262a3a3a3a3a3a3af4747475f4a7c7bbdc2b7d77df3cdef3b5fabcdcbd56ab5cf1f25de7e9851211779f59eea96569b7a393afab8fa886a7fcc93ca697dba55a95cb271d6d8f0e94303db357568d661c0d0114163953357ad0edf18be227c65d8b20d11ea33d1d131c7d56af5d128f5a1cd8b664f5106078d512a87040507050d52287a29fa2b147d87283acae54dbcbc7e1efccfc2433e68fac683a72fdcd37d29944b107bb83a78d89b893fa5c493d9bb78793590cb0346ce5cb643b56b4bf816d586f0d55b862b140ab9bcaba2c780365d148ac0a0a09e8141818a818a1e8ac0a0714ae5e060a57278d028a5726450d078a57268d02865c844e584191343954a6517d7a9b3c7052b148a6e0a85a2ef30a55239764027b95cde5e2e6fe5f0cee5cd9dbd3ac93dad8405abfa5e5e5e5e4de5f200452f45ebc66eef96eb12333124b0f17477f272b317a12625b5b777f6f291cbdbb61ea05028fa28148a5e0a85af8b71f3d32f8572a7a7bfc8cc5e2a73f39077eed86f9c728252d0d81ef216cde595e5e3ec54b337f751d9bab592cb7de47279e3f601dde4f50c5777692e6fe6e5f4eebe62877a0dfdfb0c099a18362754d9aba9a3bd188099c4f81a370e1836232c6cdeaeb389c9d9656f9ec547479f57abf7aac2c3c3c355aa1d8754ebe64f518e0e0a0a1aaf542a95b3176c501d8ebe7ef16274747474f495e89bb7131313afc5de4e7c98fc30b54a8b427172428c5aad3ea3ff52289fadd2dcac678f6e1e576d080f0f5f32273c3c7cd5ea7d31b7349accfbf76fdfbf9d989478273e26f6e2e5c4c4479a87898971674ea9a38faa4f469f55471e5547aad5e74fabd56ab57a974aa5dabf67a74a75f0fcfdeb97eeded268341a4d9ae6eec5a8e8e8d8f8fb2fb55aadf6d5cb9f0d772ccdd0646b8dadb6026dbae685f6f9a307d72e25de4daf2a4bcfd16af3b5ba1faba037e9570de5e5b91d7317ed30ba3fdebf4132f7e4e259c383ba1f3041f91eba357b80b790b98f5cd2ef11c933126ce622218e7c85f0452628df503b20f69434dc7a3072c5632fb8e791ad4552c75c0fac8d7fa4cdc9a609ca77515e7199a582dc3f857d81154c46e77e880dab25f308fe7acb142dfa9123ccb814b0be1482f58bb0210cb1652628df530f31800cb2e551f8884462b7fc082c0e038cf12b4c50be8b2e21940c12f122465ee8ec7b8d6a4c5e8a16ad769aa07c471dc36232082fef0a91207914caad58652a53beab5643450e437aa210478a1198b00f4d4d50beab6620929c824bb19866a8258725c0767148c8d2db2628df4bc1384d9e35bfb6138748923744d373057baf8f09caf7d270ec2399c7bca386218df1b9bcb17bcf9933aa532628df4babb087bf4ad566283a8dde04c5241314934c504c504c3241314131e95b40b1d39a54abe4097c63c72c933ec1671f53e426d53285c29487d73e99a098a098648262826292098a098a492628262826d53a2831e126d5329d83b9c9d654db640e58aa4caa55aa63ea4fa99dfd29262826282699a098a07c4b159c5fbfe650e5b0c5ef1d7a57969e9898f22acd04e5eb4b3dd20a00a4b34b5e456f9cd643eeed10c4bfd9b77c673679ddc5a91d853835aec2ccf5af4d50bea2bac27fedc998755e50ba1902ad742c6b02d4cf20c954f793243952a904009b805e6d5baf2049a6bbf63441f97a6a8fd724990c37781fba9caa4d7ec593e83801beb92443114b92be2ed796c6e7b97b70db56e1a0fcd6c2dc7526285f4793914492c7d1d3c6381fc2506c2eeb899e3ab2939d9e247b23956463b3126bf14592e448b47d157dd304e56b691612497da43d4e35b365590e497d3d3c677e0bcc67a9450792e4245c2129b7e43191cb13929be1f27216ccb24c50be92e6e04cd9513f603e3ba09f230692c9a84ff291cc2ce52126902467e230c9a6223de7a1f11b9e96c9ae7120ea9698a07c25ad436307a0f97952010779ab26e47ef4da3abaa39704cbd586a9b7576323c97a28a4ae27461eb5141d226f4fbb6fcabebe96b6037056eb480e80c690a10180c815ed561a26f75c8d2d24edc524df784064bedfd44ef9ba52a101e0b357470619a00c45afcd71e92c949acd354c44bc09abc97cd425c9abb6386c6a3c7e656dc5a6c43e22f867b03f8498aa81427d8cf530126a03b8b9e403b427494e40044932adc804e56b6931769009cdd08d0a08b616b9d072a117e6638cd0ea4718795198c88dabb196e45d17718009cad7d2541c25f9da019aaeb8796abadcc9c14cfa77922cb314a5daa06b68d878df13184546a313497229d6918c80e1c33141f90a1a896892ec8743830c7da876c124c9a7f0e1590700b0bcda692d198dbe86faf11d922f6c65174d50be96a60831f286407d67781fe5d65bf93a83adb150b98b2c38b347b5eb89605a0913668fced8ab27c98c5ad3742c4abe7ee9cceef961610b17858787dffe2540294820496a3617fe58e9cebb7966cfda909e4ddc2a4fe562f89c7f70283f9a5e5d3bb67a4c176f63bc7b91ac711b455048d8a6fd6ab57a9f4ab5f7a909ca37cca49ec5eedb3ebd9321a4bbc8a9edf069e15be292f37f91654aad57ce930b7bc3fa35328c2835f71d327df3c9f4e2f7ef5b7679fe94bb26285f4fdaff3abb73c9980e86e929c40dbb0c5fb2f94c6a557b27bd219f4ca90760b0094acd17e09a333b678febddd8d9506838350b08de149990f3febdf52f2e69df90cc33effb324884df06a94efca7094acd49f7f2c486c95d1d8db528e7767f085bb4e742cafb77bed76d17ff7bc929653dc05bfc17f21aba3ba321ee98ca941aab95bfbcb137acbb1040d1b179c0b855271fa4beb7d0f89fade1a74b0b9afc89fc47586a1703f0e95d6f2ec4f13c85d97fbc7e133b4d506a448ff60c12264370ee14b2e998e643bba63902b0db0aac4dc6eff1d735589542ea5f024d7eba80d9e4136c3141f962a5ed19d71080ad5fffd9eaa7ef2930de06f48b5973209bfcb3f9f5b41dce56d610d5c3118c5b8523574ebc24ad7e837fb98571e44b43345913946a0389503602804621eaf7f601e4edec69db94079f92e46d19607b94037efb13391bff20febfe693f4bfebb41f0002c946ed7cadff867e64362699a0545ff737044a00d80fde5ec5e414694a4b882d7c5e611949f60666fd56b2ef8f78cae7757ebf08f774a4cfff39813f1e505f27bbfffebab88ba82df90cf34d50aa652539bb6aa4bc0e00cbc11b124bdfd9981e9f4f92c7bb1eb085bfeaf5f3d78fb094649ed9b817bc6b6bbd052bffc50507231045b28deb75ac24498e92fe1402fc56c7d7986282f2d96df3936186498f1a4e385350795be9f1112ded45d8449281e23ee26b24c9733840f26f88247914bd00586f621c769254d86845bd7f22c9e548cba907a43313e34c503e2fc75ae16f0ec0b9fbd47d09afca573f8f5c3c69e4666d7157889d7c0266ddfc5f52efd0780532f8fc64314fe030c99db84b92bff375aebf3a8dbc0f15c97f94eadc70fecdf6d10b36e119637e8354963a753341f964a5444df2006011302bbeb23fff9b41c2c4a3bf3f67d62a8b2407742393f18728ac9b20c3df781c7b49ae443ac96cf35effe44e928fb182647b19ff08374b00edf088bcbc87e4951413944f6b876c1cee01001e93637ede6373124d0fff77a67611668da8534692bbb08f17b0300d40e0cad73c0915c9652820f5fdb03f549247f2019691fc83e8f516a0e9a4ab0776e26915d7aead5072ceed38f1d68a57fcec7116c98443fb133e6b4eccfc58f5a5ea4ca2a98b9eee0d004e3d96241ada1cf97f5db8bf7c6ee1a2dfcc22c932ebf61bf17f3b378c60690b07ed096cd5dbb64f20c9682c20b906192c9b0945d926a848dec10692d746e9744f9f90e4eb58dd8f05e5ac1880a8b786294b8728dcc48053e9497f0068904092cfc2f349eacff46eec778ca43e3624203885244be38a48f268ff1232658215500d2ffb07733c00b80ed99d541ed53dce15807579ef7e936e245920fda718fcc6c13e988cc59f4e621d5d05278d97a27e248f62effff443d357fc1fd13f92d40efb54dfcc5a0a65015626eceb039b849980b997bc4ff765bbe0bae2dac505d2562bb690f3b1874cf2075ccdc792175b0236a2112c7ac9c3584a525f579459304d86fab3b6040cffbc0b6b96fa02f05d70abd2da4499e58a4b7f0d7ef076456f4f92bc80b11998a8ff89241596ff8679ec652dbcfd6d456bcfcffd1d00f47943f2af5b3f2b11b514ca456c21b955e4be1991c29a96882479441ce013441e4720af5b8b463c645109374acc426ee9ef1672ce6ff28fc32d9fbc0fdf8236703bf0b959d79bddbe00ea4da93858a2ec3f4b58d6f437172aef19222925390751fc5d2b83450543309d73f0af3fc54c6c66192205209b34bc7f6475e650a8a5501ee24f243902f330532867f76337f3164aac139c82c89cdfd89578890437d47f17b95f150e52e2d57f01ff4c1ec13f4f449fbccfbce6df864b01cf29d78d28ff735b09c968fc2b8f094dee0acf772512c9b2fa0e45ec27139a92ba7f10238c91707205cc7e7ff9d69ffe599551ddbbafa550ee088ddc995808c8ba5c2579131ba701160925184bd21b9b1042dec9207dcd1f322d31b1840cc6dd6c006aaec35c8b7af97c7526fe93473de4ef6f0dd88ebe5c61555704e9c9fb98c12948219ff5b16efcdcb86d33e2c9cd18472e461c4ba2e7efd6ff4d84ed5401e6bd0ee67de1ddd752282730872415388f76432c9b904cc4a2799e40d7c7984e72283a6317d94ed4f51cda900e80cd0e8e471cada4e676cfc3300223f85802d439f34997bb35440ad4db59b1ee5ba09f04ac2753d09d93f180ff5be7b723b1dab875174ef292b9f553f22aba87b90278c27f9bf286c53127fffee5775f4ba1a8b18e648a59a3fb98cac4c7244f633ef9b83bfa6109c93570c65a3265b28d0c8dc9a498431d45779588a6a7743bba86612c06b16cd3f99d6e966f3e7eb1985e22580e8e3420f9fba39b5a325976fa3c207bc89fa40d198709d4fd29291dcb8d87fc0736abadb18f641c005950c4bfd7e4ddd752286bb197d40fc27a0d66086b8e4045b2d8528c3924d570430849ee03ccf3483202914a44b309de744353cc32af47929c8f7b1f2dbe86014e2bdf5a50f21b0236dbf94632b9d4c94ad6f2ef6c6556c82ee28b24ffc330611bc908b889c49b48327fe1d4c89a9e5fba96429982f3e442f8146ba014d6ac869a6406ec114c723386cb1a937ce9231e853d244b3b4a9e2b11cd0ed0a69a03933b0976a700f3820f37138f7403acb657c8b70e02aed658c0364d3815e311cc71486492a5d353522979ebf23a0df88798af76f7b5144a201e152a617d971a28c9f4cb570ae7e33459d00161f0278b7d11d517e70b225cb1f2a5ac8196fae1184525aeb00bf2b90be8bf197349de17f7fe2092fd6d817a6b324992d9f3e49dfe4efe49fc2f57923cb1e74fa2d49b58381cabb7603df96f6890f5d2bafc6465f18fbfe27c61b5144a1f0ca887bab7c86c34ea6d0ba0c31a8c2c78d816cdf29a896fbd0c80bf2e460cc036829c8d169b021190cf8988a1ab03c9708cd5dadba5f0a58fe8fa878af78e408b3d0657078d1b2c3b9691a35c482659d9eec45f75f55ae63533db8c5e2457c1b599e0e7ff0d544ba12c164132368b241b0116ad270e9cafe90a007e198c84588ca6e9e4a9c13d97be225936510cd1d03c32aac583a7e84f92c9c5dc00e71ece585af525cac2a5f0da6db4fee67b8996e793e4b87a426639167fe464a43e73b01139e8486eabf39bc5fc7543e1bd4b86503865b75f087ff2a67b34da5c427277a3662b8592a2d0b04fc639a355a9f4f033c33ffd423bd8edf880cda015a42b4b49b2f86c09390f0b0d6d75998ee4ebdffc9fdf7bf31c76314606fc174996e4b35643a90da30f9237f5ab2f8547a73991da2af62879595ae5d1b9e3809606efdda3d8c11ccb7f28259979e1f11ac1a0dec26c10d20b6dfe405e71c2c96f7c6fd581b250f4dde3343dec2102acdab7340320ee93f2b98747d783c36663ce9580218c4004b9a1bd04e2993840929da547d13a69c5bf92fc9fbfbcf901a0ccc4f96f8f21ad5bb9e15bb7d11a6dc21f9791baccd30b7d6175e2b34e55122642bf0c92cc2923996bd69ca3f0940c6d3ef500864a47902cfb9d4b597797d4eff4ca5507ca5c1cfdf6098d2ebf687e37d8558c53b0d54c72f633ce94d10a962a3d49e658374d26f98fc8682eb435592c1a1d24cb244f603cf5c5fc81a0ac360c53ffb665081619ab4d03d1f645a56da765b6b73ef944a9de686e68e6ffe401a7fbe40c9c6aee2dac49c45fae8bba3e3c612f7bfc1d33e7ea405966ece3f8a6726b63f8b31ccd72dfd9b60dce9f5aaea4b8a37b3ef9bf7ffce788426e057e97c0730856fc56a814fc19b10c0120d9c51f0eca77f852384c22f44f3c35774c7d4f92da967ed259a2ea42514c66d505507747a90f44bffd8f324f8b3958419277ecdc8ba93f30f88f89fcd1a02c3704d4f824e5be63ad2bcaad664a2fa0ff4392ec8b83efd9da0b6b3ee5245b25e85f4c720ec65c98f95bf43a805e8e92697fc6fcdfa3e3a215ff4f2a39521b1a69d58112864ffdb8138738000ddf3eae476b0779892599065a6524a9d9326df2ae4feba21b035101791d6dde6775ca72b0fd04da4b81e032926cd99ca4a60b86f8d549f283237c9e054b01d13f5ee68f0b65df070a6463bd2833993132fb6161139d7074bfe839b396370700ef11e97a923c8d45e4ad2e2200b0fbb4f7f3e645928178bf757611d67df404a7c51821b44e1c8349b2b0a5681556fcb4c60238c99cd8b817b5c49c513d28aaaa378e9518ba60bb5ae4d4f1ce269980b1eb90a836037cd6c46b79471242929bb0809132f86f8f3e33bb8ee527d73e6f883abd7f43a6ad43ce478e8d95619ae12b731422eaacc7d166754ba9e92874cef08786b2b3ea8d0bf0c07866359a92e414ecde8de35d5cb72384bc7b2312a26b246763eb030b73a1d7e8f1959f9d4677b45b8bc64d866c7f3767eb8ab82a4bbab51f4ef613174c30e67cde1d4992dbb15b85c3e44f479fffe8500c9688f76b37a2843f8d70c6ce89d4af14352a8ec6aaec975acc24fb395d015a9692631039eadd6165e5bad21c62771757c02cac9217ef2574afea10ada5e7075d8a1ebb60c8dbd2a8a79d8e24c7e3729163ed8b6a541d284a9caa7ae325a3b9b513a21596e3c6b582cb5ddec508528b21643bc96300d3c9209cf3403e751173553fb32816cc104b263d27f968a7379a57ac9e06090187dfabf1d8fea15407a0495185864d2cc95ce7df9572bae87f7f0950867fe0c9f03ec60a7f46625b4700b22169e433f42435184276b12a84b7a7e814bb21c1d9967c2502a4d7de69dfb54033832b17f3264a24e5dfd30b69b3aaafac31ff5005ec8ac8aa42abff7f650349cec20af2a6e3ad5f0294b6f8400e9c8d20e14f38e674c064b85c22a987827c8e61a4bf884e756e9ab9e72890d0119964c6eb2dc66fcbf8703d11526138e14d27d13263b613fac1165228aaaec5e5bb56aec7ff330ef3b0997b11ab98b5e08783e2036dd51bb5e8cfe23292c730d00f858b4592e524d18ebc0125d9066c27299983d07e38b3101b49725eb9930849e6344278a53326d5c75881ca13b3861f6ab7c721f80379dbc84acb2f1d65cd45e697582b551d285e1f82f2060a9d4fc35cf20c0215c8e7697b2c212127a3318d94a3b017b28abd441e884893d5c9226325de959ef4204c7df7e36b8380eb24b3da7cb8d55ae6665995efca45b8bdd30774ab9da3306ce11702c50d1f6a56a073143083dc80c903f18a7c50c7ec7a3eda9097114606203b10e98c1103eb3807edf39f3b9a55726e8844bb9fe52799fd4568324c618b7e1f762199862a3a568a1b7cf3dec36f0dc5fe83f375ca3cfb42223e5fda0c67437199e4168c2f1529c89b082607e29a5c544cce0776b2b8073cddb1be52eee76af1ec7d8df961f680f7da8f181d2f62d8fb376ca81823e8170945ffe1035ac0cce6a8c8bc09dae8a33197e40b0472bc8accb3929373b0cfc297a47edbf432b238542699fe4e75bb2a0794bcf48f7a5a95da39bfb7a9926e237dfc0b879285fa1f6eef63290fdba0c923f2641e49ee30f40ba6a691097dcebaacaaf8a82b4ffd93286955fa057733fafdedfd7e98cb5f38140d3a7f6873e1dc0d6564e1a36a79102a44d7bee46eaebf379b3a009f825f3a9427685b23978ef7fd9953cc35f4feb273b692fdbc03eca195e42a7fe95012d1a9462e7df4e7bdcabd450fbfec9c078d4dd70a15657f2ce12f1eca2df4f8f84ecfaebc676549d2fe35d347b7731182f63c7c37240953c51dbef07674ed45ef1a4d56a17d99090ac9ac2162747bfb286e2c0d5bb5e731494f431cd851c27a77d7775c2d677df96c1a3195a22e938c92583de62f1f4a22141fd923cd13adfc7188f94b7a8565334e40d1f4185ded56ef3e78fab611c5222ca87458919dc79754bd1eabef93ec54196c8c4c728c2628a4ae23269465d90e2be908c02329168b532eaf0e1043e551a7b2f9c4595ca905be5b7029a99e1203802924ef4b7ccaed0dfa151251047f0d502e7f0cca5604eac98437cbd17d6d2fd43b83d924198d7a3ee2b2a403155c5e2f4a64a72b1ce72babf62067fd52b1d9881339241952fefd954d805d147f1550a231e883db73ebd8a59364b1b35721f58320176a4485700a8033e0506157b544b24e5f6e241951eddb988dc64657e337752506abb37e245c93f86b8112f4c1ed11c2706b1ec74a926f1c007f923c06c50448dbcea8f86df094255a1f32749e0cc2ddeadec51ac8cb67e088934916eba849bfdc1ff5d368824292ec0ea156ba009785453426c9b6d834171bdeddf97e77c071c6e512f285b863756f426b5db762b7db7947d4f5068096cff96b8112f7612865b636428ea4442a49f6076c495e8463de46cc7b0fe36031809e9c57fdfaf0fe7760a74eb206e01b51cc5f0d948b1f8692098327f610a492cc74801d8a99e58eed3c88f7c614d2ac68eb32575fdfa1da33950ec5bb4d91920737d3f9c3aa5a50023fb4b910bec29fe98822f303d1270059f96da0d0f12a5a932c2ca2fee706c29308adf64dd477e62f4a5fa19de221796180d7fac6660f78648fc39ad6689c4dbe165b0d6b610ed471b4fe592bd1ef0bcc5ed3434d503e026511e40f597c7dae1b00a0d3330e01d0349de41d1100585a018dde7506baf1e1cf8f64eabe092d1dec1d7a573bd0c3b145652459f6dfd71ffff2a0dcf90894223920330344d356f40e8927b947ea382d87248bc3c22313f3c8373f1fd9391c1f8937340b8065e30e9e304be6b35d5395e3c61e26997d61c3b8be534826df238df11e79a9b3c180bfcefd05c94bd3f248d2172fc8577ffa1d80f699dfe4e1969ebff38eada38024f35272bfbd99a570ae1b2c5acf2fcf8ef41f0d51972ef3f948a7d8586c7f5046720626ba0bc634fbac4d7e1200a84bb2bd2f13b0fea5ef72921c8313e73564fe3078bd681bc220cc27a933b7d271bf1da47ea3bae20f35f2d08b95f1ef50781c77785df8e225c2434f6d01f3e70f8f2c1e15342afc3249963607cc01c0ee65d9b36292dcddd1ab71af85895f0ee5f1470d929fafb9d8f3913d96e11249265a9bb7419f23094f134ffa89004cda7bfdb98e642b67aec6b544881f92ec88eb98c99416e8fe8a5e1d391eae3af22e9a723b44935e910c195223a9de8d69245f1862ae65ce6b629c26f05c1ec9e79e00143283653c8be46dd8787979793533ef75c20dce77c99df054c82d80a0d22f85a2a9a14eae0a2a70a8fbb136c52a1c2519638b95d158579a4b46a3c1c1fe2864fa3d927473e4023cb90f8c275907c518f5c845b4484f3ab4e142e03c790cfdd32d447fad89e4ea0f0ab687fe38c3b8fa70de4292b7ace116580fa12b36a8f6c83c735824c7a08ea88b2591d1b11b8367e849ee378cb8c83f21810856e73805bbc9a233adb1f74ba1a4a1514d43517ddc3e1c0e75c18dd112d1325e84a514f5521853ca61c8660f2f9265665e0c83e635207bc1577025023cad8e93d499f7e7162090dc89912b3fe042f939ba06d92592f4409ece4de425c17692b9d36f916371ff4da72dc781c15c0179614304556c42ad378c70d6da3ba9d29789aceede115ad3138458f95f02456759e3c15c9a59647f1c8a9318703a445e814fff613ec982d1e0158344d929b1dbd19621b84929a0a4062d7400f693643e06f20280d35461ca18ec274777ebf0a72f6c585e00ec34242deb700f6631466265b4b10dc3fdbb987000c07627b37b8562ab7950df541b8ddf5b0defde721c20b918ed5e6030f97428dcb45f0ae523ce78d550ec2784749e0e00cef7499e2fef731f82670c1432edde9c8007ac276e6df648033901b44821a9838237d0ddbc41a10a616371821ceadb4cd4eb4bd3eb8896252c84175b59bf21a760bc614b101e5dc2a46b686e2ec220de84df7288019732631934f284fad86bb6b42b138afde3b069ef0e34bdfff1823e72d5876b426ec8ab59289d451fb70f0fc4e26e66303f4faacb1dc083f08cdd3162dab29108e174fc27bd2ce2d15f0339c54da6c2319a2402a9c1f87918a642d84afc0b49ea5d1a7f597a6fa0df282c6716bc33457d483e11591b4c44bda18985321b4d9741749591085e8d662307fb1b9ee7090040c732a9e08ab005d300c07d5f69d5b5afe32e39c29f46b8415297f9a49464e1b66eb656630adeac794592774a4836c0eb1a6572149f1066db0fcf99351b365a465684f29c0ae84815c23801ff494f07f6c35ec869efc72d12d9696ad18eb730adb00d1a23ec89a8a59ee4557c61e5eb055abf71324fd5407e4ae8a6f08230a337e578790a1368e9a8df7b8e5c89d9db2a7ae55e8753e8e209c71f183eac180c829b1ca29092aaa1a870cdd82438c474b9a518ce0718ef0ab7e11db0e42e5424afc84693944353934c725dec5e7e7caf06521dc93ed8c683e5508642433f9054612995f84f5a7bf081c405723a78921122b3937aa90f6f6226d33c81590c4404a9ebfaa5b165f490732786a542be531893db1449c6c799bb0bd3e8263264b99bc22b8eef2f953aea483e31b8f19c441fc8f5fbec30485f2594d3c6113933b14ddf1e70ee20c61e2bcb183d9f6270897804f9c049729ea41c356a815d260c53f9882c1d49f20c7a702fa6b05453207c291abadb913c81899c82e8d7e8424e05e4f4951491db450ef9f5dd7902cbc8444b4ce173fbdfacfdaf3168a9fbc2244bbc59da54b41e5df7611dc92766c6f8a1ae2852613a9be08d500f39105e1ecb98640fdc24a9151a7aba2e08471bf2719d773b2d2a4079628c36bb10e117d1b2f13d46a12e90464ec116bab6e5593b017bd77767f0fc22bdb2f5f8847e8f02789364a1b979c174387a4820eef998ec8f6774a94bf2013a7301565dc44a32c70d722a1145b2176eb49270278e915c8d29e4551700aec95f9a667b7bf28ac81a8aa7a296c5bce86d740bd0c19e3b104a397402942de19849bebca55e333d8fe40261e8ad9fec39593c1acd53a020b9e55dbb5f0528c5127f83c508d3478b9e93d43b880660d18201685148ff866a99b930fab03b6ad00d54df13fb3fc5a221130ae761b68f7a43e4d8a88d3d369041922c76732659e6dd86690db794c5be2179102d1923d948f2c480dc0db379b8d51b92ba6b7924b57f099ef6f28b13edee40721cd0964351cf1de861a85ee5a03ed5184b1f493185f76023ea777501005ce6db3aca6e34df17d11a2ec9c9e84d3209f2aa6b5fde0d8d85cbe4e6c2df66d80c09d0318dec2391d8c61a8bd71a1c96b6159f563f8d17a6e52935da32cbe24bc9b25cb2444f924515be36fdaaf31567c0fc0a6ae54cb2c01d72e68e9498772d1f90042f3e108f35465c4ab60cba6506c0c96fe0ec8812926a210678d96800e899c1374d1791bc8ef65543692f2932400973ec4a926f64f67b314b26394d720cd0fd9e114acdc5824db674a89d5d84059aeb8f9fbda8a29ab9680e49c67b6f2159a97cda14416694516b684c66e7f049dc83729f8ed49986c80f37572e2ecf6d0a6646540d4589bbab4666903b300343858af4f043501f92482248251c211a9e51c350eeb88822bff7e3d769b5a9f10f48ae9dd8cfef77104793e402c1b62852918cefe859dfcbab6dd0fe6f95a28a50e66101d0890cc5264937925a77c9adcd50f39054b48d61b870a81edc1f931c556350ced88ad77f3f1837b3c90c0f6196ecee24eb0130f7f0ba48921727cc9a14d87540a7d32463dbf9b9084683ef00e50c64b0c3799d176e35f022cbfa6032d7e238794a22be168ed37cdd1b2d4ac8a1a819b7c3d2b922ab33df85c7ec0ef2a6ce124c248b027cbd9a34930f3e40b2205993537527d1ed2baf6a38152587c2371dcffa0894e2bab038837ae3d0968345377206a0493e85c6cf7c4c0dc732b2d8170b4965cd44c6d37641d387df9044ce89a51315ee0749d21d006cdad4b8ebf7472a175a6d01c9a22be74892594d00a0de47a0f0d690bd0c05aceff21a64e6689641aec754920992c5cb3196e43d99a4a086a05c6f80e0af1f755a479265d977f785f8990180f94e92cc4bd5667cf6b54b23f71baa7867073774f75bf09a391749a62e1da9183bfb8c8ea4d23996248bfa2c254bb68fd9564c32bab5d17376a12b00a91846cfdd89e8afda15be9f5c1e42f269bf8eba2a0d92fa0b1b5349ee6dd9e0cf7f27f97cc82d922ce11dbf28928cdd5f435f4aa49574eb979ee3a79faacc6c9edc8efad785fd7c8c5d8100f0bbe0b5eacbd59fea244b0e58fee10919ef87df76ece80ccfec39d032e577c2d9c7bf56fc871c755e91bc8dae7ce3076030c9e530ceb1362778f4908668d2a6d3c856ed96e6526ffd5b835df71fcd0af59b7e2beaf5d39798ee6b00cae9167031c634c88cddbbefe8d527e99aa4fb1a8de67e62e2cda454edcf1cf3d22e1d583a7be218e5e41981de4d3b2914f28eed3d45b06e337a74df7672796b85422ef7ef1514346a4ef8a2d16deb490c20eaf87a7bf9c8e5adfbcc517f69e4e71e8013607ffdb513661592fa1138381fd11c84794f73b2efac8b4bc4c61ec008929118cc85087ad21a77c9fea8e8cf3c0377c8b500fc0a5fa2e35b0b5e8a122ea7bfac3fe56750f4599ae71f1fc25690752f3e3a3a3a3a3262f32811ace7ab0f864fe81f18e08af7caade70a75c494c133e785cf0f1b37a09d6dc56dc6f7dfc6c3fcfd078bac5af618b970fbc51a9c02280e7dd616a54c83b3c60a5b4996b5c35d15f6a4888d86b48b08db008813c8359853606b9fc33d9845ba39567e7489640373cd408465c24da7cb883eafe7047445cb97ac11289ad9810e226b7b1be139487baebf7023439b74f9766262627c74ec851db3fbf938d56928f7f2f2f2f26de1622f4115721e3059392ea09957eb8e72797bb97fe040855f0357eb77f7aadf75ecd219837a8e5e1af55ccf674f52329f24bf2275cf4e9db878272343f3e0b1469b997439fad0f64d1b236fe5d57ce134140f497200161cc112523f191db90d9b57621dc9a7b1593c8ef9897014b7d67136369fc5603255e4c7cccaadf569b8ce87e8c9372ee6d93dd0ce1ac0787d08d054cb9a809235400a3878d5b1b7abe3e5f50f01be16ef7d63cbf3742bc786beedfb2ac70f1da79c3c6bd5a61561a1cac9f322cec43fada2d1fce2e47ce5e49d51bbd6866fdc7f2026a9727fe97718595ad79d2479092de3d163cb81be707acc8358d20fd7c97180d97135c28bcd9d46630b95d8bb1abbc9627fb1f64ae591fdc1b8ca03984fcec7ae1b3258d6ebe18c2561b078ca1a819259a74d44c5910645e7e68ce9e6d3b045bf9e413d83c628c7844cdf1c975142edab2216bd4ecbac0db37b7c519bc26034cc866b3400c0eb11a9c2bcfe7844462dde61d6f328e6d1d32cddce217b3c8e0d43d78eae00a28e184def82fae131c3d17f6a0f2f0ce3e3d379e45538ce01fae67c399493fcb5e98d21cc462cdac6c1538476858291700e369364bea4d771cc660bbc5a8b3f07e1746f008ead5b61e60e613255a3da228d0a007045a3bc2492cc8057381cd030e10ba10cc5b15f1d947cb420498ec3dc4b987bd4065d5f902a84bdb4b0b94bf234169d82923da12970b0eb8233adf1289f7c88ae3b30abe269fca061100e3c2da4b56409b42493e1bb0a9b0640b6fbcba00cf8663386d52279da96918c13dba647632e1fb780eb23aa104615dc93a8eb8c7b5730820a68380b225c6d624e922566f6f168ac131a7a2449056e310059245d7108ab484ec4a4b5d8a00f17558807581d285d70ebd70765228e50bfdf0abbb81f7dc9824150300281e41258f46a815e4c44300391cd67bf019e7acaf4c2d37dd510d3521e6fee245961c8642eb28e1b499a49ca1ac9f65e1c01c7f443184b469a97476dac0e941a769cf831744b22f1f7806835b907fd49963610e53cb392933cdc04e8f98a5af3e6ec66417234cc0bbb8af424e98cfc58c19958224c7d977251a71f329da4debd0513ac01b825305bd49c6444793dad3a509a20edd70785511e40c06592b1a29924197f8c7c2ad4d45f6593e4ed5c3e8e27a99dba9717f694912c346b46de1dd2a8c1c0233f1f3a58483e5d3c799b96e4a6732475db93be04ca07037bfe72a54b4911fe683e7970666af586f157078ac7af13cab753f57c89f5a607f7497ad0bf73e559be8b6e1c4dd07f0d283a8995e971bf4727ca8773dc108c6f276540ab0a7bbc9a6c0da0496adee915214141417d1a26d6189474343011204926fa343a4e525764a894be8e16ac491ab38124192393acab2b2ae5d3deb63ebb5f93b79dd079feda60b475341a04a36a0c8ae65ddfb15fad3a422cda410e97ed21c90650094e40fa20acd8af63a1bb68071ba328d70b4d019713ec82bd2433616d6676f6e2cdc4bb0f33688252e32506da475b4aa2a884248ea4171ebb623dc9a5f0f7c32e6ec158d245c445989bdca6232467bdb093e42e4c0841524d9729262806edc21a1e17396487010df3496f64c5cbc497b941e4fec20afdf45eb84f9db973996bdd52929b506f3b54e46d3bb3a450e36c4c3507e50efc4d4048320457c97198bf16751142fa2185fbe0b51c2e493a09cc36a30d9902f979cc3498bd3a2374df4473847315ecec9d7a14d72494875f61c8f60fa94ec8263350e728163516dd13ac4f3d019724e1b1623b1983c1f30d36f525700100c7ed64382ced50ff4d4d4289c100131092ace3f0647daf7a22a831f61ce4457ed0908f6c309e642096d8d47b43eec0d2fe784192c5cd301222989f25b9013b585a58a3d9d7c782b0fd5a940b00626f7b1c443b8e458860a73d0205c920dc2cd4919c0b95bf544f523f1cfe1bb1a837c42bf4547dc41dc804a5da7a0cc7d06359ec8b686b77163692d84243f22046919c6e0835330c27e5523d593a1ace9a08cce70e0bf42c09ffc83cbfd580720d3d4d44481e13e2472870c9c983bc6d06a4939c81f524171b665d0cc2a5203ce5f30e70b9cbd3184526b860d97aac2fbb737857dcc92b356766b16867224272b33056ae03ee39bb929c096909c9c1b84e32dc006530e254e835cd06ad52c978f42479114d0fc346e865b12aa92928b46c61224272316e0ad6158db93fc9dc96c12439cdee27926b0d3de69bb0a6b01560b3b28464c10035497d87e03429ace5fdc6280236d5d89742736f1311929766e848f2d084ac9e9bdfdda64f175cd3f4374a581ab5f75ddfb6acf49a2e53e8ec6022f25555ad4e2e7bd373ab75506ceb9a9e5bad83e2e0657a6eb50e8ab5a9a0af7d50ec4dd957ad83a237ab677a6eb50d8a164d4dcfadb64149fff0e49b267d0f282f4c9d5cb50f4a06ba999e5b6d83926afa526a1f94ebe8677a6eb50d4af4a70447fdb80a5fa7253e7a9098109df8e8e9f3674f122ea80fae0adf71e4cc71b5fae8c5bbe96f7426289f05a5d3cea8e3a755aac3eae8c467af5334b19722a30eec5c3733443949397dfecad51bb72c98343ea86bdb16f5ededed1dec1dbdbc1a35682e570c1839716298729842de46d1b94d7d0b7c4c56f5bc5bc81bb4f4aae326b677b577e9d23b68d8b495e1e161f3c775f56ed8a583afb7af93df84f02573c3c2c2c256a88ea80fed50ab8faad5eaedf347f4ead351deb9cfc8192bb71c3c733d31e976624656550e3d3a6d9956a349497c98514016e768df6873b46f8ab4fabcb4c4fb9adb9ab4946729f76ec646aa4f1ebfb0537550ad521d3eba69ad6a63d8fc0de1ebc3264e085bbd607978f80ef591e8c427d99ae4c48b976f46275e3e7be84078f8a2b0b03961eb541167af26ded76884810a5aed2b4d965657f3503456f844890040247aefb67a5e2dfc3bf40d0a52f452283ac8e501bd86cd5a101ebe68c92ca552a91cdbc74fee610d4800406259d75e8a4a6791da41648dcf9373e36e0b371f54abd5fb55fb77ad0a5fb568f1ec419d9b3889df4def579375797c072b8f966d03478485cf1c1ba450f4e8372c60dc179b591eaf983262cc8899332729fb7668e9e5dbb15fd078e58cd94bf6aa23a3a322d5eb5685afda7d343ae6e133ad212e6c9eb640ab7d969410ad8e3c137d2df18126f1feab824f311d68f5a55ac324902c7aa67974e9d4ce3d5151d1f7b37424599496187d42a55ab54ea5526d0b5f18365ba9542a951394615b4fdd4c4cd268ee9dddb77ae594614183148aee7e6d9dccdefba46cbdfce55dfc3a0f5028e40d5cededeb3696b7f4f2f27271f06ad245a1e8a350b4e9e4e7d73f68c254a53224246cd2d4b0b0b00de1e15b55aa88f51b54aae36af511d5ce8deb77ae0e9f3526a85b1b45e068a5729872e8e4b015ab361c8e8c8e8a3ca45a3b5b396cf80045fb565e75bdbce4fe0a459f0e9d7c5cc595536133e18ba17c13bdb9766ce9d4c141836765d5d419f3efef99173641a99c356f69f8baf0f008d5a12bf7bf5bcc056de693c48b67636ea56ab55a6dc997675fdf427bdddfbe4597995f4cb2706eff13a583c72e9f1ed4512e3f6f2ae8bf832e07054f9a87ee71898977f469966df5e4704074d9df002ac204e53ba94cd481bc758f69c06ede82db5c042fc1a6c4274f5e6b752628df4b66dea4b79ca552589ded83ddf7d17a1be644efdf9f459aa07c2fd5b7221bd993f61003dea51ac8d500003f1394ef277b73b2b959117d11d5a7ef03de458718f82e5c6a35da04e5fb496c43764226e52825c9abe8790563c8b4121394efa62278910abc620b5101491ec3b8985f87c37f2d86928556e44068f416824fc01a2cbd5039f89f09ca37d723742207e2c92b08f38a8563b11a2d8fae1ed1cea9de121394efa318342597e15a81a82f49f2719fab17de5a244d50be8fa2e14dea628b99f0d647bd28646ee8fc1d97b3c64c3341f93e7a2d5fc35fa76a7395f8572b13141314934c504c504c3241314131e95b4391c84daa559201ff08936a99fcfe3fabab3bd2ae20c0f90000000049454e44ae426082&apos;, &apos;decimal&apos;: &apos;1.2345&apos;}
</system-out></testcase><testcase classname="zdevelop.tests.test_encoding.TestBasicEncoding" file="zdevelop/tests/test_encoding.py" line="243" name="test_json_encode_bson_types[MimeType.YAML]" time="0.347"><system-out>ENCODED: b&quot;binary: 89504e470d0a1a0a0000000d4948445200000194000001980800000000406c4b07000000097048597300000c4e00000c4e017f778c23000000f36943435050686f746f73686f70204943432070726f66696c65000078daadd03f4a03411cc5f1ef44d42e5a04ebb980826bb5e5e40f8b6011628a6caa4c66070d617787d99f7ff6061ec1e3788314821751525ba8044bc14ff578cd8307ead90cfba3ce319495c46c62f2593ed7871b0ed80300eb9a60c6e32b80aaae3cbf29d8bea1005e4fcdb03fe26ff65d8802bc0049e11b077c00ab0709026a01f496eb20a004e8ada79301a827a02bfe5100067568e3eae656f4799aa6da14f5d2ebebb6115f36fab272750c75b4e20be07b03e0288bb6d5992d4bab93b3847f37cbe7fa2bbd4f51803ad9ecba1d7717ef7ffeec5cc0274b1b3830ce4dd192000000206348524d00006e27000073af0000dff200008330000077430000c80a0000349500002edc20bf171a000065aa4944415478daed9d7740536d9af6af244c421baa0c0832208a1fd61523ba58578cca67ff5414c7be6a14c63e2a96b18f8a65edabc632625b35a22bb6554118b1ad82652de0aa115c91b2621086fe925cdf1f2711f0150ba2e2fbe6fa2739fd39e777ce53eee77eee0734a9d609a647608262d2b7819231e285e939d63228290dcca2d3b34c4fb25641e98ff5699eed4c4fb23641b92fea52d60a6b0c4b3aa65ddcb6f0c6d74f779136a7f0a33be9b26f3d287abb5456b32928c9adbd5026e1fcbf434116af0954746921320780c1c68dc5aaee0e8ea3d3485e583c67c3551d4966c4ac9ed4aecdb09cb767c8bba23e7cadb4e2390b2bddafdad7983996c59c2e2699ba7d605d00e2c04a581ef6eeb936e19536a544582c3d1fd25802a00f6f5f23c9543f0c2d65d9837d4bc6048d386e3c48d57991f66d62efbcfdf7e0e8f2a16d3c1ac491ba135a92d46f6f68eeb6c2f842c4472ceaee02d1a33de77524f97ce7c992f274bca9055076b4fbbb9ff8bfc9cdb0b40020f519386de663c3b6577e80c41a5ba90f060078aecd3beb060080ecae70fb070b965b0340dd15796f4f79c65e3c4d5f217f9418def1e496c0304636062071f7f575a92fdcbf7678ddd1452cf2144e8c1e24f97c5a5d00ce7e038322e824b94496b680398678ca847d9a184ebd0580740763c7bf21390d0924796e542b91b097288abc86358501e7f5632072067692d4eeec69050066eead5c806124d74a803a47493e7d49164d14afad0db5af27684732ef7e2973af6068c5dca303da5f2fd6dd29e643c89fdd3935c90eee6bd03674f7d52711a37151782a4361bfe382fa4f4e90e71b0ff3123b604ef9699adb09bf391e0044230ffb8ddc68d597240570a51d014c287b8a6629bbc77557f88690643bb40cb3e94ae6279266e840ee44bb5da883ba635747c55f58725b3863a665831eeda4b2db43b18d644fdc2059e200ab26360eeb8e5f9ff194e42ea8ee60e321b85ce365abfe2467c0ccb739d627bc6130fa7be31c134496a1fda41d495a4fe48bd670b8561ba014ad3e66fc9b28bca7069d87b72183c9b4b32c22993b11568820492ec138929c8210b89164de002c361c7618811a4751acf12c7a7b6fe14f28d6b41ae48cde7ab2be4ff9553660f876670c2ac4ef2b5cfac10bd2ab11b91cc904b08b5d70f002faa34ba5942fc271721b3a28e1554a8ec031924cbeaf675367528ddd240f606b229677c46e924f4b48bebe51c68d384e6ac43e45b1e8c971d84abecc2469d32dd913dd5ed7b6c663227a56580ac33a322b3cd07f17c7238924936186b0a7b159e4014835248742d5d081249985d686c346613f0fbce5c997e84692ccb56aa527731be308d9186fcba002e7fa854c77c316576949e5c478d9935bb09fb0935ac59949f3f6416959fffee3f26c52dfd0a98cd4b7427b600739039b8c5bdaa09051d849720f56dcc1340be4543cf356a8c815d8c4126b8bd2d6b8c3d2a4fb3a16a1ae23a6ea6a5d8b3e1a832a2ccd80e2ec0c1900dc532291e48d4608861870c9e575a09b9e1c89236d852414a1bee1b0fac82003b1deb07803a30d1fd046923c8b0e645ba41b2f12812d24af882deb6175f89ecc0a976f06321ecb2869be15620c651876380190ee36eef00cc124b91a12c0f11557639671cb70dce34dcc251981e51a0c97e08d5a2175dd612c47a1229be131d91db74763f4642bc03f3517106da9856696439858b1b66c03c06cf485b1583b01616bc77903fdcea3c9f08e48a506c0625209955c4842bcf14bd18b9c48de444bc3590e6035493204c924596a25ce653b688c1719207e45928321028056152e2f079988f1b4f5e26673c747ec80dbf5ccd707b9ac34ee108330924c0020c3301e427fe396a938cf3bf0ecd2dcd3127332d1b3135c0173310e0b9bd7610ff3211dd0c8518add4f2d01496b6f78a603d2d0d4da07653656565c7cb972c8b4c7e436840ab5afa6fbf427309705f16416ec1c44dba9c406b9508e2bb1dcf8fed69d1ed87ab00486d278315424c9ce667ac3b3be4b7939943a2d0c1f0c30e2ccdee877a03cc100d67124f34a5864212bf245c51cff24c249520ba08f2f4edf428bf28cf71c9f422a06ac30bb18fef152b43d55a6465323b313bc02885c9ccc3099d7944b5fb2b835f6c0b501acfe5256dba00cc791f7ac5d89e95db16acdd1a7240f1acb734bd9652bd1b67958d2c49e24af88edb2850d7186aaad810547218624d9d55658f64032bd91fdb6c4196d8022c3bcca979583d420980dc424c92bf0a70229157688c564924c81193a5c137926c3c5b8652ed47c80a0c202aaa1a46523fdad5b7a520f0b61f378c4701b161691170d051ea9c436742f5d66869ec5b50c8a3f6e962f942db92afc198abd721408ffd76283f0a7317497acd016a19e66242fd863bbe1b0480cbb9796193fc6582bee2d645b6c8b3292bc833a65b47e9b6c8d502e681b61b001cf5b35808e0f308a9df186245508656fa1bef1f6d86e24b90a5de0cf7108817df997728c37a024198b204a5d8e8b13496a60a80706219a637081e433343eaec826c911d8053979a32e46d53228be86fc5fa82e610449f2b99534c30d86d6e04cec13fef4c20b5e9401031b23bb78b919661a0f5b87ad24a986d2484f68730f4622c9fc9658ca5258bf6dfc4b1b9591977cd0f35cb921c150fb82963730960a6408d58e4d1c2cb48e8c6a6a769fba6d32c945b4e66b2709ea18374c410c63309be463b424ecb7e32899dfc9f89e0cc0753694e593d4c27b2d4e90d437c06d3425996c87135c1f585a3ba02c5e9578c7031d3bb41e6ecc225a5a3e24f9ba05a6538cd946abccc1d79a7b89d733c7e212b91968db167debc1acbc191c8c58923c6a84d2c8f0919d40e7ac9c434d1150ca74b856b087b61bd742846eb9918677a0c21bf294cf3095012816f297c31c8ec397d4eb278f5926d802b6a34e903724bb9f434eaa602c32c8109c662ca6902cb116e75a98a55b3a6e3cd41ccd0cd5690512d3d08924efa35502a693a593d19275cce248ee408bb3304bae1d50e4c6b2e06d46740875c2cf45d4479762da214458b7dcb08fc407c9a4be33da0503e875bbc2b394e655fa5206c3d25e666eef39a10d0020504ba64bcaadd22f7d013451eb996136a77282c69b3f24ef15d2db8b24b9005bb9c498c425866c4a02718f5b7c82d1a4ae8750ee1bbfe707e84d927d10e3222a3d6e034061349375c7b5eb584592d7a5b374759dcf6c6b853a77d81e4749eaa7eed5f45c564bb2afb2c3837a0e5f76f4c6cd936f0db3e1960030209f1c8843065b49581779c7c0a0be5eea3365241f35df797dc489c715cf736cb7a1263c41584eeb6a6e2305d0376f9e5fabc1e74992d9af2a5cf7f2c907821ded9d0415bf343ce17582a1f0a09e4913ba8d183979ddae95864dccb8914d92b75e902c2d4fc676ec62aea81d49eeb6bb32cb2f9fd99b579e7c6b8f9bebfc407f47684ebed2731300f47e4e5e0b2daa2dfd291f52c6fa71d34e9364d1d3cf3df482f9ee4a86e3427e4395de2c229fa455dd275069e9d8cce5f1b5ac93ebabf598fce2faaef4f3aed60e286534892499e4733db79e85e66b4229bd6fcc804bce6d5e7ff46dde72f752e5fdb4ce63c80c437172f156d5d63afddd43673edf4491fb22e74781926167f7725f79c5bf26a12425debf7974c9205f291a1b9e741b00c605b29b179913eabd8624e392c837f5f124ccec3949a63800f55697db6895932b9cf75f9d01c0673f772f26c9f473272fa8776f5c4b92dac4f20e8a920a258beee6684740dce95ca504fe0c52eec1c941638e9692a4ae6af78e3cfd7b3e726dcde4a0196793f93c9b6a84d2c736ff2b407132d6689b185a890b11b0f15fa78490aa1324d9cda6b4a815802ed97c6edd86e46cec5d84fd825d6cdb2267381c309e4ae16528c28747f208bc561e578db5933ce82ed3971d6a67b88af4dc82eeae22c05815bde569ad7e9b945330ef397952a099e860fa342f98355c50425e6d209e6b7c1489c93ab2789e2d600e8c22f9b23d3abe22a7b47f4292bc5dc1316a99a85e52a56a45d49caef5a5a8f786244b07fbbf353ee7ded4936471dcaae18ac0d0724b5bd9cf1b8bc909390b3af97a3989802eecea46bdb36dc96c447e052867674c9ce62d3e99f4b6fad9406ca857b9f7126c22daf9e80f0bf4e74a1c23b91a4b17e30a49aec139162cb112eaf7247b193a145f8a9cca1ad7d592640f5c6b8f2c3fc81aa07f58d86c1b00b06fe836c3f07a9578406af1d62923147b49f21a5c1dd1b073373bfc99091680686219c9942100bc623903fdcfe531bd159299d704eee8cb3c315a979299ede0f1f6415e155942ae23a313484e685f3cdd1180d4cb3f2893242f0221a46e799778b22d3a65326f655de1a571222f082dac40a73c3eefe9606fef3dce98af37f6bf044b19e0d1b65f24dd5b9181b8771923bf529932bebc3383f9684252f3a08c8d9a926437a45a372b8d4d6d8a98f128227918214ac120b61f6a9289f6e20463cbdd903b34c575593392c54ab4d60dc5d5064bf3a2a122cfa2ebaa532f2b5c380263f7a0b9716993d0f4c90424e7495ec01076003ad4c528f2ba3dfca60d92c972da0816c89178cce9082d6e8aab390096b2448ef20f900ac406623f732cddf464537447a3ba9e4925e44251eb1be4494096c4f9807bc965d8a2f16b6fb8a147fc8b7ba757fb5f14995d234907b3d2c286b0f3b497c2f28e70d2ce96fa746e106cdd45a200722e82f57dd77c2528c3f1a43c2f163b6ce86707783f0ab0d4dcbfa46e8515d846720f86f83b09dd5e837be295d0445793e411633f58300ced8011d8e681fb510b1aa0710a67e3b09e4cc002721dee55be70473c6200cebc355cae22a91f0d2099ccf647c43d0c58a979511747335d449bf5e49d5d0cc36992c956ae65a9d226253c8d8139a8672fbd1e8e965662634fe563910f93448df577d08be45a0c595b3ac44c4f6e128b607e98096888b6cf2d1c5ae1e1509c1c8aee7597eb44414267d7291f342c2429b2e736f4d791f92b2d84fe6ef6431e3953e8637888a1646adfb8afd74e1987c4f28511007e236f8580818672a00f9e924c8747732fe1d10df7450949ee156cf1a5465792c130647cab316d246c008bd979e446ac2699883052859357376d2d2f1933c5adc923e867583c8d39647630bcc3b0feda1227f4d4cfc1099247d16d318cde4067b091c587ea613317e2089927b1ce847c0fecedc471223be389b76211d91ed7e3b096e41dd4234391c99b9226693b6492132fd07b08acb0ac0b52eb58159734c715d25e2e189e4fcc002692843dfb18ba188cb583c14822a7e09650fecdfdca8d4765452865118b23ffce522b4910260c9b1a66013fcb5292b443e37a24b913933dcd29dc818a246fa1ad70e448e3694ea36f283a018373499ec00423949d9000e5f6281ec5d44cea2c2c0ce5d955b40c1b6809ef278900209d59cc9e482559005963593e49eac91b686a2f816421e96b9d7d6adb3a2fc441cec940e787e55d5a4a5c20b723f42cfe4a52678f34ce8486bdcc34e43191e36b7429524a7d737d908400f2347a91aef585f76ce51e4014479ad9d3deb272613f0cd7c8a142bfc3e6f2eeffaf042514777e6676b0908e8486643dcb764247903dfc51407220226c5d0d50f690e42c635d3dc8f8a524a2cd641c3be386862964348249dec00c528d1e6b8f2e7ef8f622d300d8d617e3acb0f8000024b3f39804c0f20849398a49e6c0cad981a4bbb9746249229c00b744b24c6a6e0100d881862c9b582726bedcb325004395c31ac3438d032419880b54e276bea49bf0eeec943622a9a795790cc69669e26dc4cfd8d05ef800669c80afa86e0ecda49968412e0d0eea3c32dff8d2c590fdf148a8a31efbca506654cceb05b37a129a04434352e2dc1be9249fc15189fb649a85dd6b333b43f7969ae4131bcbe746281a72f962f231da84e13c73faa1958e37d09be405cc25376257a5eb0622a84b5d7b174c13169fa1d3e94baf492663400044a13a0640c88c0675c02372d688006cb983c9fbac1154cc14c07bccf2e572ac8550153f8e20e389eb0080990cf3b04548989a4a24260b59ce618c747526c9a768be1fae3600309fcd2c850273c84d8c9b8ec974c473b421278b019c2fef096373a1e05c8b6d5f19cae40ad957a4c533c1a43b7c303424a5ce5bb194d48fc1cc280ce36b3f2ca58750a684630f79cffbad7bd7703c620290ceabe8b010fbc9327fa8791b83481ec14a7283f1f60c6a8b1c92e7d041587c843ec62f2d4c1f618735ec863764a107ce6d127a861f615a34a6f3a107fa96660b0cd6639601ca2e63d700f3458d0a1f3ec91f812102065fc45289c4679821e46d2b1ddd49f22cc66d8673e33e53e7a203bba388e465281e2030dfc3ec7643a408fe6b39ffcf98ea7e8827bd847bd76c48fbca50c65680128f5124756d71621c2e92f4126beb48e6efed09d7d7a54dd1d0119d8ae88fe8c3c3db872e8577d4044bf42b7bdb6711c701c065aec4c855d840723786f211ba9254610b39f76d45cbd024829ee4333434b250087f2e63051907c7c201b8458e460fe6d535bb4a72017645613df9a21ee6ea3150c843c71bcc0fdb85674ef2a9e041b801ed3098e40538163218b74a1c1a169207444ed9d26624b9120be7e014c942891d83f08ce42d288ac52d791c013ed034143a381b880d56a5f6784cd6b1aa8e1fd86742c9d933775d07ec2b2d4b15ec12fa4e88c88857a2857e2ae6926c89f8383b00f2fbe4e3ce22ab19f9e44600807c1f00d884bfb5502ec3d97b626bb489ae8773bbd081e40db465a9cc9ba40abbc9704cbe12756047f8d6fb86ee5d2b922c84d408c5e08db90b2a92cd70711b063f19019767e46991e32546c9ea146cc70192b7c4e6afed02487211821160801246e389460a5f82a28ef9239e72848a1c060d27c27f7e2f482f5c16f04d40e430dc15cc1aba2068483e445b3ada915d2042ca142c227912fe34424923ebe029c9dc4927be26949d42bd576c0683e37a820c006c6ff1b6cf3992a7da5c66d6e6b53102b2c262922c9de137e2804697d6a4dbc0cd153aa70e605e4becea026028efa215c982e075e4c11b2423b0838c357863c3cfd0bb5c97246905e1e5bb834061fd2aac213912dbf31b00704820c98d22910da467b950c84cfa23caa78590d1b7c31443bd63cc5b280b49320101ab6066074c2539040f99df0740cbcbdc29ba43924371ae8da48ca4de46523c16b1243568ce6ee27c3e3007b2326d2ca2525659bd2dd2e59232d243ac2539174e2fbe2294fc4b97d64dede56b2e6efdc0688f1ad1fd0f4b33abf18dbeb604bae98a97f6df56462ea95c3b298ed4927c384f3922242c6c7a94b072bfd0f8686c657c969d843f3175a2481e6d708d69533acd34f81edde8ed35f80179a1e37d927c302c7bfd0e923cd8743a4e0b3b18733f3ef28a144af460fd7a4fa7c0f32479614629c9c4a357485218987175cc2b9f9642d5bc0d97e222c93c8917a7bb905c0a5b3d2344002cd6bfb59fa5934c38273459defa7bd6f64eaeed769daa03b3c850e54cade44cfec92a3865b034cf52bfd31bb1e9d1c78e7da621c98c397759262462ef51328fa47ecf3592e707b49ffdde0e93a316bee9bf8c9ec78f2ae1d52fb543cc3464db04c52413141314934c504c504c3241f9b543391666522dd3114861522d9314b0529b54abe40c948f2933a976c8cb04c504c5a45f3494c2fffaebf2057f564699a0d412955c9ad1522254540691bc136b82f2dd75c315001a0e9fbe72ede66724fd1a9237f6ad9ef5cffd7b05a790baff5823f4bd460f6adf7561aa09ca37d14c49d0fe70ec26ff7d1149ea2cfe89f30d61d3709d9ab686386ce130733583d981f203ffedb009cad7d24f99e45eac21bb4949f201c6eaad7ff7e7f5078e9f8f3d5f96540780550af9dfbf69fb82daf5329bbc7f7b261cf754625e6a82f215b5176bc8e6bf25c963589c66f4cbe36b77d15ffed1057593f927ec204925166318495217f08983db4c50aaa99d58439dad0b49fe2b563f781b0f6532fe85fcbb024d8b7ae02a49fe5f5cb6144793e46a342f54d6893241f96a5a884d2c40fd1b4766c8a5d8711bffb46df3619299b20e7a92054db1793492496e446bae81dbff9209e6e60f8fc11831c104e52b68288e33c568c03b701d00f03fe472838f600c1a0cc391bbff3d0176ff455d00ba943dad8bf53c02f1311394afa62eb8c968d4ef3961dddf42b03b16adc2febc5a4ffed36f8451003f99a331cc01b8fd17c9ccdf635413cc25f591974c65cad7537dbce136c11b7831569d347ad03b1be3503aa0aef88f4067c1b9314e0c4cd09bda295f577a6b6b72a130e8630be61f37fa05bb7a0abf0fc56ebf37e73248fe5d589e82c01f86c90f0b25072ee41f8531db91181c25448122db487248b2a413fe62e542ce360ed53d62889a173ea4c404e56be939dcc9c942dce95478254014bb6b86a2d9efad305c473ee904bf3c331f523f16bf7f4992dbf14792bc8c4f0b2e6082521dbd407372ffef85e1b8f570b8425f6aa3de7209fe212315ed4896b4137cebff2c8cd43b0beb0726285f4d91a7caffff056d433a0f59bce78a26fbc0ba56007e37b7988f85a09d2f6d904832c4103b32ee99a94cf936fa697d0542bc7f26e127926511c218c02d9e8f49bebe50fae3dc8fa9e7d104c52413141314934c504c504c324131413141314131c904c504c52413141314934c502aa8e8dae143476fe94c506a8fee8eb1060034de536a82523b74bbb708e296a39403dd81e6374d506a81ae7515a3cea24c92d41f6a0ac90a9d09ca7756e904099c96141817cbc265e8966d82f27e9d3af14d9256160cdb0d9526e24af482db9e321394f7280f36df2265c57de092f4ce3a6d7fa0add604e5e7d296cfb0fb7599b826fd7c75840fba9498a0fc4c2532c937f0009d0097f77a036537c66413949fcb1ac55f3d5d0b615385d7dc135b1c3341f999ecbf7e34aa5322c9b9aab61d86cd5313946f0fa5d853989ee1fd9a88f63a13946f0e6505fc3e506c153634ce9e6e82f256b65f1b4a82547ce543db23d04467825259907de5967c53614280aa9b954d71d204a592f23f72405a1a49e65e3d5fdd56de06b4fc88417823ba9ba0bcd378acf7ded513ae0b7fda3bbde6c32033c02c54981b56736ec782de1d9b0ba30f6fcecd2399712ea1ca42e38d1d3e3617758e9528d504a5a25e944f145c51afc58646dd486c3d61693e7ccb0e3956de3cae0db6070088da64e491640f5c262f5a029e61554c1f300f5d3f9a868915e6b4334121a981fcbdeb3dda08bfeb30a3192e924cc4c06e6e93d0de0f2b2e1e38c341d283246dccf54cb7978404dbc1f6bdc11f5ec870fda369386e9c3ac50445d0a32aa03433cccfbc13612d1045ea0661eb6cc424320297d8da973eb0cba64ee4484ec47232775b832eefff08067c3c0db952b32213948a1556e3ec71efa8ad6182d11d98bd0d011bf6faa379c9761c214fe20815961c0dcc633e1af2a9b851094916e7bcefec62ab4f99e7ad9930d1a809ca5b28ef9fe0476168be6cc3341500a07f3623b08c3c0e1515e05ec0e6751e3cb9061baa3cb9ae393e69c6e37ec264ce2628069d2a9fb4b2927a18a02cc20a15825de07c85bc8019c2f4b46dc08770454889c89e437087054d1cbb2692e7c68c5c5769bea4d3702ef894444cf93476bf1a286a8c7feffade78c14347c861387c186b5e0f87d901dec5686126ba56608959405b71bc484a059e316d442f0b371d47b9d9027ef1e51f4a0bacfda4446c7a3bf59c098a0045f9def59310735b847b6c8e2435c2c90889f47e2294e43a9ca0973569d3f5aa597d07bc0a14e6380e463e49dda50932fb0ce33916c0e7d30af0d3e8628252094ac87bd75f42f04460da4bd8eb4f610ec9f998920025b902d1f4b427651d381f40e2422c23a9b5f3a6b1109a67f877436c76fdd312710f8d4c503ee14bd135869993b5ab12a13c8f59246fa3f36d0c2567229e4dadf81a3d58d61538982a6a55c6dcee6f673ecc3133b4460bbd3fb94df8fadb380afcf0650a535ac9f68501f6998c4520c974c8cb1a8d22a7e226431d78030b49ad2f667000062cf784e26d5f7b2b89306962385a7cb2af8a050a4d50ca155545ed8b24a95f33ec32f9ca690a49f69bc1623df9ea869e6565cc5df88064faf434663600cc6795f729cfc27e92ccb4c1a78748f3c443139472c5a067b52e55f830ee6aac30157df1d963154dc84fc54d7424a761f8a79fad3de24d50ca75f7ed9cbbef5369843242f86648b2eccad4dec19b5e9309e31a02c0db89ad2b6b04b6930952e9e34f4f45204e99a0546cd1b7ae7a63720b00b3c87b1dec86a792bd015bc072de6b2b38f80d0c1a33facc7b8f7a616bfb92fe58f419a91882232628e57a028f2ab7bd7041f0295ff1d347b6001caf9534c473bedae084c93d11fdc1ca43fbec48787e8e8d7112542628e5ca806395db3a6109f964c4cb2e660b36cf85a3760cd24866584a951f8642ea5a7cde539e8f952628e5caafba8ffe38faea49f206a6921c839921b84392de188a250b87adfac05937c0e3b35cfcd6fd2021d2bf11148a50553e23c75d92e474dc27990ac730c4907c2c76190300a2aa073264d8e2f3e29def3244ea344111540759efdff01cad0cf5d5ba244907f12aa84986624a2facbbfcfc5ad5e71c230417fc741df894beb05f11144f541188f19c711a00c70e24992bb65b8063e41991d5b33e78f4a153a68a65c99f978838b43741a9944955f1004f2154f853d79f24d762ec3c4433ca162a76fbb087caf8cfce8c92d0d004a582fc51c588d034914f11c9b4db3d2c72c90332d9a330f46e0fccd0538951aaf0a56133fabf7770c913339fcfb56465c0c904a58214385fc5965ef08b38b8c0d5622306aa87c16c3fe70270de46f2b8316af07be7341b84ed9f9bf02291a5094a05f583baaad7b73900885797f506d0e01c1937717f4c1149662e9b1b362f3c3cfcd8fb7cf01e883d3e7f8cbc3d4c502a6854d5cdbcd28890e18b1249dda135e73f7dc46877acfefc94dbd61228d9633ceb587bf4d8c37bdb775d13eeb9f4c6963943c7a6917c7cf6fc4ddd378132e9438347aaa13da89bfbf947d9a1760cdf9e04db06f5ade03f14001c2767e6fdb995306ff996addd6c0154c3c3a33a50e6d6accfe823eb2ab3c30fa97e2de950f14106c9cceea229099797f8a0d742d4ed13bae77246744fd8749f346f458babdf044a788d42d177c1c8ea1ce78f2bb58149b1d88d2413452b49f2b979cb1443ed5ed70e4fbe6199128eb9357857eb513fbf3ac77546ad98c9498b1624b915b7495ef2c45eadb10f301cb7f5b9df0ccaf62abaaaaaa573926ace6832a0760c12d6c26b43f8f6670b71e1fcd63e22d1126ae134a2efe057e44c58e173fa52bf0cca7e4cadb17bba6d5d951bc6c734f1f3db365f430f0000d3c300009d2e93cf2185bded2d7202464fecdff35b41a9cac7a81acaf140b3bcea1d3a031b0dcd484deaebef07e50d6c4f455f4c9f04a0f15dc1d4d03d57a723a984e61b96293507a538008d33aa79ec7cace3a359633ab99a01b0f19df6bd8281d9c848721e963542dd1324ef6184b0a13f9ed70094ad330c7fd6f429219f6df91bc9c287ff12d022f8908e0525244b42126b124a59309a6555f7e0b598cf0b907ac9872c5d3076404b317cbfcf04b4bef85f92e138571826c372f2bcf1e97483b606a0f4b732fc698e5cee9602dd349c0338798ad14f37c182e404ecaa41286ffaa1eef36a1fbd09e3c872eb4c66b89368cff780d21b77486e858abc698f2b3c8d696f62b784ef28ea81573500651cf28c2b8b932d5ca67bc1e1ce52a8754c6985e34128e44951077dcd41b9d508aeb7bfa0da86ce9557a4788ace7c072863104df20416923c805e8c800c00b07520d6c62c19e6672b3bf52550e61a3ba25a206598e82af5cbd0623b2e905c82b5a17870c7d6fc2e491ea90928792becd131e30b4ef0004dde59f3ccb6c577801282449299b22092c5d6ce3c67e5e8ad502e5b9d2354c860db21e14ba02c40a2b1b11c6b1140925d301a7bb2354b2592c485d8e56688bea1fa7228ba482f60cc1705b9cb80d5bbabc67d0f73d836bf5c924cce23c9b8381adc1049fda125611ba2d3be30fb5a6798a19a0acc121a01bbd103ce00cc0f70292c8cfe236bbeb49d52babb09209aff4ea9afd566dcd63cb87ce572945abd6bfdaa7d91e7aebdf99079c60cef76989da8b2a3e75ba8e0ca8e1a9aafb0229443986d84d24318e7791263600e6011b915686428b816febcd9967639ea42e253cdedd48f7720be3939c60940935d27f76f0e9b3cba9bbc898bbd8585bd25de239173bb61f376de7fff175517efe67ef90d62bf0f8fd7b16b87b73403e69024b346f91d37a64853f28550b2d099c5e14f49051a2393246762bd65f3533d4418a73b06c07ac24b21173d42927b023a7a3800b071b2372b7f8ccd7ab5681c387c6250c8dab953d79eb87e39f1727474f4a9bdbbd6ce091d13d443d1d24dfcee93b76ed8a04143ef263d5a070d0d0a560e1dab9cbf7ad5cec3aaf58b268ff2730600388e3af61e9fb016f86cfbebab835fa199797ab81b00489b07efba37e121c9f680e409797da1a21e8c731a57bff1e86e59ba1addc816e8825b249f58db67d5af435eb4c7c14be83cb30eec6348060bf3287700aceab46ce055dfdea541a751cab10315818aae0dead66f540f1f52037777a7fabe1d83a7addb77205e9351c118f9fa3de6bbc2fb67968f70055cb6fdec73e963cc6d8d6fe57bec9a2fa35467cb3b99d23c3196e4636345ba204bf3b36822299d3fd3a47600528ffee87e2b9fe44838bee01eb41c8b2de71a01b072112ff852282311531f526d894cb20ebbc8879e584d2f31c99d08ba8ff62c9c02592cd94b70787f9e965f457c95028d46737d7de8ccb049ca1141e3944ae5f4b0159b0e5e888ebdfbe255d5fec23916fdab2a3e6e8f3747bb873fabf6541af9bd542aea6adc2573c20d96dcdf3bca0b00de86d82b6d05b4617177d439cbbd1de58dac002082e493f8576459f30142e630f8f39ee0a969797c8c39e4cd856516220cd03544ec06ccb0c7c0c8245d6ed69796298c811bcc312f0a01af2ced170c9561a29e2d41f221e4f9623b92e1707e4ac5c7fc82aba7931f1af0abe902b389399556adaa14e1f30a5c1ac3fa1a79359b3c8d81d32d01c067f492de4924cb4ea792fbd1032db9164da5d2fbf31dad61d1dc4fd1ed21395104e922bd0ee23492ad518d72e93cb6903d7159e41980e1684615c2a623ae460a7a7230446a47697d4471a70470df4fd21d24efc19f4231331a2bab7631fad256d8e10f6d3e5c1fee172aae88424085a52138ab0b83677e89d904324b6c39ba4700e6bc62ee40a0f9356e834b015b8a6ea1a9ced5fcf5460492f4f421d36e90bb00473b2c635d2c206929aa46b1b31211e47444d6377f6a012ce1362c1987ebb763d26b024aa9fa32f74910a427534f9c2b23c9b57348e6f75fc3edd349b2e448195b7c9d8ed886f8f0b75e384b84d1158a1d0d9c2b347cecedcbc8de58f5064a920138cb4484907d616e01f3cb6b8149e7d137177ef7104c5d1b5c22e5323214b7cb5c9dd333ef594a9f79c13a83ba6a05990f43023912d16d90b61a66c90cc7aa2000b0ceaf012824c93b673fd2a86b84af327ff8c77d862e3546a3f2902c3a9b0a6dc5071844f221bc7518407211e6518b9ebc80beaf8b97c16d1d803a884981621fd6b2741b02c93e78c921d09cc37c92b3b1c40f18c9d7d582a24422d903f726e17ce9d233e4381c1e88d049a1fdbe9de9de0d2fbf06148f8ffb0c158e867457853a71b9c7f84e2c240b9f35460cfa90bc80de2c818241a2672447a31dfc1ba00d1fa3dd1ab4692a06f08483718f13707523ce91dc85590ad4c7991c5854174a13bc5a811d24c9f6b8ab40f5ed15d58162f97e9b74e5440811568a85c6e4a78c3c29b3937c828754a46db9d746cf0a1dc9f3d0bc8da71440a854413215ed998bd6746c4c924970827fd1f16cc6a3d75c005e7237ace54c9ce32aec0f4722c9cd58d6077bcd1c9fcbf0e6f39fe20424924e62aa0d89b341b102da6f0ca5e292f181bf762a77a7289e6a01ebeea7f48592d924cbe6581a9f5ecea1f9ebde90cc166ac63d2a8c7fb85945c4aa7774c7c5d8e3c8791506498e056053bf9d1c4d6c5ad110284e2acf431f92bc8156684e92d1181a86b87cf238fa7101f6730bc2e7e33cc9201c0bc2bd65f8879fdb093e41e390487a3af288018ac89e1d2194f23999df064aa5cc3fcecc606f7a0205593cb9899ae47a0c9cda4d8ade253205f9b2359c63847dce980370ba4e367429249904eff2130dc2c14fba7a92bdc470b6c80acde5202414902c3197347326791edd99037f5a372159dc0e7b1c2d05284161d0907c890654613da331e53c66907764ce454148d475038c56d9cfcbbe8e933d655c8d9d2459082f0ec0b988495dbd65f8dc764f35a1b85484720c07843f77a1204300718f3b5c8f04f26577ec72accb876e186c309abdb277d8b873341c5ed005a1244f5548f04234fe447fe233225b6168f77358bdb52cf5408ee18509c67316fb6113b3d0847d7120e7642b74d03500495e83623a5248eaac443997309819e854e42adda172c14ef6c51d6aff0faa135d77afd775f2f97d211b230bcdacf57d0d068c7a66eedffe4b396b8c769388367c2ab169e806abeb1188263913bb5a8b125c44cbcb1ffc2192d3318281c059528549862dda9170bcf7a9d75f0aa7cb24495fbc6db834b434a64d854937dba05d316929be96680e003db4943b90e42b388e408150149f7e0e27725914cf9b03a2d9641f6492772daae5ae69d085e1c28b7578096fb66b37615bf49352debefbeda13cc5308369036e5c8a78eac3e1771847a95d2a76d42a602bd9f1765f4f571dc92217f18bc580671e550607b282f50ef0f96426d42f15595d24c94dc69163641b43004b4b495e7d001db348b6c131de1be83ff41cc910219a5f6bcc9c62b0286dd64f3498691e2d99778be4f2662439a216b8937d31943c63f95c2a96b1a77929493966a16b5b3338c5b12bd0efad812cc3f00c2762cb398830862a84b2e051f2027b38acffe9b3b20b894316c9545819bb0ad20cedf0d8537c11da5da523c9f3837fd61acd3256a2a3eadc78ffa97335fcf1a1d0c21878ab1e725af890e47cf406e0ba289bec0629861aebca71584192dc8e19f7d0ae3ea25550723b8006eb3fd7f76b1106916473c4f017a82f87e269f1f6541a87ae24390d036003c96a92dda06e8c2186f6c7054365f634c6bc418b93f0de0825f3b74d3cf7f923388a1a6315c92958fedead55667cef6f3bc4ec2659985a42f2e6ec092b2f94fd8050cc2a0d6c6b8157c9ede69274c273e72e24cb5a6009c20e5861261984f32f3c8d1d9a970c7dfb8bb18870e740381bcba3cfd7233b493ca9c6900acdd583e3c60d9f191636b25ee7b710562bd2f489170e2d9c3e5b19cfbca93630f7bd6cdcf8e6a8d164d31a0f667a0222b7095b841ad3d51f0eca3b36bb2138d3174864910c85bece3aea26a07534c298680f15c742cd0796a2a342f3d2a20549a63b4a9ed2d29919aef882b1f0a744ae1abe845df95bddcfd88d2696b40b2d664e6461c92088eecc32ac9d53d0068ebeae6f63c29fb103c6e9b60e22690b0f58356fed81f65e8d1e686e4c95b894fe705f4ae503d6a1bb4884a1dc8bf65c80b14b9bc2253906b3c8d3a8531086dde45e5808fe5dbd719b7cd91853497b4f3212958cef9fa985685542cf0a51bf4eed49b803ef23eae8350096f200ae0d41e3559c8da91b23632f9dd3ce47a73cf29aa16df8c8122211e68f11e75283468dcc4bc992cc57f027c9c0ef3c1ee9cba1680084d6359b6383737cd51440570da3d181643b9c38846924a74330979e82f7de307b0416b3ccb235a96ff3fea90c3ef183ed8e599cfb8eb713e46491a3ed156b57dd1ef863481939d7d0fb536a2b4927f38cdf403fd19937f76ca433708e473132a08ee65a7c014b1cbc481e91dafd805f4ae528465d207916210116922c3977f429c9e7a226243760da1d4c2259107cd868b8032c161693fa31bb48c649da7e41d25fb94ae2d36496e9ef42d987990cc4f568c0b788e46a83f926053ec787d68555bffb24f952dc9be40a74441857628102000693de9629fbbac1ec087ff02f854fbaed206faca934d82df23ac9e29325cca95c93391f1e51d15f2e39ef4bd27e0a6e2f476271a58a6123b23fee710316de84e03bb80380a40b59640b40e26e01e73c92bb7088e413b4ace3ae1f8f836d3174fc9808b209a440dbef3d9b770d40f97e9a8be667e05db1422dad4bbaa1bea31d5ade0224836e929750bf7d1b8f52f244e7a18773581a88e324a70b562ad88dc7a500dcea6a30b4cb01582ece3541a9bef43db1d04388d46a90c481251273ef664ec069b46c0dd1a0ac14a3d5f359b89e2487424d43b714b562c743086984a7fd0c9da9fdb1aa9308f5effc4aa0147df8460bb4466b4cd9bdf2e1117983867cf0a8743b5153585d2e5fe18ce267e84f7236949852badb054db3656ec6eada2592056e922c920b114332063d4b3d253259e92c9c2573ee248ec549def4876bd68f0fa5f0ef069be4549f46d35fbc6ddfbda8b8cf34c92d92b942119352714b69ecf2011ec0699264fe5c47a0f90d0e594f32a13e1a7ed8edf3aa3d6cd05457e176b23550928c4217f426733a637200ae93d989c70e88da95b2b8b730a2fa0ca693c51d718091128ce461b8f5f502608da16471672cf9e1a1c4b98aea2ed591cfdcd0b83eec62362b499e6e08b48de7f5504359ee010d5f7613378a271927365a62752757f471040007074bdf0432a7056cbbfbe2b81e43c9031618feb19ac035994c5c219a643b5c7e8025241763acabed65f289b8c13258d85b03f0e88fb6e12dd0f4154916d595aedfdf165df464ec821ce63b0070edd273ab6800c923d5b734d41628851e003091f90ed2e3e42169a3a1925cee1589dbb7113972269e4caa9b4d522a23fde125b6ba4bee153ae848e688011bc8a3b25e3b49445ea59c098596ccd6e7a32f97c26cdbc713b31380cddb2ed7b1b8a8ed1b4732b6ebad4d2ec9240fc73d6d6b6f6defde71e4febc5e80a88721678a9101e8fad6169675ff562649a69590cc549efbc1cd2cdc85f1aa7b8e389485c1248b3d2de723eea985e515f2741cc3902cc74292b0621cbaea77a123195edebb9774232d17ddc9f5983d0d3b753662a1873c075d438c5d591fd14c00fe46ffaa371f9e54227e4f797cbea78b1645b376aa06be94ded21cf228bc0acc3b91c95d30612df64e34faf9aec4d9b6b04d271d91b31887c9ceb8cc6995e7a7b3f622bbe35ea665bd424b8bc7110aa9fd582d24f07ef469ef480080be65fc05e9cba194987724c9ced8286b10d654849ef97bb1d64e5ac2db2121e7f55bb16510309af446d2485c22a33094bd2b7bf33998932ea2524ec1c64000b03643a80cf0f8c438c5799d008cd79ba0546c950b21232ea2a53920ea1ca5e7292c12d7239701e8b8054b66c14a748a6d7135086be775758163590b49a517db1d6f68efc29465e89835a259af389e422f7b0c9560f4a7bdffc50a0093f4bf7228b61597ae43187eef004bc06a4521790ed33d64b9cc7d79bb354230630766caec93fa202a08002c2d70d7cafe9d3414d0dadc018054a86c5d417b5f14c53ba3ffa73d696d77008adbbf66283a54eae48a33c4346a00291659a1c9535ec688c9584cb2b881d916845d44d86ab8f6c0b620849d78a20fc25178553aa1b31909b14bf7851d71b4ef4ea14ada0e0f98ec8c4d9fd8b45f2d034443927fbd50d22bc7397d825e247947e4e08fe2d4cef0e7494cc97094ec65e1180c3d8ad03c283815c04c61c479bf9f41b1356701fc48aec1dc3acdc914771c1d82d3e44591d5a74ede71cd0d80e5cad7bf56288fd0acd2b2b7f95df2aa1bd6f6c21396f8e0e2318ce559195cece1991e870174f165596fa09712574876c625899d9e59f7a2e284cce9353c78077f20b906f395b810e38e20dd62ac2139111d3fb5a8c89c6006c07acced5f2794772774de0dabb6f581fea503914c2e41c873d4276f74955a0ccae663b4a3bf0f99df0c4d078b33499d055ef8a19e03008329f1121af3042248aead7333412254a5a2ec8e91ccf770fd7437e9270a001075db976382426eb485b86504991a4ff232da705f05c79f35d7a8794e525367725204490ee8a08b73006ce58a1ec2888a37ad9692778c7e5f177a0ea9e0379afa399641fd897e8d00c0acf59c0b79bf7628647e85eed3619baba81f54b4096bbe9619f6e1b8660000b38e4bae96fcbaa1d42a25ef0f152225489b4e3c986682525b947b70b8af218842c3c1cb8e2797fc0aa0b4fc11ee2c376eebe47e1ee6000089bbff90b02d27ae3d2dfba5424983e78ff3d2953d3a3cab6f230ba39f9eb9bb5f8f2193176f883c7323f55bf7c4e724957d3d285ab8f347537aecdef059fdfc3dcd2a452491dabbf9b4ed31746658d8f4e10b4fde2b24a9d33e7fa54dbaa549cb79a32d220b1213131fdf3c15792d264a7decc2f1ddaa35e1e1e16b76a80fef52ad095fb560de9aadab0fa9f6a84faad56ad59e4de1e15b54aacd0b46297c1bbbd775b677f7f2f2f296cbe572b9bca197833dd046d17f5890a277bfe153976d080fdfa25a17be7cf288a0818a4eed26967e3114af1fb6b259f4fc4174e4a1b513837a766ce660f34ed418899314352591bdbd5de51596761f0a58a3ff1543793773d33e493ca7de3c716c5f45277fb95c2eefaa90fb7519143478408f2ef2a65e5e5e8dbcbcbc5ab457040d1a3b356ceeb2f00dbbd46ab57af7fe3d2ad561f5d1d3eaa89327f6aa54abd6a854aadd8755aa2391d1178ec6deafd8462ad66ab56fb4da1c9df029e46bdf946a5f2644ef54a9549bc2c3b71d3c753d3151f3a2a0842628bfbc823edb04a5da2ad66834995aa3f43559d01ba0e465699262a3a3a3a3a3a3af4747475f4a7c7bbdc2b7d77df3cdef3b5fabcdcbd56ab5cf1f25de7e9851211779f59eea96569b7a393afab8fa886a7fcc93ca697dba55a95cb271d6d8f0e94303db357568d661c0d0114163953357ad0edf18be227c65d8b20d11ea33d1d131c7d56af5d128f5a1cd8b664f5106078d512a87040507050d52287a29fa2b147d87283acae54dbcbc7e1efccfc2433e68fac683a72fdcd37d29944b107bb83a78d89b893fa5c493d9bb78793590cb0346ce5cb643b56b4bf816d586f0d55b862b140ab9bcaba2c780365d148ac0a0a09e8141818a818a1e8ac0a0714ae5e060a57278d028a5726450d078a57268d02865c844e584191343954a6517d7a9b3c7052b148a6e0a85a2ef30a55239764027b95cde5e2e6fe5f0cee5cd9dbd3ac93dad8405abfa5e5e5e5e4de5f200452f45ebc66eef96eb12333124b0f17477f272b317a12625b5b777f6f291cbdbb61ea05028fa28148a5e0a85af8b71f3d32f8572a7a7bfc8cc5e2a73f39077eed86f9c728252d0d81ef216cde595e5e3ec54b337f751d9bab592cb7de47279e3f601dde4f50c5777692e6fe6e5f4eebe62877a0dfdfb0c099a18362754d9aba9a3bd188099c4f81a370e1836232c6cdeaeb389c9d9656f9ec547479f57abf7aac2c3c3c355aa1d8754ebe64f518e0e0a0a1aaf542a95b3176c501d8ebe7ef16274747474f495e89bb7131313afc5de4e7c98fc30b54a8b427172428c5aad3ea3ff52289fadd2dcac678f6e1e576d080f0f5f32273c3c7cd5ea7d31b7349accfbf76fdfbf9d989478273e26f6e2e5c4c4479a87898971674ea9a38faa4f469f55471e5547aad5e74fabd56ab57a974aa5dabf67a74a75f0fcfdeb97eeded268341a4d9ae6eec5a8e8e8d8f8fb2fb55aadf6d5cb9f0d772ccdd0646b8dadb6026dbae685f6f9a307d72e25de4daf2a4bcfd16af3b5ba1faba037e9570de5e5b91d7317ed30ba3fdebf4132f7e4e259c383ba1f3041f91eba357b80b790b98f5cd2ef11c933126ce622218e7c85f0452628df503b20f69434dc7a3072c5632fb8e791ad4552c75c0fac8d7fa4cdc9a609ca77515e7199a582dc3f857d81154c46e77e880dab25f308fe7acb142dfa9123ccb814b0be1482f58bb0210cb1652628df530f31800cb2e551f8884462b7fc082c0e038cf12b4c50be8b2e21940c12f122465ee8ec7b8d6a4c5e8a16ad769aa07c471dc36232082fef0a91207914caad58652a53beab5643450e437aa210478a1198b00f4d4d50beab6620929c824bb19866a8258725c0767148c8d2db2628df4bc1384d9e35bfb6138748923744d373057baf8f09caf7d270ec2399c7bca386218df1b9bcb17bcf9933aa532628df4babb087bf4ad566283a8dde04c5241314934c504c504c3241314131e95b40b1d39a54abe4097c63c72c933ec1671f53e426d53285c29487d73e99a098a098648262826292098a098a492628262826d53a2831e126d5329d83b9c9d654db640e58aa4caa55aa63ea4fa99dfd29262826282699a098a07c4b159c5fbfe650e5b0c5ef1d7a57969e9898f22acd04e5eb4b3dd20a00a4b34b5e456f9cd643eeed10c4bfd9b77c673679ddc5a91d853835aec2ccf5af4d50bea2bac27fedc998755e50ba1902ad742c6b02d4cf20c954f793243952a904009b805e6d5baf2049a6bbf63441f97a6a8fd724990c37781fba9caa4d7ec593e83801beb92443114b92be2ed796c6e7b97b70db56e1a0fcd6c2dc7526285f4793914492c7d1d3c6381fc2506c2eeb899e3ab2939d9e247b23956463b3126bf14592e448b47d157dd304e56b691612497da43d4e35b365590e497d3d3c677e0bcc67a9450792e4245c2129b7e43191cb13929be1f27216ccb24c50be92e6e04cd9513f603e3ba09f230692c9a84ff291cc2ce52126902467e230c9a6223de7a1f11b9e96c9ae7120ea9698a07c25ad436307a0f97952010779ab26e47ef4da3abaa39704cbd586a9b7576323c97a28a4ae27461eb5141d226f4fbb6fcabebe96b6037056eb480e80c690a10180c815ed561a26f75c8d2d24edc524df784064bedfd44ef9ba52a101e0b357470619a00c45afcd71e92c949acd354c44bc09abc97cd425c9abb6386c6a3c7e656dc5a6c43e22f867b03f8498aa81427d8cf530126a03b8b9e403b427494e40044932adc804e56b6931769009cdd08d0a08b616b9d072a117e6638cd0ea4718795198c88dabb196e45d17718009cad7d2541c25f9da019aaeb8796abadcc9c14cfa77922cb314a5daa06b68d878df13184546a313497229d6918c80e1c33141f90a1a896892ec8743830c7da876c124c9a7f0e1590700b0bcda692d198dbe86faf11d922f6c65174d50be96a60831f286407d67781fe5d65bf93a83adb150b98b2c38b347b5eb89605a0913668fced8ab27c98c5ad3742c4abe7ee9cceef961610b17858787dffe2540294820496a3617fe58e9cebb7966cfda909e4ddc2a4fe562f89c7f70283f9a5e5d3bb67a4c176f63bc7b91ac711b455048d8a6fd6ab57a9f4ab5f7a909ca37cca49ec5eedb3ebd9321a4bbc8a9edf069e15be292f37f91654aad57ce930b7bc3fa35328c2835f71d327df3c9f4e2f7ef5b7679fe94bb26285f4fdaff3abb73c9980e86e929c40dbb0c5fb2f94c6a557b27bd219f4ca90760b0094acd17e09a333b678febddd8d9506838350b08de149990f3febdf52f2e69df90cc33effb324884df06a94efca7094acd49f7f2c486c95d1d8db528e7767f085bb4e742cafb77bed76d17ff7bc929653dc05bfc17f21aba3ba321ee98ca941aab95bfbcb137acbb1040d1b179c0b855271fa4beb7d0f89fade1a74b0b9afc89fc47586a1703f0e95d6f2ec4f13c85d97fbc7e133b4d506a448ff60c12264370ee14b2e998e643bba63902b0db0aac4dc6eff1d735589542ea5f024d7eba80d9e4136c3141f962a5ed19d71080ad5fffd9eaa7ef2930de06f48b5973209bfcb3f9f5b41dce56d610d5c3118c5b8523574ebc24ad7e837fb98571e44b43345913946a0389503602804621eaf7f601e4edec69db94079f92e46d19607b94037efb13391bff20febfe693f4bfebb41f0002c946ed7cadff867e64362699a0545ff737044a00d80fde5ec5e414694a4b882d7c5e611949f60666fd56b2ef8f78cae7757ebf08f774a4cfff39813f1e505f27bbfffebab88ba82df90cf34d50aa652539bb6aa4bc0e00cbc11b124bdfd9981e9f4f92c7bb1eb085bfeaf5f3d78fb094649ed9b817bc6b6bbd052bffc50507231045b28deb75ac24498e92fe1402fc56c7d7986282f2d96df3936186498f1a4e385350795be9f1112ded45d8449281e23ee26b24c9733840f26f88247914bd00586f621c769254d86845bd7f22c9e548cba907a43313e34c503e2fc75ae16f0ec0b9fbd47d09afca573f8f5c3c69e4666d7157889d7c0266ddfc5f52efd0780532f8fc64314fe030c99db84b92bff375aebf3a8dbc0f15c97f94eadc70fecdf6d10b36e119637e8354963a753341f964a5444df2006011302bbeb23fff9b41c2c4a3bf3f67d62a8b2407742393f18728ac9b20c3df781c7b49ae443ac96cf35effe44e928fb182647b19ff08374b00edf088bcbc87e4951413944f6b876c1cee01001e93637ede6373124d0fff77a67611668da8534692bbb08f17b0300d40e0cad73c0915c9652820f5fdb03f549247f2019691fc83e8f516a0e9a4ab0776e26915d7aead5072ceed38f1d68a57fcec7116c98443fb133e6b4eccfc58f5a5ea4ca2a98b9eee0d004e3d96241ada1cf97f5db8bf7c6ee1a2dfcc22c932ebf61bf17f3b378c60690b07ed096cd5dbb64f20c9682c20b906192c9b0945d926a848dec10692d746e9744f9f90e4eb58dd8f05e5ac1880a8b786294b8728dcc48053e9497f0068904092cfc2f349eacff46eec778ca43e3624203885244be38a48f268ff1232658215500d2ffb07733c00b80ed99d541ed53dce15807579ef7e936e245920fda718fcc6c13e988cc59f4e621d5d05278d97a27e248f62effff443d357fc1fd13f92d40efb54dfcc5a0a65015626eceb039b849980b997bc4ff765bbe0bae2dac505d2562bb690f3b1874cf2075ccdc792175b0236a2112c7ac9c3584a525f579459304d86fab3b6040cffbc0b6b96fa02f05d70abd2da4499e58a4b7f0d7ef076456f4f92bc80b11998a8ff89241596ff8679ec652dbcfd6d456bcfcffd1d00f47943f2af5b3f2b11b514ca456c21b955e4be1991c29a96882479441ce013441e4720af5b8b463c645109374acc426ee9ef1672ce6ff28fc32d9fbc0fdf8236703bf0b959d79bddbe00ea4da93858a2ec3f4b58d6f437172aef19222925390751fc5d2b83450543309d73f0af3fc54c6c66192205209b34bc7f6475e650a8a5501ee24f243902f330532867f76337f3164aac139c82c89cdfd89578890437d47f17b95f150e52e2d57f01ff4c1ec13f4f449fbccfbce6df864b01cf29d78d28ff735b09c968fc2b8f094dee0acf772512c9b2fa0e45ec27139a92ba7f10238c91707205cc7e7ff9d69ffe599551ddbbafa550ee088ddc995808c8ba5c2579131ba701160925184bd21b9b1042dec9207dcd1f322d31b1840cc6dd6c006aaec35c8b7af97c7526fe93473de4ef6f0dd88ebe5c61555704e9c9fb98c12948219ff5b16efcdcb86d33e2c9cd18472e461c4ba2e7efd6ff4d84ed5401e6bd0ee67de1ddd752282730872415388f76432c9b904cc4a2799e40d7c7984e72283a6317d94ed4f51cda900e80cd0e8e471cada4e676cfc3300223f85802d439f34997bb35440ad4db59b1ee5ba09f04ac2753d09d93f180ff5be7b723b1dab875174ef292b9f553f22aba87b90278c27f9bf286c53127fffee5775f4ba1a8b18e648a59a3fb98cac4c7244f633ef9b83bfa6109c93570c65a3265b28d0c8dc9a498431d45779588a6a7743bba86612c06b16cd3f99d6e966f3e7eb1985e22580e8e3420f9fba39b5a325976fa3c207bc89fa40d198709d4fd29291dcb8d87fc0736abadb18f641c005950c4bfd7e4ddd752286bb197d40fc27a0d66086b8e4045b2d8528c3924d570430849ee03ccf3483202914a44b309de744353cc32af47929c8f7b1f2dbe86014e2bdf5a50f21b0236dbf94632b9d4c94ad6f2ef6c6556c82ee28b24ffc330611bc908b889c49b48327fe1d4c89a9e5fba96429982f3e442f8146ba014d6ac869a6406ec114c723386cb1a937ce9231e853d244b3b4a9e2b11cd0ed0a69a03933b0976a700f3820f37138f7403acb657c8b70e02aed658c0364d3815e311cc71486492a5d353522979ebf23a0df88798af76f7b5144a201e152a617d971a28c9f4cb570ae7e33459d00161f0278b7d11d517e70b225cb1f2a5ac8196fae1184525aeb00bf2b90be8bf197349de17f7fe2092fd6d817a6b324992d9f3e49dfe4efe49fc2f57923cb1e74fa2d49b58381cabb7603df96f6890f5d2bafc6465f18fbfe27c61b5144a1f0ca887bab7c86c34ea6d0ba0c31a8c2c78d816cdf29a896fbd0c80bf2e460cc036829c8d169b021190cf8988a1ab03c9708cd5dadba5f0a58fe8fa878af78e408b3d0657078d1b2c3b9691a35c482659d9eec45f75f55ae63533db8c5e2457c1b599e0e7ff0d544ba12c164132368b241b0116ad270e9cafe90a007e198c84588ca6e9e4a9c13d97be225936510cd1d03c32aac583a7e84f92c9c5dc00e71ece585af525cac2a5f0da6db4fee67b8996e793e4b87a426639167fe464a43e73b01139e8486eabf39bc5fc7543e1bd4b86503865b75f087ff2a67b34da5c427277a3662b8592a2d0b04fc639a355a9f4f033c33ffd423bd8edf880cda015a42b4b49b2f86c09390f0b0d6d75998ee4ebdffc9fdf7bf31c76314606fc174996e4b35643a90da30f9237f5ab2f8547a73991da2af62879595ae5d1b9e3809606efdda3d8c11ccb7f28259979e1f11ac1a0dec26c10d20b6dfe405e71c2c96f7c6fd581b250f4dde3343dec2102acdab7340320ee93f2b98747d783c36663ce9580218c4004b9a1bd04e2993840929da547d13a69c5bf92fc9fbfbcf901a0ccc4f96f8f21ad5bb9e15bb7d11a6dc21f9791baccd30b7d6175e2b34e55122642bf0c92cc2923996bd69ca3f0940c6d3ef500864a47902cfb9d4b597797d4eff4ca5507ca5c1cfdf6098d2ebf687e37d8558c53b0d54c72f633ce94d10a962a3d49e658374d26f98fc8682eb435592c1a1d24cb244f603cf5c5fc81a0ac360c53ffb665081619ab4d03d1f645a56da765b6b73ef944a9de686e68e6ffe401a7fbe40c9c6aee2dac49c45fae8bba3e3c612f7bfc1d33e7ea405966ece3f8a6726b63f8b31ccd72dfd9b60dce9f5aaea4b8a37b3ef9bf7ffce788426e057e97c0730856fc56a814fc19b10c0120d9c51f0eca77f852384c22f44f3c35774c7d4f92da967ed259a2ea42514c66d505507747a90f44bffd8f324f8b3958419277ecdc8ba93f30f88f89fcd1a02c3704d4f824e5be63ad2bcaad664a2fa0ff4392ec8b83efd9da0b6b3ee5245b25e85f4c720ec65c98f95bf43a805e8e92697fc6fcdfa3e3a215ff4f2a39521b1a69d58112864ffdb8138738000ddf3eae476b0779892599065a6524a9d9326df2ae4feba21b035101791d6dde6775ca72b0fd04da4b81e032926cd99ca4a60b86f8d549f283237c9e054b01d13f5ee68f0b65df070a6463bd2833993132fb6161139d7074bfe839b396370700ef11e97a923c8d45e4ad2e2200b0fbb4f7f3e645928178bf757611d67df404a7c51821b44e1c8349b2b0a5681556fcb4c60238c99cd8b817b5c49c513d28aaaa378e9518ba60bb5ae4d4f1ce269980b1eb90a836037cd6c46b79471242929bb0809132f86f8f3e33bb8ee527d73e6f883abd7f43a6ad43ce478e8d95619ae12b731422eaacc7d166754ba9e92874cef08786b2b3ea8d0bf0c07866359a92e414ecde8de35d5cb72384bc7b2312a26b246763eb030b73a1d7e8f1959f9d4677b45b8bc64d866c7f3767eb8ab82a4bbab51f4ef613174c30e67cde1d4992dbb15b85c3e44f479fffe8500c9688f76b37a2843f8d70c6ce89d4af14352a8ec6aaec975acc24fb395d015a9692631039eadd6165e5bad21c62771757c02cac9217ef2574afea10ada5e7075d8a1ebb60c8dbd2a8a79d8e24c7e3729163ed8b6a541d284a9caa7ae325a3b9b513a21596e3c6b582cb5ddec508528b21643bc96300d3c9209cf3403e751173553fb32816cc104b263d27f968a7379a57ac9e06090187dfabf1d8fea15407a0495185864d2cc95ce7df9572bae87f7f0950867fe0c9f03ec60a7f46625b4700b22169e433f42435184276b12a84b7a7e814bb21c1d9967c2502a4d7de69dfb54033832b17f3264a24e5dfd30b69b3aaafac31ff5005ec8ac8aa42abff7f650349cec20af2a6e3ad5f0294b6f8400e9c8d20e14f38e674c064b85c22a987827c8e61a4bf884e756e9ab9e72890d0119964c6eb2dc66fcbf8703d11526138e14d27d13263b613fac1165228aaaec5e5bb56aec7ff330ef3b0997b11ab98b5e08783e2036dd51bb5e8cfe23292c730d00f858b4592e524d18ebc0125d9066c27299983d07e38b3101b49725eb9930849e6344278a53326d5c75881ca13b3861f6ab7c721f80379dbc84acb2f1d65cd45e697582b551d285e1f82f2060a9d4fc35cf20c0215c8e7697b2c212127a3318d94a3b017b28abd441e884893d5c9226325de959ef4204c7df7e36b8380eb24b3da7cb8d55ae6665995efca45b8bdd30774ab9da3306ce11702c50d1f6a56a073143083dc80c903f18a7c50c7ec7a3eda9097114606203b10e98c1103eb3807edf39f3b9a55726e8844bb9fe52799fd4568324c618b7e1f762199862a3a568a1b7cf3dec36f0dc5fe83f375ca3cfb42223e5fda0c67437199e4168c2f1529c89b082607e29a5c544cce0776b2b8073cddb1be52eee76af1ec7d8df961f680f7da8f181d2f62d8fb376ca81823e8170945ffe1035ac0cce6a8c8bc09dae8a33197e40b0472bc8accb3929373b0cfc297a47edbf432b238542699fe4e75bb2a0794bcf48f7a5a95da39bfb7a9926e237dfc0b879285fa1f6eef63290fdba0c923f2641e49ee30f40ba6a691097dcebaacaaf8a82b4ffd93286955fa057733fafdedfd7e98cb5f38140d3a7f6873e1dc0d6564e1a36a79102a44d7bee46eaebf379b3a009f825f3a9427685b23978ef7fd9953cc35f4feb273b692fdbc03eca195e42a7fe95012d1a9462e7df4e7bdcabd450fbfec9c078d4dd70a15657f2ce12f1eca2df4f8f84ecfaebc676549d2fe35d347b7731182f63c7c37240953c51dbef07674ed45ef1a4d56a17d99090ac9ac2162747bfb286e2c0d5bb5e731494f431cd851c27a77d7775c2d677df96c1a3195a22e938c92583de62f1f4a22141fd923cd13adfc7188f94b7a8565334e40d1f4185ded56ef3e78fab611c5222ca87458919dc79754bd1eabef93ec54196c8c4c728c2628a4ae23269465d90e2be908c02329168b532eaf0e1043e551a7b2f9c4595ca905be5b7029a99e1203802924ef4b7ccaed0dfa151251047f0d502e7f0cca5604eac98437cbd17d6d2fd43b83d924198d7a3ee2b2a403155c5e2f4a64a72b1ce72babf62067fd52b1d9881339241952fefd954d805d147f1550a231e883db73ebd8a59364b1b35721f58320176a4485700a8033e0506157b544b24e5f6e241951eddb988dc64657e337752506abb37e245c93f86b8112f4c1ed11c2706b1ec74a926f1c007f923c06c50448dbcea8f86df094255a1f32749e0cc2ddeadec51ac8cb67e088934916eba849bfdc1ff5d368824292ec0ea156ba009785453426c9b6d834171bdeddf97e77c071c6e512f285b863756f426b5db762b7db7947d4f5068096cff96b8112f7612865b636428ea4442a49f6076c495e8463de46cc7b0fe36031809e9c57fdfaf0fe7760a74eb206e01b51cc5f0d948b1f8692098327f610a492cc74801d8a99e58eed3c88f7c614d2ac68eb32575fdfa1da33950ec5bb4d91920737d3f9c3aa5a50023fb4b910bec29fe98822f303d1270059f96da0d0f12a5a932c2ca2fee706c29308adf64dd477e62f4a5fa19de221796180d7fac6660f78648fc39ad6689c4dbe165b0d6b610ed471b4fe592bd1ef0bcc5ed3434d503e026511e40f597c7dae1b00a0d3330e01d0349de41d1100585a018dde7506baf1e1cf8f64eabe092d1dec1d7a573bd0c3b145652459f6dfd71ffff2a0dcf90894223920330344d356f40e8927b947ea382d87248bc3c22313f3c8373f1fd9391c1f8937340b8065e30e9e304be6b35d5395e3c61e26997d61c3b8be534826df238df11e79a9b3c180bfcefd05c94bd3f248d2172fc8577ffa1d80f699dfe4e1969ebff38eada38024f35272bfbd99a570ae1b2c5acf2fcf8ef41f0d51972ef3f948a7d8586c7f5046720626ba0bc634fbac4d7e1200a84bb2bd2f13b0fea5ef72921c8313e73564fe3078bd681bc220cc27a933b7d271bf1da47ea3bae20f35f2d08b95f1ef50781c77785df8e225c2434f6d01f3e70f8f2c1e15342afc3249963607cc01c0ee65d9b36292dcddd1ab71af85895f0ee5f1470d929fafb9d8f3913d96e11249265a9bb7419f23094f134ffa89004cda7bfdb98e642b67aec6b544881f92ec88eb98c99416e8fe8a5e1d391eae3af22e9a723b44935e910c195223a9de8d69245f1862ae65ce6b629c26f05c1ec9e79e00143283653c8be46dd8787979793533ef75c20dce77c99df054c82d80a0d22f85a2a9a14eae0a2a70a8fbb136c52a1c2519638b95d158579a4b46a3c1c1fe2864fa3d927473e4023cb90f8c275907c518f5c845b4484f3ab4e142e03c790cfdd32d447fad89e4ea0f0ab687fe38c3b8fa70de4292b7ace116580fa12b36a8f6c83c735824c7a08ea88b2591d1b11b8367e849ee378cb8c83f21810856e73805bbc9a233adb1f74ba1a4a1514d43517ddc3e1c0e75c18dd112d1325e84a514f5521853ca61c8660f2f9265665e0c83e635207bc1577025023cad8e93d499f7e7162090dc89912b3fe042f939ba06d92592f4409ece4de425c17692b9d36f916371ff4da72dc781c15c0179614304556c42ad378c70d6da3ba9d29789aceede115ad3138458f95f02456759e3c15c9a59647f1c8a9318703a445e814fff613ec982d1e0158344d929b1dbd19621b84929a0a4062d7400f693643e06f20280d35461ca18ec274777ebf0a72f6c585e00ec34242deb700f6631466265b4b10dc3fdbb987000c07627b37b8562ab7950df541b8ddf5b0defde721c20b918ed5e6030f97428dcb45f0ae523ce78d550ec2784749e0e00cef7499e2fef731f82670c1432edde9c8007ac276e6df648033901b44821a9838237d0ddbc41a10a616371821ceadb4cd4eb4bd3eb8896252c84175b59bf21a760bc614b101e5dc2a46b686e2ec220de84df7288019732631934f284fad86bb6b42b138afde3b069ef0e34bdfff1823e72d5876b426ec8ab59289d451fb70f0fc4e26e66303f4faacb1dc083f08cdd3162dab29108e174fc27bd2ce2d15f0339c54da6c2319a2402a9c1f87918a642d84afc0b49ea5d1a7f597a6fa0df282c6716bc33457d483e11591b4c44bda18985321b4d9741749591085e8d662307fb1b9ee7090040c732a9e08ab005d300c07d5f69d5b5afe32e39c29f46b8415297f9a49464e1b66eb656630adeac794592774a4836c0eb1a6572149f1066db0fcf99351b365a465684f29c0ae84815c23801ff494f07f6c35ec869efc72d12d9696ad18eb730adb00d1a23ec89a8a59ee4557c61e5eb055abf71324fd5407e4ae8a6f08230a337e578790a1368e9a8df7b8e5c89d9db2a7ae55e8753e8e209c71f183eac180c829b1ca29092aaa1a870cdd82438c474b9a518ce0718ef0ab7e11db0e42e5424afc84693944353934c725dec5e7e7caf06521dc93ed8c683e5508642433f9054612995f84f5a7bf081c405723a78921122b3937aa90f6f6226d33c81590c4404a9ebfaa5b165f490732786a542be531893db1449c6c799bb0bd3e8263264b99bc22b8eef2f953aea483e31b8f19c441fc8f5fbec30485f2594d3c6113933b14ddf1e70ee20c61e2bcb183d9f6270897804f9c049729ea41c356a815d260c53f9882c1d49f20c7a702fa6b05453207c291abadb913c81899c82e8d7e8424e05e4f4951491db450ef9f5dd7902cbc8444b4ce173fbdfacfdaf3168a9fbc2244bbc59da54b41e5df7611dc92766c6f8a1ae2852613a9be08d500f39105e1ecb98640fdc24a9151a7aba2e08471bf2719d773b2d2a4079628c36bb10e117d1b2f13d46a12e90464ec116bab6e5593b017bd77767f0fc22bdb2f5f8847e8f02789364a1b979c174387a4820eef998ec8f6774a94bf2013a7301565dc44a32c70d722a1145b2176eb49270278e915c8d29e4551700aec95f9a667b7bf28ac81a8aa7a296c5bce86d740bd0c19e3b104a397402942de19849bebca55e333d8fe40261e8ad9fec39593c1acd53a020b9e55dbb5f0528c5127f83c508d3478b9e93d43b880660d18201685148ff866a99b930fab03b6ad00d54df13fb3fc5a221130ae761b68f7a43e4d8a88d3d369041922c76732659e6dd86690db794c5be2179102d1923d948f2c480dc0db379b8d51b92ba6b7924b57f099ef6f28b13edee40721cd0964351cf1de861a85ee5a03ed5184b1f493185f76023ea777501005ce6db3aca6e34df17d11a2ec9c9e84d3209f2aa6b5fde0d8d85cbe4e6c2df66d80c09d0318dec2391d8c61a8bd71a1c96b6159f563f8d17a6e52935da32cbe24bc9b25cb2444f924515be36fdaaf31567c0fc0a6ae54cb2c01d72e68e9498772d1f90042f3e108f35465c4ab60cba6506c0c96fe0ec8812926a210678d96800e899c1374d1791bc8ef65543692f2932400973ec4a926f64f67b314b26394d720cd0fd9e114acdc5824db674a89d5d84059aeb8f9fbda8a29ab9680e49c67b6f2159a97cda14416694516b684c66e7f049dc83729f8ed49986c80f37572e2ecf6d0a6646540d4589bbab4666903b300343858af4f043501f92482248251c211a9e51c350eeb88822bff7e3d769b5a9f10f48ae9dd8cfef77104793e402c1b62852918cefe859dfcbab6dd0fe6f95a28a50e66101d0890cc5264937925a77c9adcd50f39054b48d61b870a81edc1f931c556350ced88ad77f3f1837b3c90c0f6196ecee24eb0130f7f0ba48921727cc9a14d87540a7d32463dbf9b9084683ef00e50c64b0c3799d176e35f022cbfa6032d7e238794a22be168ed37cdd1b2d4ac8a1a819b7c3d2b922ab33df85c7ec0ef2a6ce124c248b027cbd9a34930f3e40b2205993537527d1ed2baf6a38152587c2371dcffa0894e2bab038837ae3d0968345377206a0493e85c6cf7c4c0dc732b2d8170b4965cd44c6d37641d387df9044ce89a51315ee0749d21d006cdad4b8ebf7472a175a6d01c9a22be74892594d00a0de47a0f0d690bd0c05aceff21a64e6689641aec754920992c5cb3196e43d99a4a086a05c6f80e0af1f755a479265d977f785f8990180f94e92cc4bd5667cf6b54b23f71baa7867073774f75bf09a391749a62e1da9183bfb8c8ea4d23996248bfa2c254bb68fd9564c32bab5d17376a12b00a91846cfdd89e8afda15be9f5c1e42f269bf8eba2a0d92fa0b1b5349ee6dd9e0cf7f27f97cc82d922ce11dbf28928cdd5f435f4aa49574eb979ee3a79faacc6c9edc8efad785fd7c8c5d8100f0bbe0b5eacbd59fea244b0e58fee10919ef87df76ece80ccfec39d032e577c2d9c7bf56fc871c755e91bc8dae7ce3076030c9e530ceb1362778f4908668d2a6d3c856ed96e6526ffd5b835df71fcd0af59b7e2beaf5d39798ee6b00cae9167031c634c88cddbbefe8d527e99aa4fb1a8de67e62e2cda454edcf1cf3d22e1d583a7be218e5e41981de4d3b2914f28eed3d45b06e337a74df7672796b85422ef7ef1514346a4ef8a2d16deb490c20eaf87a7bf9c8e5adfbcc517f69e4e71e8013607ffdb513661592fa1138381fd11c84794f73b2efac8b4bc4c61ec008929118cc85087ad21a77c9fea8e8cf3c0377c8b500fc0a5fa2e35b0b5e8a122ea7bfac3fe56750f4599ae71f1fc25690752f3e3a3a3a3a3262f32811ace7ab0f864fe81f18e08af7caade70a75c494c133e785cf0f1b37a09d6dc56dc6f7dfc6c3fcfd078bac5af618b970fbc51a9c02280e7dd616a54c83b3c60a5b4996b5c35d15f6a4888d86b48b08db008813c8359853606b9fc33d9845ba39567e7489640373cd408465c24da7cb883eafe7047445cb97ac11289ad9810e226b7b1be139487baebf7023439b74f9766262627c74ec851db3fbf938d56928f7f2f2f2f26de1622f4115721e3059392ea09957eb8e72797bb97fe040855f0357eb77f7aadf75ecd219837a8e5e1af55ccf674f52329f24bf2275cf4e9db878272343f3e0b1469b997439fad0f64d1b236fe5d57ce134140f497200161cc112523f191db90d9b57621dc9a7b1593c8ef9897014b7d67136369fc5603255e4c7cccaadf569b8ce87e8c9372ee6d93dd0ce1ac0787d08d054cb9a809235400a3878d5b1b7abe3e5f50f01be16ef7d63cbf3742bc786beedfb2ac70f1da79c3c6bd5a61561a1cac9f322cec43fada2d1fce2e47ce5e49d51bbd6866fdc7f2026a9727fe97718595ad79d2479092de3d163cb81be707acc8358d20fd7c97180d97135c28bcd9d46630b95d8bb1abbc9627fb1f64ae591fdc1b8ca03984fcec7ae1b3258d6ebe18c2561b078ca1a819259a74d44c5910645e7e68ce9e6d3b045bf9e413d83c628c7844cdf1c975142edab2216bd4ecbac0db37b7c519bc26034cc866b3400c0eb11a9c2bcfe7844462dde61d6f328e6d1d32cddce217b3c8e0d43d78eae00a28e184def82fae131c3d17f6a0f2f0ce3e3d379e45538ce01fae67c399493fcb5e98d21cc462cdac6c1538476858291700e369364bea4d771cc660bbc5a8b3f07e1746f008ead5b61e60e613255a3da228d0a007045a3bc2492cc8057381cd030e10ba10cc5b15f1d947cb420498ec3dc4b987bd4065d5f902a84bdb4b0b94bf234169d82923da12970b0eb8233adf1289f7c88ae3b30abe269fca061100e3c2da4b56409b42493e1bb0a9b0640b6fbcba00cf8663386d52279da96918c13dba647632e1fb780eb23aa104615dc93a8eb8c7b5730820a68380b225c6d624e922566f6f168ac131a7a2449056e310059245d7108ab484ec4a4b5d8a00f17558807581d285d70ebd70765228e50bfdf0abbb81f7dc9824150300281e41258f46a815e4c44300391cd67bf019e7acaf4c2d37dd510d3521e6fee245961c8642eb28e1b499a49ca1ac9f65e1c01c7f443184b469a97476dac0e941a769cf831744b22f1f7806835b907fd49963610e53cb392933cdc04e8f98a5af3e6ec66417234cc0bbb8af424e98cfc58c19958224c7d977251a71f329da4debd0513ac01b825305bd49c6444793dad3a509a20edd70785511e40c06592b1a29924197f8c7c2ad4d45f6593e4ed5c3e8e27a99dba9717f694912c346b46de1dd2a8c1c0233f1f3a58483e5d3c799b96e4a6732475db93be04ca07037bfe72a54b4911fe683e7970666af586f157078ac7af13cab753f57c89f5a607f7497ad0bf73e559be8b6e1c4dd07f0d283a8995e971bf4727ca8773dc108c6f276540ab0a7bbc9a6c0da0496adee915214141417d1a26d6189474343011204926fa343a4e525764a894be8e16ac491ab38124192393acab2b2ae5d3deb63ebb5f93b79dd079feda60b475341a04a36a0c8ae65ddfb15fad3a422cda410e97ed21c90650094e40fa20acd8af63a1bb68071ba328d70b4d019713ec82bd2433616d6676f6e2cdc4bb0f33688252e32506da475b4aa2a884248ea4171ebb623dc9a5f0f7c32e6ec158d245c445989bdca6232467bdb093e42e4c0841524d9729262806edc21a1e17396487010df3496f64c5cbc497b941e4fec20afdf45eb84f9db973996bdd52929b506f3b54e46d3bb3a450e36c4c3507e50efc4d4048320457c97198bf16751142fa2185fbe0b51c2e493a09cc36a30d9902f979cc3498bd3a2374df4473847315ecec9d7a14d72494875f61c8f60fa94ec8263350e728163516dd13ac4f3d019724e1b1623b1983c1f30d36f525700100c7ed64382ced50ff4d4d4289c100131092ace3f0647daf7a22a831f61ce4457ed0908f6c309e642096d8d47b43eec0d2fe784192c5cd301222989f25b9013b585a58a3d9d7c782b0fd5a940b00626f7b1c443b8e458860a73d0205c920dc2cd4919c0b95bf544f523f1cfe1bb1a837c42bf4547dc41dc804a5da7a0cc7d06359ec8b686b77163692d84243f22046919c6e0835330c27e5523d593a1ace9a08cce70e0bf42c09ffc83cbfd580720d3d4d44481e13e2472870c9c983bc6d06a4939c81f524171b665d0cc2a5203ce5f30e70b9cbd3184526b860d97aac2fbb737857dcc92b356766b16867224272b33056ae03ee39bb929c096909c9c1b84e32dc006530e254e835cd06ad52c978f42479114d0fc346e865b12aa92928b46c61224272316e0ad6158db93fc9dc96c12439cdee27926b0d3de69bb0a6b01560b3b28464c10035497d87e03429ace5fdc6280236d5d89742736f1311929766e848f2d084ac9e9bdfdda64f175cd3f4374a581ab5f75ddfb6acf49a2e53e8ec6022f25555ad4e2e7bd373ab75506ceb9a9e5bad83e2e0657a6eb50e8ab5a9a0af7d50ec4dd957ad83a237ab677a6eb50d8a164d4dcfadb64149fff0e49b267d0f282f4c9d5cb50f4a06ba999e5b6d83926afa526a1f94ebe8677a6eb50d4af4a70447fdb80a5fa7253e7a9098109df8e8e9f3674f122ea80fae0adf71e4cc71b5fae8c5bbe96f7426289f05a5d3cea8e3a755aac3eae8c467af5334b19722a30eec5c3733443949397dfecad51bb72c98343ea86bdb16f5ededed1dec1dbdbc1a35682e570c1839716298729842de46d1b94d7d0b7c4c56f5bc5bc81bb4f4aae326b677b577e9d23b68d8b495e1e161f3c775f56ed8a583afb7af93df84f02573c3c2c2c256a88ea80fed50ab8faad5eaedf347f4ead351deb9cfc8192bb71c3c733d31e976624656550e3d3a6d9956a349497c98514016e768df6873b46f8ab4fabcb4c4fb9adb9ab4946729f76ec646aa4f1ebfb0537550ad521d3eba69ad6a63d8fc0de1ebc3264e085bbd607978f80ef591e8c427d99ae4c48b976f46275e3e7be84078f8a2b0b03961eb541167af26ded76884810a5aed2b4d965657f3503456f844890040247aefb67a5e2dfc3bf40d0a52f452283ac8e501bd86cd5a101ebe68c92ca552a91cdbc74fee610d4800406259d75e8a4a6791da41648dcf9373e36e0b371f54abd5fb55fb77ad0a5fb568f1ec419d9b3889df4def579375797c072b8f966d03478485cf1c1ba450f4e8372c60dc179b591eaf983262cc8899332729fb7668e9e5dbb15fd078e58cd94bf6aa23a3a322d5eb5685afda7d343ae6e133ad212e6c9eb640ab7d969410ad8e3c137d2df18126f1feab824f311d68f5a55ac324902c7aa67974e9d4ce3d5151d1f7b37424599496187d42a55ab54ea5526d0b5f18365ba9542a951394615b4fdd4c4cd268ee9dddb77ae594614183148aee7e6d9dccdefba46cbdfce55dfc3a0f5028e40d5cededeb3696b7f4f2f27271f06ad245a1e8a350b4e9e4e7d73f68c254a53224246cd2d4b0b0b00de1e15b55aa88f51b54aae36af511d5ce8deb77ae0e9f3526a85b1b45e068a5729872e8e4b015ab361c8e8c8e8a3ca45a3b5b396cf80045fb565e75bdbce4fe0a459f0e9d7c5cc595536133e18ba17c13bdb9766ce9d4c141836765d5d419f3efef99173641a99c356f69f8baf0f008d5a12bf7bf5bcc056de693c48b67636ea56ab55a6dc997675fdf427bdddfbe4597995f4cb2706eff13a583c72e9f1ed4512e3f6f2ae8bf832e07054f9a87ee71898977f469966df5e4704074d9df002ac204e53ba94cd481bc758f69c06ede82db5c042fc1a6c4274f5e6b752628df4b66dea4b79ca552589ded83ddf7d17a1be644efdf9f459aa07c2fd5b7221bd993f61003dea51ac8d500003f1394ef277b73b2b959117d11d5a7ef03de458718f82e5c6a35da04e5fb496c43764226e52825c9abe8790563c8b4121394efa62278910abc620b5101491ec3b8985f87c37f2d86928556e44068f416824fc01a2cbd5039f89f09ca37d723742207e2c92b08f38a8563b11a2d8fae1ed1cea9de121394efa318342597e15a81a82f49f2719fab17de5a244d50be8fa2e14dea628b99f0d647bd28646ee8fc1d97b3c64c3341f93e7a2d5fc35fa76a7395f8572b13141314934c504c504c3241314131e95b4391c84daa559201ff08936a99fcfe3fabab3bd2ae20c0f90000000049454e44ae426082\ndecimal: &apos;1.2345&apos;\ndt: &apos;2020-02-25T19:51:03.026146+00:00&apos;\nid: c8fe6ea3-a021-433e-8e0d-5a9abf32deba\n&quot;
DECODED: {&apos;binary&apos;: &apos;89504e470d0a1a0a0000000d4948445200000194000001980800000000406c4b07000000097048597300000c4e00000c4e017f778c23000000f36943435050686f746f73686f70204943432070726f66696c65000078daadd03f4a03411cc5f1ef44d42e5a04ebb980826bb5e5e40f8b6011628a6caa4c66070d617787d99f7ff6061ec1e3788314821751525ba8044bc14ff578cd8307ead90cfba3ce319495c46c62f2593ed7871b0ed80300eb9a60c6e32b80aaae3cbf29d8bea1005e4fcdb03fe26ff65d8802bc0049e11b077c00ab0709026a01f496eb20a004e8ada79301a827a02bfe5100067568e3eae656f4799aa6da14f5d2ebebb6115f36fab272750c75b4e20be07b03e0288bb6d5992d4bab93b3847f37cbe7fa2bbd4f51803ad9ecba1d7717ef7ffeec5cc0274b1b3830ce4dd192000000206348524d00006e27000073af0000dff200008330000077430000c80a0000349500002edc20bf171a000065aa4944415478daed9d7740536d9af6af244c421baa0c0832208a1fd61523ba58578cca67ff5414c7be6a14c63e2a96b18f8a65edabc632625b35a22bb6554118b1ad82652de0aa115c91b2621086fe925cdf1f2711f0150ba2e2fbe6fa2739fd39e777ce53eee77eee0734a9d609a647608262d2b7819231e285e939d63228290dcca2d3b34c4fb25641e98ff5699eed4c4fb23641b92fea52d60a6b0c4b3aa65ddcb6f0c6d74f779136a7f0a33be9b26f3d287abb5456b32928c9adbd5026e1fcbf434116af0954746921320780c1c68dc5aaee0e8ea3d3485e583c67c3551d4966c4ac9ed4aecdb09cb767c8bba23e7cadb4e2390b2bddafdad7983996c59c2e2699ba7d605d00e2c04a581ef6eeb936e19536a544582c3d1fd25802a00f6f5f23c9543f0c2d65d9837d4bc6048d386e3c48d57991f66d62efbcfdf7e0e8f2a16d3c1ac491ba135a92d46f6f68eeb6c2f842c4472ceaee02d1a33de77524f97ce7c992f274bca9055076b4fbbb9ff8bfc9cdb0b40020f519386de663c3b6577e80c41a5ba90f060078aecd3beb060080ecae70fb070b965b0340dd15796f4f79c65e3c4d5f217f9418def1e496c0304636062071f7f575a92fdcbf7678ddd1452cf2144e8c1e24f97c5a5d00ce7e038322e824b94496b680398678ca847d9a184ebd0580740763c7bf21390d0924796e542b91b097288abc86358501e7f5632072067692d4eeec69050066eead5c806124d74a803a47493e7d49164d14afad0db5af27684732ef7e2973af6068c5dca303da5f2fd6dd29e643c89fdd3935c90eee6bd03674f7d52711a37151782a4361bfe382fa4f4e90e71b0ff3123b604ef9699adb09bf391e0044230ffb8ddc68d597240570a51d014c287b8a6629bbc77557f88690643bb40cb3e94ae6279266e840ee44bb5da883ba635747c55f58725b3863a665831eeda4b2db43b18d644fdc2059e200ab26360eeb8e5f9ff194e42ea8ee60e321b85ce365abfe2467c0ccb739d627bc6130fa7be31c134496a1fda41d495a4fe48bd670b8561ba014ad3e66fc9b28bca7069d87b72183c9b4b32c22993b11568820492ec138929c8210b89164de002c361c7618811a4751acf12c7a7b6fe14f28d6b41ae48cde7ab2be4ff9553660f876670c2ac4ef2b5cfac10bd2ab11b91cc904b08b5d70f002faa34ba5942fc271721b3a28e1554a8ec031924cbeaf675367528ddd240f606b229677c46e924f4b48bebe51c68d384e6ac43e45b1e8c971d84abecc2469d32dd913dd5ed7b6c663227a56580ac33a322b3cd07f17c7238924936186b0a7b159e4014835248742d5d081249985d686c346613f0fbce5c997e84692ccb56aa527731be308d9186fcba002e7fa854c77c316576949e5c478d9935bb09fb0935ac59949f3f6416959fffee3f26c52dfd0a98cd4b7427b600739039b8c5bdaa09051d849720f56dcc1340be4543cf356a8c815d8c4126b8bd2d6b8c3d2a4fb3a16a1ae23a6ea6a5d8b3e1a832a2ccd80e2ec0c1900dc532291e48d4608861870c9e575a09b9e1c89236d852414a1bee1b0fac82003b1deb07803a30d1fd046923c8b0e645ba41b2f12812d24af882deb6175f89ecc0a976f06321ecb2869be15620c651876380190ee36eef00cc124b91a12c0f11557639671cb70dce34dcc251981e51a0c97e08d5a2175dd612c47a1229be131d91db74763f4642bc03f3517106da9856696439858b1b66c03c06cf485b1583b01616bc77903fdcea3c9f08e48a506c0625209955c4842bcf14bd18b9c48de444bc3590e6035493204c924596a25ce653b688c1719207e45928321028056152e2f079988f1b4f5e26673c747ec80dbf5ccd707b9ac34ee108330924c0020c3301e427fe396a938cf3bf0ecd2dcd3127332d1b3135c0173310e0b9bd7610ff3211dd0c8518add4f2d01496b6f78a603d2d0d4da07653656565c7cb972c8b4c7e436840ab5afa6fbf427309705f16416ec1c44dba9c406b9508e2bb1dcf8fed69d1ed87ab00486d278315424c9ce667ac3b3be4b7939943a2d0c1f0c30e2ccdee877a03cc100d67124f34a5864212bf245c51cff24c249520ba08f2f4edf428bf28cf71c9f422a06ac30bb18fef152b43d55a6465323b313bc02885c9ccc3099d7944b5fb2b835f6c0b501acfe5256dba00cc791f7ac5d89e95db16acdd1a7240f1acb734bd9652bd1b67958d2c49e24af88edb2850d7186aaad810547218624d9d55658f64032bd91fdb6c4196d8022c3bcca979583d420980dc424c92bf0a70229157688c564924c81193a5c137926c3c5b8652ed47c80a0c202aaa1a46523fdad5b7a520f0b61f378c4701b161691170d051ea9c436742f5d66869ec5b50c8a3f6e962f942db92afc198abd721408ffd76283f0a7317497acd016a19e66242fd863bbe1b0480cbb9796193fc6582bee2d645b6c8b3292bc833a65b47e9b6c8d502e681b61b001cf5b35808e0f308a9df186245508656fa1bef1f6d86e24b90a5de0cf7108817df997728c37a024198b204a5d8e8b13496a60a80706219a637081e433343eaec826c911d8053979a32e46d53228be86fc5fa82e610449f2b99534c30d86d6e04cec13fef4c20b5e9401031b23bb78b919661a0f5b87ad24a986d2484f68730f4622c9fc9658ca5258bf6dfc4b1b9591977cd0f35cb921c150fb82963730960a6408d58e4d1c2cb48e8c6a6a769fba6d32c945b4e66b2709ea18374c410c63309be463b424ecb7e32899dfc9f89e0cc0753694e593d4c27b2d4e90d437c06d3425996c87135c1f585a3ba02c5e9578c7031d3bb41e6ecc225a5a3e24f9ba05a6538cd946abccc1d79a7b89d733c7e212b91968db167debc1acbc191c8c58923c6a84d2c8f0919d40e7ac9c434d1150ca74b856b087b61bd742846eb9918677a0c21bf294cf3095012816f297c31c8ec397d4eb278f5926d802b6a34e903724bb9f434eaa602c32c8109c662ca6902cb116e75a98a55b3a6e3cd41ccd0cd5690512d3d08924efa35502a693a593d19275cce248ee408bb3304bae1d50e4c6b2e06d46740875c2cf45d4479762da214458b7dcb08fc407c9a4be33da0503e875bbc2b394e655fa5206c3d25e666eef39a10d0020504ba64bcaadd22f7d013451eb996136a77282c69b3f24ef15d2db8b24b9005bb9c498c425866c4a02718f5b7c82d1a4ae8750ee1bbfe707e84d927d10e3222a3d6e034061349375c7b5eb584592d7a5b374759dcf6c6b853a77d81e4749eaa7eed5f45c564bb2afb2c3837a0e5f76f4c6cd936f0db3e1960030209f1c8843065b49581779c7c0a0be5eea3365241f35df797dc489c715cf736cb7a1263c41584eeb6a6e2305d0376f9e5fabc1e74992d9af2a5cf7f2c907821ded9d0415bf343ce17582a1f0a09e4913ba8d183979ddae95864dccb8914d92b75e902c2d4fc676ec62aea81d49eeb6bb32cb2f9fd99b579e7c6b8f9bebfc407f47684ebed2731300f47e4e5e0b2daa2dfd291f52c6fa71d34e9364d1d3cf3df482f9ee4a86e3427e4395de2c229fa455dd275069e9d8cce5f1b5ac93ebabf598fce2faaef4f3aed60e286534892499e4733db79e85e66b4229bd6fcc804bce6d5e7ff46dde72f752e5fdb4ce63c80c437172f156d5d63afddd43673edf4491fb22e74781926167f7725f79c5bf26a12425debf7974c9205f291a1b9e741b00c605b29b179913eabd8624e392c837f5f124ccec3949a63800f55697db6895932b9cf75f9d01c0673f772f26c9f473272fa8776f5c4b92dac4f20e8a920a258beee6684740dce95ca504fe0c52eec1c941638e9692a4ae6af78e3cfd7b3e726dcde4a0196793f93c9b6a84d2c736ff2b407132d6689b185a890b11b0f15fa78490aa1324d9cda6b4a815802ed97c6edd86e46cec5d84fd825d6cdb2267381c309e4ae16528c28747f208bc561e578db5933ce82ed3971d6a67b88af4dc82eeae22c05815bde569ad7e9b945330ef397952a099e860fa342f98355c50425e6d209e6b7c1489c93ab2789e2d600e8c22f9b23d3abe22a7b47f4292bc5dc1316a99a85e52a56a45d49caef5a5a8f786244b07fbbf353ee7ded4936471dcaae18ac0d0724b5bd9cf1b8bc909390b3af97a3989802eecea46bdb36dc96c447e052867674c9ce62d3e99f4b6fad9406ca857b9f7126c22daf9e80f0bf4e74a1c23b91a4b17e30a49aec139162cb112eaf7247b193a145f8a9cca1ad7d592640f5c6b8f2c3fc81aa07f58d86c1b00b06fe836c3f07a9578406af1d62923147b49f21a5c1dd1b073373bfc99091680686219c9942100bc623903fdcfe531bd159299d704eee8cb3c315a979299ede0f1f6415e155942ae23a313484e685f3cdd1180d4cb3f2893242f0221a46e799778b22d3a65326f655de1a571222f082dac40a73c3eefe9606fef3dce98af37f6bf044b19e0d1b65f24dd5b9181b8771923bf529932bebc3383f9684252f3a08c8d9a926437a45a372b8d4d6d8a98f128227918214ac120b61f6a9289f6e20463cbdd903b34c575593392c54ab4d60dc5d5064bf3a2a122cfa2ebaa532f2b5c380263f7a0b9716993d0f4c90424e7495ec01076003ad4c528f2ba3dfca60d92c972da0816c89178cce9082d6e8aab390096b2448ef20f900ac406623f732cddf464537447a3ba9e4925e44251eb1be4494096c4f9807bc965d8a2f16b6fb8a147fc8b7ba757fb5f14995d234907b3d2c286b0f3b497c2f28e70d2ce96fa746e106cdd45a200722e82f57dd77c2528c3f1a43c2f163b6ce86707783f0ab0d4dcbfa46e8515d846720f86f83b09dd5e837be295d0445793e411633f58300ced8011d8e681fb510b1aa0710a67e3b09e4cc002721dee55be70473c6200cebc355cae22a91f0d2099ccf647c43d0c58a979511747335d449bf5e49d5d0cc36992c956ae65a9d226253c8d8139a8672fbd1e8e965662634fe563910f93448df577d08be45a0c595b3ac44c4f6e128b607e98096888b6cf2d1c5ae1e1509c1c8aee7597eb44414267d7291f342c2429b2e736f4d791f92b2d84fe6ef6431e3953e8637888a1646adfb8afd74e1987c4f28511007e236f8580818672a00f9e924c8747732fe1d10df7450949ee156cf1a5465792c130647cab316d246c008bd979e446ac2699883052859357376d2d2f1933c5adc923e867583c8d39647630bcc3b0feda1227f4d4cfc1099247d16d318cde4067b091c587ea613317e2089927b1ce847c0fecedc471223be389b76211d91ed7e3b096e41dd4234391c99b9226693b6492132fd07b08acb0ac0b52eb58159734c715d25e2e189e4fcc002692843dfb18ba188cb583c14822a7e09650fecdfdca8d4765452865118b23ffce522b4910260c9b1a66013fcb5292b443e37a24b913933dcd29dc818a246fa1ad70e448e3694ea36f283a018373499ec00423949d9000e5f6281ec5d44cea2c2c0ce5d955b40c1b6809ef278900209d59cc9e482559005963593e49eac91b686a2f816421e96b9d7d6adb3a2fc441cec940e787e55d5a4a5c20b723f42cfe4a52678f34ce8486bdcc34e43191e36b7429524a7d737d908400f2347a91aef585f76ce51e4014479ad9d3deb272613f0cd7c8a142bfc3e6f2eeffaf042514777e6676b0908e8486643dcb764247903dfc51407220226c5d0d50f690e42c635d3dc8f8a524a2cd641c3be386862964348249dec00c528d1e6b8f2e7ef8f622d300d8d617e3acb0f8000024b3f39804c0f20849398a49e6c0cad981a4bbb9746249229c00b744b24c6a6e0100d881862c9b582726bedcb325004395c31ac3438d032419880b54e276bea49bf0eeec943622a9a795790cc69669e26dc4cfd8d05ef800669c80afa86e0ecda49968412e0d0eea3c32dff8d2c590fdf148a8a31efbca506654cceb05b37a129a04434352e2dc1be9249fc15189fb649a85dd6b333b43f7969ae4131bcbe746281a72f962f231da84e13c73faa1958e37d09be405cc25376257a5eb0622a84b5d7b174c13169fa1d3e94baf492663400044a13a0640c88c0675c02372d688006cb983c9fbac1154cc14c07bccf2e572ac8550153f8e20e389eb0080990cf3b04548989a4a24260b59ce618c747526c9a768be1fae3600309fcd2c850273c84d8c9b8ec974c473b421278b019c2fef096373a1e05c8b6d5f19cae40ad957a4c533c1a43b7c303424a5ce5bb194d48fc1cc280ce36b3f2ca58750a684630f79cffbad7bd7703c620290ceabe8b010fbc9327fa8791b83481ec14a7283f1f60c6a8b1c92e7d041587c843ec62f2d4c1f618735ec863764a107ce6d127a861f615a34a6f3a107fa96660b0cd6639601ca2e63d700f3458d0a1f3ec91f812102065fc45289c4679821e46d2b1ddd49f22cc66d8673e33e53e7a203bba388e465281e2030dfc3ec7643a408fe6b39ffcf98ea7e8827bd847bd76c48fbca50c65680128f5124756d71621c2e92f4126beb48e6efed09d7d7a54dd1d0119d8ae88fe8c3c3db872e8577d4044bf42b7bdb6711c701c065aec4c855d840723786f211ba9254610b39f76d45cbd024829ee4333434b250087f2e63051907c7c201b8458e460fe6d535bb4a72017645613df9a21ee6ea3150c843c71bcc0fdb85674ef2a9e041b801ed3098e40538163218b74a1c1a169207444ed9d26624b9120be7e014c942891d83f08ce42d288ac52d791c013ed034143a381b880d56a5f6784cd6b1aa8e1fd86742c9d933775d07ec2b2d4b15ec12fa4e88c88857a2857e2ae6926c89f8383b00f2fbe4e3ce22ab19f9e44600807c1f00d884bfb5502ec3d97b626bb489ae8773bbd081e40db465a9cc9ba40abbc9704cbe12756047f8d6fb86ee5d2b922c84d408c5e08db90b2a92cd70711b063f19019767e46991e32546c9ea146cc70192b7c4e6afed02487211821160801246e389460a5f82a28ef9239e72848a1c060d27c27f7e2f482f5c16f04d40e430dc15cc1aba2068483e445b3ada915d2042ca142c227912fe34424923ebe029c9dc4927be26949d42bd576c0683e37a820c006c6ff1b6cf3992a7da5c66d6e6b53102b2c262922c9de137e2804697d6a4dbc0cd153aa70e605e4becea026028efa215c982e075e4c11b2423b0838c357863c3cfd0bb5c97246905e1e5bb834061fd2aac213912dbf31b00704820c98d22910da467b950c84cfa23caa78590d1b7c31443bd63cc5b280b49320101ab6066074c2539040f99df0740cbcbdc29ba43924371ae8da48ca4de46523c16b1243568ce6ee27c3e3007b2326d2ca2525659bd2dd2e59232d243ac2539174e2fbe2294fc4b97d64dede56b2e6efdc0688f1ad1fd0f4b33abf18dbeb604bae98a97f6df56462ea95c3b298ed4927c384f3922242c6c7a94b072bfd0f8686c657c969d843f3175a2481e6d708d69533acd34f81edde8ed35f80179a1e37d927c302c7bfd0e923cd8743a4e0b3b18733f3ef28a144af460fd7a4fa7c0f32479614629c9c4a357485218987175cc2b9f9642d5bc0d97e222c93c8917a7bb905c0a5b3d2344002cd6bfb59fa5934c38273459defa7bd6f64eaeed769daa03b3c850e54cade44cfec92a3865b034cf52bfd31bb1e9d1c78e7da621c98c397759262462ef51328fa47ecf3592e707b49ffdde0e93a316bee9bf8c9ec78f2ae1d52fb543cc3464db04c52413141314934c504c504c3241f9b543391666522dd3114861522d9314b0529b54abe40c948f2933a976c8cb04c504c5a45f3494c2fffaebf2057f564699a0d412955c9ad1522254540691bc136b82f2dd75c315001a0e9fbe72ede66724fd1a9237f6ad9ef5cffd7b05a790baff5823f4bd460f6adf7561aa09ca37d14c49d0fe70ec26ff7d1149ea2cfe89f30d61d3709d9ab686386ce130733583d981f203ffedb009cad7d24f99e45eac21bb4949f201c6eaad7ff7e7f5078e9f8f3d5f96540780550af9dfbf69fb82daf5329bbc7f7b261cf754625e6a82f215b5176bc8e6bf25c963589c66f4cbe36b77d15ffed1057593f927ec204925166318495217f08983db4c50aaa99d58439dad0b49fe2b563f781b0f6532fe85fcbb024d8b7ae02a49fe5f5cb6144793e46a342f54d6893241f96a5a884d2c40fd1b4766c8a5d8711bffb46df3619299b20e7a92054db1793492496e446bae81dbff9209e6e60f8fc11831c104e52b68288e33c568c03b701d00f03fe472838f600c1a0cc391bbff3d0176ff455d00ba943dad8bf53c02f1311394afa62eb8c968d4ef3961dddf42b03b16adc2febc5a4ffed36f8451003f99a331cc01b8fd17c9ccdf635413cc25f591974c65cad7537dbce136c11b7831569d347ad03b1be3503aa0aef88f4067c1b9314e0c4cd09bda295f577a6b6b72a130e8630be61f37fa05bb7a0abf0fc56ebf37e73248fe5d589e82c01f86c90f0b25072ee41f8531db91181c25448122db487248b2a413fe62e542ce360ed53d62889a173ea4c404e56be939dcc9c942dce95478254014bb6b86a2d9efad305c473ee904bf3c331f523f16bf7f4992dbf14792bc8c4f0b2e6082521dbd407372ffef85e1b8f570b8425f6aa3de7209fe212315ed4896b4137cebff2c8cd43b0beb0726285f4d91a7caffff056d433a0f59bce78a26fbc0ba56007e37b7988f85a09d2f6d904832c4103b32ee99a94cf936fa697d0542bc7f26e127926511c218c02d9e8f49bebe50fae3dc8fa9e7d104c52413141314934c504c504c324131413141314131c904c504c52413141314934c502aa8e8dae143476fe94c506a8fee8eb1060034de536a82523b74bbb708e296a39403dd81e6374d506a81ae7515a3cea24c92d41f6a0ac90a9d09ca7756e904099c96141817cbc265e8966d82f27e9d3af14d9256160cdb0d9526e24af482db9e321394f7280f36df2265c57de092f4ce3a6d7fa0add604e5e7d296cfb0fb7599b826fd7c75840fba9498a0fc4c2532c937f0009d0097f77a036537c66413949fcb1ac55f3d5d0b615385d7dc135b1c3341f999ecbf7e34aa5322c9b9aab61d86cd5313946f0fa5d853989ee1fd9a88f63a13946f0e6505fc3e506c153634ce9e6e82f256b65f1b4a82547ce543db23d04467825259907de5967c53614280aa9b954d71d204a592f23f72405a1a49e65e3d5fdd56de06b4fc88417823ba9ba0bcd378acf7ded513ae0b7fda3bbde6c32033c02c54981b56736ec782de1d9b0ba30f6fcecd2399712ea1ca42e38d1d3e3617758e9528d504a5a25e944f145c51afc58646dd486c3d61693e7ccb0e3956de3cae0db6070088da64e491640f5c262f5a029e61554c1f300f5d3f9a868915e6b4334121a981fcbdeb3dda08bfeb30a3192e924cc4c06e6e93d0de0f2b2e1e38c341d283246dccf54cb7978404dbc1f6bdc11f5ec870fda369386e9c3ac50445d0a32aa03433cccfbc13612d1045ea0661eb6cc424320297d8da973eb0cba64ee4484ec47232775b832eefff08067c3c0db952b32213948a1556e3ec71efa8ad6182d11d98bd0d011bf6faa379c9761c214fe20815961c0dcc633e1af2a9b851094916e7bcefec62ab4f99e7ad9930d1a809ca5b28ef9fe0476168be6cc3341500a07f3623b08c3c0e1515e05ec0e6751e3cb9061baa3cb9ae393e69c6e37ec264ce2628069d2a9fb4b2927a18a02cc20a15825de07c85bc8019c2f4b46dc08770454889c89e437087054d1cbb2692e7c68c5c5769bea4d3702ef894444cf93476bf1a286a8c7feffade78c14347c861387c186b5e0f87d901dec5686126ba56608959405b71bc484a059e316d442f0b371d47b9d9027ef1e51f4a0bacfda4446c7a3bf59c098a0045f9def59310735b847b6c8e2435c2c90889f47e2294e43a9ca0973569d3f5aa597d07bc0a14e6380e463e49dda50932fb0ce33916c0e7d30af0d3e8628252094ac87bd75f42f04460da4bd8eb4f610ec9f998920025b902d1f4b427651d381f40e2422c23a9b5f3a6b1109a67f877436c76fdd312710f8d4c503ee14bd135869993b5ab12a13c8f59246fa3f36d0c2567229e4dadf81a3d58d61538982a6a55c6dcee6f673ecc3133b4460bbd3fb94df8fadb380afcf0650a535ac9f68501f6998c4520c974c8cb1a8d22a7e226431d78030b49ad2f667000062cf784e26d5f7b2b89306962385a7cb2af8a050a4d50ca155545ed8b24a95f33ec32f9ca690a49f69bc1623df9ea869e6565cc5df88064faf434663600cc6795f729cfc27e92ccb4c1a78748f3c443139472c5a067b52e55f830ee6aac30157df1d963154dc84fc54d7424a761f8a79fad3de24d50ca75f7ed9cbbef5369843242f86648b2eccad4dec19b5e9309e31a02c0db89ad2b6b04b6930952e9e34f4f45204e99a0546cd1b7ae7a63720b00b3c87b1dec86a792bd015bc072de6b2b38f80d0c1a33facc7b8f7a616bfb92fe58f419a91882232628e57a028f2ab7bd7041f0295ff1d347b6001caf9534c473bedae084c93d11fdc1ca43fbec48787e8e8d7112542628e5ca806395db3a6109f964c4cb2e660b36cf85a3760cd24866584a951f8642ea5a7cde539e8f952628e5caafba8ffe38faea49f206a6921c839921b84392de188a250b87adfac05937c0e3b35cfcd6fd2021d2bf11148a50553e23c75d92e474dc27990ac730c4907c2c76190300a2aa073264d8e2f3e29def3244ea344111540759efdff01cad0cf5d5ba244907f12aa84986624a2facbbfcfc5ad5e71c230417fc741df894beb05f11144f541188f19c711a00c70e24992bb65b8063e41991d5b33e78f4a153a68a65c99f978838b43741a9944955f1004f2154f853d79f24d762ec3c4433ca162a76fbb087caf8cfce8c92d0d004a582fc51c588d034914f11c9b4db3d2c72c90332d9a330f46e0fccd0538951aaf0a56133fabf7770c913339fcfb56465c0c904a58214385fc5965ef08b38b8c0d5622306aa87c16c3fe70270de46f2b8316af07be7341b84ed9f9bf02291a5094a05f583baaad7b73900885797f506d0e01c1937717f4c1149662e9b1b362f3c3cfcd8fb7cf01e883d3e7f8cbc3d4c502a6854d5cdbcd28890e18b1249dda135e73f7dc46877acfefc94dbd61228d9633ceb587bf4d8c37bdb775d13eeb9f4c6963943c7a6917c7cf6fc4ddd378132e9438347aaa13da89bfbf947d9a1760cdf9e04db06f5ade03f14001c2767e6fdb995306ff996addd6c0154c3c3a33a50e6d6accfe823eb2ab3c30fa97e2de950f14106c9cceea229099797f8a0d742d4ed13bae77246744fd8749f346f458babdf044a788d42d177c1c8ea1ce78f2bb58149b1d88d2413452b49f2b979cb1443ed5ed70e4fbe6199128eb9357857eb513fbf3ac77546ad98c9498b1624b915b7495ef2c45eadb10f301cb7f5b9df0ccaf62abaaaaaa573926ace6832a0760c12d6c26b43f8f6670b71e1fcd63e22d1126ae134a2efe057e44c58e173fa52bf0cca7e4cadb17bba6d5d951bc6c734f1f3db365f430f0000d3c300009d2e93cf2185bded2d7202464fecdff35b41a9cac7a81acaf140b3bcea1d3a031b0dcd484deaebef07e50d6c4f455f4c9f04a0f15dc1d4d03d57a723a984e61b96293507a538008d33aa79ec7cace3a359633ab99a01b0f19df6bd8281d9c848721e963542dd1324ef6184b0a13f9ed70094ad330c7fd6f429219f6df91bc9c287ff12d022f8908e0525244b42126b124a59309a6555f7e0b598cf0b907ac9872c5d3076404b317cbfcf04b4bef85f92e138571826c372f2bcf1e97483b606a0f4b732fc698e5cee9602dd349c0338798ad14f37c182e404ecaa41286ffaa1eef36a1fbd09e3c872eb4c66b89368cff780d21b77486e858abc698f2b3c8d696f62b784ef28ea81573500651cf28c2b8b932d5ca67bc1e1ce52a8754c6985e34128e44951077dcd41b9d508aeb7bfa0da86ce9557a4788ace7c072863104df20416923c805e8c800c00b07520d6c62c19e6672b3bf52550e61a3ba25a206598e82af5cbd0623b2e905c82b5a17870c7d6fc2e491ea90928792becd131e30b4ef0004dde59f3ccb6c577801282449299b22092c5d6ce3c67e5e8ad502e5b9d2354c860db21e14ba02c40a2b1b11c6b1140925d301a7bb2354b2592c485d8e56688bea1fa7228ba482f60cc1705b9cb80d5bbabc67d0f73d836bf5c924cce23c9b8381adc1049fda125611ba2d3be30fb5a6798a19a0acc121a01bbd103ce00cc0f70292c8cfe236bbeb49d52babb09209aff4ea9afd566dcd63cb87ce572945abd6bfdaa7d91e7aebdf99079c60cef76989da8b2a3e75ba8e0ca8e1a9aafb0229443986d84d24318e7791263600e6011b915686428b816febcd9967639ea42e253cdedd48f7720be3939c60940935d27f76f0e9b3cba9bbc898bbd8585bd25de239173bb61f376de7fff175517efe67ef90d62bf0f8fd7b16b87b73403e69024b346f91d37a64853f28550b2d099c5e14f49051a2393246762bd65f3533d4418a73b06c07ac24b21173d42927b023a7a3800b071b2372b7f8ccd7ab5681c387c6250c8dab953d79eb87e39f1727474f4a9bdbbd6ce091d13d443d1d24dfcee93b76ed8a04143ef263d5a070d0d0a560e1dab9cbf7ad5cec3aaf58b268ff2730600388e3af61e9fb016f86cfbebab835fa199797ab81b00489b07efba37e121c9f680e409797da1a21e8c731a57bff1e86e59ba1addc816e8825b249f58db67d5af435eb4c7c14be83cb30eec6348060bf3287700aceab46ce055dfdea541a751cab10315818aae0dead66f540f1f52037777a7fabe1d83a7addb77205e9351c118f9fa3de6bbc2fb67968f70055cb6fdec73e963cc6d8d6fe57bec9a2fa35467cb3b99d23c3196e4636345ba204bf3b36822299d3fd3a47600528ffee87e2b9fe44838bee01eb41c8b2de71a01b072112ff852282311531f526d894cb20ebbc8879e584d2f31c99d08ba8ff62c9c02592cd94b70787f9e965f457c95028d46737d7de8ccb049ca1141e3944ae5f4b0159b0e5e888ebdfbe255d5fec23916fdab2a3e6e8f3747bb873fabf6541af9bd542aea6adc2573c20d96dcdf3bca0b00de86d82b6d05b4617177d439cbbd1de58dac002082e493f8576459f30142e630f8f39ee0a969797c8c39e4cd856516220cd03544ec06ccb0c7c0c8245d6ed69796298c811bcc312f0a01af2ced170c9561a29e2d41f221e4f9623b92e1707e4ac5c7fc82aba7931f1af0abe902b389399556adaa14e1f30a5c1ac3fa1a79359b3c8d81d32d01c067f492de4924cb4ea792fbd1032db9164da5d2fbf31dad61d1dc4fd1ed21395104e922bd0ee23492ad518d72e93cb6903d7159e41980e1684615c2a623ae460a7a7230446a47697d4471a70470df4fd21d24efc19f4231331a2bab7631fad256d8e10f6d3e5c1fee172aae88424085a52138ab0b83677e89d904324b6c39ba4700e6bc62ee40a0f9356e834b015b8a6ea1a9ced5fcf5460492f4f421d36e90bb00473b2c635d2c206929aa46b1b31211e47444d6377f6a012ce1362c1987ebb763d26b024aa9fa32f74910a427534f9c2b23c9b57348e6f75fc3edd349b2e448195b7c9d8ed886f8f0b75e384b84d1158a1d0d9c2b347cecedcbc8de58f5064a920138cb4484907d616e01f3cb6b8149e7d137177ef7104c5d1b5c22e5323214b7cb5c9dd333ef594a9f79c13a83ba6a05990f43023912d16d90b61a66c90cc7aa2000b0ceaf012824c93b673fd2a86b84af327ff8c77d862e3546a3f2902c3a9b0a6dc5071844f221bc7518407211e6518b9ebc80beaf8b97c16d1d803a884981621fd6b2741b02c93e78c921d09cc37c92b3b1c40f18c9d7d582a24422d903f726e17ce9d233e4381c1e88d049a1fdbe9de9de0d2fbf06148f8ffb0c158e867457853a71b9c7f84e2c240b9f35460cfa90bc80de2c818241a2672447a31dfc1ba00d1fa3dd1ab4692a06f08483718f13707523ce91dc85590ad4c7991c5854174a13bc5a811d24c9f6b8ab40f5ed15d58162f97e9b74e5440811568a85c6e4a78c3c29b3937c828754a46db9d746cf0a1dc9f3d0bc8da71440a854413215ed998bd6746c4c924970827fd1f16cc6a3d75c005e7237ace54c9ce32aec0f4722c9cd58d6077bcd1c9fcbf0e6f39fe20424924e62aa0d89b341b102da6f0ca5e292f181bf762a77a7289e6a01ebeea7f48592d924cbe6581a9f5ecea1f9ebde90cc166ac63d2a8c7fb85945c4aa7774c7c5d8e3c8791506498e056053bf9d1c4d6c5ad110284e2acf431f92bc8156684e92d1181a86b87cf238fa7101f6730bc2e7e33cc9201c0bc2bd65f8879fdb093e41e390487a3af288018ac89e1d2194f23999df064aa5cc3fcecc606f7a0205593cb9899ae47a0c9cda4d8ade253205f9b2359c63847dce980370ba4e367429249904eff2130dc2c14fba7a92bdc470b6c80acde5202414902c3197347326791edd99037f5a372159dc0e7b1c2d05284161d0907c890654613da331e53c66907764ce454148d475038c56d9cfcbbe8e933d655c8d9d2459082f0ec0b988495dbd65f8dc764f35a1b85484720c07843f77a1204300718f3b5c8f04f26577ec72accb876e186c309abdb277d8b873341c5ed005a1244f5548f04234fe447fe233225b6168f77358bdb52cf5408ee18509c67316fb6113b3d0847d7120e7642b74d03500495e83623a5248eaac443997309819e854e42adda172c14ef6c51d6aff0faa135d77afd775f2f97d211b230bcdacf57d0d068c7a66eedffe4b396b8c769388367c2ab169e806abeb1188263913bb5a8b125c44cbcb1ffc2192d3318281c059528549862dda9170bcf7a9d75f0aa7cb24495fbc6db834b434a64d854937dba05d316929be96680e003db4943b90e42b388e408150149f7e0e27725914cf9b03a2d9641f6492772daae5ae69d085e1c28b7578096fb66b37615bf49352debefbeda13cc5308369036e5c8a78eac3e1771847a95d2a76d42a602bd9f1765f4f571dc92217f18bc580671e550607b282f50ef0f96426d42f15595d24c94dc69163641b43004b4b495e7d001db348b6c131de1be83ff41cc910219a5f6bcc9c62b0286dd64f3498691e2d99778be4f2662439a216b8937d31943c63f95c2a96b1a77929493966a16b5b3338c5b12bd0efad812cc3f00c2762cb398830862a84b2e051f2027b38acffe9b3b20b894316c9545819bb0ad20cedf0d8537c11da5da523c9f3837fd61acd3256a2a3eadc78ffa97335fcf1a1d0c21878ab1e725af890e47cf406e0ba289bec0629861aebca71584192dc8e19f7d0ae3ea25550723b8006eb3fd7f76b1106916473c4f017a82f87e269f1f6541a87ae24390d036003c96a92dda06e8c2186f6c7054365f634c6bc418b93f0de0825f3b74d3cf7f923388a1a6315c92958fedead55667cef6f3bc4ec2659985a42f2e6ec092b2f94fd8050cc2a0d6c6b8157c9ede69274c273e72e24cb5a6009c20e5861261984f32f3c8d1d9a970c7dfb8bb18870e740381bcba3cfd7233b493ca9c6900acdd583e3c60d9f191636b25ee7b710562bd2f489170e2d9c3e5b19cfbca93630f7bd6cdcf8e6a8d164d31a0f667a0222b7095b841ad3d51f0eca3b36bb2138d3174864910c85bece3aea26a07534c298680f15c742cd0796a2a342f3d2a20549a63b4a9ed2d29919aef882b1f0a744ae1abe845df95bddcfd88d2696b40b2d664e6461c92088eecc32ac9d53d0068ebeae6f63c29fb103c6e9b60e22690b0f58356fed81f65e8d1e686e4c95b894fe705f4ae503d6a1bb4884a1dc8bf65c80b14b9bc2253906b3c8d3a8531086dde45e5808fe5dbd719b7cd91853497b4f3212958cef9fa985685542cf0a51bf4eed49b803ef23eae8350096f200ae0d41e3559c8da91b23632f9dd3ce47a73cf29aa16df8c8122211e68f11e75283468dcc4bc992cc57f027c9c0ef3c1ee9cba1680084d6359b6383737cd51440570da3d181643b9c38846924a74330979e82f7de307b0416b3ccb235a96ff3fea90c3ef183ed8e599cfb8eb713e46491a3ed156b57dd1ef863481939d7d0fb536a2b4927f38cdf403fd19937f76ca433708e473132a08ee65a7c014b1cbc481e91dafd805f4ae528465d207916210116922c3977f429c9e7a226243760da1d4c2259107cd868b8032c161693fa31bb48c649da7e41d25fb94ae2d36496e9ef42d987990cc4f568c0b788e46a83f926053ec787d68555bffb24f952dc9be40a74441857628102000693de9629fbbac1ec087ff02f854fbaed206faca934d82df23ac9e29325cca95c93391f1e51d15f2e39ef4bd27e0a6e2f476271a58a6123b23fee710316de84e03bb80380a40b59640b40e26e01e73c92bb7088e413b4ace3ae1f8f836d3174fc9808b209a440dbef3d9b770d40f97e9a8be667e05db1422dad4bbaa1bea31d5ade0224836e929750bf7d1b8f52f244e7a18773581a88e324a70b562ad88dc7a500dcea6a30b4cb01582ece3541a9bef43db1d04388d46a90c481251273ef664ec069b46c0dd1a0ac14a3d5f359b89e2487424d43b714b562c743086984a7fd0c9da9fdb1aa9308f5effc4aa0147df8460bb4466b4cd9bdf2e1117983867cf0a8743b5153585d2e5fe18ce267e84f7236949852badb054db3656ec6eada2592056e922c920b114332063d4b3d253259e92c9c2573ee248ec549def4876bd68f0fa5f0ef069be4549f46d35fbc6ddfbda8b8cf34c92d92b942119352714b69ecf2011ec0699264fe5c47a0f90d0e594f32a13e1a7ed8edf3aa3d6cd05457e176b23550928c4217f426733a637200ae93d989c70e88da95b2b8b730a2fa0ca693c51d718091128ce461b8f5f502608da16471672cf9e1a1c4b98aea2ed591cfdcd0b83eec62362b499e6e08b48de7f5504359ee010d5f7613378a271927365a62752757f471040007074bdf0432a7056cbbfbe2b81e43c9031618feb19ac035994c5c219a643b5c7e8025241763acabed65f289b8c13258d85b03f0e88fb6e12dd0f4154916d595aedfdf165df464ec821ce63b0070edd273ab6800c923d5b734d41628851e003091f90ed2e3e42169a3a1925cee1589dbb7113972269e4caa9b4d522a23fde125b6ba4bee153ae848e688011bc8a3b25e3b49445ea59c098596ccd6e7a32f97c26cdbc713b31380cddb2ed7b1b8a8ed1b4732b6ebad4d2ec9240fc73d6d6b6f6defde71e4febc5e80a88721678a9101e8fad6169675ff562649a69590cc549efbc1cd2cdc85f1aa7b8e389485c1248b3d2de723eea985e515f2741cc3902cc74292b0621cbaea77a123195edebb9774232d17ddc9f5983d0d3b753662a1873c075d438c5d591fd14c00fe46ffaa371f9e54227e4f797cbea78b1645b376aa06be94ded21cf228bc0acc3b91c95d30612df64e34faf9aec4d9b6b04d271d91b31887c9ceb8cc6995e7a7b3f622bbe35ea665bd424b8bc7110aa9fd582d24f07ef469ef480080be65fc05e9cba194987724c9ced8286b10d654849ef97bb1d64e5ac2db2121e7f55bb16510309af446d2485c22a33094bd2b7bf33998932ea2524ec1c64000b03643a80cf0f8c438c5799d008cd79ba0546c950b21232ea2a53920ea1ca5e7292c12d7239701e8b8054b66c14a748a6d7135086be775758163590b49a517db1d6f68efc29465e89835a259af389e422f7b0c9560f4a7bdffc50a0093f4bf7228b61597ae43187eef004bc06a4521790ed33d64b9cc7d79bb354230630766caec93fa202a08002c2d70d7cafe9d3414d0dadc018054a86c5d417b5f14c53ba3ffa73d696d77008adbbf66283a54eae48a33c4346a00291659a1c9535ec688c9584cb2b881d916845d44d86ab8f6c0b620849d78a20fc25178553aa1b31909b14bf7851d71b4ef4ea14ada0e0f98ec8c4d9fd8b45f2d034443927fbd50d22bc7397d825e247947e4e08fe2d4cef0e7494cc97094ec65e1180c3d8ad03c283815c04c61c479bf9f41b1356701fc48aec1dc3acdc914771c1d82d3e44591d5a74ede71cd0d80e5cad7bf56288fd0acd2b2b7f95df2aa1bd6f6c21396f8e0e2318ce559195cece1991e870174f165596fa09712574876c625899d9e59f7a2e284cce9353c78077f20b906f395b810e38e20dd62ac2139111d3fb5a8c89c6006c07acced5f2794772774de0dabb6f581fea503914c2e41c873d4276f74955a0ccae663b4a3bf0f99df0c4d078b33499d055ef8a19e03008329f1121af3042248aead7333412254a5a2ec8e91ccf770fd7437e9270a001075db976382426eb485b86504991a4ff232da705f05c79f35d7a8794e525367725204490ee8a08b73006ce58a1ec2888a37ad9692778c7e5f177a0ea9e0379afa399641fd897e8d00c0acf59c0b79bf7628647e85eed3619baba81f54b4096bbe9619f6e1b8660000b38e4bae96fcbaa1d42a25ef0f152225489b4e3c986682525b947b70b8af218842c3c1cb8e2797fc0aa0b4fc11ee2c376eebe47e1ee6000089bbff90b02d27ae3d2dfba5424983e78ff3d2953d3a3cab6f230ba39f9eb9bb5f8f2193176f883c7323f55bf7c4e724957d3d285ab8f347537aecdef059fdfc3dcd2a452491dabbf9b4ed31746658d8f4e10b4fde2b24a9d33e7fa54dbaa549cb79a32d220b1213131fdf3c15792d264a7decc2f1ddaa35e1e1e16b76a80fef52ad095fb560de9aadab0fa9f6a84faad56ad59e4de1e15b54aacd0b46297c1bbbd775b677f7f2f2f296cbe572b9bca197833dd046d17f5890a277bfe153976d080fdfa25a17be7cf288a0818a4eed26967e3114af1fb6b259f4fc4174e4a1b513837a766ce660f34ed418899314352591bdbd5de51596761f0a58a3ff1543793773d33e493ca7de3c716c5f45277fb95c2eefaa90fb7519143478408f2ef2a65e5e5e8dbcbcbc5ab457040d1a3b356ceeb2f00dbbd46ab57af7fe3d2ad561f5d1d3eaa89327f6aa54abd6a854aadd8755aa2391d1178ec6deafd8462ad66ab56fb4da1c9df029e46bdf946a5f2644ef54a9549bc2c3b71d3c753d3151f3a2a0842628bfbc823edb04a5da2ad66834995aa3f43559d01ba0e465699262a3a3a3a3a3a3af4747475f4a7c7bbdc2b7d77df3cdef3b5fabcdcbd56ab5cf1f25de7e9851211779f59eea96569b7a393afab8fa886a7fcc93ca697dba55a95cb271d6d8f0e94303db357568d661c0d0114163953357ad0edf18be227c65d8b20d11ea33d1d131c7d56af5d128f5a1cd8b664f5106078d512a87040507050d52287a29fa2b147d87283acae54dbcbc7e1efccfc2433e68fac683a72fdcd37d29944b107bb83a78d89b893fa5c493d9bb78793590cb0346ce5cb643b56b4bf816d586f0d55b862b140ab9bcaba2c780365d148ac0a0a09e8141818a818a1e8ac0a0714ae5e060a57278d028a5726450d078a57268d02865c844e584191343954a6517d7a9b3c7052b148a6e0a85a2ef30a55239764027b95cde5e2e6fe5f0cee5cd9dbd3ac93dad8405abfa5e5e5e5e4de5f200452f45ebc66eef96eb12333124b0f17477f272b317a12625b5b777f6f291cbdbb61ea05028fa28148a5e0a85af8b71f3d32f8572a7a7bfc8cc5e2a73f39077eed86f9c728252d0d81ef216cde595e5e3ec54b337f751d9bab592cb7de47279e3f601dde4f50c5777692e6fe6e5f4eebe62877a0dfdfb0c099a18362754d9aba9a3bd188099c4f81a370e1836232c6cdeaeb389c9d9656f9ec547479f57abf7aac2c3c3c355aa1d8754ebe64f518e0e0a0a1aaf542a95b3176c501d8ebe7ef16274747474f495e89bb7131313afc5de4e7c98fc30b54a8b427172428c5aad3ea3ff52289fadd2dcac678f6e1e576d080f0f5f32273c3c7cd5ea7d31b7349accfbf76fdfbf9d989478273e26f6e2e5c4c4479a87898971674ea9a38faa4f469f55471e5547aad5e74fabd56ab57a974aa5dabf67a74a75f0fcfdeb97eeded268341a4d9ae6eec5a8e8e8d8f8fb2fb55aadf6d5cb9f0d772ccdd0646b8dadb6026dbae685f6f9a307d72e25de4daf2a4bcfd16af3b5ba1faba037e9570de5e5b91d7317ed30ba3fdebf4132f7e4e259c383ba1f3041f91eba357b80b790b98f5cd2ef11c933126ce622218e7c85f0452628df503b20f69434dc7a3072c5632fb8e791ad4552c75c0fac8d7fa4cdc9a609ca77515e7199a582dc3f857d81154c46e77e880dab25f308fe7acb142dfa9123ccb814b0be1482f58bb0210cb1652628df530f31800cb2e551f8884462b7fc082c0e038cf12b4c50be8b2e21940c12f122465ee8ec7b8d6a4c5e8a16ad769aa07c471dc36232082fef0a91207914caad58652a53beab5643450e437aa210478a1198b00f4d4d50beab6620929c824bb19866a8258725c0767148c8d2db2628df4bc1384d9e35bfb6138748923744d373057baf8f09caf7d270ec2399c7bca386218df1b9bcb17bcf9933aa532628df4babb087bf4ad566283a8dde04c5241314934c504c504c3241314131e95b40b1d39a54abe4097c63c72c933ec1671f53e426d53285c29487d73e99a098a098648262826292098a098a492628262826d53a2831e126d5329d83b9c9d654db640e58aa4caa55aa63ea4fa99dfd29262826282699a098a07c4b159c5fbfe650e5b0c5ef1d7a57969e9898f22acd04e5eb4b3dd20a00a4b34b5e456f9cd643eeed10c4bfd9b77c673679ddc5a91d853835aec2ccf5af4d50bea2bac27fedc998755e50ba1902ad742c6b02d4cf20c954f793243952a904009b805e6d5baf2049a6bbf63441f97a6a8fd724990c37781fba9caa4d7ec593e83801beb92443114b92be2ed796c6e7b97b70db56e1a0fcd6c2dc7526285f4793914492c7d1d3c6381fc2506c2eeb899e3ab2939d9e247b23956463b3126bf14592e448b47d157dd304e56b691612497da43d4e35b365590e497d3d3c677e0bcc67a9450792e4245c2129b7e43191cb13929be1f27216ccb24c50be92e6e04cd9513f603e3ba09f230692c9a84ff291cc2ce52126902467e230c9a6223de7a1f11b9e96c9ae7120ea9698a07c25ad436307a0f97952010779ab26e47ef4da3abaa39704cbd586a9b7576323c97a28a4ae27461eb5141d226f4fbb6fcabebe96b6037056eb480e80c690a10180c815ed561a26f75c8d2d24edc524df784064bedfd44ef9ba52a101e0b357470619a00c45afcd71e92c949acd354c44bc09abc97cd425c9abb6386c6a3c7e656dc5a6c43e22f867b03f8498aa81427d8cf530126a03b8b9e403b427494e40044932adc804e56b6931769009cdd08d0a08b616b9d072a117e6638cd0ea4718795198c88dabb196e45d17718009cad7d2541c25f9da019aaeb8796abadcc9c14cfa77922cb314a5daa06b68d878df13184546a313497229d6918c80e1c33141f90a1a896892ec8743830c7da876c124c9a7f0e1590700b0bcda692d198dbe86faf11d922f6c65174d50be96a60831f286407d67781fe5d65bf93a83adb150b98b2c38b347b5eb89605a0913668fced8ab27c98c5ad3742c4abe7ee9cceef961610b17858787dffe2540294820496a3617fe58e9cebb7966cfda909e4ddc2a4fe562f89c7f70283f9a5e5d3bb67a4c176f63bc7b91ac711b455048d8a6fd6ab57a9f4ab5f7a909ca37cca49ec5eedb3ebd9321a4bbc8a9edf069e15be292f37f91654aad57ce930b7bc3fa35328c2835f71d327df3c9f4e2f7ef5b7679fe94bb26285f4fdaff3abb73c9980e86e929c40dbb0c5fb2f94c6a557b27bd219f4ca90760b0094acd17e09a333b678febddd8d9506838350b08de149990f3febdf52f2e69df90cc33effb324884df06a94efca7094acd49f7f2c486c95d1d8db528e7767f085bb4e742cafb77bed76d17ff7bc929653dc05bfc17f21aba3ba321ee98ca941aab95bfbcb137acbb1040d1b179c0b855271fa4beb7d0f89fade1a74b0b9afc89fc47586a1703f0e95d6f2ec4f13c85d97fbc7e133b4d506a448ff60c12264370ee14b2e998e643bba63902b0db0aac4dc6eff1d735589542ea5f024d7eba80d9e4136c3141f962a5ed19d71080ad5fffd9eaa7ef2930de06f48b5973209bfcb3f9f5b41dce56d610d5c3118c5b8523574ebc24ad7e837fb98571e44b43345913946a0389503602804621eaf7f601e4edec69db94079f92e46d19607b94037efb13391bff20febfe693f4bfebb41f0002c946ed7cadff867e64362699a0545ff737044a00d80fde5ec5e414694a4b882d7c5e611949f60666fd56b2ef8f78cae7757ebf08f774a4cfff39813f1e505f27bbfffebab88ba82df90cf34d50aa652539bb6aa4bc0e00cbc11b124bdfd9981e9f4f92c7bb1eb085bfeaf5f3d78fb094649ed9b817bc6b6bbd052bffc50507231045b28deb75ac24498e92fe1402fc56c7d7986282f2d96df3936186498f1a4e385350795be9f1112ded45d8449281e23ee26b24c9733840f26f88247914bd00586f621c769254d86845bd7f22c9e548cba907a43313e34c503e2fc75ae16f0ec0b9fbd47d09afca573f8f5c3c69e4666d7157889d7c0266ddfc5f52efd0780532f8fc64314fe030c99db84b92bff375aebf3a8dbc0f15c97f94eadc70fecdf6d10b36e119637e8354963a753341f964a5444df2006011302bbeb23fff9b41c2c4a3bf3f67d62a8b2407742393f18728ac9b20c3df781c7b49ae443ac96cf35effe44e928fb182647b19ff08374b00edf088bcbc87e4951413944f6b876c1cee01001e93637ede6373124d0fff77a67611668da8534692bbb08f17b0300d40e0cad73c0915c9652820f5fdb03f549247f2019691fc83e8f516a0e9a4ab0776e26915d7aead5072ceed38f1d68a57fcec7116c98443fb133e6b4eccfc58f5a5ea4ca2a98b9eee0d004e3d96241ada1cf97f5db8bf7c6ee1a2dfcc22c932ebf61bf17f3b378c60690b07ed096cd5dbb64f20c9682c20b906192c9b0945d926a848dec10692d746e9744f9f90e4eb58dd8f05e5ac1880a8b786294b8728dcc48053e9497f0068904092cfc2f349eacff46eec778ca43e3624203885244be38a48f268ff1232658215500d2ffb07733c00b80ed99d541ed53dce15807579ef7e936e245920fda718fcc6c13e988cc59f4e621d5d05278d97a27e248f62effff443d357fc1fd13f92d40efb54dfcc5a0a65015626eceb039b849980b997bc4ff765bbe0bae2dac505d2562bb690f3b1874cf2075ccdc792175b0236a2112c7ac9c3584a525f579459304d86fab3b6040cffbc0b6b96fa02f05d70abd2da4499e58a4b7f0d7ef076456f4f92bc80b11998a8ff89241596ff8679ec652dbcfd6d456bcfcffd1d00f47943f2af5b3f2b11b514ca456c21b955e4be1991c29a96882479441ce013441e4720af5b8b463c645109374acc426ee9ef1672ce6ff28fc32d9fbc0fdf8236703bf0b959d79bddbe00ea4da93858a2ec3f4b58d6f437172aef19222925390751fc5d2b83450543309d73f0af3fc54c6c66192205209b34bc7f6475e650a8a5501ee24f243902f330532867f76337f3164aac139c82c89cdfd89578890437d47f17b95f150e52e2d57f01ff4c1ec13f4f449fbccfbce6df864b01cf29d78d28ff735b09c968fc2b8f094dee0acf772512c9b2fa0e45ec27139a92ba7f10238c91707205cc7e7ff9d69ffe599551ddbbafa550ee088ddc995808c8ba5c2579131ba701160925184bd21b9b1042dec9207dcd1f322d31b1840cc6dd6c006aaec35c8b7af97c7526fe93473de4ef6f0dd88ebe5c61555704e9c9fb98c12948219ff5b16efcdcb86d33e2c9cd18472e461c4ba2e7efd6ff4d84ed5401e6bd0ee67de1ddd752282730872415388f76432c9b904cc4a2799e40d7c7984e72283a6317d94ed4f51cda900e80cd0e8e471cada4e676cfc3300223f85802d439f34997bb35440ad4db59b1ee5ba09f04ac2753d09d93f180ff5be7b723b1dab875174ef292b9f553f22aba87b90278c27f9bf286c53127fffee5775f4ba1a8b18e648a59a3fb98cac4c7244f633ef9b83bfa6109c93570c65a3265b28d0c8dc9a498431d45779588a6a7743bba86612c06b16cd3f99d6e966f3e7eb1985e22580e8e3420f9fba39b5a325976fa3c207bc89fa40d198709d4fd29291dcb8d87fc0736abadb18f641c005950c4bfd7e4ddd752286bb197d40fc27a0d66086b8e4045b2d8528c3924d570430849ee03ccf3483202914a44b309de744353cc32af47929c8f7b1f2dbe86014e2bdf5a50f21b0236dbf94632b9d4c94ad6f2ef6c6556c82ee28b24ffc330611bc908b889c49b48327fe1d4c89a9e5fba96429982f3e442f8146ba014d6ac869a6406ec114c723386cb1a937ce9231e853d244b3b4a9e2b11cd0ed0a69a03933b0976a700f3820f37138f7403acb657c8b70e02aed658c0364d3815e311cc71486492a5d353522979ebf23a0df88798af76f7b5144a201e152a617d971a28c9f4cb570ae7e33459d00161f0278b7d11d517e70b225cb1f2a5ac8196fae1184525aeb00bf2b90be8bf197349de17f7fe2092fd6d817a6b324992d9f3e49dfe4efe49fc2f57923cb1e74fa2d49b58381cabb7603df96f6890f5d2bafc6465f18fbfe27c61b5144a1f0ca887bab7c86c34ea6d0ba0c31a8c2c78d816cdf29a896fbd0c80bf2e460cc036829c8d169b021190cf8988a1ab03c9708cd5dadba5f0a58fe8fa878af78e408b3d0657078d1b2c3b9691a35c482659d9eec45f75f55ae63533db8c5e2457c1b599e0e7ff0d544ba12c164132368b241b0116ad270e9cafe90a007e198c84588ca6e9e4a9c13d97be225936510cd1d03c32aac583a7e84f92c9c5dc00e71ece585af525cac2a5f0da6db4fee67b8996e793e4b87a426639167fe464a43e73b01139e8486eabf39bc5fc7543e1bd4b86503865b75f087ff2a67b34da5c427277a3662b8592a2d0b04fc639a355a9f4f033c33ffd423bd8edf880cda015a42b4b49b2f86c09390f0b0d6d75998ee4ebdffc9fdf7bf31c76314606fc174996e4b35643a90da30f9237f5ab2f8547a73991da2af62879595ae5d1b9e3809606efdda3d8c11ccb7f28259979e1f11ac1a0dec26c10d20b6dfe405e71c2c96f7c6fd581b250f4dde3343dec2102acdab7340320ee93f2b98747d783c36663ce9580218c4004b9a1bd04e2993840929da547d13a69c5bf92fc9fbfbcf901a0ccc4f96f8f21ad5bb9e15bb7d11a6dc21f9791baccd30b7d6175e2b34e55122642bf0c92cc2923996bd69ca3f0940c6d3ef500864a47902cfb9d4b597797d4eff4ca5507ca5c1cfdf6098d2ebf687e37d8558c53b0d54c72f633ce94d10a962a3d49e658374d26f98fc8682eb435592c1a1d24cb244f603cf5c5fc81a0ac360c53ffb665081619ab4d03d1f645a56da765b6b73ef944a9de686e68e6ffe401a7fbe40c9c6aee2dac49c45fae8bba3e3c612f7bfc1d33e7ea405966ece3f8a6726b63f8b31ccd72dfd9b60dce9f5aaea4b8a37b3ef9bf7ffce788426e057e97c0730856fc56a814fc19b10c0120d9c51f0eca77f852384c22f44f3c35774c7d4f92da967ed259a2ea42514c66d505507747a90f44bffd8f324f8b3958419277ecdc8ba93f30f88f89fcd1a02c3704d4f824e5be63ad2bcaad664a2fa0ff4392ec8b83efd9da0b6b3ee5245b25e85f4c720ec65c98f95bf43a805e8e92697fc6fcdfa3e3a215ff4f2a39521b1a69d58112864ffdb8138738000ddf3eae476b0779892599065a6524a9d9326df2ae4feba21b035101791d6dde6775ca72b0fd04da4b81e032926cd99ca4a60b86f8d549f283237c9e054b01d13f5ee68f0b65df070a6463bd2833993132fb6161139d7074bfe839b396370700ef11e97a923c8d45e4ad2e2200b0fbb4f7f3e645928178bf757611d67df404a7c51821b44e1c8349b2b0a5681556fcb4c60238c99cd8b817b5c49c513d28aaaa378e9518ba60bb5ae4d4f1ce269980b1eb90a836037cd6c46b79471242929bb0809132f86f8f3e33bb8ee527d73e6f883abd7f43a6ad43ce478e8d95619ae12b731422eaacc7d166754ba9e92874cef08786b2b3ea8d0bf0c07866359a92e414ecde8de35d5cb72384bc7b2312a26b246763eb030b73a1d7e8f1959f9d4677b45b8bc64d866c7f3767eb8ab82a4bbab51f4ef613174c30e67cde1d4992dbb15b85c3e44f479fffe8500c9688f76b37a2843f8d70c6ce89d4af14352a8ec6aaec975acc24fb395d015a9692631039eadd6165e5bad21c62771757c02cac9217ef2574afea10ada5e7075d8a1ebb60c8dbd2a8a79d8e24c7e3729163ed8b6a541d284a9caa7ae325a3b9b513a21596e3c6b582cb5ddec508528b21643bc96300d3c9209cf3403e751173553fb32816cc104b263d27f968a7379a57ac9e06090187dfabf1d8fea15407a0495185864d2cc95ce7df9572bae87f7f0950867fe0c9f03ec60a7f46625b4700b22169e433f42435184276b12a84b7a7e814bb21c1d9967c2502a4d7de69dfb54033832b17f3264a24e5dfd30b69b3aaafac31ff5005ec8ac8aa42abff7f650349cec20af2a6e3ad5f0294b6f8400e9c8d20e14f38e674c064b85c22a987827c8e61a4bf884e756e9ab9e72890d0119964c6eb2dc66fcbf8703d11526138e14d27d13263b613fac1165228aaaec5e5bb56aec7ff330ef3b0997b11ab98b5e08783e2036dd51bb5e8cfe23292c730d00f858b4592e524d18ebc0125d9066c27299983d07e38b3101b49725eb9930849e6344278a53326d5c75881ca13b3861f6ab7c721f80379dbc84acb2f1d65cd45e697582b551d285e1f82f2060a9d4fc35cf20c0215c8e7697b2c212127a3318d94a3b017b28abd441e884893d5c9226325de959ef4204c7df7e36b8380eb24b3da7cb8d55ae6665995efca45b8bdd30774ab9da3306ce11702c50d1f6a56a073143083dc80c903f18a7c50c7ec7a3eda9097114606203b10e98c1103eb3807edf39f3b9a55726e8844bb9fe52799fd4568324c618b7e1f762199862a3a568a1b7cf3dec36f0dc5fe83f375ca3cfb42223e5fda0c67437199e4168c2f1529c89b082607e29a5c544cce0776b2b8073cddb1be52eee76af1ec7d8df961f680f7da8f181d2f62d8fb376ca81823e8170945ffe1035ac0cce6a8c8bc09dae8a33197e40b0472bc8accb3929373b0cfc297a47edbf432b238542699fe4e75bb2a0794bcf48f7a5a95da39bfb7a9926e237dfc0b879285fa1f6eef63290fdba0c923f2641e49ee30f40ba6a691097dcebaacaaf8a82b4ffd93286955fa057733fafdedfd7e98cb5f38140d3a7f6873e1dc0d6564e1a36a79102a44d7bee46eaebf379b3a009f825f3a9427685b23978ef7fd9953cc35f4feb273b692fdbc03eca195e42a7fe95012d1a9462e7df4e7bdcabd450fbfec9c078d4dd70a15657f2ce12f1eca2df4f8f84ecfaebc676549d2fe35d347b7731182f63c7c37240953c51dbef07674ed45ef1a4d56a17d99090ac9ac2162747bfb286e2c0d5bb5e731494f431cd851c27a77d7775c2d677df96c1a3195a22e938c92583de62f1f4a22141fd923cd13adfc7188f94b7a8565334e40d1f4185ded56ef3e78fab611c5222ca87458919dc79754bd1eabef93ec54196c8c4c728c2628a4ae23269465d90e2be908c02329168b532eaf0e1043e551a7b2f9c4595ca905be5b7029a99e1203802924ef4b7ccaed0dfa151251047f0d502e7f0cca5604eac98437cbd17d6d2fd43b83d924198d7a3ee2b2a403155c5e2f4a64a72b1ce72babf62067fd52b1d9881339241952fefd954d805d147f1550a231e883db73ebd8a59364b1b35721f58320176a4485700a8033e0506157b544b24e5f6e241951eddb988dc64657e337752506abb37e245c93f86b8112f4c1ed11c2706b1ec74a926f1c007f923c06c50448dbcea8f86df094255a1f32749e0cc2ddeadec51ac8cb67e088934916eba849bfdc1ff5d368824292ec0ea156ba009785453426c9b6d834171bdeddf97e77c071c6e512f285b863756f426b5db762b7db7947d4f5068096cff96b8112f7612865b636428ea4442a49f6076c495e8463de46cc7b0fe36031809e9c57fdfaf0fe7760a74eb206e01b51cc5f0d948b1f8692098327f610a492cc74801d8a99e58eed3c88f7c614d2ac68eb32575fdfa1da33950ec5bb4d91920737d3f9c3aa5a50023fb4b910bec29fe98822f303d1270059f96da0d0f12a5a932c2ca2fee706c29308adf64dd477e62f4a5fa19de221796180d7fac6660f78648fc39ad6689c4dbe165b0d6b610ed471b4fe592bd1ef0bcc5ed3434d503e026511e40f597c7dae1b00a0d3330e01d0349de41d1100585a018dde7506baf1e1cf8f64eabe092d1dec1d7a573bd0c3b145652459f6dfd71ffff2a0dcf90894223920330344d356f40e8927b947ea382d87248bc3c22313f3c8373f1fd9391c1f8937340b8065e30e9e304be6b35d5395e3c61e26997d61c3b8be534826df238df11e79a9b3c180bfcefd05c94bd3f248d2172fc8577ffa1d80f699dfe4e1969ebff38eada38024f35272bfbd99a570ae1b2c5acf2fcf8ef41f0d51972ef3f948a7d8586c7f5046720626ba0bc634fbac4d7e1200a84bb2bd2f13b0fea5ef72921c8313e73564fe3078bd681bc220cc27a933b7d271bf1da47ea3bae20f35f2d08b95f1ef50781c77785df8e225c2434f6d01f3e70f8f2c1e15342afc3249963607cc01c0ee65d9b36292dcddd1ab71af85895f0ee5f1470d929fafb9d8f3913d96e11249265a9bb7419f23094f134ffa89004cda7bfdb98e642b67aec6b544881f92ec88eb98c99416e8fe8a5e1d391eae3af22e9a723b44935e910c195223a9de8d69245f1862ae65ce6b629c26f05c1ec9e79e00143283653c8be46dd8787979793533ef75c20dce77c99df054c82d80a0d22f85a2a9a14eae0a2a70a8fbb136c52a1c2519638b95d158579a4b46a3c1c1fe2864fa3d927473e4023cb90f8c275907c518f5c845b4484f3ab4e142e03c790cfdd32d447fad89e4ea0f0ab687fe38c3b8fa70de4292b7ace116580fa12b36a8f6c83c735824c7a08ea88b2591d1b11b8367e849ee378cb8c83f21810856e73805bbc9a233adb1f74ba1a4a1514d43517ddc3e1c0e75c18dd112d1325e84a514f5521853ca61c8660f2f9265665e0c83e635207bc1577025023cad8e93d499f7e7162090dc89912b3fe042f939ba06d92592f4409ece4de425c17692b9d36f916371ff4da72dc781c15c0179614304556c42ad378c70d6da3ba9d29789aceede115ad3138458f95f02456759e3c15c9a59647f1c8a9318703a445e814fff613ec982d1e0158344d929b1dbd19621b84929a0a4062d7400f693643e06f20280d35461ca18ec274777ebf0a72f6c585e00ec34242deb700f6631466265b4b10dc3fdbb987000c07627b37b8562ab7950df541b8ddf5b0defde721c20b918ed5e6030f97428dcb45f0ae523ce78d550ec2784749e0e00cef7499e2fef731f82670c1432edde9c8007ac276e6df648033901b44821a9838237d0ddbc41a10a616371821ceadb4cd4eb4bd3eb8896252c84175b59bf21a760bc614b101e5dc2a46b686e2ec220de84df7288019732631934f284fad86bb6b42b138afde3b069ef0e34bdfff1823e72d5876b426ec8ab59289d451fb70f0fc4e26e66303f4faacb1dc083f08cdd3162dab29108e174fc27bd2ce2d15f0339c54da6c2319a2402a9c1f87918a642d84afc0b49ea5d1a7f597a6fa0df282c6716bc33457d483e11591b4c44bda18985321b4d9741749591085e8d662307fb1b9ee7090040c732a9e08ab005d300c07d5f69d5b5afe32e39c29f46b8415297f9a49464e1b66eb656630adeac794592774a4836c0eb1a6572149f1066db0fcf99351b365a465684f29c0ae84815c23801ff494f07f6c35ec869efc72d12d9696ad18eb730adb00d1a23ec89a8a59ee4557c61e5eb055abf71324fd5407e4ae8a6f08230a337e578790a1368e9a8df7b8e5c89d9db2a7ae55e8753e8e209c71f183eac180c829b1ca29092aaa1a870cdd82438c474b9a518ce0718ef0ab7e11db0e42e5424afc84693944353934c725dec5e7e7caf06521dc93ed8c683e5508642433f9054612995f84f5a7bf081c405723a78921122b3937aa90f6f6226d33c81590c4404a9ebfaa5b165f490732786a542be531893db1449c6c799bb0bd3e8263264b99bc22b8eef2f953aea483e31b8f19c441fc8f5fbec30485f2594d3c6113933b14ddf1e70ee20c61e2bcb183d9f6270897804f9c049729ea41c356a815d260c53f9882c1d49f20c7a702fa6b05453207c291abadb913c81899c82e8d7e8424e05e4f4951491db450ef9f5dd7902cbc8444b4ce173fbdfacfdaf3168a9fbc2244bbc59da54b41e5df7611dc92766c6f8a1ae2852613a9be08d500f39105e1ecb98640fdc24a9151a7aba2e08471bf2719d773b2d2a4079628c36bb10e117d1b2f13d46a12e90464ec116bab6e5593b017bd77767f0fc22bdb2f5f8847e8f02789364a1b979c174387a4820eef998ec8f6774a94bf2013a7301565dc44a32c70d722a1145b2176eb49270278e915c8d29e4551700aec95f9a667b7bf28ac81a8aa7a296c5bce86d740bd0c19e3b104a397402942de19849bebca55e333d8fe40261e8ad9fec39593c1acd53a020b9e55dbb5f0528c5127f83c508d3478b9e93d43b880660d18201685148ff866a99b930fab03b6ad00d54df13fb3fc5a221130ae761b68f7a43e4d8a88d3d369041922c76732659e6dd86690db794c5be2179102d1923d948f2c480dc0db379b8d51b92ba6b7924b57f099ef6f28b13edee40721cd0964351cf1de861a85ee5a03ed5184b1f493185f76023ea777501005ce6db3aca6e34df17d11a2ec9c9e84d3209f2aa6b5fde0d8d85cbe4e6c2df66d80c09d0318dec2391d8c61a8bd71a1c96b6159f563f8d17a6e52935da32cbe24bc9b25cb2444f924515be36fdaaf31567c0fc0a6ae54cb2c01d72e68e9498772d1f90042f3e108f35465c4ab60cba6506c0c96fe0ec8812926a210678d96800e899c1374d1791bc8ef65543692f2932400973ec4a926f64f67b314b26394d720cd0fd9e114acdc5824db674a89d5d84059aeb8f9fbda8a29ab9680e49c67b6f2159a97cda14416694516b684c66e7f049dc83729f8ed49986c80f37572e2ecf6d0a6646540d4589bbab4666903b300343858af4f043501f92482248251c211a9e51c350eeb88822bff7e3d769b5a9f10f48ae9dd8cfef77104793e402c1b62852918cefe859dfcbab6dd0fe6f95a28a50e66101d0890cc5264937925a77c9adcd50f39054b48d61b870a81edc1f931c556350ced88ad77f3f1837b3c90c0f6196ecee24eb0130f7f0ba48921727cc9a14d87540a7d32463dbf9b9084683ef00e50c64b0c3799d176e35f022cbfa6032d7e238794a22be168ed37cdd1b2d4ac8a1a819b7c3d2b922ab33df85c7ec0ef2a6ce124c248b027cbd9a34930f3e40b2205993537527d1ed2baf6a38152587c2371dcffa0894e2bab038837ae3d0968345377206a0493e85c6cf7c4c0dc732b2d8170b4965cd44c6d37641d387df9044ce89a51315ee0749d21d006cdad4b8ebf7472a175a6d01c9a22be74892594d00a0de47a0f0d690bd0c05aceff21a64e6689641aec754920992c5cb3196e43d99a4a086a05c6f80e0af1f755a479265d977f785f8990180f94e92cc4bd5667cf6b54b23f71baa7867073774f75bf09a391749a62e1da9183bfb8c8ea4d23996248bfa2c254bb68fd9564c32bab5d17376a12b00a91846cfdd89e8afda15be9f5c1e42f269bf8eba2a0d92fa0b1b5349ee6dd9e0cf7f27f97cc82d922ce11dbf28928cdd5f435f4aa49574eb979ee3a79faacc6c9edc8efad785fd7c8c5d8100f0bbe0b5eacbd59fea244b0e58fee10919ef87df76ece80ccfec39d032e577c2d9c7bf56fc871c755e91bc8dae7ce3076030c9e530ceb1362778f4908668d2a6d3c856ed96e6526ffd5b835df71fcd0af59b7e2beaf5d39798ee6b00cae9167031c634c88cddbbefe8d527e99aa4fb1a8de67e62e2cda454edcf1cf3d22e1d583a7be218e5e41981de4d3b2914f28eed3d45b06e337a74df7672796b85422ef7ef1514346a4ef8a2d16deb490c20eaf87a7bf9c8e5adfbcc517f69e4e71e8013607ffdb513661592fa1138381fd11c84794f73b2efac8b4bc4c61ec008929118cc85087ad21a77c9fea8e8cf3c0377c8b500fc0a5fa2e35b0b5e8a122ea7bfac3fe56750f4599ae71f1fc25690752f3e3a3a3a3a3262f32811ace7ab0f864fe81f18e08af7caade70a75c494c133e785cf0f1b37a09d6dc56dc6f7dfc6c3fcfd078bac5af618b970fbc51a9c02280e7dd616a54c83b3c60a5b4996b5c35d15f6a4888d86b48b08db008813c8359853606b9fc33d9845ba39567e7489640373cd408465c24da7cb883eafe7047445cb97ac11289ad9810e226b7b1be139487baebf7023439b74f9766262627c74ec851db3fbf938d56928f7f2f2f2f26de1622f4115721e3059392ea09957eb8e72797bb97fe040855f0357eb77f7aadf75ecd219837a8e5e1af55ccf674f52329f24bf2275cf4e9db878272343f3e0b1469b997439fad0f64d1b236fe5d57ce134140f497200161cc112523f191db90d9b57621dc9a7b1593c8ef9897014b7d67136369fc5603255e4c7cccaadf569b8ce87e8c9372ee6d93dd0ce1ac0787d08d054cb9a809235400a3878d5b1b7abe3e5f50f01be16ef7d63cbf3742bc786beedfb2ac70f1da79c3c6bd5a61561a1cac9f322cec43fada2d1fce2e47ce5e49d51bbd6866fdc7f2026a9727fe97718595ad79d2479092de3d163cb81be707acc8358d20fd7c97180d97135c28bcd9d46630b95d8bb1abbc9627fb1f64ae591fdc1b8ca03984fcec7ae1b3258d6ebe18c2561b078ca1a819259a74d44c5910645e7e68ce9e6d3b045bf9e413d83c628c7844cdf1c975142edab2216bd4ecbac0db37b7c519bc26034cc866b3400c0eb11a9c2bcfe7844462dde61d6f328e6d1d32cddce217b3c8e0d43d78eae00a28e184def82fae131c3d17f6a0f2f0ce3e3d379e45538ce01fae67c399493fcb5e98d21cc462cdac6c1538476858291700e369364bea4d771cc660bbc5a8b3f07e1746f008ead5b61e60e613255a3da228d0a007045a3bc2492cc8057381cd030e10ba10cc5b15f1d947cb420498ec3dc4b987bd4065d5f902a84bdb4b0b94bf234169d82923da12970b0eb8233adf1289f7c88ae3b30abe269fca061100e3c2da4b56409b42493e1bb0a9b0640b6fbcba00cf8663386d52279da96918c13dba647632e1fb780eb23aa104615dc93a8eb8c7b5730820a68380b225c6d624e922566f6f168ac131a7a2449056e310059245d7108ab484ec4a4b5d8a00f17558807581d285d70ebd70765228e50bfdf0abbb81f7dc9824150300281e41258f46a815e4c44300391cd67bf019e7acaf4c2d37dd510d3521e6fee245961c8642eb28e1b499a49ca1ac9f65e1c01c7f443184b469a97476dac0e941a769cf831744b22f1f7806835b907fd49963610e53cb392933cdc04e8f98a5af3e6ec66417234cc0bbb8af424e98cfc58c19958224c7d977251a71f329da4debd0513ac01b825305bd49c6444793dad3a509a20edd70785511e40c06592b1a29924197f8c7c2ad4d45f6593e4ed5c3e8e27a99dba9717f694912c346b46de1dd2a8c1c0233f1f3a58483e5d3c799b96e4a6732475db93be04ca07037bfe72a54b4911fe683e7970666af586f157078ac7af13cab753f57c89f5a607f7497ad0bf73e559be8b6e1c4dd07f0d283a8995e971bf4727ca8773dc108c6f276540ab0a7bbc9a6c0da0496adee915214141417d1a26d6189474343011204926fa343a4e525764a894be8e16ac491ab38124192393acab2b2ae5d3deb63ebb5f93b79dd079feda60b475341a04a36a0c8ae65ddfb15fad3a422cda410e97ed21c90650094e40fa20acd8af63a1bb68071ba328d70b4d019713ec82bd2433616d6676f6e2cdc4bb0f33688252e32506da475b4aa2a884248ea4171ebb623dc9a5f0f7c32e6ec158d245c445989bdca6232467bdb093e42e4c0841524d9729262806edc21a1e17396487010df3496f64c5cbc497b941e4fec20afdf45eb84f9db973996bdd52929b506f3b54e46d3bb3a450e36c4c3507e50efc4d4048320457c97198bf16751142fa2185fbe0b51c2e493a09cc36a30d9902f979cc3498bd3a2374df4473847315ecec9d7a14d72494875f61c8f60fa94ec8263350e728163516dd13ac4f3d019724e1b1623b1983c1f30d36f525700100c7ed64382ced50ff4d4d4289c100131092ace3f0647daf7a22a831f61ce4457ed0908f6c309e642096d8d47b43eec0d2fe784192c5cd301222989f25b9013b585a58a3d9d7c782b0fd5a940b00626f7b1c443b8e458860a73d0205c920dc2cd4919c0b95bf544f523f1cfe1bb1a837c42bf4547dc41dc804a5da7a0cc7d06359ec8b686b77163692d84243f22046919c6e0835330c27e5523d593a1ace9a08cce70e0bf42c09ffc83cbfd580720d3d4d44481e13e2472870c9c983bc6d06a4939c81f524171b665d0cc2a5203ce5f30e70b9cbd3184526b860d97aac2fbb737857dcc92b356766b16867224272b33056ae03ee39bb929c096909c9c1b84e32dc006530e254e835cd06ad52c978f42479114d0fc346e865b12aa92928b46c61224272316e0ad6158db93fc9dc96c12439cdee27926b0d3de69bb0a6b01560b3b28464c10035497d87e03429ace5fdc6280236d5d89742736f1311929766e848f2d084ac9e9bdfdda64f175cd3f4374a581ab5f75ddfb6acf49a2e53e8ec6022f25555ad4e2e7bd373ab75506ceb9a9e5bad83e2e0657a6eb50e8ab5a9a0af7d50ec4dd957ad83a237ab677a6eb50d8a164d4dcfadb64149fff0e49b267d0f282f4c9d5cb50f4a06ba999e5b6d83926afa526a1f94ebe8677a6eb50d4af4a70447fdb80a5fa7253e7a9098109df8e8e9f3674f122ea80fae0adf71e4cc71b5fae8c5bbe96f7426289f05a5d3cea8e3a755aac3eae8c467af5334b19722a30eec5c3733443949397dfecad51bb72c98343ea86bdb16f5ededed1dec1dbdbc1a35682e570c1839716298729842de46d1b94d7d0b7c4c56f5bc5bc81bb4f4aae326b677b577e9d23b68d8b495e1e161f3c775f56ed8a583afb7af93df84f02573c3c2c2c256a88ea80fed50ab8faad5eaedf347f4ead351deb9cfc8192bb71c3c733d31e976624656550e3d3a6d9956a349497c98514016e768df6873b46f8ab4fabcb4c4fb9adb9ab4946729f76ec646aa4f1ebfb0537550ad521d3eba69ad6a63d8fc0de1ebc3264e085bbd607978f80ef591e8c427d99ae4c48b976f46275e3e7be84078f8a2b0b03961eb541167af26ded76884810a5aed2b4d965657f3503456f844890040247aefb67a5e2dfc3bf40d0a52f452283ac8e501bd86cd5a101ebe68c92ca552a91cdbc74fee610d4800406259d75e8a4a6791da41648dcf9373e36e0b371f54abd5fb55fb77ad0a5fb568f1ec419d9b3889df4def579375797c072b8f966d03478485cf1c1ba450f4e8372c60dc179b591eaf983262cc8899332729fb7668e9e5dbb15fd078e58cd94bf6aa23a3a322d5eb5685afda7d343ae6e133ad212e6c9eb640ab7d969410ad8e3c137d2df18126f1feab824f311d68f5a55ac324902c7aa67974e9d4ce3d5151d1f7b37424599496187d42a55ab54ea5526d0b5f18365ba9542a951394615b4fdd4c4cd268ee9dddb77ae594614183148aee7e6d9dccdefba46cbdfce55dfc3a0f5028e40d5cededeb3696b7f4f2f27271f06ad245a1e8a350b4e9e4e7d73f68c254a53224246cd2d4b0b0b00de1e15b55aa88f51b54aae36af511d5ce8deb77ae0e9f3526a85b1b45e068a5729872e8e4b015ab361c8e8c8e8a3ca45a3b5b396cf80045fb565e75bdbce4fe0a459f0e9d7c5cc595536133e18ba17c13bdb9766ce9d4c141836765d5d419f3efef99173641a99c356f69f8baf0f008d5a12bf7bf5bcc056de693c48b67636ea56ab55a6dc997675fdf427bdddfbe4597995f4cb2706eff13a583c72e9f1ed4512e3f6f2ae8bf832e07054f9a87ee71898977f469966df5e4704074d9df002ac204e53ba94cd481bc758f69c06ede82db5c042fc1a6c4274f5e6b752628df4b66dea4b79ca552589ded83ddf7d17a1be644efdf9f459aa07c2fd5b7221bd993f61003dea51ac8d500003f1394ef277b73b2b959117d11d5a7ef03de458718f82e5c6a35da04e5fb496c43764226e52825c9abe8790563c8b4121394efa62278910abc620b5101491ec3b8985f87c37f2d86928556e44068f416824fc01a2cbd5039f89f09ca37d723742207e2c92b08f38a8563b11a2d8fae1ed1cea9de121394efa318342597e15a81a82f49f2719fab17de5a244d50be8fa2e14dea628b99f0d647bd28646ee8fc1d97b3c64c3341f93e7a2d5fc35fa76a7395f8572b13141314934c504c504c3241314131e95b4391c84daa559201ff08936a99fcfe3fabab3bd2ae20c0f90000000049454e44ae426082&apos;, &apos;decimal&apos;: &apos;1.2345&apos;, &apos;dt&apos;: &apos;2020-02-25T19:51:03.026146+00:00&apos;, &apos;id&apos;: &apos;c8fe6ea3-a021-433e-8e0d-5a9abf32deba&apos;}
</system-out></testcase><testcase classname="zdevelop.tests.test_encoding.TestBasicEncoding" file="zdevelop/tests/test_encoding.py" line="269" name="test_encode_null[MimeType.JSON]" time="0.001"></testcase><testcase classname="zdevelop.tests.test_encoding.TestBasicEncoding" file="zdevelop/tests/test_encoding.py" line="269" name="test_encode_null[MimeType.YAML]" time="0.001"></testcase><testcase classname="zdevelop.tests.test_encoding.TestBasicEncoding" file="zdevelop/tests/test_encoding.py" line="269" name="test_encode_null[MimeType.BSON]" time="0.001"></testcase><testcase classname="zdevelop.tests.test_encoding.TestErrors" file="zdevelop/tests/test_encoding.py" line="279" name="test_unknown_mimetype" time="0.001"></testcase><testcase classname="zdevelop.tests.test_encoding.TestErrors" file="zdevelop/tests/test_encoding.py" line="283" name="test_unknown_mimetype_validation_error" time="0.001"></testcase><testcase classname="zdevelop.tests.test_encoding.TestErrors" file="zdevelop/tests/test_encoding.py" line="292" name="test_validate_failure" time="0.001"></testcase><testcase classname="zdevelop.tests.test_encoding.TestErrors" file="zdevelop/tests/test_encoding.py" line="303" name="test_sniff_content_failure" time="0.001"></testcase><testcase classname="zdevelop.tests.test_encoding.TestErrors" file="zdevelop/tests/test_encoding.py" line="307" name="test_no_mimetype_disallow_sniff" time="0.001"></testcase><testcase classname="zdevelop.tests.test_encoding.TestErrors" file="zdevelop/tests/test_encoding.py" line="311" name="test_no_decoder_for_mimetype" time="0.001"></testcase><testcase classname="zdevelop.tests.test_encoding.TestErrors" file="zdevelop/tests/test_encoding.py" line="315" name="test_json_decoder_error" time="0.001"></testcase><testcase classname="zdevelop.tests.test_encoding.TestErrors" file="zdevelop/tests/test_encoding.py" line="320" name="test_register_mimetype_encoders" time="0.001"></testcase><testcase classname="zdevelop.tests.test_encoding.TestErrors" file="zdevelop/tests/test_encoding.py" line="353" name="test_encode_error" time="0.001"></testcase><testcase classname="zdevelop.tests.test_encoding.TestErrors" file="zdevelop/tests/test_encoding.py" line="360" name="test_no_content_error" time="0.001"></testcase><testcase classname="zdevelop.tests.test_encoding.TestErrors" file="zdevelop/tests/test_encoding.py" line="367" name="test_no_content_is_decode_error" time="0.001"></testcase><testcase classname="zdevelop.tests.test_mimetype.TestMimeType" file="zdevelop/tests/test_mimetype.py" line="5" name="test_is_mimetype_none" time="0.001"></testcase><testcase classname="zdevelop.tests.test_mimetype.TestMimeType" file="zdevelop/tests/test_mimetype.py" line="8" name="test_to_string_none_error" time="0.001"></testcase><testcase classname="zdevelop.tests.test_mimetype.TestMimeType" file="zdevelop/tests/test_mimetype.py" line="12" name="test_add_none_to_headers" time="0.001"></testcase><testcase classname="zdevelop.tests.test_mimetype.TestMimeType" file="zdevelop/tests/test_mimetype.py" line="18" name="test_from_headers[MimeType.JSON]" time="0.001"></testcase><testcase classname="zdevelop.tests.test_mimetype.TestMimeType" file="zdevelop/tests/test_mimetype.py" line="18" name="test_from_headers[MimeType.YAML]" time="0.001"></testcase><testcase classname="zdevelop.tests.test_mimetype.TestMimeType" file="zdevelop/tests/test_mimetype.py" line="18" name="test_from_headers[MimeType.BSON]" time="0.001"></testcase><testcase classname="zdevelop.tests.test_mimetype.TestMimeType" file="zdevelop/tests/test_mimetype.py" line="18" name="test_from_headers[MimeType.TEXT]" time="0.001"></testcase><testcase classname="zdevelop.tests.test_mimetype.TestMimeType" file="zdevelop/tests/test_mimetype.py" line="18" name="test_from_headers[application/unknown]" time="0.001"></testcase><testcase classname="zdevelop.tests.test_mimetype.TestMimeType" file="zdevelop/tests/test_mimetype.py" line="30" name="test_mimetype_parsing[application/json]" time="0.001"></testcase><testcase classname="zdevelop.tests.test_mimetype.TestMimeType" file="zdevelop/tests/test_mimetype.py" line="30" name="test_mimetype_parsing[application/JSON]" time="0.001"></testcase><testcase classname="zdevelop.tests.test_mimetype.TestMimeType" file="zdevelop/tests/test_mimetype.py" line="30" name="test_mimetype_parsing[application/Json]" time="0.001"></testcase><testcase classname="zdevelop.tests.test_mimetype.TestMimeType" file="zdevelop/tests/test_mimetype.py" line="30" name="test_mimetype_parsing[JSON]" time="0.001"></testcase><testcase classname="zdevelop.tests.test_mimetype.TestMimeType" file="zdevelop/tests/test_mimetype.py" line="30" name="test_mimetype_parsing[json]" time="0.001"></testcase><testcase classname="zdevelop.tests.test_mimetype.TestMimeType" file="zdevelop/tests/test_mimetype.py" line="30" name="test_mimetype_parsing[jSON]" time="0.001"></testcase><testcase classname="zdevelop.tests.test_mimetype.TestMimeType" file="zdevelop/tests/test_mimetype.py" line="30" name="test_mimetype_parsing[x-jSON]" time="0.001"></testcase><testcase classname="zdevelop.tests.test_mimetype.TestMimeType" file="zdevelop/tests/test_mimetype.py" line="30" name="test_mimetype_parsing[application/x-json]" time="0.001"></testcase><testcase classname="zdevelop.tests.test_mimetype.TestMimeType" file="zdevelop/tests/test_mimetype.py" line="30" name="test_mimetype_parsing[application/json; charset=utf-8]" time="0.001"></testcase><testcase classname="zdevelop.tests.test_models.TestError" file="zdevelop/tests/test_models.py" line="18" name="test_from_exception_api" time="0.001"></testcase><testcase classname="zdevelop.tests.test_models.TestError" file="zdevelop/tests/test_models.py" line="30" name="test_from_exception_non_api" time="0.001"></testcase><testcase classname="zdevelop.tests.test_models.TestError" file="zdevelop/tests/test_models.py" line="43" name="test_to_headers" time="0.001"></testcase><testcase classname="zdevelop.tests.test_models.TestError" file="zdevelop/tests/test_models.py" line="56" name="test_to_headers_no_data" time="0.001"></testcase><testcase classname="zdevelop.tests.test_models.TestError" file="zdevelop/tests/test_models.py" line="65" name="test_error_from_headers" time="0.001"></testcase><testcase classname="zdevelop.tests.test_models.TestError" file="zdevelop/tests/test_models.py" line="76" name="test_error_from_headers_no_data" time="0.001"></testcase><testcase classname="zdevelop.tests.test_models.TestError" file="zdevelop/tests/test_models.py" line="87" name="test_error_from_headers_no_error" time="0.001"></testcase><testcase classname="zdevelop.tests.test_models.TestError" file="zdevelop/tests/test_models.py" line="93" name="test_to_exception" time="0.001"></testcase><testcase classname="zdevelop.tests.test_models.TestError" file="zdevelop/tests/test_models.py" line="106" name="test_to_exception_custom" time="0.001"></testcase><testcase classname="zdevelop.tests.test_models.TestError" file="zdevelop/tests/test_models.py" line="119" name="test_to_exception_error" time="0.001"></testcase><testcase classname="zdevelop.tests.test_models.TestPaging" file="zdevelop/tests/test_models.py" line="129" name="test_to_params" time="0.001"></testcase><testcase classname="zdevelop.tests.test_models.TestPaging" file="zdevelop/tests/test_models.py" line="136" name="test_from_params" time="0.001"></testcase><testcase classname="zdevelop.tests.test_models.TestPaging" file="zdevelop/tests/test_models.py" line="144" name="test_from_params_defaults" time="0.001"></testcase><testcase classname="zdevelop.tests.test_models.TestPaging" file="zdevelop/tests/test_models.py" line="152" name="test_from_params_offset_key_error" time="0.001"></testcase><testcase classname="zdevelop.tests.test_models.TestPaging" file="zdevelop/tests/test_models.py" line="158" name="test_from_params_limit_key_error" time="0.001"></testcase><testcase classname="zdevelop.tests.test_models.TestPaging" file="zdevelop/tests/test_models.py" line="164" name="test_to_headers" time="0.001"></testcase><testcase classname="zdevelop.tests.test_models.TestPaging" file="zdevelop/tests/test_models.py" line="177" name="test_headers_round_trip_optionals" time="0.001"></testcase><testcase classname="zdevelop.tests.test_models.TestPaging" file="zdevelop/tests/test_models.py" line="196" name="test_from_headers" time="0.001"></testcase><testcase classname="zdevelop.tests.test_utils.TestConvertHeadersParams" file="zdevelop/tests/test_utils.py" line="6" name="test_basic" time="0.001"></testcase><testcase classname="zdevelop.tests.test_utils.TestConvertHeadersParams" file="zdevelop/tests/test_utils.py" line="17" name="test_none" time="0.001"></testcase></testsuite></testsuites>