<?xml version="1.0" encoding="utf-8"?><testsuites><testsuite errors="0" failures="0" hostname="fv-az96" name="pytest" skipped="0" tests="183" time="1.984" timestamp="2020-07-26T22:02:16.015437"><testcase classname="zdevelop.tests.test_api_errors.TestAPIErrors" file="zdevelop/tests/test_api_errors.py" line="5" name="test_index" time="0.001"></testcase><testcase classname="zdevelop.tests.test_api_errors.TestAPIErrors" file="zdevelop/tests/test_api_errors.py" line="9" name="test_generate_id" time="0.001"></testcase><testcase classname="zdevelop.tests.test_api_errors.TestAPIErrors" file="zdevelop/tests/test_api_errors.py" line="14" name="test_set_send_media" time="0.001"></testcase><testcase classname="zdevelop.tests.test_encoding.TestBasicEncoding" file="zdevelop/tests/test_encoding.py" line="81" name="test_data_round_trip[MimeType.JSON]" time="0.001"></testcase><testcase classname="zdevelop.tests.test_encoding.TestBasicEncoding" file="zdevelop/tests/test_encoding.py" line="81" name="test_data_round_trip[application/json]" time="0.001"></testcase><testcase classname="zdevelop.tests.test_encoding.TestBasicEncoding" file="zdevelop/tests/test_encoding.py" line="81" name="test_data_round_trip[application/JSON]" time="0.001"></testcase><testcase classname="zdevelop.tests.test_encoding.TestBasicEncoding" file="zdevelop/tests/test_encoding.py" line="81" name="test_data_round_trip[JSON]" time="0.001"></testcase><testcase classname="zdevelop.tests.test_encoding.TestBasicEncoding" file="zdevelop/tests/test_encoding.py" line="81" name="test_data_round_trip[json]" time="0.001"></testcase><testcase classname="zdevelop.tests.test_encoding.TestBasicEncoding" file="zdevelop/tests/test_encoding.py" line="81" name="test_data_round_trip[MimeType.YAML]" time="0.002"></testcase><testcase classname="zdevelop.tests.test_encoding.TestBasicEncoding" file="zdevelop/tests/test_encoding.py" line="81" name="test_data_round_trip[application/yaml]" time="0.002"></testcase><testcase classname="zdevelop.tests.test_encoding.TestBasicEncoding" file="zdevelop/tests/test_encoding.py" line="81" name="test_data_round_trip[application/x-yaml]" time="0.002"></testcase><testcase classname="zdevelop.tests.test_encoding.TestBasicEncoding" file="zdevelop/tests/test_encoding.py" line="81" name="test_data_round_trip[application/YAML]" time="0.002"></testcase><testcase classname="zdevelop.tests.test_encoding.TestBasicEncoding" file="zdevelop/tests/test_encoding.py" line="81" name="test_data_round_trip[yaml]" time="0.002"></testcase><testcase classname="zdevelop.tests.test_encoding.TestBasicEncoding" file="zdevelop/tests/test_encoding.py" line="81" name="test_data_round_trip[YAML]" time="0.002"></testcase><testcase classname="zdevelop.tests.test_encoding.TestBasicEncoding" file="zdevelop/tests/test_encoding.py" line="81" name="test_data_round_trip[x-yaml]" time="0.002"></testcase><testcase classname="zdevelop.tests.test_encoding.TestBasicEncoding" file="zdevelop/tests/test_encoding.py" line="81" name="test_data_round_trip[MimeType.BSON]" time="0.001"></testcase><testcase classname="zdevelop.tests.test_encoding.TestBasicEncoding" file="zdevelop/tests/test_encoding.py" line="81" name="test_data_round_trip[application/bson]" time="0.001"></testcase><testcase classname="zdevelop.tests.test_encoding.TestBasicEncoding" file="zdevelop/tests/test_encoding.py" line="81" name="test_data_round_trip[application/BSON]" time="0.001"></testcase><testcase classname="zdevelop.tests.test_encoding.TestBasicEncoding" file="zdevelop/tests/test_encoding.py" line="81" name="test_data_round_trip[application/x-bson]" time="0.001"></testcase><testcase classname="zdevelop.tests.test_encoding.TestBasicEncoding" file="zdevelop/tests/test_encoding.py" line="81" name="test_data_round_trip[x-bson]" time="0.001"></testcase><testcase classname="zdevelop.tests.test_encoding.TestBasicEncoding" file="zdevelop/tests/test_encoding.py" line="81" name="test_data_round_trip[BSON]" time="0.001"></testcase><testcase classname="zdevelop.tests.test_encoding.TestBasicEncoding" file="zdevelop/tests/test_encoding.py" line="81" name="test_data_round_trip[bson]" time="0.001"></testcase><testcase classname="zdevelop.tests.test_encoding.TestBasicEncoding" file="zdevelop/tests/test_encoding.py" line="96" name="test_sniff_json" time="0.001"></testcase><testcase classname="zdevelop.tests.test_encoding.TestBasicEncoding" file="zdevelop/tests/test_encoding.py" line="110" name="test_text_round_trip[MimeType.TEXT]" time="0.001"></testcase><testcase classname="zdevelop.tests.test_encoding.TestBasicEncoding" file="zdevelop/tests/test_encoding.py" line="110" name="test_text_round_trip[text/plain]" time="0.001"></testcase><testcase classname="zdevelop.tests.test_encoding.TestBasicEncoding" file="zdevelop/tests/test_encoding.py" line="110" name="test_text_round_trip[text]" time="0.001"></testcase><testcase classname="zdevelop.tests.test_encoding.TestBasicEncoding" file="zdevelop/tests/test_encoding.py" line="110" name="test_text_round_trip[plain]" time="0.001"></testcase><testcase classname="zdevelop.tests.test_encoding.TestBasicEncoding" file="zdevelop/tests/test_encoding.py" line="130" name="test_sniff_text_dump" time="0.001"></testcase><testcase classname="zdevelop.tests.test_encoding.TestBasicEncoding" file="zdevelop/tests/test_encoding.py" line="140" name="test_schema_round_trip[MimeType.JSON]" time="0.002"></testcase><testcase classname="zdevelop.tests.test_encoding.TestBasicEncoding" file="zdevelop/tests/test_encoding.py" line="140" name="test_schema_round_trip[application/json]" time="0.002"></testcase><testcase classname="zdevelop.tests.test_encoding.TestBasicEncoding" file="zdevelop/tests/test_encoding.py" line="140" name="test_schema_round_trip[application/JSON]" time="0.002"></testcase><testcase classname="zdevelop.tests.test_encoding.TestBasicEncoding" file="zdevelop/tests/test_encoding.py" line="140" name="test_schema_round_trip[JSON]" time="0.002"></testcase><testcase classname="zdevelop.tests.test_encoding.TestBasicEncoding" file="zdevelop/tests/test_encoding.py" line="140" name="test_schema_round_trip[json]" time="0.002"></testcase><testcase classname="zdevelop.tests.test_encoding.TestBasicEncoding" file="zdevelop/tests/test_encoding.py" line="140" name="test_schema_round_trip[MimeType.YAML]" time="0.004"></testcase><testcase classname="zdevelop.tests.test_encoding.TestBasicEncoding" file="zdevelop/tests/test_encoding.py" line="140" name="test_schema_round_trip[application/yaml]" time="0.004"></testcase><testcase classname="zdevelop.tests.test_encoding.TestBasicEncoding" file="zdevelop/tests/test_encoding.py" line="140" name="test_schema_round_trip[application/x-yaml]" time="0.004"></testcase><testcase classname="zdevelop.tests.test_encoding.TestBasicEncoding" file="zdevelop/tests/test_encoding.py" line="140" name="test_schema_round_trip[application/YAML]" time="0.004"></testcase><testcase classname="zdevelop.tests.test_encoding.TestBasicEncoding" file="zdevelop/tests/test_encoding.py" line="140" name="test_schema_round_trip[yaml]" time="0.004"></testcase><testcase classname="zdevelop.tests.test_encoding.TestBasicEncoding" file="zdevelop/tests/test_encoding.py" line="140" name="test_schema_round_trip[YAML]" time="0.004"></testcase><testcase classname="zdevelop.tests.test_encoding.TestBasicEncoding" file="zdevelop/tests/test_encoding.py" line="140" name="test_schema_round_trip[x-yaml]" time="0.004"></testcase><testcase classname="zdevelop.tests.test_encoding.TestBasicEncoding" file="zdevelop/tests/test_encoding.py" line="140" name="test_schema_round_trip[MimeType.BSON]" time="0.002"></testcase><testcase classname="zdevelop.tests.test_encoding.TestBasicEncoding" file="zdevelop/tests/test_encoding.py" line="140" name="test_schema_round_trip[application/bson]" time="0.002"></testcase><testcase classname="zdevelop.tests.test_encoding.TestBasicEncoding" file="zdevelop/tests/test_encoding.py" line="140" name="test_schema_round_trip[application/BSON]" time="0.002"></testcase><testcase classname="zdevelop.tests.test_encoding.TestBasicEncoding" file="zdevelop/tests/test_encoding.py" line="140" name="test_schema_round_trip[application/x-bson]" time="0.002"></testcase><testcase classname="zdevelop.tests.test_encoding.TestBasicEncoding" file="zdevelop/tests/test_encoding.py" line="140" name="test_schema_round_trip[x-bson]" time="0.002"></testcase><testcase classname="zdevelop.tests.test_encoding.TestBasicEncoding" file="zdevelop/tests/test_encoding.py" line="140" name="test_schema_round_trip[BSON]" time="0.002"></testcase><testcase classname="zdevelop.tests.test_encoding.TestBasicEncoding" file="zdevelop/tests/test_encoding.py" line="140" name="test_schema_round_trip[bson]" time="0.002"></testcase><testcase classname="zdevelop.tests.test_encoding.TestBasicEncoding" file="zdevelop/tests/test_encoding.py" line="168" name="test_dump_bson_compatible_objects[True-True-MimeType.JSON]" time="0.002"></testcase><testcase classname="zdevelop.tests.test_encoding.TestBasicEncoding" file="zdevelop/tests/test_encoding.py" line="168" name="test_dump_bson_compatible_objects[True-True-application/json]" time="0.002"></testcase><testcase classname="zdevelop.tests.test_encoding.TestBasicEncoding" file="zdevelop/tests/test_encoding.py" line="168" name="test_dump_bson_compatible_objects[True-True-application/JSON]" time="0.002"></testcase><testcase classname="zdevelop.tests.test_encoding.TestBasicEncoding" file="zdevelop/tests/test_encoding.py" line="168" name="test_dump_bson_compatible_objects[True-True-JSON]" time="0.002"></testcase><testcase classname="zdevelop.tests.test_encoding.TestBasicEncoding" file="zdevelop/tests/test_encoding.py" line="168" name="test_dump_bson_compatible_objects[True-True-json]" time="0.002"></testcase><testcase classname="zdevelop.tests.test_encoding.TestBasicEncoding" file="zdevelop/tests/test_encoding.py" line="168" name="test_dump_bson_compatible_objects[True-True-MimeType.YAML]" time="0.009"></testcase><testcase classname="zdevelop.tests.test_encoding.TestBasicEncoding" file="zdevelop/tests/test_encoding.py" line="168" name="test_dump_bson_compatible_objects[True-True-application/yaml]" time="0.009"></testcase><testcase classname="zdevelop.tests.test_encoding.TestBasicEncoding" file="zdevelop/tests/test_encoding.py" line="168" name="test_dump_bson_compatible_objects[True-True-application/x-yaml]" time="0.009"></testcase><testcase classname="zdevelop.tests.test_encoding.TestBasicEncoding" file="zdevelop/tests/test_encoding.py" line="168" name="test_dump_bson_compatible_objects[True-True-application/YAML]" time="0.009"></testcase><testcase classname="zdevelop.tests.test_encoding.TestBasicEncoding" file="zdevelop/tests/test_encoding.py" line="168" name="test_dump_bson_compatible_objects[True-True-yaml]" time="0.009"></testcase><testcase classname="zdevelop.tests.test_encoding.TestBasicEncoding" file="zdevelop/tests/test_encoding.py" line="168" name="test_dump_bson_compatible_objects[True-True-YAML]" time="0.009"></testcase><testcase classname="zdevelop.tests.test_encoding.TestBasicEncoding" file="zdevelop/tests/test_encoding.py" line="168" name="test_dump_bson_compatible_objects[True-True-x-yaml]" time="0.009"></testcase><testcase classname="zdevelop.tests.test_encoding.TestBasicEncoding" file="zdevelop/tests/test_encoding.py" line="168" name="test_dump_bson_compatible_objects[True-True-MimeType.BSON]" time="0.002"></testcase><testcase classname="zdevelop.tests.test_encoding.TestBasicEncoding" file="zdevelop/tests/test_encoding.py" line="168" name="test_dump_bson_compatible_objects[True-True-application/bson]" time="0.002"></testcase><testcase classname="zdevelop.tests.test_encoding.TestBasicEncoding" file="zdevelop/tests/test_encoding.py" line="168" name="test_dump_bson_compatible_objects[True-True-application/BSON]" time="0.002"></testcase><testcase classname="zdevelop.tests.test_encoding.TestBasicEncoding" file="zdevelop/tests/test_encoding.py" line="168" name="test_dump_bson_compatible_objects[True-True-application/x-bson]" time="0.002"></testcase><testcase classname="zdevelop.tests.test_encoding.TestBasicEncoding" file="zdevelop/tests/test_encoding.py" line="168" name="test_dump_bson_compatible_objects[True-True-x-bson]" time="0.002"></testcase><testcase classname="zdevelop.tests.test_encoding.TestBasicEncoding" file="zdevelop/tests/test_encoding.py" line="168" name="test_dump_bson_compatible_objects[True-True-BSON]" time="0.002"></testcase><testcase classname="zdevelop.tests.test_encoding.TestBasicEncoding" file="zdevelop/tests/test_encoding.py" line="168" name="test_dump_bson_compatible_objects[True-True-bson]" time="0.002"></testcase><testcase classname="zdevelop.tests.test_encoding.TestBasicEncoding" file="zdevelop/tests/test_encoding.py" line="168" name="test_dump_bson_compatible_objects[True-False-MimeType.JSON]" time="0.002"></testcase><testcase classname="zdevelop.tests.test_encoding.TestBasicEncoding" file="zdevelop/tests/test_encoding.py" line="168" name="test_dump_bson_compatible_objects[True-False-application/json]" time="0.002"></testcase><testcase classname="zdevelop.tests.test_encoding.TestBasicEncoding" file="zdevelop/tests/test_encoding.py" line="168" name="test_dump_bson_compatible_objects[True-False-application/JSON]" time="0.002"></testcase><testcase classname="zdevelop.tests.test_encoding.TestBasicEncoding" file="zdevelop/tests/test_encoding.py" line="168" name="test_dump_bson_compatible_objects[True-False-JSON]" time="0.002"></testcase><testcase classname="zdevelop.tests.test_encoding.TestBasicEncoding" file="zdevelop/tests/test_encoding.py" line="168" name="test_dump_bson_compatible_objects[True-False-json]" time="0.002"></testcase><testcase classname="zdevelop.tests.test_encoding.TestBasicEncoding" file="zdevelop/tests/test_encoding.py" line="168" name="test_dump_bson_compatible_objects[True-False-MimeType.YAML]" time="0.010"></testcase><testcase classname="zdevelop.tests.test_encoding.TestBasicEncoding" file="zdevelop/tests/test_encoding.py" line="168" name="test_dump_bson_compatible_objects[True-False-application/yaml]" time="0.009"></testcase><testcase classname="zdevelop.tests.test_encoding.TestBasicEncoding" file="zdevelop/tests/test_encoding.py" line="168" name="test_dump_bson_compatible_objects[True-False-application/x-yaml]" time="0.009"></testcase><testcase classname="zdevelop.tests.test_encoding.TestBasicEncoding" file="zdevelop/tests/test_encoding.py" line="168" name="test_dump_bson_compatible_objects[True-False-application/YAML]" time="0.009"></testcase><testcase classname="zdevelop.tests.test_encoding.TestBasicEncoding" file="zdevelop/tests/test_encoding.py" line="168" name="test_dump_bson_compatible_objects[True-False-yaml]" time="0.009"></testcase><testcase classname="zdevelop.tests.test_encoding.TestBasicEncoding" file="zdevelop/tests/test_encoding.py" line="168" name="test_dump_bson_compatible_objects[True-False-YAML]" time="0.009"></testcase><testcase classname="zdevelop.tests.test_encoding.TestBasicEncoding" file="zdevelop/tests/test_encoding.py" line="168" name="test_dump_bson_compatible_objects[True-False-x-yaml]" time="0.009"></testcase><testcase classname="zdevelop.tests.test_encoding.TestBasicEncoding" file="zdevelop/tests/test_encoding.py" line="168" name="test_dump_bson_compatible_objects[True-False-MimeType.BSON]" time="0.002"></testcase><testcase classname="zdevelop.tests.test_encoding.TestBasicEncoding" file="zdevelop/tests/test_encoding.py" line="168" name="test_dump_bson_compatible_objects[True-False-application/bson]" time="0.002"></testcase><testcase classname="zdevelop.tests.test_encoding.TestBasicEncoding" file="zdevelop/tests/test_encoding.py" line="168" name="test_dump_bson_compatible_objects[True-False-application/BSON]" time="0.002"></testcase><testcase classname="zdevelop.tests.test_encoding.TestBasicEncoding" file="zdevelop/tests/test_encoding.py" line="168" name="test_dump_bson_compatible_objects[True-False-application/x-bson]" time="0.002"></testcase><testcase classname="zdevelop.tests.test_encoding.TestBasicEncoding" file="zdevelop/tests/test_encoding.py" line="168" name="test_dump_bson_compatible_objects[True-False-x-bson]" time="0.002"></testcase><testcase classname="zdevelop.tests.test_encoding.TestBasicEncoding" file="zdevelop/tests/test_encoding.py" line="168" name="test_dump_bson_compatible_objects[True-False-BSON]" time="0.002"></testcase><testcase classname="zdevelop.tests.test_encoding.TestBasicEncoding" file="zdevelop/tests/test_encoding.py" line="168" name="test_dump_bson_compatible_objects[True-False-bson]" time="0.002"></testcase><testcase classname="zdevelop.tests.test_encoding.TestBasicEncoding" file="zdevelop/tests/test_encoding.py" line="168" name="test_dump_bson_compatible_objects[False-True-MimeType.JSON]" time="0.002"></testcase><testcase classname="zdevelop.tests.test_encoding.TestBasicEncoding" file="zdevelop/tests/test_encoding.py" line="168" name="test_dump_bson_compatible_objects[False-True-application/json]" time="0.002"></testcase><testcase classname="zdevelop.tests.test_encoding.TestBasicEncoding" file="zdevelop/tests/test_encoding.py" line="168" name="test_dump_bson_compatible_objects[False-True-application/JSON]" time="0.002"></testcase><testcase classname="zdevelop.tests.test_encoding.TestBasicEncoding" file="zdevelop/tests/test_encoding.py" line="168" name="test_dump_bson_compatible_objects[False-True-JSON]" time="0.002"></testcase><testcase classname="zdevelop.tests.test_encoding.TestBasicEncoding" file="zdevelop/tests/test_encoding.py" line="168" name="test_dump_bson_compatible_objects[False-True-json]" time="0.002"></testcase><testcase classname="zdevelop.tests.test_encoding.TestBasicEncoding" file="zdevelop/tests/test_encoding.py" line="168" name="test_dump_bson_compatible_objects[False-True-MimeType.YAML]" time="0.008"></testcase><testcase classname="zdevelop.tests.test_encoding.TestBasicEncoding" file="zdevelop/tests/test_encoding.py" line="168" name="test_dump_bson_compatible_objects[False-True-application/yaml]" time="0.009"></testcase><testcase classname="zdevelop.tests.test_encoding.TestBasicEncoding" file="zdevelop/tests/test_encoding.py" line="168" name="test_dump_bson_compatible_objects[False-True-application/x-yaml]" time="0.008"></testcase><testcase classname="zdevelop.tests.test_encoding.TestBasicEncoding" file="zdevelop/tests/test_encoding.py" line="168" name="test_dump_bson_compatible_objects[False-True-application/YAML]" time="0.008"></testcase><testcase classname="zdevelop.tests.test_encoding.TestBasicEncoding" file="zdevelop/tests/test_encoding.py" line="168" name="test_dump_bson_compatible_objects[False-True-yaml]" time="0.008"></testcase><testcase classname="zdevelop.tests.test_encoding.TestBasicEncoding" file="zdevelop/tests/test_encoding.py" line="168" name="test_dump_bson_compatible_objects[False-True-YAML]" time="0.008"></testcase><testcase classname="zdevelop.tests.test_encoding.TestBasicEncoding" file="zdevelop/tests/test_encoding.py" line="168" name="test_dump_bson_compatible_objects[False-True-x-yaml]" time="0.008"></testcase><testcase classname="zdevelop.tests.test_encoding.TestBasicEncoding" file="zdevelop/tests/test_encoding.py" line="168" name="test_dump_bson_compatible_objects[False-True-MimeType.BSON]" time="0.001"></testcase><testcase classname="zdevelop.tests.test_encoding.TestBasicEncoding" file="zdevelop/tests/test_encoding.py" line="168" name="test_dump_bson_compatible_objects[False-True-application/bson]" time="0.001"></testcase><testcase classname="zdevelop.tests.test_encoding.TestBasicEncoding" file="zdevelop/tests/test_encoding.py" line="168" name="test_dump_bson_compatible_objects[False-True-application/BSON]" time="0.002"></testcase><testcase classname="zdevelop.tests.test_encoding.TestBasicEncoding" file="zdevelop/tests/test_encoding.py" line="168" name="test_dump_bson_compatible_objects[False-True-application/x-bson]" time="0.001"></testcase><testcase classname="zdevelop.tests.test_encoding.TestBasicEncoding" file="zdevelop/tests/test_encoding.py" line="168" name="test_dump_bson_compatible_objects[False-True-x-bson]" time="0.002"></testcase><testcase classname="zdevelop.tests.test_encoding.TestBasicEncoding" file="zdevelop/tests/test_encoding.py" line="168" name="test_dump_bson_compatible_objects[False-True-BSON]" time="0.002"></testcase><testcase classname="zdevelop.tests.test_encoding.TestBasicEncoding" file="zdevelop/tests/test_encoding.py" line="168" name="test_dump_bson_compatible_objects[False-True-bson]" time="0.001"></testcase><testcase classname="zdevelop.tests.test_encoding.TestBasicEncoding" file="zdevelop/tests/test_encoding.py" line="168" name="test_dump_bson_compatible_objects[False-False-MimeType.JSON]" time="0.001"></testcase><testcase classname="zdevelop.tests.test_encoding.TestBasicEncoding" file="zdevelop/tests/test_encoding.py" line="168" name="test_dump_bson_compatible_objects[False-False-application/json]" time="0.001"></testcase><testcase classname="zdevelop.tests.test_encoding.TestBasicEncoding" file="zdevelop/tests/test_encoding.py" line="168" name="test_dump_bson_compatible_objects[False-False-application/JSON]" time="0.001"></testcase><testcase classname="zdevelop.tests.test_encoding.TestBasicEncoding" file="zdevelop/tests/test_encoding.py" line="168" name="test_dump_bson_compatible_objects[False-False-JSON]" time="0.001"></testcase><testcase classname="zdevelop.tests.test_encoding.TestBasicEncoding" file="zdevelop/tests/test_encoding.py" line="168" name="test_dump_bson_compatible_objects[False-False-json]" time="0.001"></testcase><testcase classname="zdevelop.tests.test_encoding.TestBasicEncoding" file="zdevelop/tests/test_encoding.py" line="168" name="test_dump_bson_compatible_objects[False-False-MimeType.YAML]" time="0.009"></testcase><testcase classname="zdevelop.tests.test_encoding.TestBasicEncoding" file="zdevelop/tests/test_encoding.py" line="168" name="test_dump_bson_compatible_objects[False-False-application/yaml]" time="0.008"></testcase><testcase classname="zdevelop.tests.test_encoding.TestBasicEncoding" file="zdevelop/tests/test_encoding.py" line="168" name="test_dump_bson_compatible_objects[False-False-application/x-yaml]" time="0.008"></testcase><testcase classname="zdevelop.tests.test_encoding.TestBasicEncoding" file="zdevelop/tests/test_encoding.py" line="168" name="test_dump_bson_compatible_objects[False-False-application/YAML]" time="0.008"></testcase><testcase classname="zdevelop.tests.test_encoding.TestBasicEncoding" file="zdevelop/tests/test_encoding.py" line="168" name="test_dump_bson_compatible_objects[False-False-yaml]" time="0.009"></testcase><testcase classname="zdevelop.tests.test_encoding.TestBasicEncoding" file="zdevelop/tests/test_encoding.py" line="168" name="test_dump_bson_compatible_objects[False-False-YAML]" time="0.009"></testcase><testcase classname="zdevelop.tests.test_encoding.TestBasicEncoding" file="zdevelop/tests/test_encoding.py" line="168" name="test_dump_bson_compatible_objects[False-False-x-yaml]" time="0.009"></testcase><testcase classname="zdevelop.tests.test_encoding.TestBasicEncoding" file="zdevelop/tests/test_encoding.py" line="168" name="test_dump_bson_compatible_objects[False-False-MimeType.BSON]" time="0.001"></testcase><testcase classname="zdevelop.tests.test_encoding.TestBasicEncoding" file="zdevelop/tests/test_encoding.py" line="168" name="test_dump_bson_compatible_objects[False-False-application/bson]" time="0.001"></testcase><testcase classname="zdevelop.tests.test_encoding.TestBasicEncoding" file="zdevelop/tests/test_encoding.py" line="168" name="test_dump_bson_compatible_objects[False-False-application/BSON]" time="0.002"></testcase><testcase classname="zdevelop.tests.test_encoding.TestBasicEncoding" file="zdevelop/tests/test_encoding.py" line="168" name="test_dump_bson_compatible_objects[False-False-application/x-bson]" time="0.001"></testcase><testcase classname="zdevelop.tests.test_encoding.TestBasicEncoding" file="zdevelop/tests/test_encoding.py" line="168" name="test_dump_bson_compatible_objects[False-False-x-bson]" time="0.001"></testcase><testcase classname="zdevelop.tests.test_encoding.TestBasicEncoding" file="zdevelop/tests/test_encoding.py" line="168" name="test_dump_bson_compatible_objects[False-False-BSON]" time="0.001"></testcase><testcase classname="zdevelop.tests.test_encoding.TestBasicEncoding" file="zdevelop/tests/test_encoding.py" line="168" name="test_dump_bson_compatible_objects[False-False-bson]" time="0.001"></testcase><testcase classname="zdevelop.tests.test_encoding.TestBasicEncoding" file="zdevelop/tests/test_encoding.py" line="216" name="test_bson_single_list" time="0.001"></testcase><testcase classname="zdevelop.tests.test_encoding.TestBasicEncoding" file="zdevelop/tests/test_encoding.py" line="226" name="test_unknown_mimetype[Some Bin Data0]" time="0.001"></testcase><testcase classname="zdevelop.tests.test_encoding.TestBasicEncoding" file="zdevelop/tests/test_encoding.py" line="226" name="test_unknown_mimetype[Some Bin Data1]" time="0.001"></testcase><testcase classname="zdevelop.tests.test_encoding.TestBasicEncoding" file="zdevelop/tests/test_encoding.py" line="234" name="test_validate_success" time="0.002"></testcase><testcase classname="zdevelop.tests.test_encoding.TestBasicEncoding" file="zdevelop/tests/test_encoding.py" line="240" name="test_return_none" time="0.001"></testcase><testcase classname="zdevelop.tests.test_encoding.TestBasicEncoding" file="zdevelop/tests/test_encoding.py" line="244" name="test_json_encode_bson_types[MimeType.JSON]" time="0.003"></testcase><testcase classname="zdevelop.tests.test_encoding.TestBasicEncoding" file="zdevelop/tests/test_encoding.py" line="244" name="test_json_encode_bson_types[MimeType.YAML]" time="0.434"></testcase><testcase classname="zdevelop.tests.test_encoding.TestBasicEncoding" file="zdevelop/tests/test_encoding.py" line="270" name="test_encode_null[MimeType.JSON]" time="0.001"></testcase><testcase classname="zdevelop.tests.test_encoding.TestBasicEncoding" file="zdevelop/tests/test_encoding.py" line="270" name="test_encode_null[MimeType.YAML]" time="0.001"></testcase><testcase classname="zdevelop.tests.test_encoding.TestBasicEncoding" file="zdevelop/tests/test_encoding.py" line="270" name="test_encode_null[MimeType.BSON]" time="0.001"></testcase><testcase classname="zdevelop.tests.test_encoding.TestErrors" file="zdevelop/tests/test_encoding.py" line="280" name="test_unknown_mimetype" time="0.001"></testcase><testcase classname="zdevelop.tests.test_encoding.TestErrors" file="zdevelop/tests/test_encoding.py" line="284" name="test_unknown_mimetype_validation_error" time="0.001"></testcase><testcase classname="zdevelop.tests.test_encoding.TestErrors" file="zdevelop/tests/test_encoding.py" line="293" name="test_validate_failure" time="0.002"></testcase><testcase classname="zdevelop.tests.test_encoding.TestErrors" file="zdevelop/tests/test_encoding.py" line="304" name="test_sniff_content_failure" time="0.001"></testcase><testcase classname="zdevelop.tests.test_encoding.TestErrors" file="zdevelop/tests/test_encoding.py" line="308" name="test_no_mimetype_disallow_sniff" time="0.001"></testcase><testcase classname="zdevelop.tests.test_encoding.TestErrors" file="zdevelop/tests/test_encoding.py" line="312" name="test_no_decoder_for_mimetype" time="0.001"></testcase><testcase classname="zdevelop.tests.test_encoding.TestErrors" file="zdevelop/tests/test_encoding.py" line="316" name="test_json_decoder_error" time="0.001"></testcase><testcase classname="zdevelop.tests.test_encoding.TestErrors" file="zdevelop/tests/test_encoding.py" line="321" name="test_register_mimetype_encoders" time="0.001"></testcase><testcase classname="zdevelop.tests.test_encoding.TestErrors" file="zdevelop/tests/test_encoding.py" line="354" name="test_encode_error" time="0.001"></testcase><testcase classname="zdevelop.tests.test_encoding.TestErrors" file="zdevelop/tests/test_encoding.py" line="361" name="test_no_content_error" time="0.001"></testcase><testcase classname="zdevelop.tests.test_encoding.TestErrors" file="zdevelop/tests/test_encoding.py" line="368" name="test_no_content_is_decode_error" time="0.001"></testcase><testcase classname="zdevelop.tests.test_encoding.TestErrors" file="zdevelop/tests/test_encoding.py" line="375" name="test_proto_schema_round_trip" time="0.001"></testcase><testcase classname="zdevelop.tests.test_mimetype.TestMimeType" file="zdevelop/tests/test_mimetype.py" line="5" name="test_is_mimetype_none" time="0.001"></testcase><testcase classname="zdevelop.tests.test_mimetype.TestMimeType" file="zdevelop/tests/test_mimetype.py" line="8" name="test_to_string_none_error" time="0.001"></testcase><testcase classname="zdevelop.tests.test_mimetype.TestMimeType" file="zdevelop/tests/test_mimetype.py" line="12" name="test_add_none_to_headers" time="0.001"></testcase><testcase classname="zdevelop.tests.test_mimetype.TestMimeType" file="zdevelop/tests/test_mimetype.py" line="18" name="test_from_headers[MimeType.JSON]" time="0.001"></testcase><testcase classname="zdevelop.tests.test_mimetype.TestMimeType" file="zdevelop/tests/test_mimetype.py" line="18" name="test_from_headers[MimeType.YAML]" time="0.001"></testcase><testcase classname="zdevelop.tests.test_mimetype.TestMimeType" file="zdevelop/tests/test_mimetype.py" line="18" name="test_from_headers[MimeType.BSON]" time="0.001"></testcase><testcase classname="zdevelop.tests.test_mimetype.TestMimeType" file="zdevelop/tests/test_mimetype.py" line="18" name="test_from_headers[MimeType.PROTO]" time="0.001"></testcase><testcase classname="zdevelop.tests.test_mimetype.TestMimeType" file="zdevelop/tests/test_mimetype.py" line="18" name="test_from_headers[MimeType.TEXT]" time="0.001"></testcase><testcase classname="zdevelop.tests.test_mimetype.TestMimeType" file="zdevelop/tests/test_mimetype.py" line="18" name="test_from_headers[application/unknown]" time="0.001"></testcase><testcase classname="zdevelop.tests.test_mimetype.TestMimeType" file="zdevelop/tests/test_mimetype.py" line="30" name="test_mimetype_parsing[application/json]" time="0.001"></testcase><testcase classname="zdevelop.tests.test_mimetype.TestMimeType" file="zdevelop/tests/test_mimetype.py" line="30" name="test_mimetype_parsing[application/JSON]" time="0.001"></testcase><testcase classname="zdevelop.tests.test_mimetype.TestMimeType" file="zdevelop/tests/test_mimetype.py" line="30" name="test_mimetype_parsing[application/Json]" time="0.001"></testcase><testcase classname="zdevelop.tests.test_mimetype.TestMimeType" file="zdevelop/tests/test_mimetype.py" line="30" name="test_mimetype_parsing[JSON]" time="0.001"></testcase><testcase classname="zdevelop.tests.test_mimetype.TestMimeType" file="zdevelop/tests/test_mimetype.py" line="30" name="test_mimetype_parsing[json]" time="0.001"></testcase><testcase classname="zdevelop.tests.test_mimetype.TestMimeType" file="zdevelop/tests/test_mimetype.py" line="30" name="test_mimetype_parsing[jSON]" time="0.001"></testcase><testcase classname="zdevelop.tests.test_mimetype.TestMimeType" file="zdevelop/tests/test_mimetype.py" line="30" name="test_mimetype_parsing[x-jSON]" time="0.001"></testcase><testcase classname="zdevelop.tests.test_mimetype.TestMimeType" file="zdevelop/tests/test_mimetype.py" line="30" name="test_mimetype_parsing[application/x-json]" time="0.001"></testcase><testcase classname="zdevelop.tests.test_mimetype.TestMimeType" file="zdevelop/tests/test_mimetype.py" line="30" name="test_mimetype_parsing[application/json; charset=utf-8]" time="0.001"></testcase><testcase classname="zdevelop.tests.test_models.TestError" file="zdevelop/tests/test_models.py" line="18" name="test_from_exception_api" time="0.001"></testcase><testcase classname="zdevelop.tests.test_models.TestError" file="zdevelop/tests/test_models.py" line="30" name="test_from_exception_non_api" time="0.001"></testcase><testcase classname="zdevelop.tests.test_models.TestError" file="zdevelop/tests/test_models.py" line="43" name="test_to_headers" time="0.001"></testcase><testcase classname="zdevelop.tests.test_models.TestError" file="zdevelop/tests/test_models.py" line="56" name="test_to_headers_no_data" time="0.001"></testcase><testcase classname="zdevelop.tests.test_models.TestError" file="zdevelop/tests/test_models.py" line="65" name="test_error_from_headers" time="0.001"></testcase><testcase classname="zdevelop.tests.test_models.TestError" file="zdevelop/tests/test_models.py" line="76" name="test_error_from_headers_no_data" time="0.001"></testcase><testcase classname="zdevelop.tests.test_models.TestError" file="zdevelop/tests/test_models.py" line="87" name="test_error_from_headers_no_error" time="0.001"></testcase><testcase classname="zdevelop.tests.test_models.TestError" file="zdevelop/tests/test_models.py" line="93" name="test_to_exception" time="0.001"></testcase><testcase classname="zdevelop.tests.test_models.TestError" file="zdevelop/tests/test_models.py" line="106" name="test_to_exception_custom" time="0.001"></testcase><testcase classname="zdevelop.tests.test_models.TestError" file="zdevelop/tests/test_models.py" line="119" name="test_to_exception_error" time="0.001"></testcase><testcase classname="zdevelop.tests.test_models.TestPaging" file="zdevelop/tests/test_models.py" line="129" name="test_to_params" time="0.001"></testcase><testcase classname="zdevelop.tests.test_models.TestPaging" file="zdevelop/tests/test_models.py" line="136" name="test_from_params" time="0.001"></testcase><testcase classname="zdevelop.tests.test_models.TestPaging" file="zdevelop/tests/test_models.py" line="144" name="test_from_params_defaults" time="0.001"></testcase><testcase classname="zdevelop.tests.test_models.TestPaging" file="zdevelop/tests/test_models.py" line="152" name="test_from_params_offset_key_error" time="0.001"></testcase><testcase classname="zdevelop.tests.test_models.TestPaging" file="zdevelop/tests/test_models.py" line="158" name="test_from_params_limit_key_error" time="0.001"></testcase><testcase classname="zdevelop.tests.test_models.TestPaging" file="zdevelop/tests/test_models.py" line="164" name="test_to_headers" time="0.001"></testcase><testcase classname="zdevelop.tests.test_models.TestPaging" file="zdevelop/tests/test_models.py" line="177" name="test_headers_round_trip_optionals" time="0.001"></testcase><testcase classname="zdevelop.tests.test_models.TestPaging" file="zdevelop/tests/test_models.py" line="196" name="test_from_headers" time="0.001"></testcase><testcase classname="zdevelop.tests.test_utils.TestConvertHeadersParams" file="zdevelop/tests/test_utils.py" line="6" name="test_basic" time="0.001"></testcase><testcase classname="zdevelop.tests.test_utils.TestConvertHeadersParams" file="zdevelop/tests/test_utils.py" line="17" name="test_none" time="0.001"></testcase></testsuite></testsuites>